2017-01-23 16:03:05 [calculate_rwr_es] [INFO ]  [** SUMMING RASTERS **]
2017-01-23 16:03:05 [calculate_rwr_es] [INFO ]  [NOTE] Using occurrence level normalization
2017-01-23 16:03:05 [calculate_rwr_es] [INFO ]  [1/9] Processing raster data/processed/features/datadryad/forest_production_europe/woodprod_average.tif
2017-01-23 16:03:05 [calculate_rwr_es] [DEBUG]  [1/9] Reading in data
2017-01-23 16:03:06 [calculate_rwr_es] [DEBUG]  [1/9] OL normalizing data
2017-01-23 16:03:06 [calculate_rwr_es] [DEBUG]  [1/9] Summing values
2017-01-23 16:03:06 [calculate_rwr_es] [INFO ]  [2/9] Processing raster data/processed/features/provide/carbon_sequestration/carbon_sequestration.tif
2017-01-23 16:03:06 [calculate_rwr_es] [DEBUG]  [2/9] Reading in data
2017-01-23 16:03:07 [calculate_rwr_es] [DEBUG]  [2/9] OL normalizing data
2017-01-23 16:03:07 [calculate_rwr_es] [DEBUG]  [2/9] Summing values
2017-01-23 16:03:07 [calculate_rwr_es] [INFO ]  [3/9] Processing raster data/processed/features/provide/cultural_landscape_index_agro/cultural_landscape_index_agro.tif
2017-01-23 16:03:07 [calculate_rwr_es] [DEBUG]  [3/9] Reading in data
2017-01-23 16:03:08 [calculate_rwr_es] [DEBUG]  [3/9] OL normalizing data
2017-01-23 16:03:09 [calculate_rwr_es] [DEBUG]  [3/9] Summing values
2017-01-23 16:03:09 [calculate_rwr_es] [INFO ]  [4/9] Processing raster data/processed/features/provide/cultural_landscape_index_forest/cultural_landscape_index_forest.tif
2017-01-23 16:03:09 [calculate_rwr_es] [DEBUG]  [4/9] Reading in data
2017-01-23 16:03:09 [calculate_rwr_es] [DEBUG]  [4/9] OL normalizing data
2017-01-23 16:03:10 [calculate_rwr_es] [DEBUG]  [4/9] Summing values
2017-01-23 16:03:10 [calculate_rwr_es] [INFO ]  [5/9] Processing raster data/processed/features/provide/erosion_prevention/erosion_prevention.tif
2017-01-23 16:03:10 [calculate_rwr_es] [DEBUG]  [5/9] Reading in data
2017-01-23 16:03:11 [calculate_rwr_es] [DEBUG]  [5/9] OL normalizing data
2017-01-23 16:03:11 [calculate_rwr_es] [DEBUG]  [5/9] Summing values
2017-01-23 16:03:11 [calculate_rwr_es] [INFO ]  [6/9] Processing raster data/processed/features/provide/floodregulation/floodregulation.tif
2017-01-23 16:03:11 [calculate_rwr_es] [DEBUG]  [6/9] Reading in data
2017-01-23 16:03:12 [calculate_rwr_es] [DEBUG]  [6/9] OL normalizing data
2017-01-23 16:03:13 [calculate_rwr_es] [DEBUG]  [6/9] Summing values
2017-01-23 16:03:13 [calculate_rwr_es] [INFO ]  [7/9] Processing raster data/processed/features/provide/nature_tourism/nature_tourism.tif
2017-01-23 16:03:13 [calculate_rwr_es] [DEBUG]  [7/9] Reading in data
2017-01-23 16:03:13 [calculate_rwr_es] [DEBUG]  [7/9] OL normalizing data
2017-01-23 16:03:14 [calculate_rwr_es] [DEBUG]  [7/9] Summing values
2017-01-23 16:03:14 [calculate_rwr_es] [INFO ]  [8/9] Processing raster data/processed/features/provide/pollination_flows/pollination_flows.tif
2017-01-23 16:03:14 [calculate_rwr_es] [DEBUG]  [8/9] Reading in data
2017-01-23 16:03:14 [calculate_rwr_es] [DEBUG]  [8/9] OL normalizing data
2017-01-23 16:03:15 [calculate_rwr_es] [DEBUG]  [8/9] Summing values
2017-01-23 16:03:15 [calculate_rwr_es] [INFO ]  [9/9] Processing raster data/processed/features/provide/species_richness_vascular_plants/species_richness_vascular_plants.tif
2017-01-23 16:03:15 [calculate_rwr_es] [DEBUG]  [9/9] Reading in data
2017-01-23 16:03:15 [calculate_rwr_es] [DEBUG]  [9/9] OL normalizing data
2017-01-23 16:03:16 [calculate_rwr_es] [DEBUG]  [9/9] Summing values
2017-01-23 16:03:16 [calculate_rwr_es] [INFO ]  [TIME] Pre-processing took 10.99 sec
2017-01-23 16:03:16 [calculate_rwr_es] [INFO ]  [** POST-PROCESSING **]
2017-01-23 16:03:16 [calculate_rwr_es] [INFO ]  [1/3] Ranking values (this can take a while...)
2017-01-23 16:03:17 [calculate_rwr_es] [INFO ]  [2/3] Rescaling ranks
2017-01-23 16:03:18 [calculate_rwr_es] [INFO ]  [3/3] Writing output to analyses/RWR/rwr_es.tif
2017-01-23 16:03:18 [calculate_rwr_es] [WARNI]  [WARN] Inconsistent raster profiles detected
2017-01-23 16:03:20 [calculate_rwr_es] [INFO ]  [TIME] Post-processing took 4.56 sec
2017-01-23 16:03:20 [calculate_rwr_es] [INFO ]  [TIME] All processing took 15.55 sec
