2017-01-27 16:14:53 [compare_mcs] [INFO ]  [** COMPUTING MCS SCORES **]
2017-01-27 16:14:55 [compare_mcs] [INFO ]  [1/153] Calculating MCS between analyses/RWR/rwr_all_weights_stats.geojson and analyses/zonation/priocomp/04_abf_all_wgt/04_abf_all_wgt_out/04_abf_all_wgt_nwout1.shp
2017-01-27 16:14:57 [compare_mcs] [INFO ]  [2/153] Calculating MCS between analyses/RWR/rwr_all_weights_stats.geojson and analyses/ILP/ilp_all_weights_stats.geojson
2017-01-27 16:14:58 [compare_mcs] [INFO ]  [3/153] Calculating MCS between analyses/RWR/rwr_all_weights_stats.geojson and analyses/RWR/rwr_all_weights_costs_stats.geojson
2017-01-27 16:14:59 [compare_mcs] [INFO ]  [4/153] Calculating MCS between analyses/RWR/rwr_all_weights_stats.geojson and analyses/zonation/priocomp/06_abf_all_wgt_cst/06_abf_all_wgt_cst_out/06_abf_all_wgt_cst_nwout1.shp
2017-01-27 16:15:00 [compare_mcs] [INFO ]  [5/153] Calculating MCS between analyses/RWR/rwr_all_weights_stats.geojson and analyses/ILP/ilp_all_weights_costs_stats.geojson
2017-01-27 16:15:01 [compare_mcs] [INFO ]  [6/153] Calculating MCS between analyses/RWR/rwr_all_weights_stats.geojson and analyses/RWR/rwr_es_stats.geojson
2017-01-27 16:15:02 [compare_mcs] [INFO ]  [7/153] Calculating MCS between analyses/RWR/rwr_all_weights_stats.geojson and analyses/zonation/priocomp/08_abf_es/08_abf_es_out/08_abf_es_nwout1.shp
2017-01-27 16:15:03 [compare_mcs] [INFO ]  [8/153] Calculating MCS between analyses/RWR/rwr_all_weights_stats.geojson and analyses/ILP/ilp_es_stats.geojson
2017-01-27 16:15:04 [compare_mcs] [INFO ]  [9/153] Calculating MCS between analyses/RWR/rwr_all_weights_stats.geojson and analyses/RWR/rwr_es_costs_stats.geojson
2017-01-27 16:15:05 [compare_mcs] [INFO ]  [10/153] Calculating MCS between analyses/RWR/rwr_all_weights_stats.geojson and analyses/zonation/priocomp/10_abf_es_cst/10_abf_es_cst_out/10_abf_es_cst_nwout1.shp
2017-01-27 16:15:06 [compare_mcs] [INFO ]  [11/153] Calculating MCS between analyses/RWR/rwr_all_weights_stats.geojson and analyses/ILP/ilp_es_costs_stats.geojson
2017-01-27 16:15:08 [compare_mcs] [INFO ]  [12/153] Calculating MCS between analyses/RWR/rwr_all_weights_stats.geojson and analyses/RWR/rwr_bd_stats.geojson
2017-01-27 16:15:08 [compare_mcs] [INFO ]  [13/153] Calculating MCS between analyses/RWR/rwr_all_weights_stats.geojson and analyses/zonation/priocomp/12_abf_bd/12_abf_bd_out/12_abf_bd_nwout1.shp
2017-01-27 16:15:10 [compare_mcs] [INFO ]  [14/153] Calculating MCS between analyses/RWR/rwr_all_weights_stats.geojson and analyses/ILP/ilp_bd_stats.geojson
2017-01-27 16:15:11 [compare_mcs] [INFO ]  [15/153] Calculating MCS between analyses/RWR/rwr_all_weights_stats.geojson and analyses/RWR/rwr_bd_costs_stats.geojson
2017-01-27 16:15:12 [compare_mcs] [INFO ]  [16/153] Calculating MCS between analyses/RWR/rwr_all_weights_stats.geojson and analyses/zonation/priocomp/14_abf_bd_cst/14_abf_bd_cst_out/14_abf_bd_cst_nwout1.shp
2017-01-27 16:15:13 [compare_mcs] [INFO ]  [17/153] Calculating MCS between analyses/RWR/rwr_all_weights_stats.geojson and analyses/ILP/ilp_bd_costs_stats.geojson
2017-01-27 16:15:16 [compare_mcs] [INFO ]  [18/153] Calculating MCS between analyses/zonation/priocomp/04_abf_all_wgt/04_abf_all_wgt_out/04_abf_all_wgt_nwout1.shp and analyses/ILP/ilp_all_weights_stats.geojson
2017-01-27 16:15:17 [compare_mcs] [INFO ]  [19/153] Calculating MCS between analyses/zonation/priocomp/04_abf_all_wgt/04_abf_all_wgt_out/04_abf_all_wgt_nwout1.shp and analyses/RWR/rwr_all_weights_costs_stats.geojson
2017-01-27 16:15:18 [compare_mcs] [INFO ]  [20/153] Calculating MCS between analyses/zonation/priocomp/04_abf_all_wgt/04_abf_all_wgt_out/04_abf_all_wgt_nwout1.shp and analyses/zonation/priocomp/06_abf_all_wgt_cst/06_abf_all_wgt_cst_out/06_abf_all_wgt_cst_nwout1.shp
2017-01-27 16:15:20 [compare_mcs] [INFO ]  [21/153] Calculating MCS between analyses/zonation/priocomp/04_abf_all_wgt/04_abf_all_wgt_out/04_abf_all_wgt_nwout1.shp and analyses/ILP/ilp_all_weights_costs_stats.geojson
2017-01-27 16:15:21 [compare_mcs] [INFO ]  [22/153] Calculating MCS between analyses/zonation/priocomp/04_abf_all_wgt/04_abf_all_wgt_out/04_abf_all_wgt_nwout1.shp and analyses/RWR/rwr_es_stats.geojson
2017-01-27 16:15:22 [compare_mcs] [INFO ]  [23/153] Calculating MCS between analyses/zonation/priocomp/04_abf_all_wgt/04_abf_all_wgt_out/04_abf_all_wgt_nwout1.shp and analyses/zonation/priocomp/08_abf_es/08_abf_es_out/08_abf_es_nwout1.shp
2017-01-27 16:15:23 [compare_mcs] [INFO ]  [24/153] Calculating MCS between analyses/zonation/priocomp/04_abf_all_wgt/04_abf_all_wgt_out/04_abf_all_wgt_nwout1.shp and analyses/ILP/ilp_es_stats.geojson
2017-01-27 16:15:25 [compare_mcs] [INFO ]  [25/153] Calculating MCS between analyses/zonation/priocomp/04_abf_all_wgt/04_abf_all_wgt_out/04_abf_all_wgt_nwout1.shp and analyses/RWR/rwr_es_costs_stats.geojson
2017-01-27 16:15:26 [compare_mcs] [INFO ]  [26/153] Calculating MCS between analyses/zonation/priocomp/04_abf_all_wgt/04_abf_all_wgt_out/04_abf_all_wgt_nwout1.shp and analyses/zonation/priocomp/10_abf_es_cst/10_abf_es_cst_out/10_abf_es_cst_nwout1.shp
2017-01-27 16:15:27 [compare_mcs] [INFO ]  [27/153] Calculating MCS between analyses/zonation/priocomp/04_abf_all_wgt/04_abf_all_wgt_out/04_abf_all_wgt_nwout1.shp and analyses/ILP/ilp_es_costs_stats.geojson
2017-01-27 16:15:28 [compare_mcs] [INFO ]  [28/153] Calculating MCS between analyses/zonation/priocomp/04_abf_all_wgt/04_abf_all_wgt_out/04_abf_all_wgt_nwout1.shp and analyses/RWR/rwr_bd_stats.geojson
2017-01-27 16:15:29 [compare_mcs] [INFO ]  [29/153] Calculating MCS between analyses/zonation/priocomp/04_abf_all_wgt/04_abf_all_wgt_out/04_abf_all_wgt_nwout1.shp and analyses/zonation/priocomp/12_abf_bd/12_abf_bd_out/12_abf_bd_nwout1.shp
2017-01-27 16:15:31 [compare_mcs] [INFO ]  [30/153] Calculating MCS between analyses/zonation/priocomp/04_abf_all_wgt/04_abf_all_wgt_out/04_abf_all_wgt_nwout1.shp and analyses/ILP/ilp_bd_stats.geojson
2017-01-27 16:15:32 [compare_mcs] [INFO ]  [31/153] Calculating MCS between analyses/zonation/priocomp/04_abf_all_wgt/04_abf_all_wgt_out/04_abf_all_wgt_nwout1.shp and analyses/RWR/rwr_bd_costs_stats.geojson
2017-01-27 16:15:33 [compare_mcs] [INFO ]  [32/153] Calculating MCS between analyses/zonation/priocomp/04_abf_all_wgt/04_abf_all_wgt_out/04_abf_all_wgt_nwout1.shp and analyses/zonation/priocomp/14_abf_bd_cst/14_abf_bd_cst_out/14_abf_bd_cst_nwout1.shp
2017-01-27 16:15:34 [compare_mcs] [INFO ]  [33/153] Calculating MCS between analyses/zonation/priocomp/04_abf_all_wgt/04_abf_all_wgt_out/04_abf_all_wgt_nwout1.shp and analyses/ILP/ilp_bd_costs_stats.geojson
2017-01-27 16:15:37 [compare_mcs] [INFO ]  [34/153] Calculating MCS between analyses/ILP/ilp_all_weights_stats.geojson and analyses/RWR/rwr_all_weights_costs_stats.geojson
2017-01-27 16:15:38 [compare_mcs] [INFO ]  [35/153] Calculating MCS between analyses/ILP/ilp_all_weights_stats.geojson and analyses/zonation/priocomp/06_abf_all_wgt_cst/06_abf_all_wgt_cst_out/06_abf_all_wgt_cst_nwout1.shp
2017-01-27 16:15:39 [compare_mcs] [INFO ]  [36/153] Calculating MCS between analyses/ILP/ilp_all_weights_stats.geojson and analyses/ILP/ilp_all_weights_costs_stats.geojson
2017-01-27 16:15:40 [compare_mcs] [INFO ]  [37/153] Calculating MCS between analyses/ILP/ilp_all_weights_stats.geojson and analyses/RWR/rwr_es_stats.geojson
2017-01-27 16:15:41 [compare_mcs] [INFO ]  [38/153] Calculating MCS between analyses/ILP/ilp_all_weights_stats.geojson and analyses/zonation/priocomp/08_abf_es/08_abf_es_out/08_abf_es_nwout1.shp
2017-01-27 16:15:43 [compare_mcs] [INFO ]  [39/153] Calculating MCS between analyses/ILP/ilp_all_weights_stats.geojson and analyses/ILP/ilp_es_stats.geojson
2017-01-27 16:15:44 [compare_mcs] [INFO ]  [40/153] Calculating MCS between analyses/ILP/ilp_all_weights_stats.geojson and analyses/RWR/rwr_es_costs_stats.geojson
2017-01-27 16:15:45 [compare_mcs] [INFO ]  [41/153] Calculating MCS between analyses/ILP/ilp_all_weights_stats.geojson and analyses/zonation/priocomp/10_abf_es_cst/10_abf_es_cst_out/10_abf_es_cst_nwout1.shp
2017-01-27 16:15:46 [compare_mcs] [INFO ]  [42/153] Calculating MCS between analyses/ILP/ilp_all_weights_stats.geojson and analyses/ILP/ilp_es_costs_stats.geojson
2017-01-27 16:15:47 [compare_mcs] [INFO ]  [43/153] Calculating MCS between analyses/ILP/ilp_all_weights_stats.geojson and analyses/RWR/rwr_bd_stats.geojson
2017-01-27 16:15:48 [compare_mcs] [INFO ]  [44/153] Calculating MCS between analyses/ILP/ilp_all_weights_stats.geojson and analyses/zonation/priocomp/12_abf_bd/12_abf_bd_out/12_abf_bd_nwout1.shp
2017-01-27 16:15:49 [compare_mcs] [INFO ]  [45/153] Calculating MCS between analyses/ILP/ilp_all_weights_stats.geojson and analyses/ILP/ilp_bd_stats.geojson
2017-01-27 16:15:51 [compare_mcs] [INFO ]  [46/153] Calculating MCS between analyses/ILP/ilp_all_weights_stats.geojson and analyses/RWR/rwr_bd_costs_stats.geojson
2017-01-27 16:15:52 [compare_mcs] [INFO ]  [47/153] Calculating MCS between analyses/ILP/ilp_all_weights_stats.geojson and analyses/zonation/priocomp/14_abf_bd_cst/14_abf_bd_cst_out/14_abf_bd_cst_nwout1.shp
2017-01-27 16:15:53 [compare_mcs] [INFO ]  [48/153] Calculating MCS between analyses/ILP/ilp_all_weights_stats.geojson and analyses/ILP/ilp_bd_costs_stats.geojson
2017-01-27 16:15:55 [compare_mcs] [INFO ]  [49/153] Calculating MCS between analyses/RWR/rwr_all_weights_costs_stats.geojson and analyses/zonation/priocomp/06_abf_all_wgt_cst/06_abf_all_wgt_cst_out/06_abf_all_wgt_cst_nwout1.shp
2017-01-27 16:15:56 [compare_mcs] [INFO ]  [50/153] Calculating MCS between analyses/RWR/rwr_all_weights_costs_stats.geojson and analyses/ILP/ilp_all_weights_costs_stats.geojson
2017-01-27 16:15:58 [compare_mcs] [INFO ]  [51/153] Calculating MCS between analyses/RWR/rwr_all_weights_costs_stats.geojson and analyses/RWR/rwr_es_stats.geojson
2017-01-27 16:15:58 [compare_mcs] [INFO ]  [52/153] Calculating MCS between analyses/RWR/rwr_all_weights_costs_stats.geojson and analyses/zonation/priocomp/08_abf_es/08_abf_es_out/08_abf_es_nwout1.shp
2017-01-27 16:16:00 [compare_mcs] [INFO ]  [53/153] Calculating MCS between analyses/RWR/rwr_all_weights_costs_stats.geojson and analyses/ILP/ilp_es_stats.geojson
2017-01-27 16:16:01 [compare_mcs] [INFO ]  [54/153] Calculating MCS between analyses/RWR/rwr_all_weights_costs_stats.geojson and analyses/RWR/rwr_es_costs_stats.geojson
2017-01-27 16:16:02 [compare_mcs] [INFO ]  [55/153] Calculating MCS between analyses/RWR/rwr_all_weights_costs_stats.geojson and analyses/zonation/priocomp/10_abf_es_cst/10_abf_es_cst_out/10_abf_es_cst_nwout1.shp
2017-01-27 16:16:03 [compare_mcs] [INFO ]  [56/153] Calculating MCS between analyses/RWR/rwr_all_weights_costs_stats.geojson and analyses/ILP/ilp_es_costs_stats.geojson
2017-01-27 16:16:04 [compare_mcs] [INFO ]  [57/153] Calculating MCS between analyses/RWR/rwr_all_weights_costs_stats.geojson and analyses/RWR/rwr_bd_stats.geojson
2017-01-27 16:16:05 [compare_mcs] [INFO ]  [58/153] Calculating MCS between analyses/RWR/rwr_all_weights_costs_stats.geojson and analyses/zonation/priocomp/12_abf_bd/12_abf_bd_out/12_abf_bd_nwout1.shp
2017-01-27 16:16:06 [compare_mcs] [INFO ]  [59/153] Calculating MCS between analyses/RWR/rwr_all_weights_costs_stats.geojson and analyses/ILP/ilp_bd_stats.geojson
2017-01-27 16:16:08 [compare_mcs] [INFO ]  [60/153] Calculating MCS between analyses/RWR/rwr_all_weights_costs_stats.geojson and analyses/RWR/rwr_bd_costs_stats.geojson
2017-01-27 16:16:08 [compare_mcs] [INFO ]  [61/153] Calculating MCS between analyses/RWR/rwr_all_weights_costs_stats.geojson and analyses/zonation/priocomp/14_abf_bd_cst/14_abf_bd_cst_out/14_abf_bd_cst_nwout1.shp
2017-01-27 16:16:10 [compare_mcs] [INFO ]  [62/153] Calculating MCS between analyses/RWR/rwr_all_weights_costs_stats.geojson and analyses/ILP/ilp_bd_costs_stats.geojson
2017-01-27 16:16:12 [compare_mcs] [INFO ]  [63/153] Calculating MCS between analyses/zonation/priocomp/06_abf_all_wgt_cst/06_abf_all_wgt_cst_out/06_abf_all_wgt_cst_nwout1.shp and analyses/ILP/ilp_all_weights_costs_stats.geojson
2017-01-27 16:16:13 [compare_mcs] [INFO ]  [64/153] Calculating MCS between analyses/zonation/priocomp/06_abf_all_wgt_cst/06_abf_all_wgt_cst_out/06_abf_all_wgt_cst_nwout1.shp and analyses/RWR/rwr_es_stats.geojson
2017-01-27 16:16:14 [compare_mcs] [INFO ]  [65/153] Calculating MCS between analyses/zonation/priocomp/06_abf_all_wgt_cst/06_abf_all_wgt_cst_out/06_abf_all_wgt_cst_nwout1.shp and analyses/zonation/priocomp/08_abf_es/08_abf_es_out/08_abf_es_nwout1.shp
2017-01-27 16:16:16 [compare_mcs] [INFO ]  [66/153] Calculating MCS between analyses/zonation/priocomp/06_abf_all_wgt_cst/06_abf_all_wgt_cst_out/06_abf_all_wgt_cst_nwout1.shp and analyses/ILP/ilp_es_stats.geojson
2017-01-27 16:16:17 [compare_mcs] [INFO ]  [67/153] Calculating MCS between analyses/zonation/priocomp/06_abf_all_wgt_cst/06_abf_all_wgt_cst_out/06_abf_all_wgt_cst_nwout1.shp and analyses/RWR/rwr_es_costs_stats.geojson
2017-01-27 16:16:18 [compare_mcs] [INFO ]  [68/153] Calculating MCS between analyses/zonation/priocomp/06_abf_all_wgt_cst/06_abf_all_wgt_cst_out/06_abf_all_wgt_cst_nwout1.shp and analyses/zonation/priocomp/10_abf_es_cst/10_abf_es_cst_out/10_abf_es_cst_nwout1.shp
2017-01-27 16:16:19 [compare_mcs] [INFO ]  [69/153] Calculating MCS between analyses/zonation/priocomp/06_abf_all_wgt_cst/06_abf_all_wgt_cst_out/06_abf_all_wgt_cst_nwout1.shp and analyses/ILP/ilp_es_costs_stats.geojson
2017-01-27 16:16:20 [compare_mcs] [INFO ]  [70/153] Calculating MCS between analyses/zonation/priocomp/06_abf_all_wgt_cst/06_abf_all_wgt_cst_out/06_abf_all_wgt_cst_nwout1.shp and analyses/RWR/rwr_bd_stats.geojson
2017-01-27 16:16:21 [compare_mcs] [INFO ]  [71/153] Calculating MCS between analyses/zonation/priocomp/06_abf_all_wgt_cst/06_abf_all_wgt_cst_out/06_abf_all_wgt_cst_nwout1.shp and analyses/zonation/priocomp/12_abf_bd/12_abf_bd_out/12_abf_bd_nwout1.shp
2017-01-27 16:16:23 [compare_mcs] [INFO ]  [72/153] Calculating MCS between analyses/zonation/priocomp/06_abf_all_wgt_cst/06_abf_all_wgt_cst_out/06_abf_all_wgt_cst_nwout1.shp and analyses/ILP/ilp_bd_stats.geojson
2017-01-27 16:16:24 [compare_mcs] [INFO ]  [73/153] Calculating MCS between analyses/zonation/priocomp/06_abf_all_wgt_cst/06_abf_all_wgt_cst_out/06_abf_all_wgt_cst_nwout1.shp and analyses/RWR/rwr_bd_costs_stats.geojson
2017-01-27 16:16:25 [compare_mcs] [INFO ]  [74/153] Calculating MCS between analyses/zonation/priocomp/06_abf_all_wgt_cst/06_abf_all_wgt_cst_out/06_abf_all_wgt_cst_nwout1.shp and analyses/zonation/priocomp/14_abf_bd_cst/14_abf_bd_cst_out/14_abf_bd_cst_nwout1.shp
2017-01-27 16:16:28 [compare_mcs] [INFO ]  [75/153] Calculating MCS between analyses/zonation/priocomp/06_abf_all_wgt_cst/06_abf_all_wgt_cst_out/06_abf_all_wgt_cst_nwout1.shp and analyses/ILP/ilp_bd_costs_stats.geojson
2017-01-27 16:16:31 [compare_mcs] [INFO ]  [76/153] Calculating MCS between analyses/ILP/ilp_all_weights_costs_stats.geojson and analyses/RWR/rwr_es_stats.geojson
2017-01-27 16:16:32 [compare_mcs] [INFO ]  [77/153] Calculating MCS between analyses/ILP/ilp_all_weights_costs_stats.geojson and analyses/zonation/priocomp/08_abf_es/08_abf_es_out/08_abf_es_nwout1.shp
2017-01-27 16:16:33 [compare_mcs] [INFO ]  [78/153] Calculating MCS between analyses/ILP/ilp_all_weights_costs_stats.geojson and analyses/ILP/ilp_es_stats.geojson
2017-01-27 16:16:34 [compare_mcs] [INFO ]  [79/153] Calculating MCS between analyses/ILP/ilp_all_weights_costs_stats.geojson and analyses/RWR/rwr_es_costs_stats.geojson
2017-01-27 16:16:35 [compare_mcs] [INFO ]  [80/153] Calculating MCS between analyses/ILP/ilp_all_weights_costs_stats.geojson and analyses/zonation/priocomp/10_abf_es_cst/10_abf_es_cst_out/10_abf_es_cst_nwout1.shp
2017-01-27 16:16:36 [compare_mcs] [INFO ]  [81/153] Calculating MCS between analyses/ILP/ilp_all_weights_costs_stats.geojson and analyses/ILP/ilp_es_costs_stats.geojson
2017-01-27 16:16:37 [compare_mcs] [INFO ]  [82/153] Calculating MCS between analyses/ILP/ilp_all_weights_costs_stats.geojson and analyses/RWR/rwr_bd_stats.geojson
2017-01-27 16:16:38 [compare_mcs] [INFO ]  [83/153] Calculating MCS between analyses/ILP/ilp_all_weights_costs_stats.geojson and analyses/zonation/priocomp/12_abf_bd/12_abf_bd_out/12_abf_bd_nwout1.shp
2017-01-27 16:16:40 [compare_mcs] [INFO ]  [84/153] Calculating MCS between analyses/ILP/ilp_all_weights_costs_stats.geojson and analyses/ILP/ilp_bd_stats.geojson
2017-01-27 16:16:41 [compare_mcs] [INFO ]  [85/153] Calculating MCS between analyses/ILP/ilp_all_weights_costs_stats.geojson and analyses/RWR/rwr_bd_costs_stats.geojson
2017-01-27 16:16:42 [compare_mcs] [INFO ]  [86/153] Calculating MCS between analyses/ILP/ilp_all_weights_costs_stats.geojson and analyses/zonation/priocomp/14_abf_bd_cst/14_abf_bd_cst_out/14_abf_bd_cst_nwout1.shp
2017-01-27 16:16:43 [compare_mcs] [INFO ]  [87/153] Calculating MCS between analyses/ILP/ilp_all_weights_costs_stats.geojson and analyses/ILP/ilp_bd_costs_stats.geojson
2017-01-27 16:16:46 [compare_mcs] [INFO ]  [88/153] Calculating MCS between analyses/RWR/rwr_es_stats.geojson and analyses/zonation/priocomp/08_abf_es/08_abf_es_out/08_abf_es_nwout1.shp
2017-01-27 16:16:48 [compare_mcs] [INFO ]  [89/153] Calculating MCS between analyses/RWR/rwr_es_stats.geojson and analyses/ILP/ilp_es_stats.geojson
2017-01-27 16:16:51 [compare_mcs] [INFO ]  [90/153] Calculating MCS between analyses/RWR/rwr_es_stats.geojson and analyses/RWR/rwr_es_costs_stats.geojson
2017-01-27 16:16:52 [compare_mcs] [INFO ]  [91/153] Calculating MCS between analyses/RWR/rwr_es_stats.geojson and analyses/zonation/priocomp/10_abf_es_cst/10_abf_es_cst_out/10_abf_es_cst_nwout1.shp
2017-01-27 16:16:53 [compare_mcs] [INFO ]  [92/153] Calculating MCS between analyses/RWR/rwr_es_stats.geojson and analyses/ILP/ilp_es_costs_stats.geojson
2017-01-27 16:16:54 [compare_mcs] [INFO ]  [93/153] Calculating MCS between analyses/RWR/rwr_es_stats.geojson and analyses/RWR/rwr_bd_stats.geojson
2017-01-27 16:16:55 [compare_mcs] [INFO ]  [94/153] Calculating MCS between analyses/RWR/rwr_es_stats.geojson and analyses/zonation/priocomp/12_abf_bd/12_abf_bd_out/12_abf_bd_nwout1.shp
2017-01-27 16:16:56 [compare_mcs] [INFO ]  [95/153] Calculating MCS between analyses/RWR/rwr_es_stats.geojson and analyses/ILP/ilp_bd_stats.geojson
2017-01-27 16:16:58 [compare_mcs] [INFO ]  [96/153] Calculating MCS between analyses/RWR/rwr_es_stats.geojson and analyses/RWR/rwr_bd_costs_stats.geojson
2017-01-27 16:16:59 [compare_mcs] [INFO ]  [97/153] Calculating MCS between analyses/RWR/rwr_es_stats.geojson and analyses/zonation/priocomp/14_abf_bd_cst/14_abf_bd_cst_out/14_abf_bd_cst_nwout1.shp
2017-01-27 16:17:00 [compare_mcs] [INFO ]  [98/153] Calculating MCS between analyses/RWR/rwr_es_stats.geojson and analyses/ILP/ilp_bd_costs_stats.geojson
2017-01-27 16:17:02 [compare_mcs] [INFO ]  [99/153] Calculating MCS between analyses/zonation/priocomp/08_abf_es/08_abf_es_out/08_abf_es_nwout1.shp and analyses/ILP/ilp_es_stats.geojson
2017-01-27 16:17:03 [compare_mcs] [INFO ]  [100/153] Calculating MCS between analyses/zonation/priocomp/08_abf_es/08_abf_es_out/08_abf_es_nwout1.shp and analyses/RWR/rwr_es_costs_stats.geojson
2017-01-27 16:17:04 [compare_mcs] [INFO ]  [101/153] Calculating MCS between analyses/zonation/priocomp/08_abf_es/08_abf_es_out/08_abf_es_nwout1.shp and analyses/zonation/priocomp/10_abf_es_cst/10_abf_es_cst_out/10_abf_es_cst_nwout1.shp
2017-01-27 16:17:05 [compare_mcs] [INFO ]  [102/153] Calculating MCS between analyses/zonation/priocomp/08_abf_es/08_abf_es_out/08_abf_es_nwout1.shp and analyses/ILP/ilp_es_costs_stats.geojson
2017-01-27 16:17:07 [compare_mcs] [INFO ]  [103/153] Calculating MCS between analyses/zonation/priocomp/08_abf_es/08_abf_es_out/08_abf_es_nwout1.shp and analyses/RWR/rwr_bd_stats.geojson
2017-01-27 16:17:08 [compare_mcs] [INFO ]  [104/153] Calculating MCS between analyses/zonation/priocomp/08_abf_es/08_abf_es_out/08_abf_es_nwout1.shp and analyses/zonation/priocomp/12_abf_bd/12_abf_bd_out/12_abf_bd_nwout1.shp
2017-01-27 16:17:09 [compare_mcs] [INFO ]  [105/153] Calculating MCS between analyses/zonation/priocomp/08_abf_es/08_abf_es_out/08_abf_es_nwout1.shp and analyses/ILP/ilp_bd_stats.geojson
2017-01-27 16:17:10 [compare_mcs] [INFO ]  [106/153] Calculating MCS between analyses/zonation/priocomp/08_abf_es/08_abf_es_out/08_abf_es_nwout1.shp and analyses/RWR/rwr_bd_costs_stats.geojson
2017-01-27 16:17:11 [compare_mcs] [INFO ]  [107/153] Calculating MCS between analyses/zonation/priocomp/08_abf_es/08_abf_es_out/08_abf_es_nwout1.shp and analyses/zonation/priocomp/14_abf_bd_cst/14_abf_bd_cst_out/14_abf_bd_cst_nwout1.shp
2017-01-27 16:17:12 [compare_mcs] [INFO ]  [108/153] Calculating MCS between analyses/zonation/priocomp/08_abf_es/08_abf_es_out/08_abf_es_nwout1.shp and analyses/ILP/ilp_bd_costs_stats.geojson
2017-01-27 16:17:15 [compare_mcs] [INFO ]  [109/153] Calculating MCS between analyses/ILP/ilp_es_stats.geojson and analyses/RWR/rwr_es_costs_stats.geojson
2017-01-27 16:17:15 [compare_mcs] [INFO ]  [110/153] Calculating MCS between analyses/ILP/ilp_es_stats.geojson and analyses/zonation/priocomp/10_abf_es_cst/10_abf_es_cst_out/10_abf_es_cst_nwout1.shp
2017-01-27 16:17:17 [compare_mcs] [INFO ]  [111/153] Calculating MCS between analyses/ILP/ilp_es_stats.geojson and analyses/ILP/ilp_es_costs_stats.geojson
2017-01-27 16:17:18 [compare_mcs] [INFO ]  [112/153] Calculating MCS between analyses/ILP/ilp_es_stats.geojson and analyses/RWR/rwr_bd_stats.geojson
2017-01-27 16:17:19 [compare_mcs] [INFO ]  [113/153] Calculating MCS between analyses/ILP/ilp_es_stats.geojson and analyses/zonation/priocomp/12_abf_bd/12_abf_bd_out/12_abf_bd_nwout1.shp
2017-01-27 16:17:20 [compare_mcs] [INFO ]  [114/153] Calculating MCS between analyses/ILP/ilp_es_stats.geojson and analyses/ILP/ilp_bd_stats.geojson
2017-01-27 16:17:21 [compare_mcs] [INFO ]  [115/153] Calculating MCS between analyses/ILP/ilp_es_stats.geojson and analyses/RWR/rwr_bd_costs_stats.geojson
2017-01-27 16:17:22 [compare_mcs] [INFO ]  [116/153] Calculating MCS between analyses/ILP/ilp_es_stats.geojson and analyses/zonation/priocomp/14_abf_bd_cst/14_abf_bd_cst_out/14_abf_bd_cst_nwout1.shp
2017-01-27 16:17:24 [compare_mcs] [INFO ]  [117/153] Calculating MCS between analyses/ILP/ilp_es_stats.geojson and analyses/ILP/ilp_bd_costs_stats.geojson
2017-01-27 16:17:26 [compare_mcs] [INFO ]  [118/153] Calculating MCS between analyses/RWR/rwr_es_costs_stats.geojson and analyses/zonation/priocomp/10_abf_es_cst/10_abf_es_cst_out/10_abf_es_cst_nwout1.shp
2017-01-27 16:17:27 [compare_mcs] [INFO ]  [119/153] Calculating MCS between analyses/RWR/rwr_es_costs_stats.geojson and analyses/ILP/ilp_es_costs_stats.geojson
2017-01-27 16:17:28 [compare_mcs] [INFO ]  [120/153] Calculating MCS between analyses/RWR/rwr_es_costs_stats.geojson and analyses/RWR/rwr_bd_stats.geojson
2017-01-27 16:17:30 [compare_mcs] [INFO ]  [121/153] Calculating MCS between analyses/RWR/rwr_es_costs_stats.geojson and analyses/zonation/priocomp/12_abf_bd/12_abf_bd_out/12_abf_bd_nwout1.shp
2017-01-27 16:17:31 [compare_mcs] [INFO ]  [122/153] Calculating MCS between analyses/RWR/rwr_es_costs_stats.geojson and analyses/ILP/ilp_bd_stats.geojson
2017-01-27 16:17:32 [compare_mcs] [INFO ]  [123/153] Calculating MCS between analyses/RWR/rwr_es_costs_stats.geojson and analyses/RWR/rwr_bd_costs_stats.geojson
2017-01-27 16:17:33 [compare_mcs] [INFO ]  [124/153] Calculating MCS between analyses/RWR/rwr_es_costs_stats.geojson and analyses/zonation/priocomp/14_abf_bd_cst/14_abf_bd_cst_out/14_abf_bd_cst_nwout1.shp
2017-01-27 16:17:34 [compare_mcs] [INFO ]  [125/153] Calculating MCS between analyses/RWR/rwr_es_costs_stats.geojson and analyses/ILP/ilp_bd_costs_stats.geojson
2017-01-27 16:17:36 [compare_mcs] [INFO ]  [126/153] Calculating MCS between analyses/zonation/priocomp/10_abf_es_cst/10_abf_es_cst_out/10_abf_es_cst_nwout1.shp and analyses/ILP/ilp_es_costs_stats.geojson
2017-01-27 16:17:37 [compare_mcs] [INFO ]  [127/153] Calculating MCS between analyses/zonation/priocomp/10_abf_es_cst/10_abf_es_cst_out/10_abf_es_cst_nwout1.shp and analyses/RWR/rwr_bd_stats.geojson
2017-01-27 16:17:38 [compare_mcs] [INFO ]  [128/153] Calculating MCS between analyses/zonation/priocomp/10_abf_es_cst/10_abf_es_cst_out/10_abf_es_cst_nwout1.shp and analyses/zonation/priocomp/12_abf_bd/12_abf_bd_out/12_abf_bd_nwout1.shp
2017-01-27 16:17:39 [compare_mcs] [INFO ]  [129/153] Calculating MCS between analyses/zonation/priocomp/10_abf_es_cst/10_abf_es_cst_out/10_abf_es_cst_nwout1.shp and analyses/ILP/ilp_bd_stats.geojson
2017-01-27 16:17:41 [compare_mcs] [INFO ]  [130/153] Calculating MCS between analyses/zonation/priocomp/10_abf_es_cst/10_abf_es_cst_out/10_abf_es_cst_nwout1.shp and analyses/RWR/rwr_bd_costs_stats.geojson
2017-01-27 16:17:41 [compare_mcs] [INFO ]  [131/153] Calculating MCS between analyses/zonation/priocomp/10_abf_es_cst/10_abf_es_cst_out/10_abf_es_cst_nwout1.shp and analyses/zonation/priocomp/14_abf_bd_cst/14_abf_bd_cst_out/14_abf_bd_cst_nwout1.shp
2017-01-27 16:17:43 [compare_mcs] [INFO ]  [132/153] Calculating MCS between analyses/zonation/priocomp/10_abf_es_cst/10_abf_es_cst_out/10_abf_es_cst_nwout1.shp and analyses/ILP/ilp_bd_costs_stats.geojson
2017-01-27 16:17:45 [compare_mcs] [INFO ]  [133/153] Calculating MCS between analyses/ILP/ilp_es_costs_stats.geojson and analyses/RWR/rwr_bd_stats.geojson
2017-01-27 16:17:46 [compare_mcs] [INFO ]  [134/153] Calculating MCS between analyses/ILP/ilp_es_costs_stats.geojson and analyses/zonation/priocomp/12_abf_bd/12_abf_bd_out/12_abf_bd_nwout1.shp
2017-01-27 16:17:47 [compare_mcs] [INFO ]  [135/153] Calculating MCS between analyses/ILP/ilp_es_costs_stats.geojson and analyses/ILP/ilp_bd_stats.geojson
2017-01-27 16:17:48 [compare_mcs] [INFO ]  [136/153] Calculating MCS between analyses/ILP/ilp_es_costs_stats.geojson and analyses/RWR/rwr_bd_costs_stats.geojson
2017-01-27 16:17:49 [compare_mcs] [INFO ]  [137/153] Calculating MCS between analyses/ILP/ilp_es_costs_stats.geojson and analyses/zonation/priocomp/14_abf_bd_cst/14_abf_bd_cst_out/14_abf_bd_cst_nwout1.shp
2017-01-27 16:17:51 [compare_mcs] [INFO ]  [138/153] Calculating MCS between analyses/ILP/ilp_es_costs_stats.geojson and analyses/ILP/ilp_bd_costs_stats.geojson
2017-01-27 16:17:53 [compare_mcs] [INFO ]  [139/153] Calculating MCS between analyses/RWR/rwr_bd_stats.geojson and analyses/zonation/priocomp/12_abf_bd/12_abf_bd_out/12_abf_bd_nwout1.shp
2017-01-27 16:17:55 [compare_mcs] [INFO ]  [140/153] Calculating MCS between analyses/RWR/rwr_bd_stats.geojson and analyses/ILP/ilp_bd_stats.geojson
2017-01-27 16:17:57 [compare_mcs] [INFO ]  [141/153] Calculating MCS between analyses/RWR/rwr_bd_stats.geojson and analyses/RWR/rwr_bd_costs_stats.geojson
2017-01-27 16:17:58 [compare_mcs] [INFO ]  [142/153] Calculating MCS between analyses/RWR/rwr_bd_stats.geojson and analyses/zonation/priocomp/14_abf_bd_cst/14_abf_bd_cst_out/14_abf_bd_cst_nwout1.shp
2017-01-27 16:18:00 [compare_mcs] [INFO ]  [143/153] Calculating MCS between analyses/RWR/rwr_bd_stats.geojson and analyses/ILP/ilp_bd_costs_stats.geojson
2017-01-27 16:18:03 [compare_mcs] [INFO ]  [144/153] Calculating MCS between analyses/zonation/priocomp/12_abf_bd/12_abf_bd_out/12_abf_bd_nwout1.shp and analyses/ILP/ilp_bd_stats.geojson
2017-01-27 16:18:05 [compare_mcs] [INFO ]  [145/153] Calculating MCS between analyses/zonation/priocomp/12_abf_bd/12_abf_bd_out/12_abf_bd_nwout1.shp and analyses/RWR/rwr_bd_costs_stats.geojson
2017-01-27 16:18:06 [compare_mcs] [INFO ]  [146/153] Calculating MCS between analyses/zonation/priocomp/12_abf_bd/12_abf_bd_out/12_abf_bd_nwout1.shp and analyses/zonation/priocomp/14_abf_bd_cst/14_abf_bd_cst_out/14_abf_bd_cst_nwout1.shp
2017-01-27 16:18:07 [compare_mcs] [INFO ]  [147/153] Calculating MCS between analyses/zonation/priocomp/12_abf_bd/12_abf_bd_out/12_abf_bd_nwout1.shp and analyses/ILP/ilp_bd_costs_stats.geojson
2017-01-27 16:18:10 [compare_mcs] [INFO ]  [148/153] Calculating MCS between analyses/ILP/ilp_bd_stats.geojson and analyses/RWR/rwr_bd_costs_stats.geojson
2017-01-27 16:18:11 [compare_mcs] [INFO ]  [149/153] Calculating MCS between analyses/ILP/ilp_bd_stats.geojson and analyses/zonation/priocomp/14_abf_bd_cst/14_abf_bd_cst_out/14_abf_bd_cst_nwout1.shp
2017-01-27 16:18:13 [compare_mcs] [INFO ]  [150/153] Calculating MCS between analyses/ILP/ilp_bd_stats.geojson and analyses/ILP/ilp_bd_costs_stats.geojson
2017-01-27 16:18:15 [compare_mcs] [INFO ]  [151/153] Calculating MCS between analyses/RWR/rwr_bd_costs_stats.geojson and analyses/zonation/priocomp/14_abf_bd_cst/14_abf_bd_cst_out/14_abf_bd_cst_nwout1.shp
2017-01-27 16:18:16 [compare_mcs] [INFO ]  [152/153] Calculating MCS between analyses/RWR/rwr_bd_costs_stats.geojson and analyses/ILP/ilp_bd_costs_stats.geojson
2017-01-27 16:18:18 [compare_mcs] [INFO ]  [153/153] Calculating MCS between analyses/zonation/priocomp/14_abf_bd_cst/14_abf_bd_cst_out/14_abf_bd_cst_nwout1.shp and analyses/ILP/ilp_bd_costs_stats.geojson
2017-01-27 16:18:19 [compare_mcs] [INFO ]  [TIME] All processing took 205.57 sec
2017-01-27 16:18:19 [compare_mcs] [INFO ] Saving results to analyses/comparison/cross_mcs.csv
