2017-07-25 13:48:47 [compare_jaccard] [INFO ]  [** COMPUTING JACCARD INDICES **]
2017-07-25 13:48:49 [compare_jaccard] [INFO ]  [1/306] Calculating Jaccard index for [0.0, 0.1] in analyses/RWR/rwr_all_weights.tif and, [0.0, 0.1] in analyses/zonation/priocomp/04_abf_all_wgt/04_abf_all_wgt_out/04_abf_all_wgt.rank.compressed.tif
2017-07-25 13:48:51 [compare_jaccard] [INFO ]  [2/306] Calculating Jaccard index for [0.0, 0.1] in analyses/RWR/rwr_all_weights.tif and, [0.0, 0.1] in analyses/ILP/ilp_all_weights.tif
2017-07-25 13:48:53 [compare_jaccard] [INFO ]  [3/306] Calculating Jaccard index for [0.0, 0.1] in analyses/RWR/rwr_all_weights.tif and, [0.0, 0.1] in analyses/RWR/rwr_all_weights_costs.tif
2017-07-25 13:48:55 [compare_jaccard] [INFO ]  [4/306] Calculating Jaccard index for [0.0, 0.1] in analyses/RWR/rwr_all_weights.tif and, [0.0, 0.1] in analyses/zonation/priocomp/06_abf_all_wgt_cst/06_abf_all_wgt_cst_out/06_abf_all_wgt_cst.rank.compressed.tif
2017-07-25 13:48:56 [compare_jaccard] [INFO ]  [5/306] Calculating Jaccard index for [0.0, 0.1] in analyses/RWR/rwr_all_weights.tif and, [0.0, 0.1] in analyses/ILP/ilp_all_weights_costs.tif
2017-07-25 13:48:59 [compare_jaccard] [INFO ]  [6/306] Calculating Jaccard index for [0.0, 0.1] in analyses/RWR/rwr_all_weights.tif and, [0.0, 0.1] in analyses/RWR/rwr_es.tif
2017-07-25 13:49:01 [compare_jaccard] [INFO ]  [7/306] Calculating Jaccard index for [0.0, 0.1] in analyses/RWR/rwr_all_weights.tif and, [0.0, 0.1] in analyses/zonation/priocomp/08_abf_es/08_abf_es_out/08_abf_es.rank.compressed.tif
2017-07-25 13:49:03 [compare_jaccard] [INFO ]  [8/306] Calculating Jaccard index for [0.0, 0.1] in analyses/RWR/rwr_all_weights.tif and, [0.0, 0.1] in analyses/ILP/ilp_es.tif
2017-07-25 13:49:05 [compare_jaccard] [INFO ]  [9/306] Calculating Jaccard index for [0.0, 0.1] in analyses/RWR/rwr_all_weights.tif and, [0.0, 0.1] in analyses/RWR/rwr_es_costs.tif
2017-07-25 13:49:07 [compare_jaccard] [INFO ]  [10/306] Calculating Jaccard index for [0.0, 0.1] in analyses/RWR/rwr_all_weights.tif and, [0.0, 0.1] in analyses/zonation/priocomp/10_abf_es_cst/10_abf_es_cst_out/10_abf_es_cst.rank.compressed.tif
2017-07-25 13:49:08 [compare_jaccard] [INFO ]  [11/306] Calculating Jaccard index for [0.0, 0.1] in analyses/RWR/rwr_all_weights.tif and, [0.0, 0.1] in analyses/ILP/ilp_es_costs.tif
2017-07-25 13:49:10 [compare_jaccard] [INFO ]  [12/306] Calculating Jaccard index for [0.0, 0.1] in analyses/RWR/rwr_all_weights.tif and, [0.0, 0.1] in analyses/RWR/rwr_bd.tif
2017-07-25 13:49:12 [compare_jaccard] [INFO ]  [13/306] Calculating Jaccard index for [0.0, 0.1] in analyses/RWR/rwr_all_weights.tif and, [0.0, 0.1] in analyses/zonation/priocomp/12_abf_bd/12_abf_bd_out/12_abf_bd.rank.compressed.tif
2017-07-25 13:49:14 [compare_jaccard] [INFO ]  [14/306] Calculating Jaccard index for [0.0, 0.1] in analyses/RWR/rwr_all_weights.tif and, [0.0, 0.1] in analyses/ILP/ilp_bd.tif
2017-07-25 13:49:16 [compare_jaccard] [INFO ]  [15/306] Calculating Jaccard index for [0.0, 0.1] in analyses/RWR/rwr_all_weights.tif and, [0.0, 0.1] in analyses/RWR/rwr_bd_costs.tif
2017-07-25 13:49:17 [compare_jaccard] [INFO ]  [16/306] Calculating Jaccard index for [0.0, 0.1] in analyses/RWR/rwr_all_weights.tif and, [0.0, 0.1] in analyses/zonation/priocomp/14_abf_bd_cst/14_abf_bd_cst_out/14_abf_bd_cst.rank.compressed.tif
2017-07-25 13:49:19 [compare_jaccard] [INFO ]  [17/306] Calculating Jaccard index for [0.0, 0.1] in analyses/RWR/rwr_all_weights.tif and, [0.0, 0.1] in analyses/ILP/ilp_bd_costs.tif
2017-07-25 13:49:22 [compare_jaccard] [INFO ]  [18/306] Calculating Jaccard index for [0.0, 0.1] in analyses/zonation/priocomp/04_abf_all_wgt/04_abf_all_wgt_out/04_abf_all_wgt.rank.compressed.tif and, [0.0, 0.1] in analyses/ILP/ilp_all_weights.tif
2017-07-25 13:49:24 [compare_jaccard] [INFO ]  [19/306] Calculating Jaccard index for [0.0, 0.1] in analyses/zonation/priocomp/04_abf_all_wgt/04_abf_all_wgt_out/04_abf_all_wgt.rank.compressed.tif and, [0.0, 0.1] in analyses/RWR/rwr_all_weights_costs.tif
2017-07-25 13:49:25 [compare_jaccard] [INFO ]  [20/306] Calculating Jaccard index for [0.0, 0.1] in analyses/zonation/priocomp/04_abf_all_wgt/04_abf_all_wgt_out/04_abf_all_wgt.rank.compressed.tif and, [0.0, 0.1] in analyses/zonation/priocomp/06_abf_all_wgt_cst/06_abf_all_wgt_cst_out/06_abf_all_wgt_cst.rank.compressed.tif
2017-07-25 13:49:27 [compare_jaccard] [INFO ]  [21/306] Calculating Jaccard index for [0.0, 0.1] in analyses/zonation/priocomp/04_abf_all_wgt/04_abf_all_wgt_out/04_abf_all_wgt.rank.compressed.tif and, [0.0, 0.1] in analyses/ILP/ilp_all_weights_costs.tif
2017-07-25 13:49:29 [compare_jaccard] [INFO ]  [22/306] Calculating Jaccard index for [0.0, 0.1] in analyses/zonation/priocomp/04_abf_all_wgt/04_abf_all_wgt_out/04_abf_all_wgt.rank.compressed.tif and, [0.0, 0.1] in analyses/RWR/rwr_es.tif
2017-07-25 13:49:31 [compare_jaccard] [INFO ]  [23/306] Calculating Jaccard index for [0.0, 0.1] in analyses/zonation/priocomp/04_abf_all_wgt/04_abf_all_wgt_out/04_abf_all_wgt.rank.compressed.tif and, [0.0, 0.1] in analyses/zonation/priocomp/08_abf_es/08_abf_es_out/08_abf_es.rank.compressed.tif
2017-07-25 13:49:32 [compare_jaccard] [INFO ]  [24/306] Calculating Jaccard index for [0.0, 0.1] in analyses/zonation/priocomp/04_abf_all_wgt/04_abf_all_wgt_out/04_abf_all_wgt.rank.compressed.tif and, [0.0, 0.1] in analyses/ILP/ilp_es.tif
2017-07-25 13:49:34 [compare_jaccard] [INFO ]  [25/306] Calculating Jaccard index for [0.0, 0.1] in analyses/zonation/priocomp/04_abf_all_wgt/04_abf_all_wgt_out/04_abf_all_wgt.rank.compressed.tif and, [0.0, 0.1] in analyses/RWR/rwr_es_costs.tif
2017-07-25 13:49:36 [compare_jaccard] [INFO ]  [26/306] Calculating Jaccard index for [0.0, 0.1] in analyses/zonation/priocomp/04_abf_all_wgt/04_abf_all_wgt_out/04_abf_all_wgt.rank.compressed.tif and, [0.0, 0.1] in analyses/zonation/priocomp/10_abf_es_cst/10_abf_es_cst_out/10_abf_es_cst.rank.compressed.tif
2017-07-25 13:49:38 [compare_jaccard] [INFO ]  [27/306] Calculating Jaccard index for [0.0, 0.1] in analyses/zonation/priocomp/04_abf_all_wgt/04_abf_all_wgt_out/04_abf_all_wgt.rank.compressed.tif and, [0.0, 0.1] in analyses/ILP/ilp_es_costs.tif
2017-07-25 13:49:39 [compare_jaccard] [INFO ]  [28/306] Calculating Jaccard index for [0.0, 0.1] in analyses/zonation/priocomp/04_abf_all_wgt/04_abf_all_wgt_out/04_abf_all_wgt.rank.compressed.tif and, [0.0, 0.1] in analyses/RWR/rwr_bd.tif
2017-07-25 13:49:41 [compare_jaccard] [INFO ]  [29/306] Calculating Jaccard index for [0.0, 0.1] in analyses/zonation/priocomp/04_abf_all_wgt/04_abf_all_wgt_out/04_abf_all_wgt.rank.compressed.tif and, [0.0, 0.1] in analyses/zonation/priocomp/12_abf_bd/12_abf_bd_out/12_abf_bd.rank.compressed.tif
2017-07-25 13:49:43 [compare_jaccard] [INFO ]  [30/306] Calculating Jaccard index for [0.0, 0.1] in analyses/zonation/priocomp/04_abf_all_wgt/04_abf_all_wgt_out/04_abf_all_wgt.rank.compressed.tif and, [0.0, 0.1] in analyses/ILP/ilp_bd.tif
2017-07-25 13:49:44 [compare_jaccard] [INFO ]  [31/306] Calculating Jaccard index for [0.0, 0.1] in analyses/zonation/priocomp/04_abf_all_wgt/04_abf_all_wgt_out/04_abf_all_wgt.rank.compressed.tif and, [0.0, 0.1] in analyses/RWR/rwr_bd_costs.tif
2017-07-25 13:49:46 [compare_jaccard] [INFO ]  [32/306] Calculating Jaccard index for [0.0, 0.1] in analyses/zonation/priocomp/04_abf_all_wgt/04_abf_all_wgt_out/04_abf_all_wgt.rank.compressed.tif and, [0.0, 0.1] in analyses/zonation/priocomp/14_abf_bd_cst/14_abf_bd_cst_out/14_abf_bd_cst.rank.compressed.tif
2017-07-25 13:49:48 [compare_jaccard] [INFO ]  [33/306] Calculating Jaccard index for [0.0, 0.1] in analyses/zonation/priocomp/04_abf_all_wgt/04_abf_all_wgt_out/04_abf_all_wgt.rank.compressed.tif and, [0.0, 0.1] in analyses/ILP/ilp_bd_costs.tif
2017-07-25 13:49:51 [compare_jaccard] [INFO ]  [34/306] Calculating Jaccard index for [0.0, 0.1] in analyses/ILP/ilp_all_weights.tif and, [0.0, 0.1] in analyses/RWR/rwr_all_weights_costs.tif
2017-07-25 13:49:53 [compare_jaccard] [INFO ]  [35/306] Calculating Jaccard index for [0.0, 0.1] in analyses/ILP/ilp_all_weights.tif and, [0.0, 0.1] in analyses/zonation/priocomp/06_abf_all_wgt_cst/06_abf_all_wgt_cst_out/06_abf_all_wgt_cst.rank.compressed.tif
2017-07-25 13:49:54 [compare_jaccard] [INFO ]  [36/306] Calculating Jaccard index for [0.0, 0.1] in analyses/ILP/ilp_all_weights.tif and, [0.0, 0.1] in analyses/ILP/ilp_all_weights_costs.tif
2017-07-25 13:49:56 [compare_jaccard] [INFO ]  [37/306] Calculating Jaccard index for [0.0, 0.1] in analyses/ILP/ilp_all_weights.tif and, [0.0, 0.1] in analyses/RWR/rwr_es.tif
2017-07-25 13:49:58 [compare_jaccard] [INFO ]  [38/306] Calculating Jaccard index for [0.0, 0.1] in analyses/ILP/ilp_all_weights.tif and, [0.0, 0.1] in analyses/zonation/priocomp/08_abf_es/08_abf_es_out/08_abf_es.rank.compressed.tif
2017-07-25 13:49:59 [compare_jaccard] [INFO ]  [39/306] Calculating Jaccard index for [0.0, 0.1] in analyses/ILP/ilp_all_weights.tif and, [0.0, 0.1] in analyses/ILP/ilp_es.tif
2017-07-25 13:50:01 [compare_jaccard] [INFO ]  [40/306] Calculating Jaccard index for [0.0, 0.1] in analyses/ILP/ilp_all_weights.tif and, [0.0, 0.1] in analyses/RWR/rwr_es_costs.tif
2017-07-25 13:50:03 [compare_jaccard] [INFO ]  [41/306] Calculating Jaccard index for [0.0, 0.1] in analyses/ILP/ilp_all_weights.tif and, [0.0, 0.1] in analyses/zonation/priocomp/10_abf_es_cst/10_abf_es_cst_out/10_abf_es_cst.rank.compressed.tif
2017-07-25 13:50:05 [compare_jaccard] [INFO ]  [42/306] Calculating Jaccard index for [0.0, 0.1] in analyses/ILP/ilp_all_weights.tif and, [0.0, 0.1] in analyses/ILP/ilp_es_costs.tif
2017-07-25 13:50:07 [compare_jaccard] [INFO ]  [43/306] Calculating Jaccard index for [0.0, 0.1] in analyses/ILP/ilp_all_weights.tif and, [0.0, 0.1] in analyses/RWR/rwr_bd.tif
2017-07-25 13:50:08 [compare_jaccard] [INFO ]  [44/306] Calculating Jaccard index for [0.0, 0.1] in analyses/ILP/ilp_all_weights.tif and, [0.0, 0.1] in analyses/zonation/priocomp/12_abf_bd/12_abf_bd_out/12_abf_bd.rank.compressed.tif
2017-07-25 13:50:10 [compare_jaccard] [INFO ]  [45/306] Calculating Jaccard index for [0.0, 0.1] in analyses/ILP/ilp_all_weights.tif and, [0.0, 0.1] in analyses/ILP/ilp_bd.tif
2017-07-25 13:50:12 [compare_jaccard] [INFO ]  [46/306] Calculating Jaccard index for [0.0, 0.1] in analyses/ILP/ilp_all_weights.tif and, [0.0, 0.1] in analyses/RWR/rwr_bd_costs.tif
2017-07-25 13:50:14 [compare_jaccard] [INFO ]  [47/306] Calculating Jaccard index for [0.0, 0.1] in analyses/ILP/ilp_all_weights.tif and, [0.0, 0.1] in analyses/zonation/priocomp/14_abf_bd_cst/14_abf_bd_cst_out/14_abf_bd_cst.rank.compressed.tif
2017-07-25 13:50:15 [compare_jaccard] [INFO ]  [48/306] Calculating Jaccard index for [0.0, 0.1] in analyses/ILP/ilp_all_weights.tif and, [0.0, 0.1] in analyses/ILP/ilp_bd_costs.tif
2017-07-25 13:50:19 [compare_jaccard] [INFO ]  [49/306] Calculating Jaccard index for [0.0, 0.1] in analyses/RWR/rwr_all_weights_costs.tif and, [0.0, 0.1] in analyses/zonation/priocomp/06_abf_all_wgt_cst/06_abf_all_wgt_cst_out/06_abf_all_wgt_cst.rank.compressed.tif
2017-07-25 13:50:20 [compare_jaccard] [INFO ]  [50/306] Calculating Jaccard index for [0.0, 0.1] in analyses/RWR/rwr_all_weights_costs.tif and, [0.0, 0.1] in analyses/ILP/ilp_all_weights_costs.tif
2017-07-25 13:50:22 [compare_jaccard] [INFO ]  [51/306] Calculating Jaccard index for [0.0, 0.1] in analyses/RWR/rwr_all_weights_costs.tif and, [0.0, 0.1] in analyses/RWR/rwr_es.tif
2017-07-25 13:50:24 [compare_jaccard] [INFO ]  [52/306] Calculating Jaccard index for [0.0, 0.1] in analyses/RWR/rwr_all_weights_costs.tif and, [0.0, 0.1] in analyses/zonation/priocomp/08_abf_es/08_abf_es_out/08_abf_es.rank.compressed.tif
2017-07-25 13:50:26 [compare_jaccard] [INFO ]  [53/306] Calculating Jaccard index for [0.0, 0.1] in analyses/RWR/rwr_all_weights_costs.tif and, [0.0, 0.1] in analyses/ILP/ilp_es.tif
2017-07-25 13:50:27 [compare_jaccard] [INFO ]  [54/306] Calculating Jaccard index for [0.0, 0.1] in analyses/RWR/rwr_all_weights_costs.tif and, [0.0, 0.1] in analyses/RWR/rwr_es_costs.tif
2017-07-25 13:50:29 [compare_jaccard] [INFO ]  [55/306] Calculating Jaccard index for [0.0, 0.1] in analyses/RWR/rwr_all_weights_costs.tif and, [0.0, 0.1] in analyses/zonation/priocomp/10_abf_es_cst/10_abf_es_cst_out/10_abf_es_cst.rank.compressed.tif
2017-07-25 13:50:31 [compare_jaccard] [INFO ]  [56/306] Calculating Jaccard index for [0.0, 0.1] in analyses/RWR/rwr_all_weights_costs.tif and, [0.0, 0.1] in analyses/ILP/ilp_es_costs.tif
2017-07-25 13:50:33 [compare_jaccard] [INFO ]  [57/306] Calculating Jaccard index for [0.0, 0.1] in analyses/RWR/rwr_all_weights_costs.tif and, [0.0, 0.1] in analyses/RWR/rwr_bd.tif
2017-07-25 13:50:34 [compare_jaccard] [INFO ]  [58/306] Calculating Jaccard index for [0.0, 0.1] in analyses/RWR/rwr_all_weights_costs.tif and, [0.0, 0.1] in analyses/zonation/priocomp/12_abf_bd/12_abf_bd_out/12_abf_bd.rank.compressed.tif
2017-07-25 13:50:36 [compare_jaccard] [INFO ]  [59/306] Calculating Jaccard index for [0.0, 0.1] in analyses/RWR/rwr_all_weights_costs.tif and, [0.0, 0.1] in analyses/ILP/ilp_bd.tif
2017-07-25 13:50:38 [compare_jaccard] [INFO ]  [60/306] Calculating Jaccard index for [0.0, 0.1] in analyses/RWR/rwr_all_weights_costs.tif and, [0.0, 0.1] in analyses/RWR/rwr_bd_costs.tif
2017-07-25 13:50:40 [compare_jaccard] [INFO ]  [61/306] Calculating Jaccard index for [0.0, 0.1] in analyses/RWR/rwr_all_weights_costs.tif and, [0.0, 0.1] in analyses/zonation/priocomp/14_abf_bd_cst/14_abf_bd_cst_out/14_abf_bd_cst.rank.compressed.tif
2017-07-25 13:50:41 [compare_jaccard] [INFO ]  [62/306] Calculating Jaccard index for [0.0, 0.1] in analyses/RWR/rwr_all_weights_costs.tif and, [0.0, 0.1] in analyses/ILP/ilp_bd_costs.tif
2017-07-25 13:50:44 [compare_jaccard] [INFO ]  [63/306] Calculating Jaccard index for [0.0, 0.1] in analyses/zonation/priocomp/06_abf_all_wgt_cst/06_abf_all_wgt_cst_out/06_abf_all_wgt_cst.rank.compressed.tif and, [0.0, 0.1] in analyses/ILP/ilp_all_weights_costs.tif
2017-07-25 13:50:46 [compare_jaccard] [INFO ]  [64/306] Calculating Jaccard index for [0.0, 0.1] in analyses/zonation/priocomp/06_abf_all_wgt_cst/06_abf_all_wgt_cst_out/06_abf_all_wgt_cst.rank.compressed.tif and, [0.0, 0.1] in analyses/RWR/rwr_es.tif
2017-07-25 13:50:48 [compare_jaccard] [INFO ]  [65/306] Calculating Jaccard index for [0.0, 0.1] in analyses/zonation/priocomp/06_abf_all_wgt_cst/06_abf_all_wgt_cst_out/06_abf_all_wgt_cst.rank.compressed.tif and, [0.0, 0.1] in analyses/zonation/priocomp/08_abf_es/08_abf_es_out/08_abf_es.rank.compressed.tif
2017-07-25 13:50:49 [compare_jaccard] [INFO ]  [66/306] Calculating Jaccard index for [0.0, 0.1] in analyses/zonation/priocomp/06_abf_all_wgt_cst/06_abf_all_wgt_cst_out/06_abf_all_wgt_cst.rank.compressed.tif and, [0.0, 0.1] in analyses/ILP/ilp_es.tif
2017-07-25 13:50:51 [compare_jaccard] [INFO ]  [67/306] Calculating Jaccard index for [0.0, 0.1] in analyses/zonation/priocomp/06_abf_all_wgt_cst/06_abf_all_wgt_cst_out/06_abf_all_wgt_cst.rank.compressed.tif and, [0.0, 0.1] in analyses/RWR/rwr_es_costs.tif
2017-07-25 13:50:53 [compare_jaccard] [INFO ]  [68/306] Calculating Jaccard index for [0.0, 0.1] in analyses/zonation/priocomp/06_abf_all_wgt_cst/06_abf_all_wgt_cst_out/06_abf_all_wgt_cst.rank.compressed.tif and, [0.0, 0.1] in analyses/zonation/priocomp/10_abf_es_cst/10_abf_es_cst_out/10_abf_es_cst.rank.compressed.tif
2017-07-25 13:50:55 [compare_jaccard] [INFO ]  [69/306] Calculating Jaccard index for [0.0, 0.1] in analyses/zonation/priocomp/06_abf_all_wgt_cst/06_abf_all_wgt_cst_out/06_abf_all_wgt_cst.rank.compressed.tif and, [0.0, 0.1] in analyses/ILP/ilp_es_costs.tif
2017-07-25 13:50:57 [compare_jaccard] [INFO ]  [70/306] Calculating Jaccard index for [0.0, 0.1] in analyses/zonation/priocomp/06_abf_all_wgt_cst/06_abf_all_wgt_cst_out/06_abf_all_wgt_cst.rank.compressed.tif and, [0.0, 0.1] in analyses/RWR/rwr_bd.tif
2017-07-25 13:50:59 [compare_jaccard] [INFO ]  [71/306] Calculating Jaccard index for [0.0, 0.1] in analyses/zonation/priocomp/06_abf_all_wgt_cst/06_abf_all_wgt_cst_out/06_abf_all_wgt_cst.rank.compressed.tif and, [0.0, 0.1] in analyses/zonation/priocomp/12_abf_bd/12_abf_bd_out/12_abf_bd.rank.compressed.tif
2017-07-25 13:51:00 [compare_jaccard] [INFO ]  [72/306] Calculating Jaccard index for [0.0, 0.1] in analyses/zonation/priocomp/06_abf_all_wgt_cst/06_abf_all_wgt_cst_out/06_abf_all_wgt_cst.rank.compressed.tif and, [0.0, 0.1] in analyses/ILP/ilp_bd.tif
2017-07-25 13:51:02 [compare_jaccard] [INFO ]  [73/306] Calculating Jaccard index for [0.0, 0.1] in analyses/zonation/priocomp/06_abf_all_wgt_cst/06_abf_all_wgt_cst_out/06_abf_all_wgt_cst.rank.compressed.tif and, [0.0, 0.1] in analyses/RWR/rwr_bd_costs.tif
2017-07-25 13:51:04 [compare_jaccard] [INFO ]  [74/306] Calculating Jaccard index for [0.0, 0.1] in analyses/zonation/priocomp/06_abf_all_wgt_cst/06_abf_all_wgt_cst_out/06_abf_all_wgt_cst.rank.compressed.tif and, [0.0, 0.1] in analyses/zonation/priocomp/14_abf_bd_cst/14_abf_bd_cst_out/14_abf_bd_cst.rank.compressed.tif
2017-07-25 13:51:06 [compare_jaccard] [INFO ]  [75/306] Calculating Jaccard index for [0.0, 0.1] in analyses/zonation/priocomp/06_abf_all_wgt_cst/06_abf_all_wgt_cst_out/06_abf_all_wgt_cst.rank.compressed.tif and, [0.0, 0.1] in analyses/ILP/ilp_bd_costs.tif
2017-07-25 13:51:09 [compare_jaccard] [INFO ]  [76/306] Calculating Jaccard index for [0.0, 0.1] in analyses/ILP/ilp_all_weights_costs.tif and, [0.0, 0.1] in analyses/RWR/rwr_es.tif
2017-07-25 13:51:10 [compare_jaccard] [INFO ]  [77/306] Calculating Jaccard index for [0.0, 0.1] in analyses/ILP/ilp_all_weights_costs.tif and, [0.0, 0.1] in analyses/zonation/priocomp/08_abf_es/08_abf_es_out/08_abf_es.rank.compressed.tif
2017-07-25 13:51:12 [compare_jaccard] [INFO ]  [78/306] Calculating Jaccard index for [0.0, 0.1] in analyses/ILP/ilp_all_weights_costs.tif and, [0.0, 0.1] in analyses/ILP/ilp_es.tif
2017-07-25 13:51:14 [compare_jaccard] [INFO ]  [79/306] Calculating Jaccard index for [0.0, 0.1] in analyses/ILP/ilp_all_weights_costs.tif and, [0.0, 0.1] in analyses/RWR/rwr_es_costs.tif
2017-07-25 13:51:16 [compare_jaccard] [INFO ]  [80/306] Calculating Jaccard index for [0.0, 0.1] in analyses/ILP/ilp_all_weights_costs.tif and, [0.0, 0.1] in analyses/zonation/priocomp/10_abf_es_cst/10_abf_es_cst_out/10_abf_es_cst.rank.compressed.tif
2017-07-25 13:51:17 [compare_jaccard] [INFO ]  [81/306] Calculating Jaccard index for [0.0, 0.1] in analyses/ILP/ilp_all_weights_costs.tif and, [0.0, 0.1] in analyses/ILP/ilp_es_costs.tif
2017-07-25 13:51:19 [compare_jaccard] [INFO ]  [82/306] Calculating Jaccard index for [0.0, 0.1] in analyses/ILP/ilp_all_weights_costs.tif and, [0.0, 0.1] in analyses/RWR/rwr_bd.tif
2017-07-25 13:51:21 [compare_jaccard] [INFO ]  [83/306] Calculating Jaccard index for [0.0, 0.1] in analyses/ILP/ilp_all_weights_costs.tif and, [0.0, 0.1] in analyses/zonation/priocomp/12_abf_bd/12_abf_bd_out/12_abf_bd.rank.compressed.tif
2017-07-25 13:51:23 [compare_jaccard] [INFO ]  [84/306] Calculating Jaccard index for [0.0, 0.1] in analyses/ILP/ilp_all_weights_costs.tif and, [0.0, 0.1] in analyses/ILP/ilp_bd.tif
2017-07-25 13:51:25 [compare_jaccard] [INFO ]  [85/306] Calculating Jaccard index for [0.0, 0.1] in analyses/ILP/ilp_all_weights_costs.tif and, [0.0, 0.1] in analyses/RWR/rwr_bd_costs.tif
2017-07-25 13:51:26 [compare_jaccard] [INFO ]  [86/306] Calculating Jaccard index for [0.0, 0.1] in analyses/ILP/ilp_all_weights_costs.tif and, [0.0, 0.1] in analyses/zonation/priocomp/14_abf_bd_cst/14_abf_bd_cst_out/14_abf_bd_cst.rank.compressed.tif
2017-07-25 13:51:28 [compare_jaccard] [INFO ]  [87/306] Calculating Jaccard index for [0.0, 0.1] in analyses/ILP/ilp_all_weights_costs.tif and, [0.0, 0.1] in analyses/ILP/ilp_bd_costs.tif
2017-07-25 13:51:31 [compare_jaccard] [INFO ]  [88/306] Calculating Jaccard index for [0.0, 0.1] in analyses/RWR/rwr_es.tif and, [0.0, 0.1] in analyses/zonation/priocomp/08_abf_es/08_abf_es_out/08_abf_es.rank.compressed.tif
2017-07-25 13:51:33 [compare_jaccard] [INFO ]  [89/306] Calculating Jaccard index for [0.0, 0.1] in analyses/RWR/rwr_es.tif and, [0.0, 0.1] in analyses/ILP/ilp_es.tif
2017-07-25 13:51:35 [compare_jaccard] [INFO ]  [90/306] Calculating Jaccard index for [0.0, 0.1] in analyses/RWR/rwr_es.tif and, [0.0, 0.1] in analyses/RWR/rwr_es_costs.tif
2017-07-25 13:51:36 [compare_jaccard] [INFO ]  [91/306] Calculating Jaccard index for [0.0, 0.1] in analyses/RWR/rwr_es.tif and, [0.0, 0.1] in analyses/zonation/priocomp/10_abf_es_cst/10_abf_es_cst_out/10_abf_es_cst.rank.compressed.tif
2017-07-25 13:51:38 [compare_jaccard] [INFO ]  [92/306] Calculating Jaccard index for [0.0, 0.1] in analyses/RWR/rwr_es.tif and, [0.0, 0.1] in analyses/ILP/ilp_es_costs.tif
2017-07-25 13:51:40 [compare_jaccard] [INFO ]  [93/306] Calculating Jaccard index for [0.0, 0.1] in analyses/RWR/rwr_es.tif and, [0.0, 0.1] in analyses/RWR/rwr_bd.tif
2017-07-25 13:51:42 [compare_jaccard] [INFO ]  [94/306] Calculating Jaccard index for [0.0, 0.1] in analyses/RWR/rwr_es.tif and, [0.0, 0.1] in analyses/zonation/priocomp/12_abf_bd/12_abf_bd_out/12_abf_bd.rank.compressed.tif
2017-07-25 13:51:43 [compare_jaccard] [INFO ]  [95/306] Calculating Jaccard index for [0.0, 0.1] in analyses/RWR/rwr_es.tif and, [0.0, 0.1] in analyses/ILP/ilp_bd.tif
2017-07-25 13:51:45 [compare_jaccard] [INFO ]  [96/306] Calculating Jaccard index for [0.0, 0.1] in analyses/RWR/rwr_es.tif and, [0.0, 0.1] in analyses/RWR/rwr_bd_costs.tif
2017-07-25 13:51:47 [compare_jaccard] [INFO ]  [97/306] Calculating Jaccard index for [0.0, 0.1] in analyses/RWR/rwr_es.tif and, [0.0, 0.1] in analyses/zonation/priocomp/14_abf_bd_cst/14_abf_bd_cst_out/14_abf_bd_cst.rank.compressed.tif
2017-07-25 13:51:49 [compare_jaccard] [INFO ]  [98/306] Calculating Jaccard index for [0.0, 0.1] in analyses/RWR/rwr_es.tif and, [0.0, 0.1] in analyses/ILP/ilp_bd_costs.tif
2017-07-25 13:51:52 [compare_jaccard] [INFO ]  [99/306] Calculating Jaccard index for [0.0, 0.1] in analyses/zonation/priocomp/08_abf_es/08_abf_es_out/08_abf_es.rank.compressed.tif and, [0.0, 0.1] in analyses/ILP/ilp_es.tif
2017-07-25 13:51:54 [compare_jaccard] [INFO ]  [100/306] Calculating Jaccard index for [0.0, 0.1] in analyses/zonation/priocomp/08_abf_es/08_abf_es_out/08_abf_es.rank.compressed.tif and, [0.0, 0.1] in analyses/RWR/rwr_es_costs.tif
2017-07-25 13:51:55 [compare_jaccard] [INFO ]  [101/306] Calculating Jaccard index for [0.0, 0.1] in analyses/zonation/priocomp/08_abf_es/08_abf_es_out/08_abf_es.rank.compressed.tif and, [0.0, 0.1] in analyses/zonation/priocomp/10_abf_es_cst/10_abf_es_cst_out/10_abf_es_cst.rank.compressed.tif
2017-07-25 13:51:57 [compare_jaccard] [INFO ]  [102/306] Calculating Jaccard index for [0.0, 0.1] in analyses/zonation/priocomp/08_abf_es/08_abf_es_out/08_abf_es.rank.compressed.tif and, [0.0, 0.1] in analyses/ILP/ilp_es_costs.tif
2017-07-25 13:51:59 [compare_jaccard] [INFO ]  [103/306] Calculating Jaccard index for [0.0, 0.1] in analyses/zonation/priocomp/08_abf_es/08_abf_es_out/08_abf_es.rank.compressed.tif and, [0.0, 0.1] in analyses/RWR/rwr_bd.tif
2017-07-25 13:52:00 [compare_jaccard] [INFO ]  [104/306] Calculating Jaccard index for [0.0, 0.1] in analyses/zonation/priocomp/08_abf_es/08_abf_es_out/08_abf_es.rank.compressed.tif and, [0.0, 0.1] in analyses/zonation/priocomp/12_abf_bd/12_abf_bd_out/12_abf_bd.rank.compressed.tif
2017-07-25 13:52:02 [compare_jaccard] [INFO ]  [105/306] Calculating Jaccard index for [0.0, 0.1] in analyses/zonation/priocomp/08_abf_es/08_abf_es_out/08_abf_es.rank.compressed.tif and, [0.0, 0.1] in analyses/ILP/ilp_bd.tif
2017-07-25 13:52:04 [compare_jaccard] [INFO ]  [106/306] Calculating Jaccard index for [0.0, 0.1] in analyses/zonation/priocomp/08_abf_es/08_abf_es_out/08_abf_es.rank.compressed.tif and, [0.0, 0.1] in analyses/RWR/rwr_bd_costs.tif
2017-07-25 13:52:06 [compare_jaccard] [INFO ]  [107/306] Calculating Jaccard index for [0.0, 0.1] in analyses/zonation/priocomp/08_abf_es/08_abf_es_out/08_abf_es.rank.compressed.tif and, [0.0, 0.1] in analyses/zonation/priocomp/14_abf_bd_cst/14_abf_bd_cst_out/14_abf_bd_cst.rank.compressed.tif
2017-07-25 13:52:07 [compare_jaccard] [INFO ]  [108/306] Calculating Jaccard index for [0.0, 0.1] in analyses/zonation/priocomp/08_abf_es/08_abf_es_out/08_abf_es.rank.compressed.tif and, [0.0, 0.1] in analyses/ILP/ilp_bd_costs.tif
2017-07-25 13:52:10 [compare_jaccard] [INFO ]  [109/306] Calculating Jaccard index for [0.0, 0.1] in analyses/ILP/ilp_es.tif and, [0.0, 0.1] in analyses/RWR/rwr_es_costs.tif
2017-07-25 13:52:12 [compare_jaccard] [INFO ]  [110/306] Calculating Jaccard index for [0.0, 0.1] in analyses/ILP/ilp_es.tif and, [0.0, 0.1] in analyses/zonation/priocomp/10_abf_es_cst/10_abf_es_cst_out/10_abf_es_cst.rank.compressed.tif
2017-07-25 13:52:14 [compare_jaccard] [INFO ]  [111/306] Calculating Jaccard index for [0.0, 0.1] in analyses/ILP/ilp_es.tif and, [0.0, 0.1] in analyses/ILP/ilp_es_costs.tif
2017-07-25 13:52:16 [compare_jaccard] [INFO ]  [112/306] Calculating Jaccard index for [0.0, 0.1] in analyses/ILP/ilp_es.tif and, [0.0, 0.1] in analyses/RWR/rwr_bd.tif
2017-07-25 13:52:17 [compare_jaccard] [INFO ]  [113/306] Calculating Jaccard index for [0.0, 0.1] in analyses/ILP/ilp_es.tif and, [0.0, 0.1] in analyses/zonation/priocomp/12_abf_bd/12_abf_bd_out/12_abf_bd.rank.compressed.tif
2017-07-25 13:52:19 [compare_jaccard] [INFO ]  [114/306] Calculating Jaccard index for [0.0, 0.1] in analyses/ILP/ilp_es.tif and, [0.0, 0.1] in analyses/ILP/ilp_bd.tif
2017-07-25 13:52:21 [compare_jaccard] [INFO ]  [115/306] Calculating Jaccard index for [0.0, 0.1] in analyses/ILP/ilp_es.tif and, [0.0, 0.1] in analyses/RWR/rwr_bd_costs.tif
2017-07-25 13:52:23 [compare_jaccard] [INFO ]  [116/306] Calculating Jaccard index for [0.0, 0.1] in analyses/ILP/ilp_es.tif and, [0.0, 0.1] in analyses/zonation/priocomp/14_abf_bd_cst/14_abf_bd_cst_out/14_abf_bd_cst.rank.compressed.tif
2017-07-25 13:52:24 [compare_jaccard] [INFO ]  [117/306] Calculating Jaccard index for [0.0, 0.1] in analyses/ILP/ilp_es.tif and, [0.0, 0.1] in analyses/ILP/ilp_bd_costs.tif
2017-07-25 13:52:27 [compare_jaccard] [INFO ]  [118/306] Calculating Jaccard index for [0.0, 0.1] in analyses/RWR/rwr_es_costs.tif and, [0.0, 0.1] in analyses/zonation/priocomp/10_abf_es_cst/10_abf_es_cst_out/10_abf_es_cst.rank.compressed.tif
2017-07-25 13:52:29 [compare_jaccard] [INFO ]  [119/306] Calculating Jaccard index for [0.0, 0.1] in analyses/RWR/rwr_es_costs.tif and, [0.0, 0.1] in analyses/ILP/ilp_es_costs.tif
2017-07-25 13:52:31 [compare_jaccard] [INFO ]  [120/306] Calculating Jaccard index for [0.0, 0.1] in analyses/RWR/rwr_es_costs.tif and, [0.0, 0.1] in analyses/RWR/rwr_bd.tif
2017-07-25 13:52:33 [compare_jaccard] [INFO ]  [121/306] Calculating Jaccard index for [0.0, 0.1] in analyses/RWR/rwr_es_costs.tif and, [0.0, 0.1] in analyses/zonation/priocomp/12_abf_bd/12_abf_bd_out/12_abf_bd.rank.compressed.tif
2017-07-25 13:52:35 [compare_jaccard] [INFO ]  [122/306] Calculating Jaccard index for [0.0, 0.1] in analyses/RWR/rwr_es_costs.tif and, [0.0, 0.1] in analyses/ILP/ilp_bd.tif
2017-07-25 13:52:36 [compare_jaccard] [INFO ]  [123/306] Calculating Jaccard index for [0.0, 0.1] in analyses/RWR/rwr_es_costs.tif and, [0.0, 0.1] in analyses/RWR/rwr_bd_costs.tif
2017-07-25 13:52:38 [compare_jaccard] [INFO ]  [124/306] Calculating Jaccard index for [0.0, 0.1] in analyses/RWR/rwr_es_costs.tif and, [0.0, 0.1] in analyses/zonation/priocomp/14_abf_bd_cst/14_abf_bd_cst_out/14_abf_bd_cst.rank.compressed.tif
2017-07-25 13:52:40 [compare_jaccard] [INFO ]  [125/306] Calculating Jaccard index for [0.0, 0.1] in analyses/RWR/rwr_es_costs.tif and, [0.0, 0.1] in analyses/ILP/ilp_bd_costs.tif
2017-07-25 13:52:43 [compare_jaccard] [INFO ]  [126/306] Calculating Jaccard index for [0.0, 0.1] in analyses/zonation/priocomp/10_abf_es_cst/10_abf_es_cst_out/10_abf_es_cst.rank.compressed.tif and, [0.0, 0.1] in analyses/ILP/ilp_es_costs.tif
2017-07-25 13:52:45 [compare_jaccard] [INFO ]  [127/306] Calculating Jaccard index for [0.0, 0.1] in analyses/zonation/priocomp/10_abf_es_cst/10_abf_es_cst_out/10_abf_es_cst.rank.compressed.tif and, [0.0, 0.1] in analyses/RWR/rwr_bd.tif
2017-07-25 13:52:46 [compare_jaccard] [INFO ]  [128/306] Calculating Jaccard index for [0.0, 0.1] in analyses/zonation/priocomp/10_abf_es_cst/10_abf_es_cst_out/10_abf_es_cst.rank.compressed.tif and, [0.0, 0.1] in analyses/zonation/priocomp/12_abf_bd/12_abf_bd_out/12_abf_bd.rank.compressed.tif
2017-07-25 13:52:48 [compare_jaccard] [INFO ]  [129/306] Calculating Jaccard index for [0.0, 0.1] in analyses/zonation/priocomp/10_abf_es_cst/10_abf_es_cst_out/10_abf_es_cst.rank.compressed.tif and, [0.0, 0.1] in analyses/ILP/ilp_bd.tif
2017-07-25 13:52:50 [compare_jaccard] [INFO ]  [130/306] Calculating Jaccard index for [0.0, 0.1] in analyses/zonation/priocomp/10_abf_es_cst/10_abf_es_cst_out/10_abf_es_cst.rank.compressed.tif and, [0.0, 0.1] in analyses/RWR/rwr_bd_costs.tif
2017-07-25 13:52:52 [compare_jaccard] [INFO ]  [131/306] Calculating Jaccard index for [0.0, 0.1] in analyses/zonation/priocomp/10_abf_es_cst/10_abf_es_cst_out/10_abf_es_cst.rank.compressed.tif and, [0.0, 0.1] in analyses/zonation/priocomp/14_abf_bd_cst/14_abf_bd_cst_out/14_abf_bd_cst.rank.compressed.tif
2017-07-25 13:52:53 [compare_jaccard] [INFO ]  [132/306] Calculating Jaccard index for [0.0, 0.1] in analyses/zonation/priocomp/10_abf_es_cst/10_abf_es_cst_out/10_abf_es_cst.rank.compressed.tif and, [0.0, 0.1] in analyses/ILP/ilp_bd_costs.tif
2017-07-25 13:52:56 [compare_jaccard] [INFO ]  [133/306] Calculating Jaccard index for [0.0, 0.1] in analyses/ILP/ilp_es_costs.tif and, [0.0, 0.1] in analyses/RWR/rwr_bd.tif
2017-07-25 13:52:58 [compare_jaccard] [INFO ]  [134/306] Calculating Jaccard index for [0.0, 0.1] in analyses/ILP/ilp_es_costs.tif and, [0.0, 0.1] in analyses/zonation/priocomp/12_abf_bd/12_abf_bd_out/12_abf_bd.rank.compressed.tif
2017-07-25 13:53:00 [compare_jaccard] [INFO ]  [135/306] Calculating Jaccard index for [0.0, 0.1] in analyses/ILP/ilp_es_costs.tif and, [0.0, 0.1] in analyses/ILP/ilp_bd.tif
2017-07-25 13:53:02 [compare_jaccard] [INFO ]  [136/306] Calculating Jaccard index for [0.0, 0.1] in analyses/ILP/ilp_es_costs.tif and, [0.0, 0.1] in analyses/RWR/rwr_bd_costs.tif
2017-07-25 13:53:03 [compare_jaccard] [INFO ]  [137/306] Calculating Jaccard index for [0.0, 0.1] in analyses/ILP/ilp_es_costs.tif and, [0.0, 0.1] in analyses/zonation/priocomp/14_abf_bd_cst/14_abf_bd_cst_out/14_abf_bd_cst.rank.compressed.tif
2017-07-25 13:53:05 [compare_jaccard] [INFO ]  [138/306] Calculating Jaccard index for [0.0, 0.1] in analyses/ILP/ilp_es_costs.tif and, [0.0, 0.1] in analyses/ILP/ilp_bd_costs.tif
2017-07-25 13:53:08 [compare_jaccard] [INFO ]  [139/306] Calculating Jaccard index for [0.0, 0.1] in analyses/RWR/rwr_bd.tif and, [0.0, 0.1] in analyses/zonation/priocomp/12_abf_bd/12_abf_bd_out/12_abf_bd.rank.compressed.tif
2017-07-25 13:53:10 [compare_jaccard] [INFO ]  [140/306] Calculating Jaccard index for [0.0, 0.1] in analyses/RWR/rwr_bd.tif and, [0.0, 0.1] in analyses/ILP/ilp_bd.tif
2017-07-25 13:53:12 [compare_jaccard] [INFO ]  [141/306] Calculating Jaccard index for [0.0, 0.1] in analyses/RWR/rwr_bd.tif and, [0.0, 0.1] in analyses/RWR/rwr_bd_costs.tif
2017-07-25 13:53:13 [compare_jaccard] [INFO ]  [142/306] Calculating Jaccard index for [0.0, 0.1] in analyses/RWR/rwr_bd.tif and, [0.0, 0.1] in analyses/zonation/priocomp/14_abf_bd_cst/14_abf_bd_cst_out/14_abf_bd_cst.rank.compressed.tif
2017-07-25 13:53:15 [compare_jaccard] [INFO ]  [143/306] Calculating Jaccard index for [0.0, 0.1] in analyses/RWR/rwr_bd.tif and, [0.0, 0.1] in analyses/ILP/ilp_bd_costs.tif
2017-07-25 13:53:18 [compare_jaccard] [INFO ]  [144/306] Calculating Jaccard index for [0.0, 0.1] in analyses/zonation/priocomp/12_abf_bd/12_abf_bd_out/12_abf_bd.rank.compressed.tif and, [0.0, 0.1] in analyses/ILP/ilp_bd.tif
2017-07-25 13:53:20 [compare_jaccard] [INFO ]  [145/306] Calculating Jaccard index for [0.0, 0.1] in analyses/zonation/priocomp/12_abf_bd/12_abf_bd_out/12_abf_bd.rank.compressed.tif and, [0.0, 0.1] in analyses/RWR/rwr_bd_costs.tif
2017-07-25 13:53:22 [compare_jaccard] [INFO ]  [146/306] Calculating Jaccard index for [0.0, 0.1] in analyses/zonation/priocomp/12_abf_bd/12_abf_bd_out/12_abf_bd.rank.compressed.tif and, [0.0, 0.1] in analyses/zonation/priocomp/14_abf_bd_cst/14_abf_bd_cst_out/14_abf_bd_cst.rank.compressed.tif
2017-07-25 13:53:23 [compare_jaccard] [INFO ]  [147/306] Calculating Jaccard index for [0.0, 0.1] in analyses/zonation/priocomp/12_abf_bd/12_abf_bd_out/12_abf_bd.rank.compressed.tif and, [0.0, 0.1] in analyses/ILP/ilp_bd_costs.tif
2017-07-25 13:53:27 [compare_jaccard] [INFO ]  [148/306] Calculating Jaccard index for [0.0, 0.1] in analyses/ILP/ilp_bd.tif and, [0.0, 0.1] in analyses/RWR/rwr_bd_costs.tif
2017-07-25 13:53:28 [compare_jaccard] [INFO ]  [149/306] Calculating Jaccard index for [0.0, 0.1] in analyses/ILP/ilp_bd.tif and, [0.0, 0.1] in analyses/zonation/priocomp/14_abf_bd_cst/14_abf_bd_cst_out/14_abf_bd_cst.rank.compressed.tif
2017-07-25 13:53:30 [compare_jaccard] [INFO ]  [150/306] Calculating Jaccard index for [0.0, 0.1] in analyses/ILP/ilp_bd.tif and, [0.0, 0.1] in analyses/ILP/ilp_bd_costs.tif
2017-07-25 13:53:33 [compare_jaccard] [INFO ]  [151/306] Calculating Jaccard index for [0.0, 0.1] in analyses/RWR/rwr_bd_costs.tif and, [0.0, 0.1] in analyses/zonation/priocomp/14_abf_bd_cst/14_abf_bd_cst_out/14_abf_bd_cst.rank.compressed.tif
2017-07-25 13:53:35 [compare_jaccard] [INFO ]  [152/306] Calculating Jaccard index for [0.0, 0.1] in analyses/RWR/rwr_bd_costs.tif and, [0.0, 0.1] in analyses/ILP/ilp_bd_costs.tif
2017-07-25 13:53:38 [compare_jaccard] [INFO ]  [153/306] Calculating Jaccard index for [0.0, 0.1] in analyses/zonation/priocomp/14_abf_bd_cst/14_abf_bd_cst_out/14_abf_bd_cst.rank.compressed.tif and, [0.0, 0.1] in analyses/ILP/ilp_bd_costs.tif
2017-07-25 13:53:42 [compare_jaccard] [INFO ]  [154/306] Calculating Jaccard index for [0.9, 1.0] in analyses/RWR/rwr_all_weights.tif and, [0.9, 1.0] in analyses/zonation/priocomp/04_abf_all_wgt/04_abf_all_wgt_out/04_abf_all_wgt.rank.compressed.tif
2017-07-25 13:53:44 [compare_jaccard] [INFO ]  [155/306] Calculating Jaccard index for [0.9, 1.0] in analyses/RWR/rwr_all_weights.tif and, [0.9, 1.0] in analyses/ILP/ilp_all_weights.tif
2017-07-25 13:53:46 [compare_jaccard] [INFO ]  [156/306] Calculating Jaccard index for [0.9, 1.0] in analyses/RWR/rwr_all_weights.tif and, [0.9, 1.0] in analyses/RWR/rwr_all_weights_costs.tif
2017-07-25 13:53:48 [compare_jaccard] [INFO ]  [157/306] Calculating Jaccard index for [0.9, 1.0] in analyses/RWR/rwr_all_weights.tif and, [0.9, 1.0] in analyses/zonation/priocomp/06_abf_all_wgt_cst/06_abf_all_wgt_cst_out/06_abf_all_wgt_cst.rank.compressed.tif
2017-07-25 13:53:49 [compare_jaccard] [INFO ]  [158/306] Calculating Jaccard index for [0.9, 1.0] in analyses/RWR/rwr_all_weights.tif and, [0.9, 1.0] in analyses/ILP/ilp_all_weights_costs.tif
2017-07-25 13:53:51 [compare_jaccard] [INFO ]  [159/306] Calculating Jaccard index for [0.9, 1.0] in analyses/RWR/rwr_all_weights.tif and, [0.9, 1.0] in analyses/RWR/rwr_es.tif
2017-07-25 13:53:53 [compare_jaccard] [INFO ]  [160/306] Calculating Jaccard index for [0.9, 1.0] in analyses/RWR/rwr_all_weights.tif and, [0.9, 1.0] in analyses/zonation/priocomp/08_abf_es/08_abf_es_out/08_abf_es.rank.compressed.tif
2017-07-25 13:53:55 [compare_jaccard] [INFO ]  [161/306] Calculating Jaccard index for [0.9, 1.0] in analyses/RWR/rwr_all_weights.tif and, [0.9, 1.0] in analyses/ILP/ilp_es.tif
2017-07-25 13:53:56 [compare_jaccard] [INFO ]  [162/306] Calculating Jaccard index for [0.9, 1.0] in analyses/RWR/rwr_all_weights.tif and, [0.9, 1.0] in analyses/RWR/rwr_es_costs.tif
2017-07-25 13:53:58 [compare_jaccard] [INFO ]  [163/306] Calculating Jaccard index for [0.9, 1.0] in analyses/RWR/rwr_all_weights.tif and, [0.9, 1.0] in analyses/zonation/priocomp/10_abf_es_cst/10_abf_es_cst_out/10_abf_es_cst.rank.compressed.tif
2017-07-25 13:54:00 [compare_jaccard] [INFO ]  [164/306] Calculating Jaccard index for [0.9, 1.0] in analyses/RWR/rwr_all_weights.tif and, [0.9, 1.0] in analyses/ILP/ilp_es_costs.tif
2017-07-25 13:54:02 [compare_jaccard] [INFO ]  [165/306] Calculating Jaccard index for [0.9, 1.0] in analyses/RWR/rwr_all_weights.tif and, [0.9, 1.0] in analyses/RWR/rwr_bd.tif
2017-07-25 13:54:03 [compare_jaccard] [INFO ]  [166/306] Calculating Jaccard index for [0.9, 1.0] in analyses/RWR/rwr_all_weights.tif and, [0.9, 1.0] in analyses/zonation/priocomp/12_abf_bd/12_abf_bd_out/12_abf_bd.rank.compressed.tif
2017-07-25 13:54:05 [compare_jaccard] [INFO ]  [167/306] Calculating Jaccard index for [0.9, 1.0] in analyses/RWR/rwr_all_weights.tif and, [0.9, 1.0] in analyses/ILP/ilp_bd.tif
2017-07-25 13:54:07 [compare_jaccard] [INFO ]  [168/306] Calculating Jaccard index for [0.9, 1.0] in analyses/RWR/rwr_all_weights.tif and, [0.9, 1.0] in analyses/RWR/rwr_bd_costs.tif
2017-07-25 13:54:09 [compare_jaccard] [INFO ]  [169/306] Calculating Jaccard index for [0.9, 1.0] in analyses/RWR/rwr_all_weights.tif and, [0.9, 1.0] in analyses/zonation/priocomp/14_abf_bd_cst/14_abf_bd_cst_out/14_abf_bd_cst.rank.compressed.tif
2017-07-25 13:54:10 [compare_jaccard] [INFO ]  [170/306] Calculating Jaccard index for [0.9, 1.0] in analyses/RWR/rwr_all_weights.tif and, [0.9, 1.0] in analyses/ILP/ilp_bd_costs.tif
2017-07-25 13:54:13 [compare_jaccard] [INFO ]  [171/306] Calculating Jaccard index for [0.9, 1.0] in analyses/zonation/priocomp/04_abf_all_wgt/04_abf_all_wgt_out/04_abf_all_wgt.rank.compressed.tif and, [0.9, 1.0] in analyses/ILP/ilp_all_weights.tif
2017-07-25 13:54:15 [compare_jaccard] [INFO ]  [172/306] Calculating Jaccard index for [0.9, 1.0] in analyses/zonation/priocomp/04_abf_all_wgt/04_abf_all_wgt_out/04_abf_all_wgt.rank.compressed.tif and, [0.9, 1.0] in analyses/RWR/rwr_all_weights_costs.tif
2017-07-25 13:54:17 [compare_jaccard] [INFO ]  [173/306] Calculating Jaccard index for [0.9, 1.0] in analyses/zonation/priocomp/04_abf_all_wgt/04_abf_all_wgt_out/04_abf_all_wgt.rank.compressed.tif and, [0.9, 1.0] in analyses/zonation/priocomp/06_abf_all_wgt_cst/06_abf_all_wgt_cst_out/06_abf_all_wgt_cst.rank.compressed.tif
2017-07-25 13:54:19 [compare_jaccard] [INFO ]  [174/306] Calculating Jaccard index for [0.9, 1.0] in analyses/zonation/priocomp/04_abf_all_wgt/04_abf_all_wgt_out/04_abf_all_wgt.rank.compressed.tif and, [0.9, 1.0] in analyses/ILP/ilp_all_weights_costs.tif
2017-07-25 13:54:20 [compare_jaccard] [INFO ]  [175/306] Calculating Jaccard index for [0.9, 1.0] in analyses/zonation/priocomp/04_abf_all_wgt/04_abf_all_wgt_out/04_abf_all_wgt.rank.compressed.tif and, [0.9, 1.0] in analyses/RWR/rwr_es.tif
2017-07-25 13:54:22 [compare_jaccard] [INFO ]  [176/306] Calculating Jaccard index for [0.9, 1.0] in analyses/zonation/priocomp/04_abf_all_wgt/04_abf_all_wgt_out/04_abf_all_wgt.rank.compressed.tif and, [0.9, 1.0] in analyses/zonation/priocomp/08_abf_es/08_abf_es_out/08_abf_es.rank.compressed.tif
2017-07-25 13:54:24 [compare_jaccard] [INFO ]  [177/306] Calculating Jaccard index for [0.9, 1.0] in analyses/zonation/priocomp/04_abf_all_wgt/04_abf_all_wgt_out/04_abf_all_wgt.rank.compressed.tif and, [0.9, 1.0] in analyses/ILP/ilp_es.tif
2017-07-25 13:54:26 [compare_jaccard] [INFO ]  [178/306] Calculating Jaccard index for [0.9, 1.0] in analyses/zonation/priocomp/04_abf_all_wgt/04_abf_all_wgt_out/04_abf_all_wgt.rank.compressed.tif and, [0.9, 1.0] in analyses/RWR/rwr_es_costs.tif
2017-07-25 13:54:27 [compare_jaccard] [INFO ]  [179/306] Calculating Jaccard index for [0.9, 1.0] in analyses/zonation/priocomp/04_abf_all_wgt/04_abf_all_wgt_out/04_abf_all_wgt.rank.compressed.tif and, [0.9, 1.0] in analyses/zonation/priocomp/10_abf_es_cst/10_abf_es_cst_out/10_abf_es_cst.rank.compressed.tif
2017-07-25 13:54:29 [compare_jaccard] [INFO ]  [180/306] Calculating Jaccard index for [0.9, 1.0] in analyses/zonation/priocomp/04_abf_all_wgt/04_abf_all_wgt_out/04_abf_all_wgt.rank.compressed.tif and, [0.9, 1.0] in analyses/ILP/ilp_es_costs.tif
2017-07-25 13:54:31 [compare_jaccard] [INFO ]  [181/306] Calculating Jaccard index for [0.9, 1.0] in analyses/zonation/priocomp/04_abf_all_wgt/04_abf_all_wgt_out/04_abf_all_wgt.rank.compressed.tif and, [0.9, 1.0] in analyses/RWR/rwr_bd.tif
2017-07-25 13:54:33 [compare_jaccard] [INFO ]  [182/306] Calculating Jaccard index for [0.9, 1.0] in analyses/zonation/priocomp/04_abf_all_wgt/04_abf_all_wgt_out/04_abf_all_wgt.rank.compressed.tif and, [0.9, 1.0] in analyses/zonation/priocomp/12_abf_bd/12_abf_bd_out/12_abf_bd.rank.compressed.tif
2017-07-25 13:54:34 [compare_jaccard] [INFO ]  [183/306] Calculating Jaccard index for [0.9, 1.0] in analyses/zonation/priocomp/04_abf_all_wgt/04_abf_all_wgt_out/04_abf_all_wgt.rank.compressed.tif and, [0.9, 1.0] in analyses/ILP/ilp_bd.tif
2017-07-25 13:54:36 [compare_jaccard] [INFO ]  [184/306] Calculating Jaccard index for [0.9, 1.0] in analyses/zonation/priocomp/04_abf_all_wgt/04_abf_all_wgt_out/04_abf_all_wgt.rank.compressed.tif and, [0.9, 1.0] in analyses/RWR/rwr_bd_costs.tif
2017-07-25 13:54:38 [compare_jaccard] [INFO ]  [185/306] Calculating Jaccard index for [0.9, 1.0] in analyses/zonation/priocomp/04_abf_all_wgt/04_abf_all_wgt_out/04_abf_all_wgt.rank.compressed.tif and, [0.9, 1.0] in analyses/zonation/priocomp/14_abf_bd_cst/14_abf_bd_cst_out/14_abf_bd_cst.rank.compressed.tif
2017-07-25 13:54:40 [compare_jaccard] [INFO ]  [186/306] Calculating Jaccard index for [0.9, 1.0] in analyses/zonation/priocomp/04_abf_all_wgt/04_abf_all_wgt_out/04_abf_all_wgt.rank.compressed.tif and, [0.9, 1.0] in analyses/ILP/ilp_bd_costs.tif
2017-07-25 13:54:43 [compare_jaccard] [INFO ]  [187/306] Calculating Jaccard index for [0.9, 1.0] in analyses/ILP/ilp_all_weights.tif and, [0.9, 1.0] in analyses/RWR/rwr_all_weights_costs.tif
2017-07-25 13:54:44 [compare_jaccard] [INFO ]  [188/306] Calculating Jaccard index for [0.9, 1.0] in analyses/ILP/ilp_all_weights.tif and, [0.9, 1.0] in analyses/zonation/priocomp/06_abf_all_wgt_cst/06_abf_all_wgt_cst_out/06_abf_all_wgt_cst.rank.compressed.tif
2017-07-25 13:54:46 [compare_jaccard] [INFO ]  [189/306] Calculating Jaccard index for [0.9, 1.0] in analyses/ILP/ilp_all_weights.tif and, [0.9, 1.0] in analyses/ILP/ilp_all_weights_costs.tif
2017-07-25 13:54:48 [compare_jaccard] [INFO ]  [190/306] Calculating Jaccard index for [0.9, 1.0] in analyses/ILP/ilp_all_weights.tif and, [0.9, 1.0] in analyses/RWR/rwr_es.tif
2017-07-25 13:54:50 [compare_jaccard] [INFO ]  [191/306] Calculating Jaccard index for [0.9, 1.0] in analyses/ILP/ilp_all_weights.tif and, [0.9, 1.0] in analyses/zonation/priocomp/08_abf_es/08_abf_es_out/08_abf_es.rank.compressed.tif
2017-07-25 13:54:51 [compare_jaccard] [INFO ]  [192/306] Calculating Jaccard index for [0.9, 1.0] in analyses/ILP/ilp_all_weights.tif and, [0.9, 1.0] in analyses/ILP/ilp_es.tif
2017-07-25 13:54:53 [compare_jaccard] [INFO ]  [193/306] Calculating Jaccard index for [0.9, 1.0] in analyses/ILP/ilp_all_weights.tif and, [0.9, 1.0] in analyses/RWR/rwr_es_costs.tif
2017-07-25 13:54:55 [compare_jaccard] [INFO ]  [194/306] Calculating Jaccard index for [0.9, 1.0] in analyses/ILP/ilp_all_weights.tif and, [0.9, 1.0] in analyses/zonation/priocomp/10_abf_es_cst/10_abf_es_cst_out/10_abf_es_cst.rank.compressed.tif
2017-07-25 13:54:57 [compare_jaccard] [INFO ]  [195/306] Calculating Jaccard index for [0.9, 1.0] in analyses/ILP/ilp_all_weights.tif and, [0.9, 1.0] in analyses/ILP/ilp_es_costs.tif
2017-07-25 13:54:58 [compare_jaccard] [INFO ]  [196/306] Calculating Jaccard index for [0.9, 1.0] in analyses/ILP/ilp_all_weights.tif and, [0.9, 1.0] in analyses/RWR/rwr_bd.tif
2017-07-25 13:55:00 [compare_jaccard] [INFO ]  [197/306] Calculating Jaccard index for [0.9, 1.0] in analyses/ILP/ilp_all_weights.tif and, [0.9, 1.0] in analyses/zonation/priocomp/12_abf_bd/12_abf_bd_out/12_abf_bd.rank.compressed.tif
2017-07-25 13:55:02 [compare_jaccard] [INFO ]  [198/306] Calculating Jaccard index for [0.9, 1.0] in analyses/ILP/ilp_all_weights.tif and, [0.9, 1.0] in analyses/ILP/ilp_bd.tif
2017-07-25 13:55:04 [compare_jaccard] [INFO ]  [199/306] Calculating Jaccard index for [0.9, 1.0] in analyses/ILP/ilp_all_weights.tif and, [0.9, 1.0] in analyses/RWR/rwr_bd_costs.tif
2017-07-25 13:55:06 [compare_jaccard] [INFO ]  [200/306] Calculating Jaccard index for [0.9, 1.0] in analyses/ILP/ilp_all_weights.tif and, [0.9, 1.0] in analyses/zonation/priocomp/14_abf_bd_cst/14_abf_bd_cst_out/14_abf_bd_cst.rank.compressed.tif
2017-07-25 13:55:07 [compare_jaccard] [INFO ]  [201/306] Calculating Jaccard index for [0.9, 1.0] in analyses/ILP/ilp_all_weights.tif and, [0.9, 1.0] in analyses/ILP/ilp_bd_costs.tif
2017-07-25 13:55:10 [compare_jaccard] [INFO ]  [202/306] Calculating Jaccard index for [0.9, 1.0] in analyses/RWR/rwr_all_weights_costs.tif and, [0.9, 1.0] in analyses/zonation/priocomp/06_abf_all_wgt_cst/06_abf_all_wgt_cst_out/06_abf_all_wgt_cst.rank.compressed.tif
2017-07-25 13:55:12 [compare_jaccard] [INFO ]  [203/306] Calculating Jaccard index for [0.9, 1.0] in analyses/RWR/rwr_all_weights_costs.tif and, [0.9, 1.0] in analyses/ILP/ilp_all_weights_costs.tif
2017-07-25 13:55:14 [compare_jaccard] [INFO ]  [204/306] Calculating Jaccard index for [0.9, 1.0] in analyses/RWR/rwr_all_weights_costs.tif and, [0.9, 1.0] in analyses/RWR/rwr_es.tif
2017-07-25 13:55:16 [compare_jaccard] [INFO ]  [205/306] Calculating Jaccard index for [0.9, 1.0] in analyses/RWR/rwr_all_weights_costs.tif and, [0.9, 1.0] in analyses/zonation/priocomp/08_abf_es/08_abf_es_out/08_abf_es.rank.compressed.tif
2017-07-25 13:55:17 [compare_jaccard] [INFO ]  [206/306] Calculating Jaccard index for [0.9, 1.0] in analyses/RWR/rwr_all_weights_costs.tif and, [0.9, 1.0] in analyses/ILP/ilp_es.tif
2017-07-25 13:55:19 [compare_jaccard] [INFO ]  [207/306] Calculating Jaccard index for [0.9, 1.0] in analyses/RWR/rwr_all_weights_costs.tif and, [0.9, 1.0] in analyses/RWR/rwr_es_costs.tif
2017-07-25 13:55:21 [compare_jaccard] [INFO ]  [208/306] Calculating Jaccard index for [0.9, 1.0] in analyses/RWR/rwr_all_weights_costs.tif and, [0.9, 1.0] in analyses/zonation/priocomp/10_abf_es_cst/10_abf_es_cst_out/10_abf_es_cst.rank.compressed.tif
2017-07-25 13:55:23 [compare_jaccard] [INFO ]  [209/306] Calculating Jaccard index for [0.9, 1.0] in analyses/RWR/rwr_all_weights_costs.tif and, [0.9, 1.0] in analyses/ILP/ilp_es_costs.tif
2017-07-25 13:55:25 [compare_jaccard] [INFO ]  [210/306] Calculating Jaccard index for [0.9, 1.0] in analyses/RWR/rwr_all_weights_costs.tif and, [0.9, 1.0] in analyses/RWR/rwr_bd.tif
2017-07-25 13:55:26 [compare_jaccard] [INFO ]  [211/306] Calculating Jaccard index for [0.9, 1.0] in analyses/RWR/rwr_all_weights_costs.tif and, [0.9, 1.0] in analyses/zonation/priocomp/12_abf_bd/12_abf_bd_out/12_abf_bd.rank.compressed.tif
2017-07-25 13:55:28 [compare_jaccard] [INFO ]  [212/306] Calculating Jaccard index for [0.9, 1.0] in analyses/RWR/rwr_all_weights_costs.tif and, [0.9, 1.0] in analyses/ILP/ilp_bd.tif
2017-07-25 13:55:30 [compare_jaccard] [INFO ]  [213/306] Calculating Jaccard index for [0.9, 1.0] in analyses/RWR/rwr_all_weights_costs.tif and, [0.9, 1.0] in analyses/RWR/rwr_bd_costs.tif
2017-07-25 13:55:32 [compare_jaccard] [INFO ]  [214/306] Calculating Jaccard index for [0.9, 1.0] in analyses/RWR/rwr_all_weights_costs.tif and, [0.9, 1.0] in analyses/zonation/priocomp/14_abf_bd_cst/14_abf_bd_cst_out/14_abf_bd_cst.rank.compressed.tif
2017-07-25 13:55:34 [compare_jaccard] [INFO ]  [215/306] Calculating Jaccard index for [0.9, 1.0] in analyses/RWR/rwr_all_weights_costs.tif and, [0.9, 1.0] in analyses/ILP/ilp_bd_costs.tif
2017-07-25 13:55:36 [compare_jaccard] [INFO ]  [216/306] Calculating Jaccard index for [0.9, 1.0] in analyses/zonation/priocomp/06_abf_all_wgt_cst/06_abf_all_wgt_cst_out/06_abf_all_wgt_cst.rank.compressed.tif and, [0.9, 1.0] in analyses/ILP/ilp_all_weights_costs.tif
2017-07-25 13:55:38 [compare_jaccard] [INFO ]  [217/306] Calculating Jaccard index for [0.9, 1.0] in analyses/zonation/priocomp/06_abf_all_wgt_cst/06_abf_all_wgt_cst_out/06_abf_all_wgt_cst.rank.compressed.tif and, [0.9, 1.0] in analyses/RWR/rwr_es.tif
2017-07-25 13:55:40 [compare_jaccard] [INFO ]  [218/306] Calculating Jaccard index for [0.9, 1.0] in analyses/zonation/priocomp/06_abf_all_wgt_cst/06_abf_all_wgt_cst_out/06_abf_all_wgt_cst.rank.compressed.tif and, [0.9, 1.0] in analyses/zonation/priocomp/08_abf_es/08_abf_es_out/08_abf_es.rank.compressed.tif
2017-07-25 13:55:42 [compare_jaccard] [INFO ]  [219/306] Calculating Jaccard index for [0.9, 1.0] in analyses/zonation/priocomp/06_abf_all_wgt_cst/06_abf_all_wgt_cst_out/06_abf_all_wgt_cst.rank.compressed.tif and, [0.9, 1.0] in analyses/ILP/ilp_es.tif
2017-07-25 13:55:44 [compare_jaccard] [INFO ]  [220/306] Calculating Jaccard index for [0.9, 1.0] in analyses/zonation/priocomp/06_abf_all_wgt_cst/06_abf_all_wgt_cst_out/06_abf_all_wgt_cst.rank.compressed.tif and, [0.9, 1.0] in analyses/RWR/rwr_es_costs.tif
2017-07-25 13:55:45 [compare_jaccard] [INFO ]  [221/306] Calculating Jaccard index for [0.9, 1.0] in analyses/zonation/priocomp/06_abf_all_wgt_cst/06_abf_all_wgt_cst_out/06_abf_all_wgt_cst.rank.compressed.tif and, [0.9, 1.0] in analyses/zonation/priocomp/10_abf_es_cst/10_abf_es_cst_out/10_abf_es_cst.rank.compressed.tif
2017-07-25 13:55:47 [compare_jaccard] [INFO ]  [222/306] Calculating Jaccard index for [0.9, 1.0] in analyses/zonation/priocomp/06_abf_all_wgt_cst/06_abf_all_wgt_cst_out/06_abf_all_wgt_cst.rank.compressed.tif and, [0.9, 1.0] in analyses/ILP/ilp_es_costs.tif
2017-07-25 13:55:49 [compare_jaccard] [INFO ]  [223/306] Calculating Jaccard index for [0.9, 1.0] in analyses/zonation/priocomp/06_abf_all_wgt_cst/06_abf_all_wgt_cst_out/06_abf_all_wgt_cst.rank.compressed.tif and, [0.9, 1.0] in analyses/RWR/rwr_bd.tif
2017-07-25 13:55:51 [compare_jaccard] [INFO ]  [224/306] Calculating Jaccard index for [0.9, 1.0] in analyses/zonation/priocomp/06_abf_all_wgt_cst/06_abf_all_wgt_cst_out/06_abf_all_wgt_cst.rank.compressed.tif and, [0.9, 1.0] in analyses/zonation/priocomp/12_abf_bd/12_abf_bd_out/12_abf_bd.rank.compressed.tif
2017-07-25 13:55:52 [compare_jaccard] [INFO ]  [225/306] Calculating Jaccard index for [0.9, 1.0] in analyses/zonation/priocomp/06_abf_all_wgt_cst/06_abf_all_wgt_cst_out/06_abf_all_wgt_cst.rank.compressed.tif and, [0.9, 1.0] in analyses/ILP/ilp_bd.tif
2017-07-25 13:55:54 [compare_jaccard] [INFO ]  [226/306] Calculating Jaccard index for [0.9, 1.0] in analyses/zonation/priocomp/06_abf_all_wgt_cst/06_abf_all_wgt_cst_out/06_abf_all_wgt_cst.rank.compressed.tif and, [0.9, 1.0] in analyses/RWR/rwr_bd_costs.tif
2017-07-25 13:55:56 [compare_jaccard] [INFO ]  [227/306] Calculating Jaccard index for [0.9, 1.0] in analyses/zonation/priocomp/06_abf_all_wgt_cst/06_abf_all_wgt_cst_out/06_abf_all_wgt_cst.rank.compressed.tif and, [0.9, 1.0] in analyses/zonation/priocomp/14_abf_bd_cst/14_abf_bd_cst_out/14_abf_bd_cst.rank.compressed.tif
2017-07-25 13:55:57 [compare_jaccard] [INFO ]  [228/306] Calculating Jaccard index for [0.9, 1.0] in analyses/zonation/priocomp/06_abf_all_wgt_cst/06_abf_all_wgt_cst_out/06_abf_all_wgt_cst.rank.compressed.tif and, [0.9, 1.0] in analyses/ILP/ilp_bd_costs.tif
2017-07-25 13:56:00 [compare_jaccard] [INFO ]  [229/306] Calculating Jaccard index for [0.9, 1.0] in analyses/ILP/ilp_all_weights_costs.tif and, [0.9, 1.0] in analyses/RWR/rwr_es.tif
2017-07-25 13:56:02 [compare_jaccard] [INFO ]  [230/306] Calculating Jaccard index for [0.9, 1.0] in analyses/ILP/ilp_all_weights_costs.tif and, [0.9, 1.0] in analyses/zonation/priocomp/08_abf_es/08_abf_es_out/08_abf_es.rank.compressed.tif
2017-07-25 13:56:04 [compare_jaccard] [INFO ]  [231/306] Calculating Jaccard index for [0.9, 1.0] in analyses/ILP/ilp_all_weights_costs.tif and, [0.9, 1.0] in analyses/ILP/ilp_es.tif
2017-07-25 13:56:06 [compare_jaccard] [INFO ]  [232/306] Calculating Jaccard index for [0.9, 1.0] in analyses/ILP/ilp_all_weights_costs.tif and, [0.9, 1.0] in analyses/RWR/rwr_es_costs.tif
2017-07-25 13:56:08 [compare_jaccard] [INFO ]  [233/306] Calculating Jaccard index for [0.9, 1.0] in analyses/ILP/ilp_all_weights_costs.tif and, [0.9, 1.0] in analyses/zonation/priocomp/10_abf_es_cst/10_abf_es_cst_out/10_abf_es_cst.rank.compressed.tif
2017-07-25 13:56:09 [compare_jaccard] [INFO ]  [234/306] Calculating Jaccard index for [0.9, 1.0] in analyses/ILP/ilp_all_weights_costs.tif and, [0.9, 1.0] in analyses/ILP/ilp_es_costs.tif
2017-07-25 13:56:11 [compare_jaccard] [INFO ]  [235/306] Calculating Jaccard index for [0.9, 1.0] in analyses/ILP/ilp_all_weights_costs.tif and, [0.9, 1.0] in analyses/RWR/rwr_bd.tif
2017-07-25 13:56:13 [compare_jaccard] [INFO ]  [236/306] Calculating Jaccard index for [0.9, 1.0] in analyses/ILP/ilp_all_weights_costs.tif and, [0.9, 1.0] in analyses/zonation/priocomp/12_abf_bd/12_abf_bd_out/12_abf_bd.rank.compressed.tif
2017-07-25 13:56:15 [compare_jaccard] [INFO ]  [237/306] Calculating Jaccard index for [0.9, 1.0] in analyses/ILP/ilp_all_weights_costs.tif and, [0.9, 1.0] in analyses/ILP/ilp_bd.tif
2017-07-25 13:56:16 [compare_jaccard] [INFO ]  [238/306] Calculating Jaccard index for [0.9, 1.0] in analyses/ILP/ilp_all_weights_costs.tif and, [0.9, 1.0] in analyses/RWR/rwr_bd_costs.tif
2017-07-25 13:56:18 [compare_jaccard] [INFO ]  [239/306] Calculating Jaccard index for [0.9, 1.0] in analyses/ILP/ilp_all_weights_costs.tif and, [0.9, 1.0] in analyses/zonation/priocomp/14_abf_bd_cst/14_abf_bd_cst_out/14_abf_bd_cst.rank.compressed.tif
2017-07-25 13:56:20 [compare_jaccard] [INFO ]  [240/306] Calculating Jaccard index for [0.9, 1.0] in analyses/ILP/ilp_all_weights_costs.tif and, [0.9, 1.0] in analyses/ILP/ilp_bd_costs.tif
2017-07-25 13:56:23 [compare_jaccard] [INFO ]  [241/306] Calculating Jaccard index for [0.9, 1.0] in analyses/RWR/rwr_es.tif and, [0.9, 1.0] in analyses/zonation/priocomp/08_abf_es/08_abf_es_out/08_abf_es.rank.compressed.tif
2017-07-25 13:56:25 [compare_jaccard] [INFO ]  [242/306] Calculating Jaccard index for [0.9, 1.0] in analyses/RWR/rwr_es.tif and, [0.9, 1.0] in analyses/ILP/ilp_es.tif
2017-07-25 13:56:27 [compare_jaccard] [INFO ]  [243/306] Calculating Jaccard index for [0.9, 1.0] in analyses/RWR/rwr_es.tif and, [0.9, 1.0] in analyses/RWR/rwr_es_costs.tif
2017-07-25 13:56:28 [compare_jaccard] [INFO ]  [244/306] Calculating Jaccard index for [0.9, 1.0] in analyses/RWR/rwr_es.tif and, [0.9, 1.0] in analyses/zonation/priocomp/10_abf_es_cst/10_abf_es_cst_out/10_abf_es_cst.rank.compressed.tif
2017-07-25 13:56:30 [compare_jaccard] [INFO ]  [245/306] Calculating Jaccard index for [0.9, 1.0] in analyses/RWR/rwr_es.tif and, [0.9, 1.0] in analyses/ILP/ilp_es_costs.tif
2017-07-25 13:56:32 [compare_jaccard] [INFO ]  [246/306] Calculating Jaccard index for [0.9, 1.0] in analyses/RWR/rwr_es.tif and, [0.9, 1.0] in analyses/RWR/rwr_bd.tif
2017-07-25 13:56:34 [compare_jaccard] [INFO ]  [247/306] Calculating Jaccard index for [0.9, 1.0] in analyses/RWR/rwr_es.tif and, [0.9, 1.0] in analyses/zonation/priocomp/12_abf_bd/12_abf_bd_out/12_abf_bd.rank.compressed.tif
2017-07-25 13:56:35 [compare_jaccard] [INFO ]  [248/306] Calculating Jaccard index for [0.9, 1.0] in analyses/RWR/rwr_es.tif and, [0.9, 1.0] in analyses/ILP/ilp_bd.tif
2017-07-25 13:56:37 [compare_jaccard] [INFO ]  [249/306] Calculating Jaccard index for [0.9, 1.0] in analyses/RWR/rwr_es.tif and, [0.9, 1.0] in analyses/RWR/rwr_bd_costs.tif
2017-07-25 13:56:39 [compare_jaccard] [INFO ]  [250/306] Calculating Jaccard index for [0.9, 1.0] in analyses/RWR/rwr_es.tif and, [0.9, 1.0] in analyses/zonation/priocomp/14_abf_bd_cst/14_abf_bd_cst_out/14_abf_bd_cst.rank.compressed.tif
2017-07-25 13:56:41 [compare_jaccard] [INFO ]  [251/306] Calculating Jaccard index for [0.9, 1.0] in analyses/RWR/rwr_es.tif and, [0.9, 1.0] in analyses/ILP/ilp_bd_costs.tif
2017-07-25 13:56:44 [compare_jaccard] [INFO ]  [252/306] Calculating Jaccard index for [0.9, 1.0] in analyses/zonation/priocomp/08_abf_es/08_abf_es_out/08_abf_es.rank.compressed.tif and, [0.9, 1.0] in analyses/ILP/ilp_es.tif
2017-07-25 13:56:46 [compare_jaccard] [INFO ]  [253/306] Calculating Jaccard index for [0.9, 1.0] in analyses/zonation/priocomp/08_abf_es/08_abf_es_out/08_abf_es.rank.compressed.tif and, [0.9, 1.0] in analyses/RWR/rwr_es_costs.tif
2017-07-25 13:56:47 [compare_jaccard] [INFO ]  [254/306] Calculating Jaccard index for [0.9, 1.0] in analyses/zonation/priocomp/08_abf_es/08_abf_es_out/08_abf_es.rank.compressed.tif and, [0.9, 1.0] in analyses/zonation/priocomp/10_abf_es_cst/10_abf_es_cst_out/10_abf_es_cst.rank.compressed.tif
2017-07-25 13:56:49 [compare_jaccard] [INFO ]  [255/306] Calculating Jaccard index for [0.9, 1.0] in analyses/zonation/priocomp/08_abf_es/08_abf_es_out/08_abf_es.rank.compressed.tif and, [0.9, 1.0] in analyses/ILP/ilp_es_costs.tif
2017-07-25 13:56:51 [compare_jaccard] [INFO ]  [256/306] Calculating Jaccard index for [0.9, 1.0] in analyses/zonation/priocomp/08_abf_es/08_abf_es_out/08_abf_es.rank.compressed.tif and, [0.9, 1.0] in analyses/RWR/rwr_bd.tif
2017-07-25 13:56:52 [compare_jaccard] [INFO ]  [257/306] Calculating Jaccard index for [0.9, 1.0] in analyses/zonation/priocomp/08_abf_es/08_abf_es_out/08_abf_es.rank.compressed.tif and, [0.9, 1.0] in analyses/zonation/priocomp/12_abf_bd/12_abf_bd_out/12_abf_bd.rank.compressed.tif
2017-07-25 13:56:54 [compare_jaccard] [INFO ]  [258/306] Calculating Jaccard index for [0.9, 1.0] in analyses/zonation/priocomp/08_abf_es/08_abf_es_out/08_abf_es.rank.compressed.tif and, [0.9, 1.0] in analyses/ILP/ilp_bd.tif
2017-07-25 13:56:56 [compare_jaccard] [INFO ]  [259/306] Calculating Jaccard index for [0.9, 1.0] in analyses/zonation/priocomp/08_abf_es/08_abf_es_out/08_abf_es.rank.compressed.tif and, [0.9, 1.0] in analyses/RWR/rwr_bd_costs.tif
2017-07-25 13:56:58 [compare_jaccard] [INFO ]  [260/306] Calculating Jaccard index for [0.9, 1.0] in analyses/zonation/priocomp/08_abf_es/08_abf_es_out/08_abf_es.rank.compressed.tif and, [0.9, 1.0] in analyses/zonation/priocomp/14_abf_bd_cst/14_abf_bd_cst_out/14_abf_bd_cst.rank.compressed.tif
2017-07-25 13:56:59 [compare_jaccard] [INFO ]  [261/306] Calculating Jaccard index for [0.9, 1.0] in analyses/zonation/priocomp/08_abf_es/08_abf_es_out/08_abf_es.rank.compressed.tif and, [0.9, 1.0] in analyses/ILP/ilp_bd_costs.tif
2017-07-25 13:57:03 [compare_jaccard] [INFO ]  [262/306] Calculating Jaccard index for [0.9, 1.0] in analyses/ILP/ilp_es.tif and, [0.9, 1.0] in analyses/RWR/rwr_es_costs.tif
2017-07-25 13:57:04 [compare_jaccard] [INFO ]  [263/306] Calculating Jaccard index for [0.9, 1.0] in analyses/ILP/ilp_es.tif and, [0.9, 1.0] in analyses/zonation/priocomp/10_abf_es_cst/10_abf_es_cst_out/10_abf_es_cst.rank.compressed.tif
2017-07-25 13:57:06 [compare_jaccard] [INFO ]  [264/306] Calculating Jaccard index for [0.9, 1.0] in analyses/ILP/ilp_es.tif and, [0.9, 1.0] in analyses/ILP/ilp_es_costs.tif
2017-07-25 13:57:08 [compare_jaccard] [INFO ]  [265/306] Calculating Jaccard index for [0.9, 1.0] in analyses/ILP/ilp_es.tif and, [0.9, 1.0] in analyses/RWR/rwr_bd.tif
2017-07-25 13:57:10 [compare_jaccard] [INFO ]  [266/306] Calculating Jaccard index for [0.9, 1.0] in analyses/ILP/ilp_es.tif and, [0.9, 1.0] in analyses/zonation/priocomp/12_abf_bd/12_abf_bd_out/12_abf_bd.rank.compressed.tif
2017-07-25 13:57:11 [compare_jaccard] [INFO ]  [267/306] Calculating Jaccard index for [0.9, 1.0] in analyses/ILP/ilp_es.tif and, [0.9, 1.0] in analyses/ILP/ilp_bd.tif
2017-07-25 13:57:13 [compare_jaccard] [INFO ]  [268/306] Calculating Jaccard index for [0.9, 1.0] in analyses/ILP/ilp_es.tif and, [0.9, 1.0] in analyses/RWR/rwr_bd_costs.tif
2017-07-25 13:57:15 [compare_jaccard] [INFO ]  [269/306] Calculating Jaccard index for [0.9, 1.0] in analyses/ILP/ilp_es.tif and, [0.9, 1.0] in analyses/zonation/priocomp/14_abf_bd_cst/14_abf_bd_cst_out/14_abf_bd_cst.rank.compressed.tif
2017-07-25 13:57:17 [compare_jaccard] [INFO ]  [270/306] Calculating Jaccard index for [0.9, 1.0] in analyses/ILP/ilp_es.tif and, [0.9, 1.0] in analyses/ILP/ilp_bd_costs.tif
2017-07-25 13:57:20 [compare_jaccard] [INFO ]  [271/306] Calculating Jaccard index for [0.9, 1.0] in analyses/RWR/rwr_es_costs.tif and, [0.9, 1.0] in analyses/zonation/priocomp/10_abf_es_cst/10_abf_es_cst_out/10_abf_es_cst.rank.compressed.tif
2017-07-25 13:57:21 [compare_jaccard] [INFO ]  [272/306] Calculating Jaccard index for [0.9, 1.0] in analyses/RWR/rwr_es_costs.tif and, [0.9, 1.0] in analyses/ILP/ilp_es_costs.tif
2017-07-25 13:57:23 [compare_jaccard] [INFO ]  [273/306] Calculating Jaccard index for [0.9, 1.0] in analyses/RWR/rwr_es_costs.tif and, [0.9, 1.0] in analyses/RWR/rwr_bd.tif
2017-07-25 13:57:25 [compare_jaccard] [INFO ]  [274/306] Calculating Jaccard index for [0.9, 1.0] in analyses/RWR/rwr_es_costs.tif and, [0.9, 1.0] in analyses/zonation/priocomp/12_abf_bd/12_abf_bd_out/12_abf_bd.rank.compressed.tif
2017-07-25 13:57:27 [compare_jaccard] [INFO ]  [275/306] Calculating Jaccard index for [0.9, 1.0] in analyses/RWR/rwr_es_costs.tif and, [0.9, 1.0] in analyses/ILP/ilp_bd.tif
2017-07-25 13:57:29 [compare_jaccard] [INFO ]  [276/306] Calculating Jaccard index for [0.9, 1.0] in analyses/RWR/rwr_es_costs.tif and, [0.9, 1.0] in analyses/RWR/rwr_bd_costs.tif
2017-07-25 13:57:30 [compare_jaccard] [INFO ]  [277/306] Calculating Jaccard index for [0.9, 1.0] in analyses/RWR/rwr_es_costs.tif and, [0.9, 1.0] in analyses/zonation/priocomp/14_abf_bd_cst/14_abf_bd_cst_out/14_abf_bd_cst.rank.compressed.tif
2017-07-25 13:57:32 [compare_jaccard] [INFO ]  [278/306] Calculating Jaccard index for [0.9, 1.0] in analyses/RWR/rwr_es_costs.tif and, [0.9, 1.0] in analyses/ILP/ilp_bd_costs.tif
2017-07-25 13:57:35 [compare_jaccard] [INFO ]  [279/306] Calculating Jaccard index for [0.9, 1.0] in analyses/zonation/priocomp/10_abf_es_cst/10_abf_es_cst_out/10_abf_es_cst.rank.compressed.tif and, [0.9, 1.0] in analyses/ILP/ilp_es_costs.tif
2017-07-25 13:57:37 [compare_jaccard] [INFO ]  [280/306] Calculating Jaccard index for [0.9, 1.0] in analyses/zonation/priocomp/10_abf_es_cst/10_abf_es_cst_out/10_abf_es_cst.rank.compressed.tif and, [0.9, 1.0] in analyses/RWR/rwr_bd.tif
2017-07-25 13:57:39 [compare_jaccard] [INFO ]  [281/306] Calculating Jaccard index for [0.9, 1.0] in analyses/zonation/priocomp/10_abf_es_cst/10_abf_es_cst_out/10_abf_es_cst.rank.compressed.tif and, [0.9, 1.0] in analyses/zonation/priocomp/12_abf_bd/12_abf_bd_out/12_abf_bd.rank.compressed.tif
2017-07-25 13:57:40 [compare_jaccard] [INFO ]  [282/306] Calculating Jaccard index for [0.9, 1.0] in analyses/zonation/priocomp/10_abf_es_cst/10_abf_es_cst_out/10_abf_es_cst.rank.compressed.tif and, [0.9, 1.0] in analyses/ILP/ilp_bd.tif
2017-07-25 13:57:42 [compare_jaccard] [INFO ]  [283/306] Calculating Jaccard index for [0.9, 1.0] in analyses/zonation/priocomp/10_abf_es_cst/10_abf_es_cst_out/10_abf_es_cst.rank.compressed.tif and, [0.9, 1.0] in analyses/RWR/rwr_bd_costs.tif
2017-07-25 13:57:44 [compare_jaccard] [INFO ]  [284/306] Calculating Jaccard index for [0.9, 1.0] in analyses/zonation/priocomp/10_abf_es_cst/10_abf_es_cst_out/10_abf_es_cst.rank.compressed.tif and, [0.9, 1.0] in analyses/zonation/priocomp/14_abf_bd_cst/14_abf_bd_cst_out/14_abf_bd_cst.rank.compressed.tif
2017-07-25 13:57:46 [compare_jaccard] [INFO ]  [285/306] Calculating Jaccard index for [0.9, 1.0] in analyses/zonation/priocomp/10_abf_es_cst/10_abf_es_cst_out/10_abf_es_cst.rank.compressed.tif and, [0.9, 1.0] in analyses/ILP/ilp_bd_costs.tif
2017-07-25 13:57:49 [compare_jaccard] [INFO ]  [286/306] Calculating Jaccard index for [0.9, 1.0] in analyses/ILP/ilp_es_costs.tif and, [0.9, 1.0] in analyses/RWR/rwr_bd.tif
2017-07-25 13:57:51 [compare_jaccard] [INFO ]  [287/306] Calculating Jaccard index for [0.9, 1.0] in analyses/ILP/ilp_es_costs.tif and, [0.9, 1.0] in analyses/zonation/priocomp/12_abf_bd/12_abf_bd_out/12_abf_bd.rank.compressed.tif
2017-07-25 13:57:52 [compare_jaccard] [INFO ]  [288/306] Calculating Jaccard index for [0.9, 1.0] in analyses/ILP/ilp_es_costs.tif and, [0.9, 1.0] in analyses/ILP/ilp_bd.tif
2017-07-25 13:57:54 [compare_jaccard] [INFO ]  [289/306] Calculating Jaccard index for [0.9, 1.0] in analyses/ILP/ilp_es_costs.tif and, [0.9, 1.0] in analyses/RWR/rwr_bd_costs.tif
2017-07-25 13:57:56 [compare_jaccard] [INFO ]  [290/306] Calculating Jaccard index for [0.9, 1.0] in analyses/ILP/ilp_es_costs.tif and, [0.9, 1.0] in analyses/zonation/priocomp/14_abf_bd_cst/14_abf_bd_cst_out/14_abf_bd_cst.rank.compressed.tif
2017-07-25 13:57:58 [compare_jaccard] [INFO ]  [291/306] Calculating Jaccard index for [0.9, 1.0] in analyses/ILP/ilp_es_costs.tif and, [0.9, 1.0] in analyses/ILP/ilp_bd_costs.tif
2017-07-25 13:58:01 [compare_jaccard] [INFO ]  [292/306] Calculating Jaccard index for [0.9, 1.0] in analyses/RWR/rwr_bd.tif and, [0.9, 1.0] in analyses/zonation/priocomp/12_abf_bd/12_abf_bd_out/12_abf_bd.rank.compressed.tif
2017-07-25 13:58:03 [compare_jaccard] [INFO ]  [293/306] Calculating Jaccard index for [0.9, 1.0] in analyses/RWR/rwr_bd.tif and, [0.9, 1.0] in analyses/ILP/ilp_bd.tif
2017-07-25 13:58:04 [compare_jaccard] [INFO ]  [294/306] Calculating Jaccard index for [0.9, 1.0] in analyses/RWR/rwr_bd.tif and, [0.9, 1.0] in analyses/RWR/rwr_bd_costs.tif
2017-07-25 13:58:06 [compare_jaccard] [INFO ]  [295/306] Calculating Jaccard index for [0.9, 1.0] in analyses/RWR/rwr_bd.tif and, [0.9, 1.0] in analyses/zonation/priocomp/14_abf_bd_cst/14_abf_bd_cst_out/14_abf_bd_cst.rank.compressed.tif
2017-07-25 13:58:08 [compare_jaccard] [INFO ]  [296/306] Calculating Jaccard index for [0.9, 1.0] in analyses/RWR/rwr_bd.tif and, [0.9, 1.0] in analyses/ILP/ilp_bd_costs.tif
2017-07-25 13:58:11 [compare_jaccard] [INFO ]  [297/306] Calculating Jaccard index for [0.9, 1.0] in analyses/zonation/priocomp/12_abf_bd/12_abf_bd_out/12_abf_bd.rank.compressed.tif and, [0.9, 1.0] in analyses/ILP/ilp_bd.tif
2017-07-25 13:58:13 [compare_jaccard] [INFO ]  [298/306] Calculating Jaccard index for [0.9, 1.0] in analyses/zonation/priocomp/12_abf_bd/12_abf_bd_out/12_abf_bd.rank.compressed.tif and, [0.9, 1.0] in analyses/RWR/rwr_bd_costs.tif
2017-07-25 13:58:14 [compare_jaccard] [INFO ]  [299/306] Calculating Jaccard index for [0.9, 1.0] in analyses/zonation/priocomp/12_abf_bd/12_abf_bd_out/12_abf_bd.rank.compressed.tif and, [0.9, 1.0] in analyses/zonation/priocomp/14_abf_bd_cst/14_abf_bd_cst_out/14_abf_bd_cst.rank.compressed.tif
2017-07-25 13:58:16 [compare_jaccard] [INFO ]  [300/306] Calculating Jaccard index for [0.9, 1.0] in analyses/zonation/priocomp/12_abf_bd/12_abf_bd_out/12_abf_bd.rank.compressed.tif and, [0.9, 1.0] in analyses/ILP/ilp_bd_costs.tif
2017-07-25 13:58:19 [compare_jaccard] [INFO ]  [301/306] Calculating Jaccard index for [0.9, 1.0] in analyses/ILP/ilp_bd.tif and, [0.9, 1.0] in analyses/RWR/rwr_bd_costs.tif
2017-07-25 13:58:21 [compare_jaccard] [INFO ]  [302/306] Calculating Jaccard index for [0.9, 1.0] in analyses/ILP/ilp_bd.tif and, [0.9, 1.0] in analyses/zonation/priocomp/14_abf_bd_cst/14_abf_bd_cst_out/14_abf_bd_cst.rank.compressed.tif
2017-07-25 13:58:22 [compare_jaccard] [INFO ]  [303/306] Calculating Jaccard index for [0.9, 1.0] in analyses/ILP/ilp_bd.tif and, [0.9, 1.0] in analyses/ILP/ilp_bd_costs.tif
2017-07-25 13:58:26 [compare_jaccard] [INFO ]  [304/306] Calculating Jaccard index for [0.9, 1.0] in analyses/RWR/rwr_bd_costs.tif and, [0.9, 1.0] in analyses/zonation/priocomp/14_abf_bd_cst/14_abf_bd_cst_out/14_abf_bd_cst.rank.compressed.tif
2017-07-25 13:58:27 [compare_jaccard] [INFO ]  [305/306] Calculating Jaccard index for [0.9, 1.0] in analyses/RWR/rwr_bd_costs.tif and, [0.9, 1.0] in analyses/ILP/ilp_bd_costs.tif
2017-07-25 13:58:30 [compare_jaccard] [INFO ]  [306/306] Calculating Jaccard index for [0.9, 1.0] in analyses/zonation/priocomp/14_abf_bd_cst/14_abf_bd_cst_out/14_abf_bd_cst.rank.compressed.tif and, [0.9, 1.0] in analyses/ILP/ilp_bd_costs.tif
2017-07-25 13:58:32 [compare_jaccard] [INFO ]  [TIME] All processing took 585.38 sec
2017-07-25 13:58:32 [compare_jaccard] [INFO ] Saving results to analyses/comparison/cross_jaccard.csv
