2016-06-07 11:41:23,824 - Downloaded beehub.nl/environmental-geography-group/eurostat/nuts/NUTS_RG_01M_2013_level0.dbf to data/external/eurostat/nuts/NUTS_RG_01M_2013_level0.dbf
2016-06-07 11:41:23,829 - Downloaded beehub.nl/environmental-geography-group/eurostat/nuts/NUTS_RG_01M_2013_level0.prj to data/external/eurostat/nuts/NUTS_RG_01M_2013_level0.prj
2016-06-07 11:41:23,834 - Downloaded beehub.nl/environmental-geography-group/eurostat/nuts/NUTS_RG_01M_2013_level0.shx to data/external/eurostat/nuts/NUTS_RG_01M_2013_level0.shx
2016-06-07 11:41:23,841 - Downloaded beehub.nl/environmental-geography-group/eurostat/nuts/NUTS_RG_01M_2013_level0.shp to data/external/eurostat/nuts/NUTS_RG_01M_2013_level0.shp
2016-06-07 11:41:23,846 - Downloaded beehub.nl/environmental-geography-group/eurostat/nuts/NUTS_RG_01M_2013_level2.dbf to data/external/eurostat/nuts/NUTS_RG_01M_2013_level2.dbf
2016-06-07 11:41:23,850 - Downloaded beehub.nl/environmental-geography-group/eurostat/nuts/NUTS_RG_01M_2013_level2.prj to data/external/eurostat/nuts/NUTS_RG_01M_2013_level2.prj
2016-06-07 11:41:23,855 - Downloaded beehub.nl/environmental-geography-group/eurostat/nuts/NUTS_RG_01M_2013_level2.shx to data/external/eurostat/nuts/NUTS_RG_01M_2013_level2.shx
2016-06-07 11:41:23,861 - Downloaded beehub.nl/environmental-geography-group/eurostat/nuts/NUTS_RG_01M_2013_level2.shp to data/external/eurostat/nuts/NUTS_RG_01M_2013_level2.shp
2016-06-07 11:42:44,150 - Downloaded beehub.nl/environmental-geography-group/eurostat/nuts/NUTS_RG_01M_2013_level0.dbf to external/eurostat/nuts/NUTS_RG_01M_2013_level0.dbf
2016-06-07 11:42:44,155 - Downloaded beehub.nl/environmental-geography-group/eurostat/nuts/NUTS_RG_01M_2013_level0.prj to external/eurostat/nuts/NUTS_RG_01M_2013_level0.prj
2016-06-07 11:42:44,160 - Downloaded beehub.nl/environmental-geography-group/eurostat/nuts/NUTS_RG_01M_2013_level0.shx to external/eurostat/nuts/NUTS_RG_01M_2013_level0.shx
2016-06-07 11:42:44,166 - Downloaded beehub.nl/environmental-geography-group/eurostat/nuts/NUTS_RG_01M_2013_level0.shp to external/eurostat/nuts/NUTS_RG_01M_2013_level0.shp
2016-06-07 11:42:44,171 - Downloaded beehub.nl/environmental-geography-group/eurostat/nuts/NUTS_RG_01M_2013_level2.dbf to external/eurostat/nuts/NUTS_RG_01M_2013_level2.dbf
2016-06-07 11:42:44,175 - Downloaded beehub.nl/environmental-geography-group/eurostat/nuts/NUTS_RG_01M_2013_level2.prj to external/eurostat/nuts/NUTS_RG_01M_2013_level2.prj
2016-06-07 11:42:44,180 - Downloaded beehub.nl/environmental-geography-group/eurostat/nuts/NUTS_RG_01M_2013_level2.shx to external/eurostat/nuts/NUTS_RG_01M_2013_level2.shx
2016-06-07 11:42:44,186 - Downloaded beehub.nl/environmental-geography-group/eurostat/nuts/NUTS_RG_01M_2013_level2.shp to external/eurostat/nuts/NUTS_RG_01M_2013_level2.shp
2016-06-07 11:51:34,672 - Downloaded beehub.nl/environmental-geography-group/eurostat/nuts/NUTS_RG_01M_2013_level0.dbf to external/eurostat/nuts/NUTS_RG_01M_2013_level0.dbf
2016-06-07 11:51:34,677 - Downloaded beehub.nl/environmental-geography-group/eurostat/nuts/NUTS_RG_01M_2013_level0.prj to external/eurostat/nuts/NUTS_RG_01M_2013_level0.prj
2016-06-07 11:51:34,682 - Downloaded beehub.nl/environmental-geography-group/eurostat/nuts/NUTS_RG_01M_2013_level0.shx to external/eurostat/nuts/NUTS_RG_01M_2013_level0.shx
2016-06-07 11:51:34,686 - Downloaded beehub.nl/environmental-geography-group/eurostat/nuts/NUTS_RG_01M_2013_level0.shp to external/eurostat/nuts/NUTS_RG_01M_2013_level0.shp
2016-06-07 11:51:34,691 - Downloaded beehub.nl/environmental-geography-group/eurostat/nuts/NUTS_RG_01M_2013_level2.dbf to external/eurostat/nuts/NUTS_RG_01M_2013_level2.dbf
2016-06-07 11:51:34,696 - Downloaded beehub.nl/environmental-geography-group/eurostat/nuts/NUTS_RG_01M_2013_level2.prj to external/eurostat/nuts/NUTS_RG_01M_2013_level2.prj
2016-06-07 11:51:34,700 - Downloaded beehub.nl/environmental-geography-group/eurostat/nuts/NUTS_RG_01M_2013_level2.shx to external/eurostat/nuts/NUTS_RG_01M_2013_level2.shx
2016-06-07 11:51:34,705 - Downloaded beehub.nl/environmental-geography-group/eurostat/nuts/NUTS_RG_01M_2013_level2.shp to external/eurostat/nuts/NUTS_RG_01M_2013_level2.shp
2016-06-07 11:51:34,710 - Downloaded beehub.nl/environmental-geography-group/eurostat/nuts/readme.txt to external/eurostat/nuts/readme.txt
2016-06-07 11:51:50,350 - Downloaded beehub.nl/environmental-geography-group/provide/cultural_landscape_index_agro/cultural_landscape_index_agro.tif to external/provide/cultural_landscape_index_agro/cultural_landscape_index_agro.tif
2016-06-07 11:51:50,355 - Downloaded beehub.nl/environmental-geography-group/provide/agrobiodiversity_species_richness/agrobiodiversity_species_richness.tif to external/provide/agrobiodiversity_species_richness/agrobiodiversity_species_richness.tif
2016-06-07 11:51:50,359 - Downloaded beehub.nl/environmental-geography-group/provide/floodregulation/floodregulation.tif to external/provide/floodregulation/floodregulation.tif
2016-06-07 11:51:50,364 - Downloaded beehub.nl/environmental-geography-group/provide/megafauna/megafauna.tif to external/provide/megafauna/megafauna.tif
2016-06-07 11:51:50,369 - Downloaded beehub.nl/environmental-geography-group/provide/carbon_sequestration/carbon_sequestration.tif to external/provide/carbon_sequestration/carbon_sequestration.tif
2016-06-07 11:51:50,374 - Downloaded beehub.nl/environmental-geography-group/provide/species_richness_vascular_plants/species_richness_vascular_plants.tif to external/provide/species_richness_vascular_plants/species_richness_vascular_plants.tif
2016-06-07 11:51:50,379 - Downloaded beehub.nl/environmental-geography-group/provide/cultural_landscape_index_forest/cultural_landscape_index_forest.tif to external/provide/cultural_landscape_index_forest/cultural_landscape_index_forest.tif
2016-06-07 11:51:50,385 - Downloaded beehub.nl/environmental-geography-group/provide/nature_tourism/nature_tourism.tif to external/provide/nature_tourism/nature_tourism.tif
2016-06-07 11:51:50,390 - Downloaded beehub.nl/environmental-geography-group/provide/pollination_flows/pollination_flows.tif to external/provide/pollination_flows/pollination_flows.tif
2016-06-07 11:51:50,395 - Downloaded beehub.nl/environmental-geography-group/provide/erosion_prevention/erosion_prevention.tif to external/provide/erosion_prevention/erosion_prevention.tif
2016-06-07 11:51:50,400 - Downloaded beehub.nl/environmental-geography-group/provide/species_richness_farmland_birds_original1/species_richness_farmland_birds_original1.tif to external/provide/species_richness_farmland_birds_original1/species_richness_farmland_birds_original1.tif
2016-06-07 11:51:58,272 - Downloaded beehub.nl/environmental-geography-group/datadryad/forest_production_europe/woodprod_average.tif to external/datadryad/forest_production_europe/woodprod_average.tif
2016-06-07 11:51:58,277 - Downloaded beehub.nl/environmental-geography-group/datadryad/forest_production_europe/datapackage.json to external/datadryad/forest_production_europe/datapackage.json
2016-06-07 11:51:58,282 - Downloaded beehub.nl/environmental-geography-group/datadryad/forest_production_europe/README.txt to external/datadryad/forest_production_europe/README.txt
2016-06-07 12:10:18,575 - Downloaded beehub.nl/environmental-geography-group/eurostat/nuts/NUTS_RG_01M_2013_level0.dbf to external/eurostat/nuts/NUTS_RG_01M_2013_level0.dbf
2016-06-07 12:10:18,580 - Downloaded beehub.nl/environmental-geography-group/eurostat/nuts/NUTS_RG_01M_2013_level0.prj to external/eurostat/nuts/NUTS_RG_01M_2013_level0.prj
2016-06-07 12:10:18,585 - Downloaded beehub.nl/environmental-geography-group/eurostat/nuts/NUTS_RG_01M_2013_level0.shx to external/eurostat/nuts/NUTS_RG_01M_2013_level0.shx
2016-06-07 12:10:18,590 - Downloaded beehub.nl/environmental-geography-group/eurostat/nuts/NUTS_RG_01M_2013_level0.shp to external/eurostat/nuts/NUTS_RG_01M_2013_level0.shp
2016-06-07 12:10:18,595 - Downloaded beehub.nl/environmental-geography-group/eurostat/nuts/NUTS_RG_01M_2013_level2.dbf to external/eurostat/nuts/NUTS_RG_01M_2013_level2.dbf
2016-06-07 12:10:18,600 - Downloaded beehub.nl/environmental-geography-group/eurostat/nuts/NUTS_RG_01M_2013_level2.prj to external/eurostat/nuts/NUTS_RG_01M_2013_level2.prj
2016-06-07 12:10:18,605 - Downloaded beehub.nl/environmental-geography-group/eurostat/nuts/NUTS_RG_01M_2013_level2.shx to external/eurostat/nuts/NUTS_RG_01M_2013_level2.shx
2016-06-07 12:10:18,610 - Downloaded beehub.nl/environmental-geography-group/eurostat/nuts/NUTS_RG_01M_2013_level2.shp to external/eurostat/nuts/NUTS_RG_01M_2013_level2.shp
2016-06-07 12:10:18,617 - Downloaded beehub.nl/environmental-geography-group/eurostat/nuts/readme.txt to external/eurostat/nuts/readme.txt
2016-06-07 12:10:25,891 - Downloaded beehub.nl/environmental-geography-group/datadryad/forest_production_europe/woodprod_average.tif to external/datadryad/forest_production_europe/woodprod_average.tif
2016-06-07 12:10:25,896 - Downloaded beehub.nl/environmental-geography-group/datadryad/forest_production_europe/datapackage.json to external/datadryad/forest_production_europe/datapackage.json
2016-06-07 12:10:25,901 - Downloaded beehub.nl/environmental-geography-group/datadryad/forest_production_europe/README.txt to external/datadryad/forest_production_europe/README.txt
2016-06-07 12:27:55,758 - Downloaded beehub.nl/environmental-geography-group/eurostat/nuts-level2/NUTS_RG_01M_2013_level2.dbf to external/eurostat/nuts-level2/NUTS_RG_01M_2013_level2.dbf
2016-06-07 12:27:55,763 - Downloaded beehub.nl/environmental-geography-group/eurostat/nuts-level2/NUTS_RG_01M_2013_level2.prj to external/eurostat/nuts-level2/NUTS_RG_01M_2013_level2.prj
2016-06-07 12:27:55,768 - Downloaded beehub.nl/environmental-geography-group/eurostat/nuts-level2/NUTS_RG_01M_2013_level2.shx to external/eurostat/nuts-level2/NUTS_RG_01M_2013_level2.shx
2016-06-07 12:27:55,773 - Downloaded beehub.nl/environmental-geography-group/eurostat/nuts-level2/NUTS_RG_01M_2013_level2.shp to external/eurostat/nuts-level2/NUTS_RG_01M_2013_level2.shp
2016-06-07 12:27:55,778 - Downloaded beehub.nl/environmental-geography-group/eurostat/nuts-level2/readme.txt to external/eurostat/nuts-level2/readme.txt
2016-06-07 12:27:55,783 - Downloaded beehub.nl/environmental-geography-group/eurostat/nuts-level0/NUTS_RG_01M_2013_level0.dbf to external/eurostat/nuts-level0/NUTS_RG_01M_2013_level0.dbf
2016-06-07 12:27:55,788 - Downloaded beehub.nl/environmental-geography-group/eurostat/nuts-level0/NUTS_RG_01M_2013_level0.prj to external/eurostat/nuts-level0/NUTS_RG_01M_2013_level0.prj
2016-06-07 12:27:55,793 - Downloaded beehub.nl/environmental-geography-group/eurostat/nuts-level0/NUTS_RG_01M_2013_level0.shx to external/eurostat/nuts-level0/NUTS_RG_01M_2013_level0.shx
2016-06-07 12:27:55,798 - Downloaded beehub.nl/environmental-geography-group/eurostat/nuts-level0/NUTS_RG_01M_2013_level0.shp to external/eurostat/nuts-level0/NUTS_RG_01M_2013_level0.shp
2016-06-07 12:27:55,803 - Downloaded beehub.nl/environmental-geography-group/eurostat/nuts-level0/readme.txt to external/eurostat/nuts-level0/readme.txt
2016-06-07 18:09:53,035 - Downloaded beehub.nl/environmental-geography-group/eurostat/nuts/level2/NUTS_RG_01M_2013_level2.dbf to external/eurostat/nuts/level2/NUTS_RG_01M_2013_level2.dbf
2016-06-07 18:09:53,041 - Downloaded beehub.nl/environmental-geography-group/eurostat/nuts/level2/NUTS_RG_01M_2013_level2.prj to external/eurostat/nuts/level2/NUTS_RG_01M_2013_level2.prj
2016-06-07 18:09:53,045 - Downloaded beehub.nl/environmental-geography-group/eurostat/nuts/level2/NUTS_RG_01M_2013_level2.shx to external/eurostat/nuts/level2/NUTS_RG_01M_2013_level2.shx
2016-06-07 18:09:53,052 - Downloaded beehub.nl/environmental-geography-group/eurostat/nuts/level2/NUTS_RG_01M_2013_level2.shp to external/eurostat/nuts/level2/NUTS_RG_01M_2013_level2.shp
2016-06-07 18:09:53,057 - Downloaded beehub.nl/environmental-geography-group/eurostat/nuts/level2/readme.txt to external/eurostat/nuts/level2/readme.txt
2016-06-07 18:09:53,062 - Downloaded beehub.nl/environmental-geography-group/eurostat/nuts/level0/NUTS_RG_01M_2013_level0.dbf to external/eurostat/nuts/level0/NUTS_RG_01M_2013_level0.dbf
2016-06-07 18:09:53,067 - Downloaded beehub.nl/environmental-geography-group/eurostat/nuts/level0/NUTS_RG_01M_2013_level0.prj to external/eurostat/nuts/level0/NUTS_RG_01M_2013_level0.prj
2016-06-07 18:09:53,073 - Downloaded beehub.nl/environmental-geography-group/eurostat/nuts/level0/NUTS_RG_01M_2013_level0.shx to external/eurostat/nuts/level0/NUTS_RG_01M_2013_level0.shx
2016-06-07 18:09:53,078 - Downloaded beehub.nl/environmental-geography-group/eurostat/nuts/level0/NUTS_RG_01M_2013_level0.shp to external/eurostat/nuts/level0/NUTS_RG_01M_2013_level0.shp
2016-06-07 18:09:53,083 - Downloaded beehub.nl/environmental-geography-group/eurostat/nuts/level0/readme.txt to external/eurostat/nuts/level0/readme.txt
