2016-05-10 13:50:44,863 - Downloaded beehub.nl/environmental-geography-group/datadryad/forest_production_europe/datapackage.json to data/external/datadryad/forest_production_europe/datapackage.json
2016-05-10 13:50:44,869 - Downloaded beehub.nl/environmental-geography-group/datadryad/forest_production_europe/README.txt to data/external/datadryad/forest_production_europe/README.txt
2016-05-10 13:50:44,876 - Downloaded beehub.nl/environmental-geography-group/datadryad/forest_production_europe/woodprod_average.tif to data/external/datadryad/forest_production_europe/woodprod_average.tif
2016-05-10 13:51:51,600 - Downloaded beehub.nl/environmental-geography-group/datadryad/forest_production_europe/datapackage.json to data/external/datadryad/forest_production_europe/datapackage.json
2016-05-10 13:51:51,606 - Downloaded beehub.nl/environmental-geography-group/datadryad/forest_production_europe/README.txt to data/external/datadryad/forest_production_europe/README.txt
2016-05-10 13:51:51,611 - Downloaded beehub.nl/environmental-geography-group/datadryad/forest_production_europe/woodprod_average.tif to data/external/datadryad/forest_production_europe/woodprod_average.tif
2016-05-10 13:59:47,478 - Downloaded beehub.nl/environmental-geography-group/datadryad/forest_production_europe/datapackage.json to data/external/datadryad/forest_production_europe/datapackage.json
2016-05-10 13:59:47,486 - Downloaded beehub.nl/environmental-geography-group/datadryad/forest_production_europe/README.txt to data/external/datadryad/forest_production_europe/README.txt
2016-05-10 13:59:47,493 - Downloaded beehub.nl/environmental-geography-group/datadryad/forest_production_europe/woodprod_average.tif to data/external/datadryad/forest_production_europe/woodprod_average.tif
2016-05-10 14:00:51,876 - Downloaded beehub.nl/environmental-geography-group/datadryad/forest_production_europe/datapackage.json to data/external/datadryad/forest_production_europe/datapackage.json
2016-05-10 14:00:51,882 - Downloaded beehub.nl/environmental-geography-group/datadryad/forest_production_europe/README.txt to data/external/datadryad/forest_production_europe/README.txt
2016-05-10 14:00:51,887 - Downloaded beehub.nl/environmental-geography-group/datadryad/forest_production_europe/woodprod_average.tif to data/external/datadryad/forest_production_europe/woodprod_average.tif
2016-05-13 20:38:50,003 - Downloaded beehub.nl/environmental-geography-group/datadryad/forest_production_europe/datapackage.json to data/external/datadryad/forest_production_europe/datapackage.json
2016-05-13 20:38:50,009 - Downloaded beehub.nl/environmental-geography-group/datadryad/forest_production_europe/README.txt to data/external/datadryad/forest_production_europe/README.txt
2016-05-13 20:38:50,019 - Downloaded beehub.nl/environmental-geography-group/datadryad/forest_production_europe/woodprod_average.tif to data/external/datadryad/forest_production_europe/woodprod_average.tif
2016-05-13 20:38:51,380 -  [1/14] Warping dataset data/external/provide/agrobiodiversity_species_richness/agrobiodiversity_species_richness.tif
2016-05-13 20:39:04,811 -  [2/14] Copying dataset data/external/provide/carbon_sequestration/carbon_sequestration.tif
2016-05-13 20:39:04,825 -  [3/14] Warping dataset data/external/provide/cultural_landscape_index_agro/cultural_landscape_index_agro.tif
2016-05-13 20:39:16,167 -  [4/14] Warping dataset data/external/provide/cultural_landscape_index_forest/cultural_landscape_index_forest.tif
2016-05-13 20:39:26,534 -  [5/14] Warping dataset data/external/provide/erosion_prevention/erosion_prevention.tif
2016-05-13 20:39:40,810 -  [6/14] Warping dataset data/external/provide/flood_regulation_supply/flood_regulation_supply.tif
2016-05-13 20:39:51,303 -  [7/14] Warping dataset data/external/provide/floodregulation/floodregulation.tif
2016-05-13 20:40:01,741 -  [8/14] Warping dataset data/external/provide/megafauna/megafauna.tif
2016-05-13 20:40:10,197 -  [9/14] Warping dataset data/external/provide/nature_tourism/nature_tourism.tif
2016-05-13 20:40:24,928 -  [10/14] Warping dataset data/external/provide/pollination_flows/pollination_flows.tif
2016-05-13 20:40:38,613 -  [11/14] Warping dataset data/external/provide/pollination_visitprob/pollination_visitprob.tif
2016-05-13 20:40:54,057 -  [12/14] Warping dataset data/external/provide/species_richness_farmland_birds_original1/species_richness_farmland_birds_original1.tif
2016-05-13 20:41:08,732 -  [13/14] Warping dataset data/external/provide/species_richness_vascular_plants/species_richness_vascular_plants.tif
2016-05-13 20:41:23,049 -  [14/14] Warping dataset data/external/datadryad/forest_production_europe/woodprod_average.tif
