2016-05-14 19:20:27,194 - Downloaded beehub.nl/environmental-geography-group/nuts/NUTS_RG_01M_2013/level0/NUTS_RG_01M_2013_level0.dbf to data/processed/nuts/NUTS_RG_01M_2013/level0/NUTS_RG_01M_2013_level0.dbf
2016-05-14 19:20:27,199 - Downloaded beehub.nl/environmental-geography-group/nuts/NUTS_RG_01M_2013/level2/NUTS_RG_01M_2013_level2.dbf to data/processed/nuts/NUTS_RG_01M_2013/level2/NUTS_RG_01M_2013_level2.dbf
2016-05-14 19:20:27,205 - Downloaded beehub.nl/environmental-geography-group/nuts/NUTS_RG_01M_2013/level0/NUTS_RG_01M_2013_level0.prj to data/processed/nuts/NUTS_RG_01M_2013/level0/NUTS_RG_01M_2013_level0.prj
2016-05-14 19:20:27,210 - Downloaded beehub.nl/environmental-geography-group/nuts/NUTS_RG_01M_2013/level2/NUTS_RG_01M_2013_level2.prj to data/processed/nuts/NUTS_RG_01M_2013/level2/NUTS_RG_01M_2013_level2.prj
2016-05-14 19:20:27,215 - Downloaded beehub.nl/environmental-geography-group/nuts/NUTS_RG_01M_2013/level0/NUTS_RG_01M_2013_level0.shx to data/processed/nuts/NUTS_RG_01M_2013/level0/NUTS_RG_01M_2013_level0.shx
2016-05-14 19:20:27,220 - Downloaded beehub.nl/environmental-geography-group/nuts/NUTS_RG_01M_2013/level2/NUTS_RG_01M_2013_level2.shx to data/processed/nuts/NUTS_RG_01M_2013/level2/NUTS_RG_01M_2013_level2.shx
2016-05-14 19:20:27,225 - Downloaded beehub.nl/environmental-geography-group/nuts/NUTS_RG_01M_2013/level0/NUTS_RG_01M_2013_level0.shp to data/processed/nuts/NUTS_RG_01M_2013/level0/NUTS_RG_01M_2013_level0.shp
2016-05-14 19:20:27,230 - Downloaded beehub.nl/environmental-geography-group/nuts/NUTS_RG_01M_2013/level2/NUTS_RG_01M_2013_level2.shp to data/processed/nuts/NUTS_RG_01M_2013/level2/NUTS_RG_01M_2013_level2.shp
2016-05-15 08:30:29,717 - Downloaded beehub.nl/environmental-geography-group/nuts/NUTS_RG_01M_2013/level0/NUTS_RG_01M_2013_level0.dbf to data/external/nuts/NUTS_RG_01M_2013/level0/NUTS_RG_01M_2013_level0.dbf
2016-05-15 08:30:29,725 - Downloaded beehub.nl/environmental-geography-group/nuts/NUTS_RG_01M_2013/level2/NUTS_RG_01M_2013_level2.dbf to data/external/nuts/NUTS_RG_01M_2013/level2/NUTS_RG_01M_2013_level2.dbf
2016-05-15 08:30:29,732 - Downloaded beehub.nl/environmental-geography-group/nuts/NUTS_RG_01M_2013/level0/NUTS_RG_01M_2013_level0.prj to data/external/nuts/NUTS_RG_01M_2013/level0/NUTS_RG_01M_2013_level0.prj
2016-05-15 08:30:29,739 - Downloaded beehub.nl/environmental-geography-group/nuts/NUTS_RG_01M_2013/level2/NUTS_RG_01M_2013_level2.prj to data/external/nuts/NUTS_RG_01M_2013/level2/NUTS_RG_01M_2013_level2.prj
2016-05-15 08:30:29,745 - Downloaded beehub.nl/environmental-geography-group/nuts/NUTS_RG_01M_2013/level0/NUTS_RG_01M_2013_level0.shx to data/external/nuts/NUTS_RG_01M_2013/level0/NUTS_RG_01M_2013_level0.shx
2016-05-15 08:30:29,750 - Downloaded beehub.nl/environmental-geography-group/nuts/NUTS_RG_01M_2013/level2/NUTS_RG_01M_2013_level2.shx to data/external/nuts/NUTS_RG_01M_2013/level2/NUTS_RG_01M_2013_level2.shx
2016-05-15 08:30:29,756 - Downloaded beehub.nl/environmental-geography-group/nuts/NUTS_RG_01M_2013/level0/NUTS_RG_01M_2013_level0.shp to data/external/nuts/NUTS_RG_01M_2013/level0/NUTS_RG_01M_2013_level0.shp
2016-05-15 08:30:29,762 - Downloaded beehub.nl/environmental-geography-group/nuts/NUTS_RG_01M_2013/level2/NUTS_RG_01M_2013_level2.shp to data/external/nuts/NUTS_RG_01M_2013/level2/NUTS_RG_01M_2013_level2.shp
2016-05-15 12:09:53,494 - Downloaded beehub.nl/environmental-geography-group/nuts/NUTS_RG_01M_2013/level0/NUTS_RG_01M_2013_level0.dbf to data/external/nuts/NUTS_RG_01M_2013/level0/NUTS_RG_01M_2013_level0.dbf
2016-05-15 12:09:53,500 - Downloaded beehub.nl/environmental-geography-group/nuts/NUTS_RG_01M_2013/level2/NUTS_RG_01M_2013_level2.dbf to data/external/nuts/NUTS_RG_01M_2013/level2/NUTS_RG_01M_2013_level2.dbf
2016-05-15 12:09:53,507 - Downloaded beehub.nl/environmental-geography-group/nuts/NUTS_RG_01M_2013/level0/NUTS_RG_01M_2013_level0.prj to data/external/nuts/NUTS_RG_01M_2013/level0/NUTS_RG_01M_2013_level0.prj
2016-05-15 12:09:53,517 - Downloaded beehub.nl/environmental-geography-group/nuts/NUTS_RG_01M_2013/level2/NUTS_RG_01M_2013_level2.prj to data/external/nuts/NUTS_RG_01M_2013/level2/NUTS_RG_01M_2013_level2.prj
2016-05-15 12:09:53,523 - Downloaded beehub.nl/environmental-geography-group/nuts/NUTS_RG_01M_2013/level0/NUTS_RG_01M_2013_level0.shx to data/external/nuts/NUTS_RG_01M_2013/level0/NUTS_RG_01M_2013_level0.shx
2016-05-15 12:09:53,529 - Downloaded beehub.nl/environmental-geography-group/nuts/NUTS_RG_01M_2013/level2/NUTS_RG_01M_2013_level2.shx to data/external/nuts/NUTS_RG_01M_2013/level2/NUTS_RG_01M_2013_level2.shx
2016-05-15 12:09:53,534 - Downloaded beehub.nl/environmental-geography-group/nuts/NUTS_RG_01M_2013/level0/NUTS_RG_01M_2013_level0.shp to data/external/nuts/NUTS_RG_01M_2013/level0/NUTS_RG_01M_2013_level0.shp
2016-05-15 12:09:53,540 - Downloaded beehub.nl/environmental-geography-group/nuts/NUTS_RG_01M_2013/level2/NUTS_RG_01M_2013_level2.shp to data/external/nuts/NUTS_RG_01M_2013/level2/NUTS_RG_01M_2013_level2.shp
2016-05-15 12:10:08,288 - Downloaded beehub.nl/environmental-geography-group/datadryad/forest_production_europe/datapackage.json to data/external/datadryad/forest_production_europe/datapackage.json
2016-05-15 12:10:08,296 - Downloaded beehub.nl/environmental-geography-group/datadryad/forest_production_europe/README.txt to data/external/datadryad/forest_production_europe/README.txt
2016-05-15 12:10:08,302 - Downloaded beehub.nl/environmental-geography-group/datadryad/forest_production_europe/woodprod_average.tif to data/external/datadryad/forest_production_europe/woodprod_average.tif
2016-05-15 12:11:58,325 - Downloaded beehub.nl/environmental-geography-group/provide/agrobiodiversity_species_richness/datapackage.json to data/external/provide/agrobiodiversity_species_richness/datapackage.json
2016-05-15 12:11:58,331 - Downloaded beehub.nl/environmental-geography-group/provide/agrobiodiversity_species_richness/agrobiodiversity_species_richness.tif to data/external/provide/agrobiodiversity_species_richness/agrobiodiversity_species_richness.tif
2016-05-15 12:11:58,337 - Downloaded beehub.nl/environmental-geography-group/provide/carbon_sequestration/datapackage.json to data/external/provide/carbon_sequestration/datapackage.json
2016-05-15 12:11:58,344 - Downloaded beehub.nl/environmental-geography-group/provide/carbon_sequestration/carbon_sequestration.tif to data/external/provide/carbon_sequestration/carbon_sequestration.tif
2016-05-15 12:11:58,350 - Downloaded beehub.nl/environmental-geography-group/provide/cultural_landscape_index_agro/datapackage.json to data/external/provide/cultural_landscape_index_agro/datapackage.json
2016-05-15 12:11:58,356 - Downloaded beehub.nl/environmental-geography-group/provide/cultural_landscape_index_agro/cultural_landscape_index_agro.tif to data/external/provide/cultural_landscape_index_agro/cultural_landscape_index_agro.tif
2016-05-15 12:11:58,362 - Downloaded beehub.nl/environmental-geography-group/provide/cultural_landscape_index_forest/datapackage.json to data/external/provide/cultural_landscape_index_forest/datapackage.json
2016-05-15 12:11:58,369 - Downloaded beehub.nl/environmental-geography-group/provide/cultural_landscape_index_forest/cultural_landscape_index_forest.tif to data/external/provide/cultural_landscape_index_forest/cultural_landscape_index_forest.tif
2016-05-15 12:11:58,378 - Downloaded beehub.nl/environmental-geography-group/provide/erosion_prevention/datapackage.json to data/external/provide/erosion_prevention/datapackage.json
2016-05-15 12:11:58,384 - Downloaded beehub.nl/environmental-geography-group/provide/erosion_prevention/erosion_prevention.tif to data/external/provide/erosion_prevention/erosion_prevention.tif
2016-05-15 12:11:58,393 - Downloaded beehub.nl/environmental-geography-group/provide/flood_regulation_supply/datapackage.json to data/external/provide/flood_regulation_supply/datapackage.json
2016-05-15 12:11:58,399 - Downloaded beehub.nl/environmental-geography-group/provide/flood_regulation_supply/flood_regulation_supply.tif to data/external/provide/flood_regulation_supply/flood_regulation_supply.tif
2016-05-15 12:11:58,405 - Downloaded beehub.nl/environmental-geography-group/provide/floodregulation/datapackage.json to data/external/provide/floodregulation/datapackage.json
2016-05-15 12:11:58,411 - Downloaded beehub.nl/environmental-geography-group/provide/floodregulation/floodregulation.tif to data/external/provide/floodregulation/floodregulation.tif
2016-05-15 12:11:58,417 - Downloaded beehub.nl/environmental-geography-group/provide/megafauna/datapackage.json to data/external/provide/megafauna/datapackage.json
2016-05-15 12:11:58,424 - Downloaded beehub.nl/environmental-geography-group/provide/megafauna/megafauna.tif to data/external/provide/megafauna/megafauna.tif
2016-05-15 12:11:58,432 - Downloaded beehub.nl/environmental-geography-group/provide/nature_tourism/datapackage.json to data/external/provide/nature_tourism/datapackage.json
2016-05-15 12:11:58,440 - Downloaded beehub.nl/environmental-geography-group/provide/nature_tourism/nature_tourism.tif to data/external/provide/nature_tourism/nature_tourism.tif
2016-05-15 12:11:58,446 - Downloaded beehub.nl/environmental-geography-group/provide/pollination_flows/datapackage.json to data/external/provide/pollination_flows/datapackage.json
2016-05-15 12:11:58,451 - Downloaded beehub.nl/environmental-geography-group/provide/pollination_flows/pollination_flows.tif to data/external/provide/pollination_flows/pollination_flows.tif
2016-05-15 12:11:58,457 - Downloaded beehub.nl/environmental-geography-group/provide/pollination_visitprob/datapackage.json to data/external/provide/pollination_visitprob/datapackage.json
2016-05-15 12:11:58,463 - Downloaded beehub.nl/environmental-geography-group/provide/pollination_visitprob/pollination_visitprob.tif to data/external/provide/pollination_visitprob/pollination_visitprob.tif
2016-05-15 12:11:58,470 - Downloaded beehub.nl/environmental-geography-group/provide/species_richness_farmland_birds_original1/datapackage.json to data/external/provide/species_richness_farmland_birds_original1/datapackage.json
2016-05-15 12:11:58,476 - Downloaded beehub.nl/environmental-geography-group/provide/species_richness_farmland_birds_original1/species_richness_farmland_birds_original1.tif to data/external/provide/species_richness_farmland_birds_original1/species_richness_farmland_birds_original1.tif
2016-05-15 12:11:58,484 - Downloaded beehub.nl/environmental-geography-group/provide/species_richness_vascular_plants/datapackage.json to data/external/provide/species_richness_vascular_plants/datapackage.json
2016-05-15 12:11:58,491 - Downloaded beehub.nl/environmental-geography-group/provide/species_richness_vascular_plants/species_richness_vascular_plants.tif to data/external/provide/species_richness_vascular_plants/species_richness_vascular_plants.tif
2016-05-15 18:46:23,188 - Downloaded beehub.nl/environmental-geography-group/nuts/NUTS_RG_01M_2013/level0/NUTS_RG_01M_2013_level0.dbf to data/external/nuts/NUTS_RG_01M_2013/level0/NUTS_RG_01M_2013_level0.dbf
2016-05-15 18:46:23,194 - Downloaded beehub.nl/environmental-geography-group/nuts/NUTS_RG_01M_2013/level2/NUTS_RG_01M_2013_level2.dbf to data/external/nuts/NUTS_RG_01M_2013/level2/NUTS_RG_01M_2013_level2.dbf
2016-05-15 18:46:23,200 - Downloaded beehub.nl/environmental-geography-group/nuts/NUTS_RG_01M_2013/level0/NUTS_RG_01M_2013_level0.prj to data/external/nuts/NUTS_RG_01M_2013/level0/NUTS_RG_01M_2013_level0.prj
2016-05-15 18:46:23,207 - Downloaded beehub.nl/environmental-geography-group/nuts/NUTS_RG_01M_2013/level2/NUTS_RG_01M_2013_level2.prj to data/external/nuts/NUTS_RG_01M_2013/level2/NUTS_RG_01M_2013_level2.prj
2016-05-15 18:46:23,213 - Downloaded beehub.nl/environmental-geography-group/nuts/NUTS_RG_01M_2013/level0/NUTS_RG_01M_2013_level0.shx to data/external/nuts/NUTS_RG_01M_2013/level0/NUTS_RG_01M_2013_level0.shx
2016-05-15 18:46:23,222 - Downloaded beehub.nl/environmental-geography-group/nuts/NUTS_RG_01M_2013/level2/NUTS_RG_01M_2013_level2.shx to data/external/nuts/NUTS_RG_01M_2013/level2/NUTS_RG_01M_2013_level2.shx
2016-05-15 18:46:23,231 - Downloaded beehub.nl/environmental-geography-group/nuts/NUTS_RG_01M_2013/level0/NUTS_RG_01M_2013_level0.shp to data/external/nuts/NUTS_RG_01M_2013/level0/NUTS_RG_01M_2013_level0.shp
2016-05-15 18:46:23,237 - Downloaded beehub.nl/environmental-geography-group/nuts/NUTS_RG_01M_2013/level2/NUTS_RG_01M_2013_level2.shp to data/external/nuts/NUTS_RG_01M_2013/level2/NUTS_RG_01M_2013_level2.shp
2016-05-15 18:46:31,792 - Downloaded beehub.nl/environmental-geography-group/datadryad/forest_production_europe/datapackage.json to data/external/datadryad/forest_production_europe/datapackage.json
2016-05-15 18:46:31,798 - Downloaded beehub.nl/environmental-geography-group/datadryad/forest_production_europe/README.txt to data/external/datadryad/forest_production_europe/README.txt
2016-05-15 18:46:31,804 - Downloaded beehub.nl/environmental-geography-group/datadryad/forest_production_europe/woodprod_average.tif to data/external/datadryad/forest_production_europe/woodprod_average.tif
2016-05-15 18:46:53,490 - Downloaded beehub.nl/environmental-geography-group/provide/agrobiodiversity_species_richness/datapackage.json to data/external/provide/agrobiodiversity_species_richness/datapackage.json
2016-05-15 18:46:53,502 - Downloaded beehub.nl/environmental-geography-group/provide/agrobiodiversity_species_richness/agrobiodiversity_species_richness.tif to data/external/provide/agrobiodiversity_species_richness/agrobiodiversity_species_richness.tif
2016-05-15 18:46:53,513 - Downloaded beehub.nl/environmental-geography-group/provide/carbon_sequestration/datapackage.json to data/external/provide/carbon_sequestration/datapackage.json
2016-05-15 18:46:53,525 - Downloaded beehub.nl/environmental-geography-group/provide/carbon_sequestration/carbon_sequestration.tif to data/external/provide/carbon_sequestration/carbon_sequestration.tif
2016-05-15 18:46:53,534 - Downloaded beehub.nl/environmental-geography-group/provide/cultural_landscape_index_agro/datapackage.json to data/external/provide/cultural_landscape_index_agro/datapackage.json
2016-05-15 18:46:53,543 - Downloaded beehub.nl/environmental-geography-group/provide/cultural_landscape_index_agro/cultural_landscape_index_agro.tif to data/external/provide/cultural_landscape_index_agro/cultural_landscape_index_agro.tif
2016-05-15 18:46:53,560 - Downloaded beehub.nl/environmental-geography-group/provide/cultural_landscape_index_forest/datapackage.json to data/external/provide/cultural_landscape_index_forest/datapackage.json
2016-05-15 18:46:53,579 - Downloaded beehub.nl/environmental-geography-group/provide/cultural_landscape_index_forest/cultural_landscape_index_forest.tif to data/external/provide/cultural_landscape_index_forest/cultural_landscape_index_forest.tif
2016-05-15 18:46:53,592 - Downloaded beehub.nl/environmental-geography-group/provide/erosion_prevention/datapackage.json to data/external/provide/erosion_prevention/datapackage.json
2016-05-15 18:46:53,603 - Downloaded beehub.nl/environmental-geography-group/provide/erosion_prevention/erosion_prevention.tif to data/external/provide/erosion_prevention/erosion_prevention.tif
2016-05-15 18:46:53,612 - Downloaded beehub.nl/environmental-geography-group/provide/floodregulation/datapackage.json to data/external/provide/floodregulation/datapackage.json
2016-05-15 18:46:53,626 - Downloaded beehub.nl/environmental-geography-group/provide/floodregulation/floodregulation.tif to data/external/provide/floodregulation/floodregulation.tif
2016-05-15 18:46:53,638 - Downloaded beehub.nl/environmental-geography-group/provide/megafauna/datapackage.json to data/external/provide/megafauna/datapackage.json
2016-05-15 18:46:53,647 - Downloaded beehub.nl/environmental-geography-group/provide/megafauna/megafauna.tif to data/external/provide/megafauna/megafauna.tif
2016-05-15 18:46:53,655 - Downloaded beehub.nl/environmental-geography-group/provide/nature_tourism/datapackage.json to data/external/provide/nature_tourism/datapackage.json
2016-05-15 18:46:53,663 - Downloaded beehub.nl/environmental-geography-group/provide/nature_tourism/nature_tourism.tif to data/external/provide/nature_tourism/nature_tourism.tif
2016-05-15 18:46:53,671 - Downloaded beehub.nl/environmental-geography-group/provide/pollination_visitprob/datapackage.json to data/external/provide/pollination_visitprob/datapackage.json
2016-05-15 18:46:53,686 - Downloaded beehub.nl/environmental-geography-group/provide/pollination_visitprob/pollination_visitprob.tif to data/external/provide/pollination_visitprob/pollination_visitprob.tif
2016-05-15 18:46:53,695 - Downloaded beehub.nl/environmental-geography-group/provide/species_richness_farmland_birds_original1/datapackage.json to data/external/provide/species_richness_farmland_birds_original1/datapackage.json
2016-05-15 18:46:53,708 - Downloaded beehub.nl/environmental-geography-group/provide/species_richness_farmland_birds_original1/species_richness_farmland_birds_original1.tif to data/external/provide/species_richness_farmland_birds_original1/species_richness_farmland_birds_original1.tif
2016-05-15 18:46:53,720 - Downloaded beehub.nl/environmental-geography-group/provide/species_richness_vascular_plants/datapackage.json to data/external/provide/species_richness_vascular_plants/datapackage.json
2016-05-15 18:46:53,735 - Downloaded beehub.nl/environmental-geography-group/provide/species_richness_vascular_plants/species_richness_vascular_plants.tif to data/external/provide/species_richness_vascular_plants/species_richness_vascular_plants.tif
2016-05-15 18:47:03,391 -  [1/12 step 1] Warping dataset data/external/provide/agrobiodiversity_species_richness/agrobiodiversity_species_richness.tif
2016-05-15 18:47:12,637 -  [1/12 step 2] Clipping dataset data/interim/warped/provide/agrobiodiversity_species_richness/agrobiodiversity_species_richness.tif
2016-05-15 18:47:18,012 -  [2/12 step 1] Warping dataset data/external/provide/carbon_sequestration/carbon_sequestration.tif
2016-05-15 18:47:28,666 -  [2/12 step 2] Clipping dataset data/interim/warped/provide/carbon_sequestration/carbon_sequestration.tif
2016-05-15 18:47:34,438 -  [3/12 step 1] Warping dataset data/external/provide/cultural_landscape_index_agro/cultural_landscape_index_agro.tif
2016-05-15 18:47:43,688 -  [3/12 step 2] Clipping dataset data/interim/warped/provide/cultural_landscape_index_agro/cultural_landscape_index_agro.tif
2016-05-15 18:47:50,326 -  [4/12 step 1] Warping dataset data/external/provide/cultural_landscape_index_forest/cultural_landscape_index_forest.tif
2016-05-15 18:48:00,112 -  [4/12 step 2] Clipping dataset data/interim/warped/provide/cultural_landscape_index_forest/cultural_landscape_index_forest.tif
2016-05-15 18:48:07,789 -  [5/12 step 1] Warping dataset data/external/provide/erosion_prevention/erosion_prevention.tif
2016-05-15 18:48:17,550 -  [5/12 step 2] Clipping dataset data/interim/warped/provide/erosion_prevention/erosion_prevention.tif
2016-05-15 18:48:23,321 -  [6/12 step 1] Warping dataset data/external/provide/floodregulation/floodregulation.tif
2016-05-15 18:48:32,093 -  [6/12 step 2] Clipping dataset data/interim/warped/provide/floodregulation/floodregulation.tif
2016-05-15 18:48:38,641 -  [7/12 step 1] Warping dataset data/external/provide/megafauna/megafauna.tif
2016-05-15 18:48:47,443 -  [7/12 step 2] Clipping dataset data/interim/warped/provide/megafauna/megafauna.tif
2016-05-15 18:48:52,340 -  [8/12 step 1] Warping dataset data/external/provide/nature_tourism/nature_tourism.tif
2016-05-15 18:49:02,720 -  [8/12 step 2] Clipping dataset data/interim/warped/provide/nature_tourism/nature_tourism.tif
2016-05-15 18:49:08,123 -  [9/12 step 1] Warping dataset data/external/provide/pollination_visitprob/pollination_visitprob.tif
2016-05-15 18:49:18,331 -  [9/12 step 2] Clipping dataset data/interim/warped/provide/pollination_visitprob/pollination_visitprob.tif
2016-05-15 18:49:25,723 -  [10/12 step 1] Warping dataset data/external/provide/species_richness_farmland_birds_original1/species_richness_farmland_birds_original1.tif
2016-05-15 18:49:35,601 -  [10/12 step 2] Clipping dataset data/interim/warped/provide/species_richness_farmland_birds_original1/species_richness_farmland_birds_original1.tif
2016-05-15 18:49:43,562 -  [11/12 step 1] Warping dataset data/external/provide/species_richness_vascular_plants/species_richness_vascular_plants.tif
2016-05-15 18:49:53,008 -  [11/12 step 2] Clipping dataset data/interim/warped/provide/species_richness_vascular_plants/species_richness_vascular_plants.tif
2016-05-15 18:49:57,664 -  [12/12 step 1] Copying dataset data/external/datadryad/forest_production_europe/woodprod_average.tif
2016-05-15 18:49:57,690 -  [12/12 step 2] Clipping dataset data/interim/warped/datadryad/forest_production_europe/woodprod_average.tif
2016-05-15 18:50:06,791 -  [1/12] Rescaling dataset data/interim/harmonized/provide/agrobiodiversity_species_richness/agrobiodiversity_species_richness.tif
2016-05-15 18:50:10,674 -  [2/12] Rescaling dataset data/interim/harmonized/provide/carbon_sequestration/carbon_sequestration.tif
2016-05-15 18:50:14,012 -  [3/12] Rescaling dataset data/interim/harmonized/provide/cultural_landscape_index_agro/cultural_landscape_index_agro.tif
2016-05-15 18:50:17,689 -  [4/12] Rescaling dataset data/interim/harmonized/provide/cultural_landscape_index_forest/cultural_landscape_index_forest.tif
2016-05-15 18:50:20,873 -  [5/12] Rescaling dataset data/interim/harmonized/provide/erosion_prevention/erosion_prevention.tif
2016-05-15 18:50:23,789 -  [6/12] Rescaling dataset data/interim/harmonized/provide/floodregulation/floodregulation.tif
2016-05-15 18:50:26,510 -  [7/12] Rescaling dataset data/interim/harmonized/provide/megafauna/megafauna.tif
2016-05-15 18:50:29,063 -  [8/12] Rescaling dataset data/interim/harmonized/provide/nature_tourism/nature_tourism.tif
2016-05-15 18:50:31,826 -  [9/12] Rescaling dataset data/interim/harmonized/provide/pollination_visitprob/pollination_visitprob.tif
2016-05-15 18:50:35,087 -  [10/12] Rescaling dataset data/interim/harmonized/provide/species_richness_farmland_birds_original1/species_richness_farmland_birds_original1.tif
2016-05-15 18:50:38,418 -  [11/12] Rescaling dataset data/interim/harmonized/provide/species_richness_vascular_plants/species_richness_vascular_plants.tif
2016-05-15 18:50:41,426 -  [12/12] Rescaling dataset data/interim/harmonized/datadryad/forest_production_europe/woodprod_average.tif
