2016-05-10 10:18:04,845 - Downloaded beehub.nl/environmental-geography-group/provide/agrobiodiversity_species_richness/datapackage.json to data/external/PROVIDE/agrobiodiversity_species_richness/datapackage.json
2016-05-10 10:18:04,850 - Downloaded beehub.nl/environmental-geography-group/provide/agrobiodiversity_species_richness/agrobiodiversity_species_richness.tif to data/external/agrobiodiversity_species_richness/agrobiodiversity_species_richness.tif
2016-05-10 10:18:04,856 - Downloaded beehub.nl/environmental-geography-group/provide/carbon_sequestration/datapackage.json to data/external/PROVIDE/carbon_sequestration/datapackage.json
2016-05-10 10:18:04,863 - Downloaded beehub.nl/environmental-geography-group/provide/carbon_sequestration/carbon_sequestration.tif to data/external/carbon_sequestration/carbon_sequestration.tif
2016-05-10 10:18:04,871 - Downloaded beehub.nl/environmental-geography-group/provide/cultural_landscape_index_agro/datapackage.json to data/external/PROVIDE/cultural_landscape_index_agro/datapackage.json
2016-05-10 10:18:04,879 - Downloaded beehub.nl/environmental-geography-group/provide/cultural_landscape_index_agro/cultural_landscape_index_agro.tif to data/external/cultural_landscape_index_agro/cultural_landscape_index_agro.tif
2016-05-10 10:18:04,884 - Downloaded beehub.nl/environmental-geography-group/provide/cultural_landscape_index_forest/datapackage.json to data/external/PROVIDE/cultural_landscape_index_forest/datapackage.json
2016-05-10 10:18:04,890 - Downloaded beehub.nl/environmental-geography-group/provide/cultural_landscape_index_forest/cultural_landscape_index_forest.tif to data/external/cultural_landscape_index_forest/cultural_landscape_index_forest.tif
2016-05-10 10:18:04,895 - Downloaded beehub.nl/environmental-geography-group/provide/erosion_prevention/datapackage.json to data/external/PROVIDE/erosion_prevention/datapackage.json
2016-05-10 10:18:04,901 - Downloaded beehub.nl/environmental-geography-group/provide/erosion_prevention/erosion_prevention.tif to data/external/erosion_prevention/erosion_prevention.tif
2016-05-10 10:18:04,908 - Downloaded beehub.nl/environmental-geography-group/provide/flood_regulation_supply/datapackage.json to data/external/PROVIDE/flood_regulation_supply/datapackage.json
2016-05-10 10:18:04,915 - Downloaded beehub.nl/environmental-geography-group/provide/flood_regulation_supply/flood_regulation_supply.tif to data/external/flood_regulation_supply/flood_regulation_supply.tif
2016-05-10 10:18:04,920 - Downloaded beehub.nl/environmental-geography-group/provide/floodregulation/datapackage.json to data/external/PROVIDE/floodregulation/datapackage.json
2016-05-10 10:18:04,926 - Downloaded beehub.nl/environmental-geography-group/provide/floodregulation/floodregulation.tif to data/external/floodregulation/floodregulation.tif
2016-05-10 10:18:04,932 - Downloaded beehub.nl/environmental-geography-group/provide/megafauna/datapackage.json to data/external/PROVIDE/megafauna/datapackage.json
2016-05-10 10:18:04,937 - Downloaded beehub.nl/environmental-geography-group/provide/megafauna/megafauna.tif to data/external/megafauna/megafauna.tif
2016-05-10 10:18:04,943 - Downloaded beehub.nl/environmental-geography-group/provide/nature_tourism/datapackage.json to data/external/PROVIDE/nature_tourism/datapackage.json
2016-05-10 10:18:04,948 - Downloaded beehub.nl/environmental-geography-group/provide/nature_tourism/nature_tourism.tif to data/external/nature_tourism/nature_tourism.tif
2016-05-10 10:18:04,954 - Downloaded beehub.nl/environmental-geography-group/provide/pollination_flows/datapackage.json to data/external/PROVIDE/pollination_flows/datapackage.json
2016-05-10 10:18:04,960 - Downloaded beehub.nl/environmental-geography-group/provide/pollination_flows/pollination_flows.tif to data/external/pollination_flows/pollination_flows.tif
2016-05-10 10:18:04,966 - Downloaded beehub.nl/environmental-geography-group/provide/pollination_visitprob/datapackage.json to data/external/PROVIDE/pollination_visitprob/datapackage.json
2016-05-10 10:18:04,972 - Downloaded beehub.nl/environmental-geography-group/provide/pollination_visitprob/pollination_visitprob.tif to data/external/pollination_visitprob/pollination_visitprob.tif
2016-05-10 10:18:04,982 - Downloaded beehub.nl/environmental-geography-group/provide/species_richness_farmland_birds_original1/datapackage.json to data/external/PROVIDE/species_richness_farmland_birds_original1/datapackage.json
2016-05-10 10:18:04,989 - Downloaded beehub.nl/environmental-geography-group/provide/species_richness_farmland_birds_original1/species_richness_farmland_birds_original1.tif to data/external/species_richness_farmland_birds_original1/species_richness_farmland_birds_original1.tif
2016-05-10 10:18:04,996 - Downloaded beehub.nl/environmental-geography-group/provide/species_richness_vascular_plants/datapackage.json to data/external/PROVIDE/species_richness_vascular_plants/datapackage.json
2016-05-10 10:18:05,001 - Downloaded beehub.nl/environmental-geography-group/provide/species_richness_vascular_plants/species_richness_vascular_plants.tif to data/external/species_richness_vascular_plants/species_richness_vascular_plants.tif
2016-05-10 13:52:30,526 - Downloaded beehub.nl/environmental-geography-group/provide/agrobiodiversity_species_richness/datapackage.json to data/external/PROVIDE/agrobiodiversity_species_richness/datapackage.json
2016-05-10 13:52:30,532 - Downloaded beehub.nl/environmental-geography-group/provide/agrobiodiversity_species_richness/agrobiodiversity_species_richness.tif to data/external/agrobiodiversity_species_richness/agrobiodiversity_species_richness.tif
2016-05-10 13:52:30,538 - Downloaded beehub.nl/environmental-geography-group/provide/carbon_sequestration/datapackage.json to data/external/PROVIDE/carbon_sequestration/datapackage.json
2016-05-10 13:52:30,544 - Downloaded beehub.nl/environmental-geography-group/provide/carbon_sequestration/carbon_sequestration.tif to data/external/carbon_sequestration/carbon_sequestration.tif
2016-05-10 13:52:30,549 - Downloaded beehub.nl/environmental-geography-group/provide/cultural_landscape_index_agro/datapackage.json to data/external/PROVIDE/cultural_landscape_index_agro/datapackage.json
2016-05-10 13:52:30,555 - Downloaded beehub.nl/environmental-geography-group/provide/cultural_landscape_index_agro/cultural_landscape_index_agro.tif to data/external/cultural_landscape_index_agro/cultural_landscape_index_agro.tif
2016-05-10 13:52:30,561 - Downloaded beehub.nl/environmental-geography-group/provide/cultural_landscape_index_forest/datapackage.json to data/external/PROVIDE/cultural_landscape_index_forest/datapackage.json
2016-05-10 13:52:30,569 - Downloaded beehub.nl/environmental-geography-group/provide/cultural_landscape_index_forest/cultural_landscape_index_forest.tif to data/external/cultural_landscape_index_forest/cultural_landscape_index_forest.tif
2016-05-10 13:52:30,576 - Downloaded beehub.nl/environmental-geography-group/provide/erosion_prevention/datapackage.json to data/external/PROVIDE/erosion_prevention/datapackage.json
2016-05-10 13:52:30,581 - Downloaded beehub.nl/environmental-geography-group/provide/erosion_prevention/erosion_prevention.tif to data/external/erosion_prevention/erosion_prevention.tif
2016-05-10 13:52:30,586 - Downloaded beehub.nl/environmental-geography-group/provide/flood_regulation_supply/datapackage.json to data/external/PROVIDE/flood_regulation_supply/datapackage.json
2016-05-10 13:52:30,592 - Downloaded beehub.nl/environmental-geography-group/provide/flood_regulation_supply/flood_regulation_supply.tif to data/external/flood_regulation_supply/flood_regulation_supply.tif
2016-05-10 13:52:30,599 - Downloaded beehub.nl/environmental-geography-group/provide/floodregulation/datapackage.json to data/external/PROVIDE/floodregulation/datapackage.json
2016-05-10 13:52:30,604 - Downloaded beehub.nl/environmental-geography-group/provide/floodregulation/floodregulation.tif to data/external/floodregulation/floodregulation.tif
2016-05-10 13:52:30,609 - Downloaded beehub.nl/environmental-geography-group/provide/megafauna/datapackage.json to data/external/PROVIDE/megafauna/datapackage.json
2016-05-10 13:52:30,614 - Downloaded beehub.nl/environmental-geography-group/provide/megafauna/megafauna.tif to data/external/megafauna/megafauna.tif
2016-05-10 13:52:30,621 - Downloaded beehub.nl/environmental-geography-group/provide/nature_tourism/datapackage.json to data/external/PROVIDE/nature_tourism/datapackage.json
2016-05-10 13:52:30,626 - Downloaded beehub.nl/environmental-geography-group/provide/nature_tourism/nature_tourism.tif to data/external/nature_tourism/nature_tourism.tif
2016-05-10 13:52:30,635 - Downloaded beehub.nl/environmental-geography-group/provide/pollination_flows/datapackage.json to data/external/PROVIDE/pollination_flows/datapackage.json
2016-05-10 13:52:30,658 - Downloaded beehub.nl/environmental-geography-group/provide/pollination_flows/pollination_flows.tif to data/external/pollination_flows/pollination_flows.tif
2016-05-10 13:52:30,666 - Downloaded beehub.nl/environmental-geography-group/provide/pollination_visitprob/datapackage.json to data/external/PROVIDE/pollination_visitprob/datapackage.json
2016-05-10 13:52:30,674 - Downloaded beehub.nl/environmental-geography-group/provide/pollination_visitprob/pollination_visitprob.tif to data/external/pollination_visitprob/pollination_visitprob.tif
2016-05-10 13:52:30,681 - Downloaded beehub.nl/environmental-geography-group/provide/species_richness_farmland_birds_original1/datapackage.json to data/external/PROVIDE/species_richness_farmland_birds_original1/datapackage.json
2016-05-10 13:52:30,689 - Downloaded beehub.nl/environmental-geography-group/provide/species_richness_farmland_birds_original1/species_richness_farmland_birds_original1.tif to data/external/species_richness_farmland_birds_original1/species_richness_farmland_birds_original1.tif
2016-05-10 13:52:30,695 - Downloaded beehub.nl/environmental-geography-group/provide/species_richness_vascular_plants/datapackage.json to data/external/PROVIDE/species_richness_vascular_plants/datapackage.json
2016-05-10 13:52:30,701 - Downloaded beehub.nl/environmental-geography-group/provide/species_richness_vascular_plants/species_richness_vascular_plants.tif to data/external/species_richness_vascular_plants/species_richness_vascular_plants.tif
2016-05-10 13:53:27,157 - Downloaded beehub.nl/environmental-geography-group/provide/agrobiodiversity_species_richness/datapackage.json to data/external/provide/agrobiodiversity_species_richness/datapackage.json
2016-05-10 13:53:27,164 - Downloaded beehub.nl/environmental-geography-group/provide/agrobiodiversity_species_richness/agrobiodiversity_species_richness.tif to data/external/provideagrobiodiversity_species_richness/agrobiodiversity_species_richness.tif
2016-05-10 13:53:27,172 - Downloaded beehub.nl/environmental-geography-group/provide/carbon_sequestration/datapackage.json to data/external/provide/carbon_sequestration/datapackage.json
2016-05-10 13:53:27,177 - Downloaded beehub.nl/environmental-geography-group/provide/carbon_sequestration/carbon_sequestration.tif to data/external/providecarbon_sequestration/carbon_sequestration.tif
2016-05-10 13:53:27,182 - Downloaded beehub.nl/environmental-geography-group/provide/cultural_landscape_index_agro/datapackage.json to data/external/provide/cultural_landscape_index_agro/datapackage.json
2016-05-10 13:53:27,188 - Downloaded beehub.nl/environmental-geography-group/provide/cultural_landscape_index_agro/cultural_landscape_index_agro.tif to data/external/providecultural_landscape_index_agro/cultural_landscape_index_agro.tif
2016-05-10 13:53:27,193 - Downloaded beehub.nl/environmental-geography-group/provide/cultural_landscape_index_forest/datapackage.json to data/external/provide/cultural_landscape_index_forest/datapackage.json
2016-05-10 13:53:27,199 - Downloaded beehub.nl/environmental-geography-group/provide/cultural_landscape_index_forest/cultural_landscape_index_forest.tif to data/external/providecultural_landscape_index_forest/cultural_landscape_index_forest.tif
2016-05-10 13:53:27,204 - Downloaded beehub.nl/environmental-geography-group/provide/erosion_prevention/datapackage.json to data/external/provide/erosion_prevention/datapackage.json
2016-05-10 13:53:27,209 - Downloaded beehub.nl/environmental-geography-group/provide/erosion_prevention/erosion_prevention.tif to data/external/provideerosion_prevention/erosion_prevention.tif
2016-05-10 13:53:27,214 - Downloaded beehub.nl/environmental-geography-group/provide/flood_regulation_supply/datapackage.json to data/external/provide/flood_regulation_supply/datapackage.json
2016-05-10 13:53:27,219 - Downloaded beehub.nl/environmental-geography-group/provide/flood_regulation_supply/flood_regulation_supply.tif to data/external/provideflood_regulation_supply/flood_regulation_supply.tif
2016-05-10 13:53:27,225 - Downloaded beehub.nl/environmental-geography-group/provide/floodregulation/datapackage.json to data/external/provide/floodregulation/datapackage.json
2016-05-10 13:53:27,231 - Downloaded beehub.nl/environmental-geography-group/provide/floodregulation/floodregulation.tif to data/external/providefloodregulation/floodregulation.tif
2016-05-10 13:53:27,236 - Downloaded beehub.nl/environmental-geography-group/provide/megafauna/datapackage.json to data/external/provide/megafauna/datapackage.json
2016-05-10 13:53:27,241 - Downloaded beehub.nl/environmental-geography-group/provide/megafauna/megafauna.tif to data/external/providemegafauna/megafauna.tif
2016-05-10 13:53:27,248 - Downloaded beehub.nl/environmental-geography-group/provide/nature_tourism/datapackage.json to data/external/provide/nature_tourism/datapackage.json
2016-05-10 13:53:27,254 - Downloaded beehub.nl/environmental-geography-group/provide/nature_tourism/nature_tourism.tif to data/external/providenature_tourism/nature_tourism.tif
2016-05-10 13:53:27,259 - Downloaded beehub.nl/environmental-geography-group/provide/pollination_flows/datapackage.json to data/external/provide/pollination_flows/datapackage.json
2016-05-10 13:53:27,265 - Downloaded beehub.nl/environmental-geography-group/provide/pollination_flows/pollination_flows.tif to data/external/providepollination_flows/pollination_flows.tif
2016-05-10 13:53:27,269 - Downloaded beehub.nl/environmental-geography-group/provide/pollination_visitprob/datapackage.json to data/external/provide/pollination_visitprob/datapackage.json
2016-05-10 13:53:27,275 - Downloaded beehub.nl/environmental-geography-group/provide/pollination_visitprob/pollination_visitprob.tif to data/external/providepollination_visitprob/pollination_visitprob.tif
2016-05-10 13:53:27,281 - Downloaded beehub.nl/environmental-geography-group/provide/species_richness_farmland_birds_original1/datapackage.json to data/external/provide/species_richness_farmland_birds_original1/datapackage.json
2016-05-10 13:53:27,286 - Downloaded beehub.nl/environmental-geography-group/provide/species_richness_farmland_birds_original1/species_richness_farmland_birds_original1.tif to data/external/providespecies_richness_farmland_birds_original1/species_richness_farmland_birds_original1.tif
2016-05-10 13:53:27,292 - Downloaded beehub.nl/environmental-geography-group/provide/species_richness_vascular_plants/datapackage.json to data/external/provide/species_richness_vascular_plants/datapackage.json
2016-05-10 13:53:27,298 - Downloaded beehub.nl/environmental-geography-group/provide/species_richness_vascular_plants/species_richness_vascular_plants.tif to data/external/providespecies_richness_vascular_plants/species_richness_vascular_plants.tif
2016-05-10 13:54:53,074 - Downloaded beehub.nl/environmental-geography-group/provide/agrobiodiversity_species_richness/datapackage.json to data/external/provide/agrobiodiversity_species_richness/datapackage.json
2016-05-10 13:54:53,079 - Downloaded beehub.nl/environmental-geography-group/provide/agrobiodiversity_species_richness/agrobiodiversity_species_richness.tif to data/external/provide/agrobiodiversity_species_richness/agrobiodiversity_species_richness.tif
2016-05-10 13:54:53,084 - Downloaded beehub.nl/environmental-geography-group/provide/carbon_sequestration/datapackage.json to data/external/provide/carbon_sequestration/datapackage.json
2016-05-10 13:54:53,089 - Downloaded beehub.nl/environmental-geography-group/provide/carbon_sequestration/carbon_sequestration.tif to data/external/provide/carbon_sequestration/carbon_sequestration.tif
2016-05-10 13:54:53,095 - Downloaded beehub.nl/environmental-geography-group/provide/cultural_landscape_index_agro/datapackage.json to data/external/provide/cultural_landscape_index_agro/datapackage.json
2016-05-10 13:54:53,100 - Downloaded beehub.nl/environmental-geography-group/provide/cultural_landscape_index_agro/cultural_landscape_index_agro.tif to data/external/provide/cultural_landscape_index_agro/cultural_landscape_index_agro.tif
2016-05-10 13:54:53,105 - Downloaded beehub.nl/environmental-geography-group/provide/cultural_landscape_index_forest/datapackage.json to data/external/provide/cultural_landscape_index_forest/datapackage.json
2016-05-10 13:54:53,109 - Downloaded beehub.nl/environmental-geography-group/provide/cultural_landscape_index_forest/cultural_landscape_index_forest.tif to data/external/provide/cultural_landscape_index_forest/cultural_landscape_index_forest.tif
2016-05-10 13:54:53,114 - Downloaded beehub.nl/environmental-geography-group/provide/erosion_prevention/datapackage.json to data/external/provide/erosion_prevention/datapackage.json
2016-05-10 13:54:53,119 - Downloaded beehub.nl/environmental-geography-group/provide/erosion_prevention/erosion_prevention.tif to data/external/provide/erosion_prevention/erosion_prevention.tif
2016-05-10 13:54:53,125 - Downloaded beehub.nl/environmental-geography-group/provide/flood_regulation_supply/datapackage.json to data/external/provide/flood_regulation_supply/datapackage.json
2016-05-10 13:54:53,130 - Downloaded beehub.nl/environmental-geography-group/provide/flood_regulation_supply/flood_regulation_supply.tif to data/external/provide/flood_regulation_supply/flood_regulation_supply.tif
2016-05-10 13:54:53,135 - Downloaded beehub.nl/environmental-geography-group/provide/floodregulation/datapackage.json to data/external/provide/floodregulation/datapackage.json
2016-05-10 13:54:53,142 - Downloaded beehub.nl/environmental-geography-group/provide/floodregulation/floodregulation.tif to data/external/provide/floodregulation/floodregulation.tif
2016-05-10 13:54:53,149 - Downloaded beehub.nl/environmental-geography-group/provide/megafauna/datapackage.json to data/external/provide/megafauna/datapackage.json
2016-05-10 13:54:53,157 - Downloaded beehub.nl/environmental-geography-group/provide/megafauna/megafauna.tif to data/external/provide/megafauna/megafauna.tif
2016-05-10 13:54:53,163 - Downloaded beehub.nl/environmental-geography-group/provide/nature_tourism/datapackage.json to data/external/provide/nature_tourism/datapackage.json
2016-05-10 13:54:53,176 - Downloaded beehub.nl/environmental-geography-group/provide/nature_tourism/nature_tourism.tif to data/external/provide/nature_tourism/nature_tourism.tif
2016-05-10 13:54:53,182 - Downloaded beehub.nl/environmental-geography-group/provide/pollination_flows/datapackage.json to data/external/provide/pollination_flows/datapackage.json
2016-05-10 13:54:53,188 - Downloaded beehub.nl/environmental-geography-group/provide/pollination_flows/pollination_flows.tif to data/external/provide/pollination_flows/pollination_flows.tif
2016-05-10 13:54:53,195 - Downloaded beehub.nl/environmental-geography-group/provide/pollination_visitprob/datapackage.json to data/external/provide/pollination_visitprob/datapackage.json
2016-05-10 13:54:53,203 - Downloaded beehub.nl/environmental-geography-group/provide/pollination_visitprob/pollination_visitprob.tif to data/external/provide/pollination_visitprob/pollination_visitprob.tif
2016-05-10 13:54:53,209 - Downloaded beehub.nl/environmental-geography-group/provide/species_richness_farmland_birds_original1/datapackage.json to data/external/provide/species_richness_farmland_birds_original1/datapackage.json
2016-05-10 13:54:53,214 - Downloaded beehub.nl/environmental-geography-group/provide/species_richness_farmland_birds_original1/species_richness_farmland_birds_original1.tif to data/external/provide/species_richness_farmland_birds_original1/species_richness_farmland_birds_original1.tif
2016-05-10 13:54:53,218 - Downloaded beehub.nl/environmental-geography-group/provide/species_richness_vascular_plants/datapackage.json to data/external/provide/species_richness_vascular_plants/datapackage.json
2016-05-10 13:54:53,224 - Downloaded beehub.nl/environmental-geography-group/provide/species_richness_vascular_plants/species_richness_vascular_plants.tif to data/external/provide/species_richness_vascular_plants/species_richness_vascular_plants.tif
