2016-06-16 13:37:29 [ol_normalize_data] [INFO ]  [1/12] (OL) Normalizing dataset data/processed/features/datadryad/forest_production_europe/woodprod_average.tif
2016-06-16 13:37:29 [ol_normalize_data] [DEBUG] Using internal NoData value -3.4e+38
2016-06-16 13:37:30 [ol_normalize_data] [DEBUG]  Before rescaling (min, q25, mean, q75, max): 0.0, 0.004210043, 0.098410056765, 0.138368844986, 2.5
2016-06-16 13:37:32 [ol_normalize_data] [DEBUG]   After rescaling (min, q25, mean, q75, max): 0.0, 1.0213e-08, 2.38737e-07, 3.35675e-07, 6.064862191124121e-06
2016-06-16 13:37:32 [ol_normalize_data] [DEBUG] Filling NoData with zeros
2016-06-16 13:37:32 [ol_normalize_data] [DEBUG] Wrote raster data/processed/features_ol_normalized/datadryad/forest_production_europe/woodprod_average.tif
2016-06-16 13:37:33 [ol_normalize_data] [INFO ]  [2/12] (OL) Normalizing dataset data/processed/features/provide/cultural_landscape_index_agro/cultural_landscape_index_agro.tif
2016-06-16 13:37:33 [ol_normalize_data] [DEBUG] Using internal NoData value -3.4e+38
2016-06-16 13:37:34 [ol_normalize_data] [DEBUG]  Before rescaling (min, q25, mean, q75, max): 0.0013477806933224201, 0.269710376859, 0.329472764312, 0.376833058894, 0.834862232208252
2016-06-16 13:37:35 [ol_normalize_data] [DEBUG]   After rescaling (min, q25, mean, q75, max): 0.0, 4.30467e-07, 5.26329e-07, 6.02297e-07, 1.3369980251809466e-06
2016-06-16 13:37:35 [ol_normalize_data] [DEBUG] Filling NoData with zeros
2016-06-16 13:37:36 [ol_normalize_data] [DEBUG] Wrote raster data/processed/features_ol_normalized/provide/cultural_landscape_index_agro/cultural_landscape_index_agro.tif
2016-06-16 13:37:36 [ol_normalize_data] [INFO ]  [3/12] (OL) Normalizing dataset data/processed/features/provide/species_richness_vascular_plants/species_richness_vascular_plants.tif
2016-06-16 13:37:36 [ol_normalize_data] [DEBUG] Using internal NoData value -3.4e+38
2016-06-16 13:37:37 [ol_normalize_data] [DEBUG]  Before rescaling (min, q25, mean, q75, max): 0.0, 14.0, 21.01320233691, 26.0, 67.0
2016-06-16 13:37:38 [ol_normalize_data] [DEBUG]   After rescaling (min, q25, mean, q75, max): 0.0, 1.57047e-07, 2.35718e-07, 2.91658e-07, 7.515810125369171e-07
2016-06-16 13:37:38 [ol_normalize_data] [DEBUG] Filling NoData with zeros
2016-06-16 13:37:38 [ol_normalize_data] [DEBUG] Wrote raster data/processed/features_ol_normalized/provide/species_richness_vascular_plants/species_richness_vascular_plants.tif
2016-06-16 13:37:39 [ol_normalize_data] [INFO ]  [4/12] (OL) Normalizing dataset data/processed/features/provide/carbon_sequestration/carbon_sequestration.tif
2016-06-16 13:37:39 [ol_normalize_data] [DEBUG] Using internal NoData value -3.4e+38
2016-06-16 13:37:40 [ol_normalize_data] [DEBUG]  Before rescaling (min, q25, mean, q75, max): -266.0, -3.0, 23.878533559368, 47.0, 303.0
2016-06-16 13:37:41 [ol_normalize_data] [DEBUG]   After rescaling (min, q25, mean, q75, max): 0.0, 2.15265e-07, 2.37265e-07, 2.5619e-07, 4.657260035401123e-07
2016-06-16 13:37:41 [ol_normalize_data] [DEBUG] Filling NoData with zeros
2016-06-16 13:37:42 [ol_normalize_data] [DEBUG] Wrote raster data/processed/features_ol_normalized/provide/carbon_sequestration/carbon_sequestration.tif
2016-06-16 13:37:43 [ol_normalize_data] [INFO ]  [5/12] (OL) Normalizing dataset data/processed/features/provide/agrobiodiversity_species_richness/agrobiodiversity_species_richness.tif
2016-06-16 13:37:43 [ol_normalize_data] [DEBUG] Using internal NoData value -3.4e+38
2016-06-16 13:37:43 [ol_normalize_data] [DEBUG]  Before rescaling (min, q25, mean, q75, max): 0.0, 16.0, 34.299770253583, 44.0, 100.0
2016-06-16 13:37:45 [ol_normalize_data] [DEBUG]   After rescaling (min, q25, mean, q75, max): 0.0, 1.08704e-07, 2.33032e-07, 2.98935e-07, 6.793990223741275e-07
2016-06-16 13:37:45 [ol_normalize_data] [DEBUG] Filling NoData with zeros
2016-06-16 13:37:45 [ol_normalize_data] [DEBUG] Wrote raster data/processed/features_ol_normalized/provide/agrobiodiversity_species_richness/agrobiodiversity_species_richness.tif
2016-06-16 13:37:46 [ol_normalize_data] [INFO ]  [6/12] (OL) Normalizing dataset data/processed/features/provide/erosion_prevention/erosion_prevention.tif
2016-06-16 13:37:46 [ol_normalize_data] [DEBUG] Using internal NoData value -3.4e+38
2016-06-16 13:37:46 [ol_normalize_data] [DEBUG]  Before rescaling (min, q25, mean, q75, max): 0.0, 1.0, 100.098561664378, 240.0, 320.0
2016-06-16 13:37:48 [ol_normalize_data] [DEBUG]   After rescaling (min, q25, mean, q75, max): 0.0, 2.326e-09, 2.32861e-07, 5.58316e-07, 7.444210154972097e-07
2016-06-16 13:37:48 [ol_normalize_data] [DEBUG] Filling NoData with zeros
2016-06-16 13:37:48 [ol_normalize_data] [DEBUG] Wrote raster data/processed/features_ol_normalized/provide/erosion_prevention/erosion_prevention.tif
2016-06-16 13:37:49 [ol_normalize_data] [INFO ]  [7/12] (OL) Normalizing dataset data/processed/features/provide/nature_tourism/nature_tourism.tif
2016-06-16 13:37:49 [ol_normalize_data] [DEBUG] Using internal NoData value -3.4e+38
2016-06-16 13:37:49 [ol_normalize_data] [DEBUG]  Before rescaling (min, q25, mean, q75, max): 0.0, 2500.0, 3430.34330249208, 4166.0, 10000.0
2016-06-16 13:37:51 [ol_normalize_data] [DEBUG]   After rescaling (min, q25, mean, q75, max): 0.0, 1.70047e-07, 2.33328e-07, 2.83366e-07, 6.801880090279155e-07
2016-06-16 13:37:51 [ol_normalize_data] [DEBUG] Filling NoData with zeros
2016-06-16 13:37:51 [ol_normalize_data] [DEBUG] Wrote raster data/processed/features_ol_normalized/provide/nature_tourism/nature_tourism.tif
2016-06-16 13:37:52 [ol_normalize_data] [INFO ]  [8/12] (OL) Normalizing dataset data/processed/features/provide/pollination_flows/pollination_flows.tif
2016-06-16 13:37:52 [ol_normalize_data] [DEBUG] Using internal NoData value -3.4e+38
2016-06-16 13:37:52 [ol_normalize_data] [DEBUG]  Before rescaling (min, q25, mean, q75, max): 0.0, 13.0, 48.797544106061, 84.0, 100.0
2016-06-16 13:37:54 [ol_normalize_data] [DEBUG]   After rescaling (min, q25, mean, q75, max): 0.0, 2.11163e-07, 7.92632e-07, 1.364437e-06, 1.6243300251517212e-06
2016-06-16 13:37:54 [ol_normalize_data] [DEBUG] Filling NoData with zeros
2016-06-16 13:37:54 [ol_normalize_data] [DEBUG] Wrote raster data/processed/features_ol_normalized/provide/pollination_flows/pollination_flows.tif
2016-06-16 13:37:55 [ol_normalize_data] [INFO ]  [9/12] (OL) Normalizing dataset data/processed/features/provide/cultural_landscape_index_forest/cultural_landscape_index_forest.tif
2016-06-16 13:37:55 [ol_normalize_data] [DEBUG] Using internal NoData value -3.4e+38
2016-06-16 13:37:56 [ol_normalize_data] [DEBUG]  Before rescaling (min, q25, mean, q75, max): 0.0, 0.238334730268, 0.370285312395, 0.488213300705, 0.9917575716972351
2016-06-16 13:37:57 [ol_normalize_data] [DEBUG]   After rescaling (min, q25, mean, q75, max): 0.0, 4.91016e-07, 7.62861e-07, 1.005814e-06, 2.043213044089498e-06
2016-06-16 13:37:57 [ol_normalize_data] [DEBUG] Filling NoData with zeros
2016-06-16 13:37:58 [ol_normalize_data] [DEBUG] Wrote raster data/processed/features_ol_normalized/provide/cultural_landscape_index_forest/cultural_landscape_index_forest.tif
2016-06-16 13:37:58 [ol_normalize_data] [INFO ]  [10/12] (OL) Normalizing dataset data/processed/features/provide/megafauna/megafauna.tif
2016-06-16 13:37:58 [ol_normalize_data] [DEBUG] Using internal NoData value -3.4e+38
2016-06-16 13:37:59 [ol_normalize_data] [DEBUG]  Before rescaling (min, q25, mean, q75, max): 0.0, 1.0, 1.857924327717, 3.0, 7.0
2016-06-16 13:38:00 [ol_normalize_data] [DEBUG]   After rescaling (min, q25, mean, q75, max): 0.0, 1.2662e-07, 2.35251e-07, 3.79861e-07, 8.863430025485286e-07
2016-06-16 13:38:00 [ol_normalize_data] [DEBUG] Filling NoData with zeros
2016-06-16 13:38:00 [ol_normalize_data] [DEBUG] Wrote raster data/processed/features_ol_normalized/provide/megafauna/megafauna.tif
2016-06-16 13:38:01 [ol_normalize_data] [INFO ]  [11/12] (OL) Normalizing dataset data/processed/features/provide/floodregulation/floodregulation.tif
2016-06-16 13:38:01 [ol_normalize_data] [DEBUG] Using internal NoData value -3.4e+38
2016-06-16 13:38:02 [ol_normalize_data] [DEBUG]  Before rescaling (min, q25, mean, q75, max): 0.0, 0.083924204111, 0.34323542357, 0.515745997429, 1.0
2016-06-16 13:38:03 [ol_normalize_data] [DEBUG]   After rescaling (min, q25, mean, q75, max): 0.0, 5.7061e-08, 2.33371e-07, 3.50664e-07, 6.799160132686666e-07
2016-06-16 13:38:03 [ol_normalize_data] [DEBUG] Filling NoData with zeros
2016-06-16 13:38:03 [ol_normalize_data] [DEBUG] Wrote raster data/processed/features_ol_normalized/provide/floodregulation/floodregulation.tif
2016-06-16 13:38:04 [ol_normalize_data] [INFO ]  [12/12] (OL) Normalizing dataset data/processed/features/provide/species_richness_farmland_birds_original1/species_richness_farmland_birds_original1.tif
2016-06-16 13:38:04 [ol_normalize_data] [DEBUG] Using internal NoData value -3.4e+38
2016-06-16 13:38:05 [ol_normalize_data] [DEBUG]  Before rescaling (min, q25, mean, q75, max): 0.0, 3.0, 7.543629647536, 11.333333015442, 22.11111068725586
2016-06-16 13:38:06 [ol_normalize_data] [DEBUG]   After rescaling (min, q25, mean, q75, max): 0.0, 9.2886e-08, 2.33566e-07, 3.50904e-07, 6.846059932286153e-07
2016-06-16 13:38:06 [ol_normalize_data] [DEBUG] Filling NoData with zeros
2016-06-16 13:38:06 [ol_normalize_data] [DEBUG] Wrote raster data/processed/features_ol_normalized/provide/species_richness_farmland_birds_original1/species_richness_farmland_birds_original1.tif
