2016-07-22 14:32:31 [optimize_gurobi] [INFO ]  [1/7] Processing raster /home/jlehtoma/tmp/data/species1.tif
2016-07-22 14:32:31 [optimize_gurobi] [DEBUG]  [1/7] Reading in data and OL normalizing
2016-07-22 14:32:31 [optimize_gurobi] [DEBUG]  [1/7] Summing values
2016-07-22 14:32:31 [optimize_gurobi] [INFO ]  [2/7] Processing raster /home/jlehtoma/tmp/data/species2.tif
2016-07-22 14:32:31 [optimize_gurobi] [DEBUG]  [2/7] Reading in data and OL normalizing
2016-07-22 14:32:31 [optimize_gurobi] [DEBUG]  [2/7] Summing values
2016-07-22 14:32:31 [optimize_gurobi] [INFO ]  [3/7] Processing raster /home/jlehtoma/tmp/data/species3.tif
2016-07-22 14:32:31 [optimize_gurobi] [DEBUG]  [3/7] Reading in data and OL normalizing
2016-07-22 14:32:31 [optimize_gurobi] [DEBUG]  [3/7] Summing values
2016-07-22 14:32:31 [optimize_gurobi] [INFO ]  [4/7] Processing raster /home/jlehtoma/tmp/data/species4.tif
2016-07-22 14:32:31 [optimize_gurobi] [DEBUG]  [4/7] Reading in data and OL normalizing
2016-07-22 14:32:31 [optimize_gurobi] [DEBUG]  [4/7] Summing values
2016-07-22 14:32:31 [optimize_gurobi] [INFO ]  [5/7] Processing raster /home/jlehtoma/tmp/data/species5.tif
2016-07-22 14:32:31 [optimize_gurobi] [DEBUG]  [5/7] Reading in data and OL normalizing
2016-07-22 14:32:31 [optimize_gurobi] [DEBUG]  [5/7] Summing values
2016-07-22 14:32:31 [optimize_gurobi] [INFO ]  [6/7] Processing raster /home/jlehtoma/tmp/data/species6.tif
2016-07-22 14:32:31 [optimize_gurobi] [DEBUG]  [6/7] Reading in data and OL normalizing
2016-07-22 14:32:31 [optimize_gurobi] [DEBUG]  [6/7] Summing values
2016-07-22 14:32:31 [optimize_gurobi] [INFO ]  [7/7] Processing raster /home/jlehtoma/tmp/data/species7.tif
2016-07-22 14:32:31 [optimize_gurobi] [DEBUG]  [7/7] Reading in data and OL normalizing
2016-07-22 14:32:31 [optimize_gurobi] [DEBUG]  [7/7] Summing values
2016-07-22 14:32:31 [optimize_gurobi] [INFO ]  Optimizing with budget level 0.05...
2016-07-22 14:32:33 [optimize_gurobi] [INFO ]  Optimizing with budget level 0.1...
2016-07-22 14:32:35 [optimize_gurobi] [INFO ]  Optimizing with budget level 0.15...
2016-07-22 14:32:37 [optimize_gurobi] [INFO ]  Optimizing with budget level 0.2...
2016-07-22 14:32:39 [optimize_gurobi] [INFO ]  Optimizing with budget level 0.25...
2016-07-22 14:32:41 [optimize_gurobi] [INFO ]  Optimizing with budget level 0.3...
2016-07-22 14:32:43 [optimize_gurobi] [INFO ]  Optimizing with budget level 0.35...
2016-07-22 14:32:44 [optimize_gurobi] [INFO ]  Optimizing with budget level 0.39999999999999997...
2016-07-22 14:32:46 [optimize_gurobi] [INFO ]  Optimizing with budget level 0.44999999999999996...
2016-07-22 14:32:48 [optimize_gurobi] [INFO ]  Optimizing with budget level 0.49999999999999994...
2016-07-22 14:32:50 [optimize_gurobi] [INFO ]  Optimizing with budget level 0.5499999999999999...
2016-07-22 14:32:52 [optimize_gurobi] [INFO ]  Optimizing with budget level 0.6...
2016-07-22 14:32:54 [optimize_gurobi] [INFO ]  Optimizing with budget level 0.65...
2016-07-22 14:32:55 [optimize_gurobi] [INFO ]  Optimizing with budget level 0.7...
2016-07-22 14:32:57 [optimize_gurobi] [INFO ]  Optimizing with budget level 0.75...
2016-07-22 14:32:59 [optimize_gurobi] [INFO ]  Optimizing with budget level 0.7999999999999999...
2016-07-22 14:33:01 [optimize_gurobi] [INFO ]  Optimizing with budget level 0.85...
2016-07-22 14:33:02 [optimize_gurobi] [INFO ]  Optimizing with budget level 0.9...
2016-07-22 14:33:04 [optimize_gurobi] [INFO ]  Optimizing with budget level 0.95...
2016-07-22 14:33:06 [optimize_gurobi] [INFO ]  Ranking values (this can take a while...)
2016-07-22 14:33:06 [optimize_gurobi] [DEBUG]  Rescaling ranks
2016-07-22 14:33:06 [optimize_gurobi] [INFO ]  Writing output to /home/jlehtoma/tmp/ilp_results/ilp_prior.tif
