2017-07-19 11:58:54 [optimize_gurobi_all_weights] [INFO ]  [** PRE-PROCESSING **]
2017-07-19 11:58:55 [optimize_gurobi_all_weights] [INFO ]  [TIME] Pre-processing took 0.16 sec
2017-07-19 11:58:55 [optimize_gurobi_all_weights] [INFO ]  [** OPTIMIZING **]
2017-07-19 11:58:55 [optimize_gurobi_all_weights] [INFO ]  [NOTE] Target budget levels: 0.01, 0.02, 0.03, 0.04, 0.05, 0.06, 0.07, 0.08, 0.09, 0.1, 0.11, 0.12, 0.13, 0.14, 0.15, 0.16, 0.17, 0.18, 0.19, 0.2, 0.21, 0.22, 0.23, 0.24, 0.25, 0.26, 0.27, 0.28, 0.29, 0.3, 0.31, 0.32, 0.33, 0.34, 0.35, 0.36, 0.37, 0.38, 0.39, 0.4, 0.41, 0.42, 0.43, 0.44, 0.45, 0.46, 0.47, 0.48, 0.49, 0.5, 0.51, 0.52, 0.53, 0.54, 0.55, 0.56, 0.57, 0.58, 0.59, 0.6, 0.61, 0.62, 0.63, 0.64, 0.65, 0.66, 0.67, 0.68, 0.69, 0.7, 0.71, 0.72, 0.73, 0.74, 0.75, 0.76, 0.77, 0.78, 0.79, 0.8, 0.81, 0.82, 0.83, 0.84, 0.85, 0.86, 0.87, 0.88, 0.89, 0.9, 0.91, 0.92, 0.93, 0.94, 0.95, 0.96, 0.97, 0.98, 0.99, 1.0
2017-07-19 11:58:55 [optimize_gurobi_all_weights] [INFO ]  [1/100] Optimizing with fraction level 0.01...
2017-07-19 11:58:55 [optimize_gurobi_all_weights] [INFO ]  [INFO] Starting single-objective optimization
2017-07-19 11:59:18 [optimize_gurobi_all_weights] [DEBUG] See /data/priocomp/logs/gurobi.log for Gurobi log
2017-07-19 11:59:47 [optimize_gurobi_all_weights] [WARNI]  [WARN] Inconsistent raster profiles detected
2017-07-19 11:59:47 [optimize_gurobi_all_weights] [DEBUG]  Writing intermediate output to analyses/ILP/ilp_all_weights/budget_level_0_01.tif
2017-07-19 11:59:48 [optimize_gurobi_all_weights] [INFO ]  [2/100] Optimizing with fraction level 0.02...
2017-07-19 11:59:48 [optimize_gurobi_all_weights] [INFO ]  [INFO] Starting single-objective optimization
2017-07-19 12:00:14 [optimize_gurobi_all_weights] [DEBUG] See /data/priocomp/logs/gurobi.log for Gurobi log
2017-07-19 12:00:44 [optimize_gurobi_all_weights] [WARNI]  [WARN] Inconsistent raster profiles detected
2017-07-19 12:00:45 [optimize_gurobi_all_weights] [DEBUG]  Writing intermediate output to analyses/ILP/ilp_all_weights/budget_level_0_02.tif
2017-07-19 12:00:45 [optimize_gurobi_all_weights] [INFO ]  [3/100] Optimizing with fraction level 0.03...
2017-07-19 12:00:45 [optimize_gurobi_all_weights] [INFO ]  [INFO] Starting single-objective optimization
2017-07-19 12:01:10 [optimize_gurobi_all_weights] [DEBUG] See /data/priocomp/logs/gurobi.log for Gurobi log
2017-07-19 12:01:37 [optimize_gurobi_all_weights] [WARNI]  [WARN] Inconsistent raster profiles detected
2017-07-19 12:01:38 [optimize_gurobi_all_weights] [DEBUG]  Writing intermediate output to analyses/ILP/ilp_all_weights/budget_level_0_03.tif
2017-07-19 12:01:38 [optimize_gurobi_all_weights] [INFO ]  [4/100] Optimizing with fraction level 0.04...
2017-07-19 12:01:38 [optimize_gurobi_all_weights] [INFO ]  [INFO] Starting single-objective optimization
2017-07-19 12:02:04 [optimize_gurobi_all_weights] [DEBUG] See /data/priocomp/logs/gurobi.log for Gurobi log
2017-07-19 12:02:33 [optimize_gurobi_all_weights] [WARNI]  [WARN] Inconsistent raster profiles detected
2017-07-19 12:02:33 [optimize_gurobi_all_weights] [DEBUG]  Writing intermediate output to analyses/ILP/ilp_all_weights/budget_level_0_04.tif
2017-07-19 12:02:34 [optimize_gurobi_all_weights] [INFO ]  [5/100] Optimizing with fraction level 0.05...
2017-07-19 12:02:34 [optimize_gurobi_all_weights] [INFO ]  [INFO] Starting single-objective optimization
2017-07-19 12:02:58 [optimize_gurobi_all_weights] [DEBUG] See /data/priocomp/logs/gurobi.log for Gurobi log
2017-07-19 12:03:27 [optimize_gurobi_all_weights] [WARNI]  [WARN] Inconsistent raster profiles detected
2017-07-19 12:03:27 [optimize_gurobi_all_weights] [DEBUG]  Writing intermediate output to analyses/ILP/ilp_all_weights/budget_level_0_05.tif
2017-07-19 12:03:28 [optimize_gurobi_all_weights] [INFO ]  [6/100] Optimizing with fraction level 0.06...
2017-07-19 12:03:28 [optimize_gurobi_all_weights] [INFO ]  [INFO] Starting single-objective optimization
2017-07-19 12:03:51 [optimize_gurobi_all_weights] [DEBUG] See /data/priocomp/logs/gurobi.log for Gurobi log
2017-07-19 12:04:19 [optimize_gurobi_all_weights] [WARNI]  [WARN] Inconsistent raster profiles detected
2017-07-19 12:04:20 [optimize_gurobi_all_weights] [DEBUG]  Writing intermediate output to analyses/ILP/ilp_all_weights/budget_level_0_06.tif
2017-07-19 12:04:20 [optimize_gurobi_all_weights] [INFO ]  [7/100] Optimizing with fraction level 0.07...
2017-07-19 12:04:20 [optimize_gurobi_all_weights] [INFO ]  [INFO] Starting single-objective optimization
2017-07-19 12:04:43 [optimize_gurobi_all_weights] [DEBUG] See /data/priocomp/logs/gurobi.log for Gurobi log
2017-07-19 12:05:13 [optimize_gurobi_all_weights] [WARNI]  [WARN] Inconsistent raster profiles detected
2017-07-19 12:05:13 [optimize_gurobi_all_weights] [DEBUG]  Writing intermediate output to analyses/ILP/ilp_all_weights/budget_level_0_07.tif
2017-07-19 12:05:13 [optimize_gurobi_all_weights] [INFO ]  [8/100] Optimizing with fraction level 0.08...
2017-07-19 12:05:13 [optimize_gurobi_all_weights] [INFO ]  [INFO] Starting single-objective optimization
2017-07-19 12:05:38 [optimize_gurobi_all_weights] [DEBUG] See /data/priocomp/logs/gurobi.log for Gurobi log
2017-07-19 12:06:07 [optimize_gurobi_all_weights] [WARNI]  [WARN] Inconsistent raster profiles detected
2017-07-19 12:06:07 [optimize_gurobi_all_weights] [DEBUG]  Writing intermediate output to analyses/ILP/ilp_all_weights/budget_level_0_08.tif
2017-07-19 12:06:08 [optimize_gurobi_all_weights] [INFO ]  [9/100] Optimizing with fraction level 0.09...
2017-07-19 12:06:08 [optimize_gurobi_all_weights] [INFO ]  [INFO] Starting single-objective optimization
2017-07-19 12:06:32 [optimize_gurobi_all_weights] [DEBUG] See /data/priocomp/logs/gurobi.log for Gurobi log
2017-07-19 12:07:02 [optimize_gurobi_all_weights] [WARNI]  [WARN] Inconsistent raster profiles detected
2017-07-19 12:07:02 [optimize_gurobi_all_weights] [DEBUG]  Writing intermediate output to analyses/ILP/ilp_all_weights/budget_level_0_09.tif
2017-07-19 12:07:02 [optimize_gurobi_all_weights] [INFO ]  [10/100] Optimizing with fraction level 0.1...
2017-07-19 12:07:02 [optimize_gurobi_all_weights] [INFO ]  [INFO] Starting single-objective optimization
2017-07-19 12:07:28 [optimize_gurobi_all_weights] [DEBUG] See /data/priocomp/logs/gurobi.log for Gurobi log
2017-07-19 12:07:57 [optimize_gurobi_all_weights] [WARNI]  [WARN] Inconsistent raster profiles detected
2017-07-19 12:07:58 [optimize_gurobi_all_weights] [DEBUG]  Writing intermediate output to analyses/ILP/ilp_all_weights/budget_level_0_1.tif
2017-07-19 12:07:58 [optimize_gurobi_all_weights] [INFO ]  [11/100] Optimizing with fraction level 0.11...
2017-07-19 12:07:58 [optimize_gurobi_all_weights] [INFO ]  [INFO] Starting single-objective optimization
2017-07-19 12:08:24 [optimize_gurobi_all_weights] [DEBUG] See /data/priocomp/logs/gurobi.log for Gurobi log
2017-07-19 12:08:54 [optimize_gurobi_all_weights] [WARNI]  [WARN] Inconsistent raster profiles detected
2017-07-19 12:08:55 [optimize_gurobi_all_weights] [DEBUG]  Writing intermediate output to analyses/ILP/ilp_all_weights/budget_level_0_11.tif
2017-07-19 12:08:55 [optimize_gurobi_all_weights] [INFO ]  [12/100] Optimizing with fraction level 0.12...
2017-07-19 12:08:55 [optimize_gurobi_all_weights] [INFO ]  [INFO] Starting single-objective optimization
2017-07-19 12:09:20 [optimize_gurobi_all_weights] [DEBUG] See /data/priocomp/logs/gurobi.log for Gurobi log
2017-07-19 12:09:51 [optimize_gurobi_all_weights] [WARNI]  [WARN] Inconsistent raster profiles detected
2017-07-19 12:09:51 [optimize_gurobi_all_weights] [DEBUG]  Writing intermediate output to analyses/ILP/ilp_all_weights/budget_level_0_12.tif
2017-07-19 12:09:52 [optimize_gurobi_all_weights] [INFO ]  [13/100] Optimizing with fraction level 0.13...
2017-07-19 12:09:52 [optimize_gurobi_all_weights] [INFO ]  [INFO] Starting single-objective optimization
2017-07-19 12:10:18 [optimize_gurobi_all_weights] [DEBUG] See /data/priocomp/logs/gurobi.log for Gurobi log
2017-07-19 12:10:47 [optimize_gurobi_all_weights] [WARNI]  [WARN] Inconsistent raster profiles detected
2017-07-19 12:10:47 [optimize_gurobi_all_weights] [DEBUG]  Writing intermediate output to analyses/ILP/ilp_all_weights/budget_level_0_13.tif
2017-07-19 12:10:48 [optimize_gurobi_all_weights] [INFO ]  [14/100] Optimizing with fraction level 0.14...
2017-07-19 12:10:48 [optimize_gurobi_all_weights] [INFO ]  [INFO] Starting single-objective optimization
2017-07-19 12:11:12 [optimize_gurobi_all_weights] [DEBUG] See /data/priocomp/logs/gurobi.log for Gurobi log
2017-07-19 12:11:41 [optimize_gurobi_all_weights] [WARNI]  [WARN] Inconsistent raster profiles detected
2017-07-19 12:11:41 [optimize_gurobi_all_weights] [DEBUG]  Writing intermediate output to analyses/ILP/ilp_all_weights/budget_level_0_14.tif
2017-07-19 12:11:42 [optimize_gurobi_all_weights] [INFO ]  [15/100] Optimizing with fraction level 0.15...
2017-07-19 12:11:42 [optimize_gurobi_all_weights] [INFO ]  [INFO] Starting single-objective optimization
2017-07-19 12:12:04 [optimize_gurobi_all_weights] [DEBUG] See /data/priocomp/logs/gurobi.log for Gurobi log
2017-07-19 12:12:32 [optimize_gurobi_all_weights] [WARNI]  [WARN] Inconsistent raster profiles detected
2017-07-19 12:12:33 [optimize_gurobi_all_weights] [DEBUG]  Writing intermediate output to analyses/ILP/ilp_all_weights/budget_level_0_15.tif
2017-07-19 12:12:33 [optimize_gurobi_all_weights] [INFO ]  [16/100] Optimizing with fraction level 0.16...
2017-07-19 12:12:33 [optimize_gurobi_all_weights] [INFO ]  [INFO] Starting single-objective optimization
2017-07-19 12:12:56 [optimize_gurobi_all_weights] [DEBUG] See /data/priocomp/logs/gurobi.log for Gurobi log
2017-07-19 12:13:24 [optimize_gurobi_all_weights] [WARNI]  [WARN] Inconsistent raster profiles detected
2017-07-19 12:13:25 [optimize_gurobi_all_weights] [DEBUG]  Writing intermediate output to analyses/ILP/ilp_all_weights/budget_level_0_16.tif
2017-07-19 12:13:25 [optimize_gurobi_all_weights] [INFO ]  [17/100] Optimizing with fraction level 0.17...
2017-07-19 12:13:25 [optimize_gurobi_all_weights] [INFO ]  [INFO] Starting single-objective optimization
2017-07-19 12:13:47 [optimize_gurobi_all_weights] [DEBUG] See /data/priocomp/logs/gurobi.log for Gurobi log
2017-07-19 12:14:17 [optimize_gurobi_all_weights] [WARNI]  [WARN] Inconsistent raster profiles detected
2017-07-19 12:14:18 [optimize_gurobi_all_weights] [DEBUG]  Writing intermediate output to analyses/ILP/ilp_all_weights/budget_level_0_17.tif
2017-07-19 12:14:18 [optimize_gurobi_all_weights] [INFO ]  [18/100] Optimizing with fraction level 0.18...
2017-07-19 12:14:18 [optimize_gurobi_all_weights] [INFO ]  [INFO] Starting single-objective optimization
2017-07-19 12:14:40 [optimize_gurobi_all_weights] [DEBUG] See /data/priocomp/logs/gurobi.log for Gurobi log
2017-07-19 12:15:10 [optimize_gurobi_all_weights] [WARNI]  [WARN] Inconsistent raster profiles detected
2017-07-19 12:15:10 [optimize_gurobi_all_weights] [DEBUG]  Writing intermediate output to analyses/ILP/ilp_all_weights/budget_level_0_18.tif
2017-07-19 12:15:11 [optimize_gurobi_all_weights] [INFO ]  [19/100] Optimizing with fraction level 0.19...
2017-07-19 12:15:11 [optimize_gurobi_all_weights] [INFO ]  [INFO] Starting single-objective optimization
2017-07-19 12:15:35 [optimize_gurobi_all_weights] [DEBUG] See /data/priocomp/logs/gurobi.log for Gurobi log
2017-07-19 12:16:04 [optimize_gurobi_all_weights] [WARNI]  [WARN] Inconsistent raster profiles detected
2017-07-19 12:16:05 [optimize_gurobi_all_weights] [DEBUG]  Writing intermediate output to analyses/ILP/ilp_all_weights/budget_level_0_19.tif
2017-07-19 12:16:05 [optimize_gurobi_all_weights] [INFO ]  [20/100] Optimizing with fraction level 0.2...
2017-07-19 12:16:05 [optimize_gurobi_all_weights] [INFO ]  [INFO] Starting single-objective optimization
2017-07-19 12:16:31 [optimize_gurobi_all_weights] [DEBUG] See /data/priocomp/logs/gurobi.log for Gurobi log
2017-07-19 12:17:00 [optimize_gurobi_all_weights] [WARNI]  [WARN] Inconsistent raster profiles detected
2017-07-19 12:17:00 [optimize_gurobi_all_weights] [DEBUG]  Writing intermediate output to analyses/ILP/ilp_all_weights/budget_level_0_2.tif
2017-07-19 12:17:01 [optimize_gurobi_all_weights] [INFO ]  [21/100] Optimizing with fraction level 0.21...
2017-07-19 12:17:01 [optimize_gurobi_all_weights] [INFO ]  [INFO] Starting single-objective optimization
2017-07-19 12:17:25 [optimize_gurobi_all_weights] [DEBUG] See /data/priocomp/logs/gurobi.log for Gurobi log
2017-07-19 12:17:53 [optimize_gurobi_all_weights] [WARNI]  [WARN] Inconsistent raster profiles detected
2017-07-19 12:17:53 [optimize_gurobi_all_weights] [DEBUG]  Writing intermediate output to analyses/ILP/ilp_all_weights/budget_level_0_21.tif
2017-07-19 12:17:54 [optimize_gurobi_all_weights] [INFO ]  [22/100] Optimizing with fraction level 0.22...
2017-07-19 12:17:54 [optimize_gurobi_all_weights] [INFO ]  [INFO] Starting single-objective optimization
2017-07-19 12:18:18 [optimize_gurobi_all_weights] [DEBUG] See /data/priocomp/logs/gurobi.log for Gurobi log
2017-07-19 12:18:48 [optimize_gurobi_all_weights] [WARNI]  [WARN] Inconsistent raster profiles detected
2017-07-19 12:18:48 [optimize_gurobi_all_weights] [DEBUG]  Writing intermediate output to analyses/ILP/ilp_all_weights/budget_level_0_22.tif
2017-07-19 12:18:48 [optimize_gurobi_all_weights] [INFO ]  [23/100] Optimizing with fraction level 0.23...
2017-07-19 12:18:49 [optimize_gurobi_all_weights] [INFO ]  [INFO] Starting single-objective optimization
2017-07-19 12:19:13 [optimize_gurobi_all_weights] [DEBUG] See /data/priocomp/logs/gurobi.log for Gurobi log
2017-07-19 12:19:43 [optimize_gurobi_all_weights] [WARNI]  [WARN] Inconsistent raster profiles detected
2017-07-19 12:19:43 [optimize_gurobi_all_weights] [DEBUG]  Writing intermediate output to analyses/ILP/ilp_all_weights/budget_level_0_23.tif
2017-07-19 12:19:44 [optimize_gurobi_all_weights] [INFO ]  [24/100] Optimizing with fraction level 0.24...
2017-07-19 12:19:44 [optimize_gurobi_all_weights] [INFO ]  [INFO] Starting single-objective optimization
2017-07-19 12:20:08 [optimize_gurobi_all_weights] [DEBUG] See /data/priocomp/logs/gurobi.log for Gurobi log
2017-07-19 12:20:38 [optimize_gurobi_all_weights] [WARNI]  [WARN] Inconsistent raster profiles detected
2017-07-19 12:20:38 [optimize_gurobi_all_weights] [DEBUG]  Writing intermediate output to analyses/ILP/ilp_all_weights/budget_level_0_24.tif
2017-07-19 12:20:39 [optimize_gurobi_all_weights] [INFO ]  [25/100] Optimizing with fraction level 0.25...
2017-07-19 12:20:39 [optimize_gurobi_all_weights] [INFO ]  [INFO] Starting single-objective optimization
2017-07-19 12:21:04 [optimize_gurobi_all_weights] [DEBUG] See /data/priocomp/logs/gurobi.log for Gurobi log
2017-07-19 12:21:33 [optimize_gurobi_all_weights] [WARNI]  [WARN] Inconsistent raster profiles detected
2017-07-19 12:21:33 [optimize_gurobi_all_weights] [DEBUG]  Writing intermediate output to analyses/ILP/ilp_all_weights/budget_level_0_25.tif
2017-07-19 12:21:34 [optimize_gurobi_all_weights] [INFO ]  [26/100] Optimizing with fraction level 0.26...
2017-07-19 12:21:34 [optimize_gurobi_all_weights] [INFO ]  [INFO] Starting single-objective optimization
2017-07-19 12:21:59 [optimize_gurobi_all_weights] [DEBUG] See /data/priocomp/logs/gurobi.log for Gurobi log
2017-07-19 12:22:29 [optimize_gurobi_all_weights] [WARNI]  [WARN] Inconsistent raster profiles detected
2017-07-19 12:22:29 [optimize_gurobi_all_weights] [DEBUG]  Writing intermediate output to analyses/ILP/ilp_all_weights/budget_level_0_26.tif
2017-07-19 12:22:30 [optimize_gurobi_all_weights] [INFO ]  [27/100] Optimizing with fraction level 0.27...
2017-07-19 12:22:30 [optimize_gurobi_all_weights] [INFO ]  [INFO] Starting single-objective optimization
2017-07-19 12:22:53 [optimize_gurobi_all_weights] [DEBUG] See /data/priocomp/logs/gurobi.log for Gurobi log
2017-07-19 12:23:24 [optimize_gurobi_all_weights] [WARNI]  [WARN] Inconsistent raster profiles detected
2017-07-19 12:23:24 [optimize_gurobi_all_weights] [DEBUG]  Writing intermediate output to analyses/ILP/ilp_all_weights/budget_level_0_27.tif
2017-07-19 12:23:25 [optimize_gurobi_all_weights] [INFO ]  [28/100] Optimizing with fraction level 0.28...
2017-07-19 12:23:25 [optimize_gurobi_all_weights] [INFO ]  [INFO] Starting single-objective optimization
2017-07-19 12:23:49 [optimize_gurobi_all_weights] [DEBUG] See /data/priocomp/logs/gurobi.log for Gurobi log
2017-07-19 12:24:20 [optimize_gurobi_all_weights] [WARNI]  [WARN] Inconsistent raster profiles detected
2017-07-19 12:24:20 [optimize_gurobi_all_weights] [DEBUG]  Writing intermediate output to analyses/ILP/ilp_all_weights/budget_level_0_28.tif
2017-07-19 12:24:21 [optimize_gurobi_all_weights] [INFO ]  [29/100] Optimizing with fraction level 0.29...
2017-07-19 12:24:21 [optimize_gurobi_all_weights] [INFO ]  [INFO] Starting single-objective optimization
2017-07-19 12:24:45 [optimize_gurobi_all_weights] [DEBUG] See /data/priocomp/logs/gurobi.log for Gurobi log
2017-07-19 12:25:15 [optimize_gurobi_all_weights] [WARNI]  [WARN] Inconsistent raster profiles detected
2017-07-19 12:25:15 [optimize_gurobi_all_weights] [DEBUG]  Writing intermediate output to analyses/ILP/ilp_all_weights/budget_level_0_29.tif
2017-07-19 12:25:16 [optimize_gurobi_all_weights] [INFO ]  [30/100] Optimizing with fraction level 0.3...
2017-07-19 12:25:16 [optimize_gurobi_all_weights] [INFO ]  [INFO] Starting single-objective optimization
2017-07-19 12:25:41 [optimize_gurobi_all_weights] [DEBUG] See /data/priocomp/logs/gurobi.log for Gurobi log
2017-07-19 12:26:11 [optimize_gurobi_all_weights] [WARNI]  [WARN] Inconsistent raster profiles detected
2017-07-19 12:26:12 [optimize_gurobi_all_weights] [DEBUG]  Writing intermediate output to analyses/ILP/ilp_all_weights/budget_level_0_3.tif
2017-07-19 12:26:12 [optimize_gurobi_all_weights] [INFO ]  [31/100] Optimizing with fraction level 0.31...
2017-07-19 12:26:12 [optimize_gurobi_all_weights] [INFO ]  [INFO] Starting single-objective optimization
2017-07-19 12:26:36 [optimize_gurobi_all_weights] [DEBUG] See /data/priocomp/logs/gurobi.log for Gurobi log
2017-07-19 12:27:05 [optimize_gurobi_all_weights] [WARNI]  [WARN] Inconsistent raster profiles detected
2017-07-19 12:27:06 [optimize_gurobi_all_weights] [DEBUG]  Writing intermediate output to analyses/ILP/ilp_all_weights/budget_level_0_31.tif
2017-07-19 12:27:06 [optimize_gurobi_all_weights] [INFO ]  [32/100] Optimizing with fraction level 0.32...
2017-07-19 12:27:07 [optimize_gurobi_all_weights] [INFO ]  [INFO] Starting single-objective optimization
2017-07-19 12:27:32 [optimize_gurobi_all_weights] [DEBUG] See /data/priocomp/logs/gurobi.log for Gurobi log
2017-07-19 12:28:00 [optimize_gurobi_all_weights] [WARNI]  [WARN] Inconsistent raster profiles detected
2017-07-19 12:28:01 [optimize_gurobi_all_weights] [DEBUG]  Writing intermediate output to analyses/ILP/ilp_all_weights/budget_level_0_32.tif
2017-07-19 12:28:01 [optimize_gurobi_all_weights] [INFO ]  [33/100] Optimizing with fraction level 0.33...
2017-07-19 12:28:01 [optimize_gurobi_all_weights] [INFO ]  [INFO] Starting single-objective optimization
2017-07-19 12:28:24 [optimize_gurobi_all_weights] [DEBUG] See /data/priocomp/logs/gurobi.log for Gurobi log
2017-07-19 12:28:55 [optimize_gurobi_all_weights] [WARNI]  [WARN] Inconsistent raster profiles detected
2017-07-19 12:28:55 [optimize_gurobi_all_weights] [DEBUG]  Writing intermediate output to analyses/ILP/ilp_all_weights/budget_level_0_33.tif
2017-07-19 12:28:56 [optimize_gurobi_all_weights] [INFO ]  [34/100] Optimizing with fraction level 0.34...
2017-07-19 12:28:56 [optimize_gurobi_all_weights] [INFO ]  [INFO] Starting single-objective optimization
2017-07-19 12:29:18 [optimize_gurobi_all_weights] [DEBUG] See /data/priocomp/logs/gurobi.log for Gurobi log
2017-07-19 12:29:48 [optimize_gurobi_all_weights] [WARNI]  [WARN] Inconsistent raster profiles detected
2017-07-19 12:29:49 [optimize_gurobi_all_weights] [DEBUG]  Writing intermediate output to analyses/ILP/ilp_all_weights/budget_level_0_34.tif
2017-07-19 12:29:49 [optimize_gurobi_all_weights] [INFO ]  [35/100] Optimizing with fraction level 0.35...
2017-07-19 12:29:49 [optimize_gurobi_all_weights] [INFO ]  [INFO] Starting single-objective optimization
2017-07-19 12:30:15 [optimize_gurobi_all_weights] [DEBUG] See /data/priocomp/logs/gurobi.log for Gurobi log
2017-07-19 12:30:45 [optimize_gurobi_all_weights] [WARNI]  [WARN] Inconsistent raster profiles detected
2017-07-19 12:30:46 [optimize_gurobi_all_weights] [DEBUG]  Writing intermediate output to analyses/ILP/ilp_all_weights/budget_level_0_35.tif
2017-07-19 12:30:46 [optimize_gurobi_all_weights] [INFO ]  [36/100] Optimizing with fraction level 0.36...
2017-07-19 12:30:46 [optimize_gurobi_all_weights] [INFO ]  [INFO] Starting single-objective optimization
2017-07-19 12:31:12 [optimize_gurobi_all_weights] [DEBUG] See /data/priocomp/logs/gurobi.log for Gurobi log
2017-07-19 12:31:42 [optimize_gurobi_all_weights] [WARNI]  [WARN] Inconsistent raster profiles detected
2017-07-19 12:31:43 [optimize_gurobi_all_weights] [DEBUG]  Writing intermediate output to analyses/ILP/ilp_all_weights/budget_level_0_36.tif
2017-07-19 12:31:43 [optimize_gurobi_all_weights] [INFO ]  [37/100] Optimizing with fraction level 0.37...
2017-07-19 12:31:43 [optimize_gurobi_all_weights] [INFO ]  [INFO] Starting single-objective optimization
2017-07-19 12:32:08 [optimize_gurobi_all_weights] [DEBUG] See /data/priocomp/logs/gurobi.log for Gurobi log
2017-07-19 12:32:37 [optimize_gurobi_all_weights] [WARNI]  [WARN] Inconsistent raster profiles detected
2017-07-19 12:32:37 [optimize_gurobi_all_weights] [DEBUG]  Writing intermediate output to analyses/ILP/ilp_all_weights/budget_level_0_37.tif
2017-07-19 12:32:38 [optimize_gurobi_all_weights] [INFO ]  [38/100] Optimizing with fraction level 0.38...
2017-07-19 12:32:38 [optimize_gurobi_all_weights] [INFO ]  [INFO] Starting single-objective optimization
2017-07-19 12:33:00 [optimize_gurobi_all_weights] [DEBUG] See /data/priocomp/logs/gurobi.log for Gurobi log
2017-07-19 12:33:30 [optimize_gurobi_all_weights] [WARNI]  [WARN] Inconsistent raster profiles detected
2017-07-19 12:33:31 [optimize_gurobi_all_weights] [DEBUG]  Writing intermediate output to analyses/ILP/ilp_all_weights/budget_level_0_38.tif
2017-07-19 12:33:31 [optimize_gurobi_all_weights] [INFO ]  [39/100] Optimizing with fraction level 0.39...
2017-07-19 12:33:31 [optimize_gurobi_all_weights] [INFO ]  [INFO] Starting single-objective optimization
2017-07-19 12:33:55 [optimize_gurobi_all_weights] [DEBUG] See /data/priocomp/logs/gurobi.log for Gurobi log
2017-07-19 12:34:25 [optimize_gurobi_all_weights] [WARNI]  [WARN] Inconsistent raster profiles detected
2017-07-19 12:34:26 [optimize_gurobi_all_weights] [DEBUG]  Writing intermediate output to analyses/ILP/ilp_all_weights/budget_level_0_39.tif
2017-07-19 12:34:27 [optimize_gurobi_all_weights] [INFO ]  [40/100] Optimizing with fraction level 0.4...
2017-07-19 12:34:27 [optimize_gurobi_all_weights] [INFO ]  [INFO] Starting single-objective optimization
2017-07-19 12:34:51 [optimize_gurobi_all_weights] [DEBUG] See /data/priocomp/logs/gurobi.log for Gurobi log
2017-07-19 12:35:19 [optimize_gurobi_all_weights] [WARNI]  [WARN] Inconsistent raster profiles detected
2017-07-19 12:35:20 [optimize_gurobi_all_weights] [DEBUG]  Writing intermediate output to analyses/ILP/ilp_all_weights/budget_level_0_4.tif
2017-07-19 12:35:21 [optimize_gurobi_all_weights] [INFO ]  [41/100] Optimizing with fraction level 0.41...
2017-07-19 12:35:21 [optimize_gurobi_all_weights] [INFO ]  [INFO] Starting single-objective optimization
2017-07-19 12:35:45 [optimize_gurobi_all_weights] [DEBUG] See /data/priocomp/logs/gurobi.log for Gurobi log
2017-07-19 12:36:15 [optimize_gurobi_all_weights] [WARNI]  [WARN] Inconsistent raster profiles detected
2017-07-19 12:36:15 [optimize_gurobi_all_weights] [DEBUG]  Writing intermediate output to analyses/ILP/ilp_all_weights/budget_level_0_41.tif
2017-07-19 12:36:16 [optimize_gurobi_all_weights] [INFO ]  [42/100] Optimizing with fraction level 0.42...
2017-07-19 12:36:16 [optimize_gurobi_all_weights] [INFO ]  [INFO] Starting single-objective optimization
2017-07-19 12:36:40 [optimize_gurobi_all_weights] [DEBUG] See /data/priocomp/logs/gurobi.log for Gurobi log
2017-07-19 12:37:09 [optimize_gurobi_all_weights] [WARNI]  [WARN] Inconsistent raster profiles detected
2017-07-19 12:37:09 [optimize_gurobi_all_weights] [DEBUG]  Writing intermediate output to analyses/ILP/ilp_all_weights/budget_level_0_42.tif
2017-07-19 12:37:10 [optimize_gurobi_all_weights] [INFO ]  [43/100] Optimizing with fraction level 0.43...
2017-07-19 12:37:10 [optimize_gurobi_all_weights] [INFO ]  [INFO] Starting single-objective optimization
2017-07-19 12:37:34 [optimize_gurobi_all_weights] [DEBUG] See /data/priocomp/logs/gurobi.log for Gurobi log
2017-07-19 12:38:03 [optimize_gurobi_all_weights] [WARNI]  [WARN] Inconsistent raster profiles detected
2017-07-19 12:38:03 [optimize_gurobi_all_weights] [DEBUG]  Writing intermediate output to analyses/ILP/ilp_all_weights/budget_level_0_43.tif
2017-07-19 12:38:04 [optimize_gurobi_all_weights] [INFO ]  [44/100] Optimizing with fraction level 0.44...
2017-07-19 12:38:04 [optimize_gurobi_all_weights] [INFO ]  [INFO] Starting single-objective optimization
2017-07-19 12:38:27 [optimize_gurobi_all_weights] [DEBUG] See /data/priocomp/logs/gurobi.log for Gurobi log
2017-07-19 12:38:55 [optimize_gurobi_all_weights] [WARNI]  [WARN] Inconsistent raster profiles detected
2017-07-19 12:38:55 [optimize_gurobi_all_weights] [DEBUG]  Writing intermediate output to analyses/ILP/ilp_all_weights/budget_level_0_44.tif
2017-07-19 12:38:56 [optimize_gurobi_all_weights] [INFO ]  [45/100] Optimizing with fraction level 0.45...
2017-07-19 12:38:56 [optimize_gurobi_all_weights] [INFO ]  [INFO] Starting single-objective optimization
2017-07-19 12:39:21 [optimize_gurobi_all_weights] [DEBUG] See /data/priocomp/logs/gurobi.log for Gurobi log
2017-07-19 12:39:50 [optimize_gurobi_all_weights] [WARNI]  [WARN] Inconsistent raster profiles detected
2017-07-19 12:39:50 [optimize_gurobi_all_weights] [DEBUG]  Writing intermediate output to analyses/ILP/ilp_all_weights/budget_level_0_45.tif
2017-07-19 12:39:51 [optimize_gurobi_all_weights] [INFO ]  [46/100] Optimizing with fraction level 0.46...
2017-07-19 12:39:51 [optimize_gurobi_all_weights] [INFO ]  [INFO] Starting single-objective optimization
2017-07-19 12:40:16 [optimize_gurobi_all_weights] [DEBUG] See /data/priocomp/logs/gurobi.log for Gurobi log
2017-07-19 12:40:44 [optimize_gurobi_all_weights] [WARNI]  [WARN] Inconsistent raster profiles detected
2017-07-19 12:40:44 [optimize_gurobi_all_weights] [DEBUG]  Writing intermediate output to analyses/ILP/ilp_all_weights/budget_level_0_46.tif
2017-07-19 12:40:45 [optimize_gurobi_all_weights] [INFO ]  [47/100] Optimizing with fraction level 0.47...
2017-07-19 12:40:45 [optimize_gurobi_all_weights] [INFO ]  [INFO] Starting single-objective optimization
2017-07-19 12:41:09 [optimize_gurobi_all_weights] [DEBUG] See /data/priocomp/logs/gurobi.log for Gurobi log
2017-07-19 12:41:37 [optimize_gurobi_all_weights] [WARNI]  [WARN] Inconsistent raster profiles detected
2017-07-19 12:41:38 [optimize_gurobi_all_weights] [DEBUG]  Writing intermediate output to analyses/ILP/ilp_all_weights/budget_level_0_47.tif
2017-07-19 12:41:38 [optimize_gurobi_all_weights] [INFO ]  [48/100] Optimizing with fraction level 0.48...
2017-07-19 12:41:38 [optimize_gurobi_all_weights] [INFO ]  [INFO] Starting single-objective optimization
2017-07-19 12:42:02 [optimize_gurobi_all_weights] [DEBUG] See /data/priocomp/logs/gurobi.log for Gurobi log
2017-07-19 12:42:32 [optimize_gurobi_all_weights] [WARNI]  [WARN] Inconsistent raster profiles detected
2017-07-19 12:42:32 [optimize_gurobi_all_weights] [DEBUG]  Writing intermediate output to analyses/ILP/ilp_all_weights/budget_level_0_48.tif
2017-07-19 12:42:33 [optimize_gurobi_all_weights] [INFO ]  [49/100] Optimizing with fraction level 0.49...
2017-07-19 12:42:33 [optimize_gurobi_all_weights] [INFO ]  [INFO] Starting single-objective optimization
2017-07-19 12:42:58 [optimize_gurobi_all_weights] [DEBUG] See /data/priocomp/logs/gurobi.log for Gurobi log
2017-07-19 12:43:28 [optimize_gurobi_all_weights] [WARNI]  [WARN] Inconsistent raster profiles detected
2017-07-19 12:43:28 [optimize_gurobi_all_weights] [DEBUG]  Writing intermediate output to analyses/ILP/ilp_all_weights/budget_level_0_49.tif
2017-07-19 12:43:29 [optimize_gurobi_all_weights] [INFO ]  [50/100] Optimizing with fraction level 0.5...
2017-07-19 12:43:29 [optimize_gurobi_all_weights] [INFO ]  [INFO] Starting single-objective optimization
2017-07-19 12:43:54 [optimize_gurobi_all_weights] [DEBUG] See /data/priocomp/logs/gurobi.log for Gurobi log
2017-07-19 12:44:23 [optimize_gurobi_all_weights] [WARNI]  [WARN] Inconsistent raster profiles detected
2017-07-19 12:44:23 [optimize_gurobi_all_weights] [DEBUG]  Writing intermediate output to analyses/ILP/ilp_all_weights/budget_level_0_5.tif
2017-07-19 12:44:24 [optimize_gurobi_all_weights] [INFO ]  [51/100] Optimizing with fraction level 0.51...
2017-07-19 12:44:24 [optimize_gurobi_all_weights] [INFO ]  [INFO] Starting single-objective optimization
2017-07-19 12:44:48 [optimize_gurobi_all_weights] [DEBUG] See /data/priocomp/logs/gurobi.log for Gurobi log
2017-07-19 12:45:15 [optimize_gurobi_all_weights] [WARNI]  [WARN] Inconsistent raster profiles detected
2017-07-19 12:45:16 [optimize_gurobi_all_weights] [DEBUG]  Writing intermediate output to analyses/ILP/ilp_all_weights/budget_level_0_51.tif
2017-07-19 12:45:16 [optimize_gurobi_all_weights] [INFO ]  [52/100] Optimizing with fraction level 0.52...
2017-07-19 12:45:16 [optimize_gurobi_all_weights] [INFO ]  [INFO] Starting single-objective optimization
2017-07-19 12:45:40 [optimize_gurobi_all_weights] [DEBUG] See /data/priocomp/logs/gurobi.log for Gurobi log
2017-07-19 12:46:08 [optimize_gurobi_all_weights] [WARNI]  [WARN] Inconsistent raster profiles detected
2017-07-19 12:46:09 [optimize_gurobi_all_weights] [DEBUG]  Writing intermediate output to analyses/ILP/ilp_all_weights/budget_level_0_52.tif
2017-07-19 12:46:09 [optimize_gurobi_all_weights] [INFO ]  [53/100] Optimizing with fraction level 0.53...
2017-07-19 12:46:09 [optimize_gurobi_all_weights] [INFO ]  [INFO] Starting single-objective optimization
2017-07-19 12:46:35 [optimize_gurobi_all_weights] [DEBUG] See /data/priocomp/logs/gurobi.log for Gurobi log
2017-07-19 12:47:05 [optimize_gurobi_all_weights] [WARNI]  [WARN] Inconsistent raster profiles detected
2017-07-19 12:47:05 [optimize_gurobi_all_weights] [DEBUG]  Writing intermediate output to analyses/ILP/ilp_all_weights/budget_level_0_53.tif
2017-07-19 12:47:06 [optimize_gurobi_all_weights] [INFO ]  [54/100] Optimizing with fraction level 0.54...
2017-07-19 12:47:06 [optimize_gurobi_all_weights] [INFO ]  [INFO] Starting single-objective optimization
2017-07-19 12:47:29 [optimize_gurobi_all_weights] [DEBUG] See /data/priocomp/logs/gurobi.log for Gurobi log
2017-07-19 12:48:00 [optimize_gurobi_all_weights] [WARNI]  [WARN] Inconsistent raster profiles detected
2017-07-19 12:48:00 [optimize_gurobi_all_weights] [DEBUG]  Writing intermediate output to analyses/ILP/ilp_all_weights/budget_level_0_54.tif
2017-07-19 12:48:01 [optimize_gurobi_all_weights] [INFO ]  [55/100] Optimizing with fraction level 0.55...
2017-07-19 12:48:01 [optimize_gurobi_all_weights] [INFO ]  [INFO] Starting single-objective optimization
2017-07-19 12:48:23 [optimize_gurobi_all_weights] [DEBUG] See /data/priocomp/logs/gurobi.log for Gurobi log
2017-07-19 12:48:52 [optimize_gurobi_all_weights] [WARNI]  [WARN] Inconsistent raster profiles detected
2017-07-19 12:48:53 [optimize_gurobi_all_weights] [DEBUG]  Writing intermediate output to analyses/ILP/ilp_all_weights/budget_level_0_55.tif
2017-07-19 12:48:53 [optimize_gurobi_all_weights] [INFO ]  [56/100] Optimizing with fraction level 0.56...
2017-07-19 12:48:53 [optimize_gurobi_all_weights] [INFO ]  [INFO] Starting single-objective optimization
2017-07-19 12:49:17 [optimize_gurobi_all_weights] [DEBUG] See /data/priocomp/logs/gurobi.log for Gurobi log
2017-07-19 12:49:46 [optimize_gurobi_all_weights] [WARNI]  [WARN] Inconsistent raster profiles detected
2017-07-19 12:49:46 [optimize_gurobi_all_weights] [DEBUG]  Writing intermediate output to analyses/ILP/ilp_all_weights/budget_level_0_56.tif
2017-07-19 12:49:47 [optimize_gurobi_all_weights] [INFO ]  [57/100] Optimizing with fraction level 0.57...
2017-07-19 12:49:47 [optimize_gurobi_all_weights] [INFO ]  [INFO] Starting single-objective optimization
2017-07-19 12:50:11 [optimize_gurobi_all_weights] [DEBUG] See /data/priocomp/logs/gurobi.log for Gurobi log
2017-07-19 12:50:40 [optimize_gurobi_all_weights] [WARNI]  [WARN] Inconsistent raster profiles detected
2017-07-19 12:50:40 [optimize_gurobi_all_weights] [DEBUG]  Writing intermediate output to analyses/ILP/ilp_all_weights/budget_level_0_57.tif
2017-07-19 12:50:41 [optimize_gurobi_all_weights] [INFO ]  [58/100] Optimizing with fraction level 0.58...
2017-07-19 12:50:41 [optimize_gurobi_all_weights] [INFO ]  [INFO] Starting single-objective optimization
2017-07-19 12:51:07 [optimize_gurobi_all_weights] [DEBUG] See /data/priocomp/logs/gurobi.log for Gurobi log
2017-07-19 12:51:38 [optimize_gurobi_all_weights] [WARNI]  [WARN] Inconsistent raster profiles detected
2017-07-19 12:51:39 [optimize_gurobi_all_weights] [DEBUG]  Writing intermediate output to analyses/ILP/ilp_all_weights/budget_level_0_58.tif
2017-07-19 12:51:40 [optimize_gurobi_all_weights] [INFO ]  [59/100] Optimizing with fraction level 0.59...
2017-07-19 12:51:40 [optimize_gurobi_all_weights] [INFO ]  [INFO] Starting single-objective optimization
2017-07-19 12:52:01 [optimize_gurobi_all_weights] [DEBUG] See /data/priocomp/logs/gurobi.log for Gurobi log
2017-07-19 12:52:30 [optimize_gurobi_all_weights] [WARNI]  [WARN] Inconsistent raster profiles detected
2017-07-19 12:52:31 [optimize_gurobi_all_weights] [DEBUG]  Writing intermediate output to analyses/ILP/ilp_all_weights/budget_level_0_59.tif
2017-07-19 12:52:31 [optimize_gurobi_all_weights] [INFO ]  [60/100] Optimizing with fraction level 0.6...
2017-07-19 12:52:31 [optimize_gurobi_all_weights] [INFO ]  [INFO] Starting single-objective optimization
2017-07-19 12:52:54 [optimize_gurobi_all_weights] [DEBUG] See /data/priocomp/logs/gurobi.log for Gurobi log
2017-07-19 12:53:22 [optimize_gurobi_all_weights] [WARNI]  [WARN] Inconsistent raster profiles detected
2017-07-19 12:53:22 [optimize_gurobi_all_weights] [DEBUG]  Writing intermediate output to analyses/ILP/ilp_all_weights/budget_level_0_6.tif
2017-07-19 12:53:23 [optimize_gurobi_all_weights] [INFO ]  [61/100] Optimizing with fraction level 0.61...
2017-07-19 12:53:23 [optimize_gurobi_all_weights] [INFO ]  [INFO] Starting single-objective optimization
2017-07-19 12:53:47 [optimize_gurobi_all_weights] [DEBUG] See /data/priocomp/logs/gurobi.log for Gurobi log
2017-07-19 12:54:15 [optimize_gurobi_all_weights] [WARNI]  [WARN] Inconsistent raster profiles detected
2017-07-19 12:54:16 [optimize_gurobi_all_weights] [DEBUG]  Writing intermediate output to analyses/ILP/ilp_all_weights/budget_level_0_61.tif
2017-07-19 12:54:16 [optimize_gurobi_all_weights] [INFO ]  [62/100] Optimizing with fraction level 0.62...
2017-07-19 12:54:16 [optimize_gurobi_all_weights] [INFO ]  [INFO] Starting single-objective optimization
2017-07-19 12:54:40 [optimize_gurobi_all_weights] [DEBUG] See /data/priocomp/logs/gurobi.log for Gurobi log
2017-07-19 12:55:10 [optimize_gurobi_all_weights] [WARNI]  [WARN] Inconsistent raster profiles detected
2017-07-19 12:55:11 [optimize_gurobi_all_weights] [DEBUG]  Writing intermediate output to analyses/ILP/ilp_all_weights/budget_level_0_62.tif
2017-07-19 12:55:12 [optimize_gurobi_all_weights] [INFO ]  [63/100] Optimizing with fraction level 0.63...
2017-07-19 12:55:12 [optimize_gurobi_all_weights] [INFO ]  [INFO] Starting single-objective optimization
2017-07-19 12:55:36 [optimize_gurobi_all_weights] [DEBUG] See /data/priocomp/logs/gurobi.log for Gurobi log
2017-07-19 12:56:05 [optimize_gurobi_all_weights] [WARNI]  [WARN] Inconsistent raster profiles detected
2017-07-19 12:56:05 [optimize_gurobi_all_weights] [DEBUG]  Writing intermediate output to analyses/ILP/ilp_all_weights/budget_level_0_63.tif
2017-07-19 12:56:06 [optimize_gurobi_all_weights] [INFO ]  [64/100] Optimizing with fraction level 0.64...
2017-07-19 12:56:06 [optimize_gurobi_all_weights] [INFO ]  [INFO] Starting single-objective optimization
2017-07-19 12:56:29 [optimize_gurobi_all_weights] [DEBUG] See /data/priocomp/logs/gurobi.log for Gurobi log
2017-07-19 12:57:01 [optimize_gurobi_all_weights] [WARNI]  [WARN] Inconsistent raster profiles detected
2017-07-19 12:57:01 [optimize_gurobi_all_weights] [DEBUG]  Writing intermediate output to analyses/ILP/ilp_all_weights/budget_level_0_64.tif
2017-07-19 12:57:02 [optimize_gurobi_all_weights] [INFO ]  [65/100] Optimizing with fraction level 0.65...
2017-07-19 12:57:02 [optimize_gurobi_all_weights] [INFO ]  [INFO] Starting single-objective optimization
2017-07-19 12:57:25 [optimize_gurobi_all_weights] [DEBUG] See /data/priocomp/logs/gurobi.log for Gurobi log
2017-07-19 12:57:54 [optimize_gurobi_all_weights] [WARNI]  [WARN] Inconsistent raster profiles detected
2017-07-19 12:57:54 [optimize_gurobi_all_weights] [DEBUG]  Writing intermediate output to analyses/ILP/ilp_all_weights/budget_level_0_65.tif
2017-07-19 12:57:55 [optimize_gurobi_all_weights] [INFO ]  [66/100] Optimizing with fraction level 0.66...
2017-07-19 12:57:55 [optimize_gurobi_all_weights] [INFO ]  [INFO] Starting single-objective optimization
2017-07-19 12:58:19 [optimize_gurobi_all_weights] [DEBUG] See /data/priocomp/logs/gurobi.log for Gurobi log
2017-07-19 12:58:50 [optimize_gurobi_all_weights] [WARNI]  [WARN] Inconsistent raster profiles detected
2017-07-19 12:58:50 [optimize_gurobi_all_weights] [DEBUG]  Writing intermediate output to analyses/ILP/ilp_all_weights/budget_level_0_66.tif
2017-07-19 12:58:51 [optimize_gurobi_all_weights] [INFO ]  [67/100] Optimizing with fraction level 0.67...
2017-07-19 12:58:51 [optimize_gurobi_all_weights] [INFO ]  [INFO] Starting single-objective optimization
2017-07-19 12:59:15 [optimize_gurobi_all_weights] [DEBUG] See /data/priocomp/logs/gurobi.log for Gurobi log
2017-07-19 12:59:43 [optimize_gurobi_all_weights] [WARNI]  [WARN] Inconsistent raster profiles detected
2017-07-19 12:59:43 [optimize_gurobi_all_weights] [DEBUG]  Writing intermediate output to analyses/ILP/ilp_all_weights/budget_level_0_67.tif
2017-07-19 12:59:44 [optimize_gurobi_all_weights] [INFO ]  [68/100] Optimizing with fraction level 0.68...
2017-07-19 12:59:44 [optimize_gurobi_all_weights] [INFO ]  [INFO] Starting single-objective optimization
2017-07-19 13:00:10 [optimize_gurobi_all_weights] [DEBUG] See /data/priocomp/logs/gurobi.log for Gurobi log
2017-07-19 13:00:38 [optimize_gurobi_all_weights] [WARNI]  [WARN] Inconsistent raster profiles detected
2017-07-19 13:00:38 [optimize_gurobi_all_weights] [DEBUG]  Writing intermediate output to analyses/ILP/ilp_all_weights/budget_level_0_68.tif
2017-07-19 13:00:39 [optimize_gurobi_all_weights] [INFO ]  [69/100] Optimizing with fraction level 0.69...
2017-07-19 13:00:39 [optimize_gurobi_all_weights] [INFO ]  [INFO] Starting single-objective optimization
2017-07-19 13:01:04 [optimize_gurobi_all_weights] [DEBUG] See /data/priocomp/logs/gurobi.log for Gurobi log
2017-07-19 13:01:33 [optimize_gurobi_all_weights] [WARNI]  [WARN] Inconsistent raster profiles detected
2017-07-19 13:01:34 [optimize_gurobi_all_weights] [DEBUG]  Writing intermediate output to analyses/ILP/ilp_all_weights/budget_level_0_69.tif
2017-07-19 13:01:34 [optimize_gurobi_all_weights] [INFO ]  [70/100] Optimizing with fraction level 0.7...
2017-07-19 13:01:34 [optimize_gurobi_all_weights] [INFO ]  [INFO] Starting single-objective optimization
2017-07-19 13:01:59 [optimize_gurobi_all_weights] [DEBUG] See /data/priocomp/logs/gurobi.log for Gurobi log
2017-07-19 13:02:27 [optimize_gurobi_all_weights] [WARNI]  [WARN] Inconsistent raster profiles detected
2017-07-19 13:02:27 [optimize_gurobi_all_weights] [DEBUG]  Writing intermediate output to analyses/ILP/ilp_all_weights/budget_level_0_7.tif
2017-07-19 13:02:28 [optimize_gurobi_all_weights] [INFO ]  [71/100] Optimizing with fraction level 0.71...
2017-07-19 13:02:28 [optimize_gurobi_all_weights] [INFO ]  [INFO] Starting single-objective optimization
2017-07-19 13:02:49 [optimize_gurobi_all_weights] [DEBUG] See /data/priocomp/logs/gurobi.log for Gurobi log
2017-07-19 13:03:19 [optimize_gurobi_all_weights] [WARNI]  [WARN] Inconsistent raster profiles detected
2017-07-19 13:03:19 [optimize_gurobi_all_weights] [DEBUG]  Writing intermediate output to analyses/ILP/ilp_all_weights/budget_level_0_71.tif
2017-07-19 13:03:20 [optimize_gurobi_all_weights] [INFO ]  [72/100] Optimizing with fraction level 0.72...
2017-07-19 13:03:20 [optimize_gurobi_all_weights] [INFO ]  [INFO] Starting single-objective optimization
2017-07-19 13:03:45 [optimize_gurobi_all_weights] [DEBUG] See /data/priocomp/logs/gurobi.log for Gurobi log
2017-07-19 13:04:14 [optimize_gurobi_all_weights] [WARNI]  [WARN] Inconsistent raster profiles detected
2017-07-19 13:04:14 [optimize_gurobi_all_weights] [DEBUG]  Writing intermediate output to analyses/ILP/ilp_all_weights/budget_level_0_72.tif
2017-07-19 13:04:15 [optimize_gurobi_all_weights] [INFO ]  [73/100] Optimizing with fraction level 0.73...
2017-07-19 13:04:15 [optimize_gurobi_all_weights] [INFO ]  [INFO] Starting single-objective optimization
2017-07-19 13:04:40 [optimize_gurobi_all_weights] [DEBUG] See /data/priocomp/logs/gurobi.log for Gurobi log
2017-07-19 13:05:10 [optimize_gurobi_all_weights] [WARNI]  [WARN] Inconsistent raster profiles detected
2017-07-19 13:05:11 [optimize_gurobi_all_weights] [DEBUG]  Writing intermediate output to analyses/ILP/ilp_all_weights/budget_level_0_73.tif
2017-07-19 13:05:11 [optimize_gurobi_all_weights] [INFO ]  [74/100] Optimizing with fraction level 0.74...
2017-07-19 13:05:11 [optimize_gurobi_all_weights] [INFO ]  [INFO] Starting single-objective optimization
2017-07-19 13:05:35 [optimize_gurobi_all_weights] [DEBUG] See /data/priocomp/logs/gurobi.log for Gurobi log
2017-07-19 13:06:05 [optimize_gurobi_all_weights] [WARNI]  [WARN] Inconsistent raster profiles detected
2017-07-19 13:06:06 [optimize_gurobi_all_weights] [DEBUG]  Writing intermediate output to analyses/ILP/ilp_all_weights/budget_level_0_74.tif
2017-07-19 13:06:06 [optimize_gurobi_all_weights] [INFO ]  [75/100] Optimizing with fraction level 0.75...
2017-07-19 13:06:06 [optimize_gurobi_all_weights] [INFO ]  [INFO] Starting single-objective optimization
2017-07-19 13:06:29 [optimize_gurobi_all_weights] [DEBUG] See /data/priocomp/logs/gurobi.log for Gurobi log
2017-07-19 13:06:57 [optimize_gurobi_all_weights] [WARNI]  [WARN] Inconsistent raster profiles detected
2017-07-19 13:06:58 [optimize_gurobi_all_weights] [DEBUG]  Writing intermediate output to analyses/ILP/ilp_all_weights/budget_level_0_75.tif
2017-07-19 13:06:58 [optimize_gurobi_all_weights] [INFO ]  [76/100] Optimizing with fraction level 0.76...
2017-07-19 13:06:58 [optimize_gurobi_all_weights] [INFO ]  [INFO] Starting single-objective optimization
2017-07-19 13:07:21 [optimize_gurobi_all_weights] [DEBUG] See /data/priocomp/logs/gurobi.log for Gurobi log
2017-07-19 13:07:50 [optimize_gurobi_all_weights] [WARNI]  [WARN] Inconsistent raster profiles detected
2017-07-19 13:07:51 [optimize_gurobi_all_weights] [DEBUG]  Writing intermediate output to analyses/ILP/ilp_all_weights/budget_level_0_76.tif
2017-07-19 13:07:51 [optimize_gurobi_all_weights] [INFO ]  [77/100] Optimizing with fraction level 0.77...
2017-07-19 13:07:51 [optimize_gurobi_all_weights] [INFO ]  [INFO] Starting single-objective optimization
2017-07-19 13:08:17 [optimize_gurobi_all_weights] [DEBUG] See /data/priocomp/logs/gurobi.log for Gurobi log
2017-07-19 13:08:45 [optimize_gurobi_all_weights] [WARNI]  [WARN] Inconsistent raster profiles detected
2017-07-19 13:08:46 [optimize_gurobi_all_weights] [DEBUG]  Writing intermediate output to analyses/ILP/ilp_all_weights/budget_level_0_77.tif
2017-07-19 13:08:46 [optimize_gurobi_all_weights] [INFO ]  [78/100] Optimizing with fraction level 0.78...
2017-07-19 13:08:46 [optimize_gurobi_all_weights] [INFO ]  [INFO] Starting single-objective optimization
2017-07-19 13:09:12 [optimize_gurobi_all_weights] [DEBUG] See /data/priocomp/logs/gurobi.log for Gurobi log
2017-07-19 13:09:40 [optimize_gurobi_all_weights] [WARNI]  [WARN] Inconsistent raster profiles detected
2017-07-19 13:09:41 [optimize_gurobi_all_weights] [DEBUG]  Writing intermediate output to analyses/ILP/ilp_all_weights/budget_level_0_78.tif
2017-07-19 13:09:41 [optimize_gurobi_all_weights] [INFO ]  [79/100] Optimizing with fraction level 0.79...
2017-07-19 13:09:41 [optimize_gurobi_all_weights] [INFO ]  [INFO] Starting single-objective optimization
2017-07-19 13:10:05 [optimize_gurobi_all_weights] [DEBUG] See /data/priocomp/logs/gurobi.log for Gurobi log
2017-07-19 13:10:34 [optimize_gurobi_all_weights] [WARNI]  [WARN] Inconsistent raster profiles detected
2017-07-19 13:10:34 [optimize_gurobi_all_weights] [DEBUG]  Writing intermediate output to analyses/ILP/ilp_all_weights/budget_level_0_79.tif
2017-07-19 13:10:35 [optimize_gurobi_all_weights] [INFO ]  [80/100] Optimizing with fraction level 0.8...
2017-07-19 13:10:35 [optimize_gurobi_all_weights] [INFO ]  [INFO] Starting single-objective optimization
2017-07-19 13:11:01 [optimize_gurobi_all_weights] [DEBUG] See /data/priocomp/logs/gurobi.log for Gurobi log
2017-07-19 13:11:31 [optimize_gurobi_all_weights] [WARNI]  [WARN] Inconsistent raster profiles detected
2017-07-19 13:11:32 [optimize_gurobi_all_weights] [DEBUG]  Writing intermediate output to analyses/ILP/ilp_all_weights/budget_level_0_8.tif
2017-07-19 13:11:32 [optimize_gurobi_all_weights] [INFO ]  [81/100] Optimizing with fraction level 0.81...
2017-07-19 13:11:32 [optimize_gurobi_all_weights] [INFO ]  [INFO] Starting single-objective optimization
2017-07-19 13:11:56 [optimize_gurobi_all_weights] [DEBUG] See /data/priocomp/logs/gurobi.log for Gurobi log
2017-07-19 13:12:27 [optimize_gurobi_all_weights] [WARNI]  [WARN] Inconsistent raster profiles detected
2017-07-19 13:12:27 [optimize_gurobi_all_weights] [DEBUG]  Writing intermediate output to analyses/ILP/ilp_all_weights/budget_level_0_81.tif
2017-07-19 13:12:28 [optimize_gurobi_all_weights] [INFO ]  [82/100] Optimizing with fraction level 0.82...
2017-07-19 13:12:28 [optimize_gurobi_all_weights] [INFO ]  [INFO] Starting single-objective optimization
2017-07-19 13:12:52 [optimize_gurobi_all_weights] [DEBUG] See /data/priocomp/logs/gurobi.log for Gurobi log
2017-07-19 13:13:23 [optimize_gurobi_all_weights] [WARNI]  [WARN] Inconsistent raster profiles detected
2017-07-19 13:13:23 [optimize_gurobi_all_weights] [DEBUG]  Writing intermediate output to analyses/ILP/ilp_all_weights/budget_level_0_82.tif
2017-07-19 13:13:23 [optimize_gurobi_all_weights] [INFO ]  [83/100] Optimizing with fraction level 0.83...
2017-07-19 13:13:24 [optimize_gurobi_all_weights] [INFO ]  [INFO] Starting single-objective optimization
2017-07-19 13:13:48 [optimize_gurobi_all_weights] [DEBUG] See /data/priocomp/logs/gurobi.log for Gurobi log
2017-07-19 13:14:17 [optimize_gurobi_all_weights] [WARNI]  [WARN] Inconsistent raster profiles detected
2017-07-19 13:14:17 [optimize_gurobi_all_weights] [DEBUG]  Writing intermediate output to analyses/ILP/ilp_all_weights/budget_level_0_83.tif
2017-07-19 13:14:18 [optimize_gurobi_all_weights] [INFO ]  [84/100] Optimizing with fraction level 0.84...
2017-07-19 13:14:18 [optimize_gurobi_all_weights] [INFO ]  [INFO] Starting single-objective optimization
2017-07-19 13:14:42 [optimize_gurobi_all_weights] [DEBUG] See /data/priocomp/logs/gurobi.log for Gurobi log
2017-07-19 13:15:13 [optimize_gurobi_all_weights] [WARNI]  [WARN] Inconsistent raster profiles detected
2017-07-19 13:15:13 [optimize_gurobi_all_weights] [DEBUG]  Writing intermediate output to analyses/ILP/ilp_all_weights/budget_level_0_84.tif
2017-07-19 13:15:14 [optimize_gurobi_all_weights] [INFO ]  [85/100] Optimizing with fraction level 0.85...
2017-07-19 13:15:14 [optimize_gurobi_all_weights] [INFO ]  [INFO] Starting single-objective optimization
2017-07-19 13:15:37 [optimize_gurobi_all_weights] [DEBUG] See /data/priocomp/logs/gurobi.log for Gurobi log
2017-07-19 13:16:05 [optimize_gurobi_all_weights] [WARNI]  [WARN] Inconsistent raster profiles detected
2017-07-19 13:16:06 [optimize_gurobi_all_weights] [DEBUG]  Writing intermediate output to analyses/ILP/ilp_all_weights/budget_level_0_85.tif
2017-07-19 13:16:06 [optimize_gurobi_all_weights] [INFO ]  [86/100] Optimizing with fraction level 0.86...
2017-07-19 13:16:06 [optimize_gurobi_all_weights] [INFO ]  [INFO] Starting single-objective optimization
2017-07-19 13:16:32 [optimize_gurobi_all_weights] [DEBUG] See /data/priocomp/logs/gurobi.log for Gurobi log
2017-07-19 13:17:02 [optimize_gurobi_all_weights] [WARNI]  [WARN] Inconsistent raster profiles detected
2017-07-19 13:17:03 [optimize_gurobi_all_weights] [DEBUG]  Writing intermediate output to analyses/ILP/ilp_all_weights/budget_level_0_86.tif
2017-07-19 13:17:03 [optimize_gurobi_all_weights] [INFO ]  [87/100] Optimizing with fraction level 0.87...
2017-07-19 13:17:03 [optimize_gurobi_all_weights] [INFO ]  [INFO] Starting single-objective optimization
2017-07-19 13:17:28 [optimize_gurobi_all_weights] [DEBUG] See /data/priocomp/logs/gurobi.log for Gurobi log
2017-07-19 13:17:57 [optimize_gurobi_all_weights] [WARNI]  [WARN] Inconsistent raster profiles detected
2017-07-19 13:17:57 [optimize_gurobi_all_weights] [DEBUG]  Writing intermediate output to analyses/ILP/ilp_all_weights/budget_level_0_87.tif
2017-07-19 13:17:57 [optimize_gurobi_all_weights] [INFO ]  [88/100] Optimizing with fraction level 0.88...
2017-07-19 13:17:57 [optimize_gurobi_all_weights] [INFO ]  [INFO] Starting single-objective optimization
2017-07-19 13:18:19 [optimize_gurobi_all_weights] [DEBUG] See /data/priocomp/logs/gurobi.log for Gurobi log
2017-07-19 13:18:49 [optimize_gurobi_all_weights] [WARNI]  [WARN] Inconsistent raster profiles detected
2017-07-19 13:18:49 [optimize_gurobi_all_weights] [DEBUG]  Writing intermediate output to analyses/ILP/ilp_all_weights/budget_level_0_88.tif
2017-07-19 13:18:50 [optimize_gurobi_all_weights] [INFO ]  [89/100] Optimizing with fraction level 0.89...
2017-07-19 13:18:50 [optimize_gurobi_all_weights] [INFO ]  [INFO] Starting single-objective optimization
2017-07-19 13:19:14 [optimize_gurobi_all_weights] [DEBUG] See /data/priocomp/logs/gurobi.log for Gurobi log
2017-07-19 13:19:44 [optimize_gurobi_all_weights] [WARNI]  [WARN] Inconsistent raster profiles detected
2017-07-19 13:19:44 [optimize_gurobi_all_weights] [DEBUG]  Writing intermediate output to analyses/ILP/ilp_all_weights/budget_level_0_89.tif
2017-07-19 13:19:45 [optimize_gurobi_all_weights] [INFO ]  [90/100] Optimizing with fraction level 0.9...
2017-07-19 13:19:45 [optimize_gurobi_all_weights] [INFO ]  [INFO] Starting single-objective optimization
2017-07-19 13:20:08 [optimize_gurobi_all_weights] [DEBUG] See /data/priocomp/logs/gurobi.log for Gurobi log
2017-07-19 13:20:36 [optimize_gurobi_all_weights] [WARNI]  [WARN] Inconsistent raster profiles detected
2017-07-19 13:20:36 [optimize_gurobi_all_weights] [DEBUG]  Writing intermediate output to analyses/ILP/ilp_all_weights/budget_level_0_9.tif
2017-07-19 13:20:37 [optimize_gurobi_all_weights] [INFO ]  [91/100] Optimizing with fraction level 0.91...
2017-07-19 13:20:37 [optimize_gurobi_all_weights] [INFO ]  [INFO] Starting single-objective optimization
2017-07-19 13:21:02 [optimize_gurobi_all_weights] [DEBUG] See /data/priocomp/logs/gurobi.log for Gurobi log
2017-07-19 13:21:33 [optimize_gurobi_all_weights] [WARNI]  [WARN] Inconsistent raster profiles detected
2017-07-19 13:21:33 [optimize_gurobi_all_weights] [DEBUG]  Writing intermediate output to analyses/ILP/ilp_all_weights/budget_level_0_91.tif
2017-07-19 13:21:34 [optimize_gurobi_all_weights] [INFO ]  [92/100] Optimizing with fraction level 0.92...
2017-07-19 13:21:34 [optimize_gurobi_all_weights] [INFO ]  [INFO] Starting single-objective optimization
2017-07-19 13:21:58 [optimize_gurobi_all_weights] [DEBUG] See /data/priocomp/logs/gurobi.log for Gurobi log
2017-07-19 13:22:26 [optimize_gurobi_all_weights] [WARNI]  [WARN] Inconsistent raster profiles detected
2017-07-19 13:22:27 [optimize_gurobi_all_weights] [DEBUG]  Writing intermediate output to analyses/ILP/ilp_all_weights/budget_level_0_92.tif
2017-07-19 13:22:27 [optimize_gurobi_all_weights] [INFO ]  [93/100] Optimizing with fraction level 0.93...
2017-07-19 13:22:27 [optimize_gurobi_all_weights] [INFO ]  [INFO] Starting single-objective optimization
2017-07-19 13:22:51 [optimize_gurobi_all_weights] [DEBUG] See /data/priocomp/logs/gurobi.log for Gurobi log
2017-07-19 13:23:21 [optimize_gurobi_all_weights] [WARNI]  [WARN] Inconsistent raster profiles detected
2017-07-19 13:23:21 [optimize_gurobi_all_weights] [DEBUG]  Writing intermediate output to analyses/ILP/ilp_all_weights/budget_level_0_93.tif
2017-07-19 13:23:22 [optimize_gurobi_all_weights] [INFO ]  [94/100] Optimizing with fraction level 0.94...
2017-07-19 13:23:22 [optimize_gurobi_all_weights] [INFO ]  [INFO] Starting single-objective optimization
2017-07-19 13:23:46 [optimize_gurobi_all_weights] [DEBUG] See /data/priocomp/logs/gurobi.log for Gurobi log
2017-07-19 13:24:15 [optimize_gurobi_all_weights] [WARNI]  [WARN] Inconsistent raster profiles detected
2017-07-19 13:24:16 [optimize_gurobi_all_weights] [DEBUG]  Writing intermediate output to analyses/ILP/ilp_all_weights/budget_level_0_94.tif
2017-07-19 13:24:16 [optimize_gurobi_all_weights] [INFO ]  [95/100] Optimizing with fraction level 0.95...
2017-07-19 13:24:16 [optimize_gurobi_all_weights] [INFO ]  [INFO] Starting single-objective optimization
2017-07-19 13:24:38 [optimize_gurobi_all_weights] [DEBUG] See /data/priocomp/logs/gurobi.log for Gurobi log
2017-07-19 13:25:06 [optimize_gurobi_all_weights] [WARNI]  [WARN] Inconsistent raster profiles detected
2017-07-19 13:25:07 [optimize_gurobi_all_weights] [DEBUG]  Writing intermediate output to analyses/ILP/ilp_all_weights/budget_level_0_95.tif
2017-07-19 13:25:07 [optimize_gurobi_all_weights] [INFO ]  [96/100] Optimizing with fraction level 0.96...
2017-07-19 13:25:07 [optimize_gurobi_all_weights] [INFO ]  [INFO] Starting single-objective optimization
2017-07-19 13:25:28 [optimize_gurobi_all_weights] [DEBUG] See /data/priocomp/logs/gurobi.log for Gurobi log
2017-07-19 13:25:58 [optimize_gurobi_all_weights] [WARNI]  [WARN] Inconsistent raster profiles detected
2017-07-19 13:25:58 [optimize_gurobi_all_weights] [DEBUG]  Writing intermediate output to analyses/ILP/ilp_all_weights/budget_level_0_96.tif
2017-07-19 13:25:59 [optimize_gurobi_all_weights] [INFO ]  [97/100] Optimizing with fraction level 0.97...
2017-07-19 13:25:59 [optimize_gurobi_all_weights] [INFO ]  [INFO] Starting single-objective optimization
2017-07-19 13:26:22 [optimize_gurobi_all_weights] [DEBUG] See /data/priocomp/logs/gurobi.log for Gurobi log
2017-07-19 13:26:51 [optimize_gurobi_all_weights] [WARNI]  [WARN] Inconsistent raster profiles detected
2017-07-19 13:26:52 [optimize_gurobi_all_weights] [DEBUG]  Writing intermediate output to analyses/ILP/ilp_all_weights/budget_level_0_97.tif
2017-07-19 13:26:52 [optimize_gurobi_all_weights] [INFO ]  [98/100] Optimizing with fraction level 0.98...
2017-07-19 13:26:52 [optimize_gurobi_all_weights] [INFO ]  [INFO] Starting single-objective optimization
2017-07-19 13:27:17 [optimize_gurobi_all_weights] [DEBUG] See /data/priocomp/logs/gurobi.log for Gurobi log
2017-07-19 13:27:46 [optimize_gurobi_all_weights] [WARNI]  [WARN] Inconsistent raster profiles detected
2017-07-19 13:27:47 [optimize_gurobi_all_weights] [DEBUG]  Writing intermediate output to analyses/ILP/ilp_all_weights/budget_level_0_98.tif
2017-07-19 13:27:47 [optimize_gurobi_all_weights] [INFO ]  [99/100] Optimizing with fraction level 0.99...
2017-07-19 13:27:47 [optimize_gurobi_all_weights] [INFO ]  [INFO] Starting single-objective optimization
2017-07-19 13:28:12 [optimize_gurobi_all_weights] [DEBUG] See /data/priocomp/logs/gurobi.log for Gurobi log
2017-07-19 13:28:40 [optimize_gurobi_all_weights] [WARNI]  [WARN] Inconsistent raster profiles detected
2017-07-19 13:28:40 [optimize_gurobi_all_weights] [DEBUG]  Writing intermediate output to analyses/ILP/ilp_all_weights/budget_level_0_99.tif
2017-07-19 13:28:41 [optimize_gurobi_all_weights] [INFO ]  [100/100] Optimizing with fraction level 1.0...
2017-07-19 13:28:41 [optimize_gurobi_all_weights] [INFO ]  [INFO] Starting single-objective optimization
2017-07-19 13:29:03 [optimize_gurobi_all_weights] [DEBUG] See /data/priocomp/logs/gurobi.log for Gurobi log
2017-07-19 13:29:13 [optimize_gurobi_all_weights] [WARNI]  [WARN] Inconsistent raster profiles detected
2017-07-19 13:29:13 [optimize_gurobi_all_weights] [DEBUG]  Writing intermediate output to analyses/ILP/ilp_all_weights/budget_level_1_0.tif
2017-07-19 13:29:13 [optimize_gurobi_all_weights] [INFO ]  [TIME] Optimization took 5418.81 sec
2017-07-19 13:29:13 [optimize_gurobi_all_weights] [INFO ]  [** POST-PROCESSING **]
2017-07-19 13:29:13 [optimize_gurobi_all_weights] [INFO ]  [1/3] Ranking selection frequencies
2017-07-19 13:29:28 [optimize_gurobi_all_weights] [INFO ]  [2/3] Rescaling ranks
2017-07-19 13:29:29 [optimize_gurobi_all_weights] [INFO ]  [3/3] Writing output to analyses/ILP/ilp_all_weights.tif
2017-07-19 13:29:30 [optimize_gurobi_all_weights] [INFO ]  [TIME] Post-processing took 16.96 sec
2017-07-19 13:29:30 [optimize_gurobi_all_weights] [INFO ]  [TIME] All processing took 5435.93 sec
