2017-07-20 18:53:21 [optimize_gurobi_bd_c] [INFO ]  [** PRE-PROCESSING **]
2017-07-20 18:53:21 [optimize_gurobi_bd_c] [WARNI]  [WARNING] Different masks for cost and feature sum rasters, diff: 24013
2017-07-20 18:53:21 [optimize_gurobi_bd_c] [WARNI]  [WARNING] Using data only from cells that have both cost and occurrence data
2017-07-20 18:53:21 [optimize_gurobi_bd_c] [INFO ]  [TIME] Pre-processing took 0.59 sec
2017-07-20 18:53:21 [optimize_gurobi_bd_c] [INFO ]  [** OPTIMIZING **]
2017-07-20 18:53:21 [optimize_gurobi_bd_c] [INFO ]  [NOTE] Target budget levels: 0.01, 0.02, 0.03, 0.04, 0.05, 0.06, 0.07, 0.08, 0.09, 0.1, 0.11, 0.12, 0.13, 0.14, 0.15, 0.16, 0.17, 0.18, 0.19, 0.2, 0.21, 0.22, 0.23, 0.24, 0.25, 0.26, 0.27, 0.28, 0.29, 0.3, 0.31, 0.32, 0.33, 0.34, 0.35, 0.36, 0.37, 0.38, 0.39, 0.4, 0.41, 0.42, 0.43, 0.44, 0.45, 0.46, 0.47, 0.48, 0.49, 0.5, 0.51, 0.52, 0.53, 0.54, 0.55, 0.56, 0.57, 0.58, 0.59, 0.6, 0.61, 0.62, 0.63, 0.64, 0.65, 0.66, 0.67, 0.68, 0.69, 0.7, 0.71, 0.72, 0.73, 0.74, 0.75, 0.76, 0.77, 0.78, 0.79, 0.8, 0.81, 0.82, 0.83, 0.84, 0.85, 0.86, 0.87, 0.88, 0.89, 0.9, 0.91, 0.92, 0.93, 0.94, 0.95, 0.96, 0.97, 0.98, 0.99, 1.0
2017-07-20 18:53:21 [optimize_gurobi_bd_c] [INFO ]  [1/100] Optimizing with fraction level 0.01...
2017-07-20 18:53:21 [optimize_gurobi_bd_c] [DEBUG]  [DEBUG] Normalizing cost and rij arrays
2017-07-20 18:53:21 [optimize_gurobi_bd_c] [INFO ]  [INFO] Starting multi-objective optimization
2017-07-20 18:53:21 [optimize_gurobi_bd_c] [DEBUG] See /data/priocomp/logs/gurobi.log for Gurobi log
2017-07-20 18:53:59 [optimize_gurobi_bd_c] [WARNI]  [WARN] 2 solutions found, using the first (best) solution
2017-07-20 18:54:09 [optimize_gurobi_bd_c] [DEBUG]  Writing intermediate output to analyses/ILP/ilp_bd_costs/budget_level_0_01.tif
2017-07-20 18:54:09 [optimize_gurobi_bd_c] [INFO ]  [2/100] Optimizing with fraction level 0.02...
2017-07-20 18:54:09 [optimize_gurobi_bd_c] [DEBUG]  [DEBUG] Normalizing cost and rij arrays
2017-07-20 18:54:09 [optimize_gurobi_bd_c] [INFO ]  [INFO] Starting multi-objective optimization
2017-07-20 18:54:09 [optimize_gurobi_bd_c] [DEBUG] See /data/priocomp/logs/gurobi.log for Gurobi log
2017-07-20 18:54:46 [optimize_gurobi_bd_c] [WARNI]  [WARN] 2 solutions found, using the first (best) solution
2017-07-20 18:54:55 [optimize_gurobi_bd_c] [DEBUG]  Writing intermediate output to analyses/ILP/ilp_bd_costs/budget_level_0_02.tif
2017-07-20 18:54:56 [optimize_gurobi_bd_c] [INFO ]  [3/100] Optimizing with fraction level 0.03...
2017-07-20 18:54:56 [optimize_gurobi_bd_c] [DEBUG]  [DEBUG] Normalizing cost and rij arrays
2017-07-20 18:54:56 [optimize_gurobi_bd_c] [INFO ]  [INFO] Starting multi-objective optimization
2017-07-20 18:54:56 [optimize_gurobi_bd_c] [DEBUG] See /data/priocomp/logs/gurobi.log for Gurobi log
2017-07-20 18:55:33 [optimize_gurobi_bd_c] [WARNI]  [WARN] 2 solutions found, using the first (best) solution
2017-07-20 18:55:44 [optimize_gurobi_bd_c] [DEBUG]  Writing intermediate output to analyses/ILP/ilp_bd_costs/budget_level_0_03.tif
2017-07-20 18:55:44 [optimize_gurobi_bd_c] [INFO ]  [4/100] Optimizing with fraction level 0.04...
2017-07-20 18:55:44 [optimize_gurobi_bd_c] [DEBUG]  [DEBUG] Normalizing cost and rij arrays
2017-07-20 18:55:44 [optimize_gurobi_bd_c] [INFO ]  [INFO] Starting multi-objective optimization
2017-07-20 18:55:44 [optimize_gurobi_bd_c] [DEBUG] See /data/priocomp/logs/gurobi.log for Gurobi log
2017-07-20 18:56:22 [optimize_gurobi_bd_c] [WARNI]  [WARN] 2 solutions found, using the first (best) solution
2017-07-20 18:56:32 [optimize_gurobi_bd_c] [DEBUG]  Writing intermediate output to analyses/ILP/ilp_bd_costs/budget_level_0_04.tif
2017-07-20 18:56:32 [optimize_gurobi_bd_c] [INFO ]  [5/100] Optimizing with fraction level 0.05...
2017-07-20 18:56:32 [optimize_gurobi_bd_c] [DEBUG]  [DEBUG] Normalizing cost and rij arrays
2017-07-20 18:56:32 [optimize_gurobi_bd_c] [INFO ]  [INFO] Starting multi-objective optimization
2017-07-20 18:56:32 [optimize_gurobi_bd_c] [DEBUG] See /data/priocomp/logs/gurobi.log for Gurobi log
2017-07-20 18:57:11 [optimize_gurobi_bd_c] [WARNI]  [WARN] 2 solutions found, using the first (best) solution
2017-07-20 18:57:21 [optimize_gurobi_bd_c] [DEBUG]  Writing intermediate output to analyses/ILP/ilp_bd_costs/budget_level_0_05.tif
2017-07-20 18:57:21 [optimize_gurobi_bd_c] [INFO ]  [6/100] Optimizing with fraction level 0.06...
2017-07-20 18:57:21 [optimize_gurobi_bd_c] [DEBUG]  [DEBUG] Normalizing cost and rij arrays
2017-07-20 18:57:21 [optimize_gurobi_bd_c] [INFO ]  [INFO] Starting multi-objective optimization
2017-07-20 18:57:21 [optimize_gurobi_bd_c] [DEBUG] See /data/priocomp/logs/gurobi.log for Gurobi log
2017-07-20 18:57:58 [optimize_gurobi_bd_c] [WARNI]  [WARN] 2 solutions found, using the first (best) solution
2017-07-20 18:58:08 [optimize_gurobi_bd_c] [DEBUG]  Writing intermediate output to analyses/ILP/ilp_bd_costs/budget_level_0_06.tif
2017-07-20 18:58:08 [optimize_gurobi_bd_c] [INFO ]  [7/100] Optimizing with fraction level 0.07...
2017-07-20 18:58:08 [optimize_gurobi_bd_c] [DEBUG]  [DEBUG] Normalizing cost and rij arrays
2017-07-20 18:58:08 [optimize_gurobi_bd_c] [INFO ]  [INFO] Starting multi-objective optimization
2017-07-20 18:58:08 [optimize_gurobi_bd_c] [DEBUG] See /data/priocomp/logs/gurobi.log for Gurobi log
2017-07-20 18:58:45 [optimize_gurobi_bd_c] [WARNI]  [WARN] 2 solutions found, using the first (best) solution
2017-07-20 18:58:54 [optimize_gurobi_bd_c] [DEBUG]  Writing intermediate output to analyses/ILP/ilp_bd_costs/budget_level_0_07.tif
2017-07-20 18:58:54 [optimize_gurobi_bd_c] [INFO ]  [8/100] Optimizing with fraction level 0.08...
2017-07-20 18:58:54 [optimize_gurobi_bd_c] [DEBUG]  [DEBUG] Normalizing cost and rij arrays
2017-07-20 18:58:54 [optimize_gurobi_bd_c] [INFO ]  [INFO] Starting multi-objective optimization
2017-07-20 18:58:54 [optimize_gurobi_bd_c] [DEBUG] See /data/priocomp/logs/gurobi.log for Gurobi log
2017-07-20 18:59:33 [optimize_gurobi_bd_c] [WARNI]  [WARN] 2 solutions found, using the first (best) solution
2017-07-20 18:59:43 [optimize_gurobi_bd_c] [DEBUG]  Writing intermediate output to analyses/ILP/ilp_bd_costs/budget_level_0_08.tif
2017-07-20 18:59:43 [optimize_gurobi_bd_c] [INFO ]  [9/100] Optimizing with fraction level 0.09...
2017-07-20 18:59:43 [optimize_gurobi_bd_c] [DEBUG]  [DEBUG] Normalizing cost and rij arrays
2017-07-20 18:59:43 [optimize_gurobi_bd_c] [INFO ]  [INFO] Starting multi-objective optimization
2017-07-20 18:59:43 [optimize_gurobi_bd_c] [DEBUG] See /data/priocomp/logs/gurobi.log for Gurobi log
2017-07-20 19:00:20 [optimize_gurobi_bd_c] [WARNI]  [WARN] 2 solutions found, using the first (best) solution
2017-07-20 19:00:29 [optimize_gurobi_bd_c] [DEBUG]  Writing intermediate output to analyses/ILP/ilp_bd_costs/budget_level_0_09.tif
2017-07-20 19:00:29 [optimize_gurobi_bd_c] [INFO ]  [10/100] Optimizing with fraction level 0.1...
2017-07-20 19:00:29 [optimize_gurobi_bd_c] [DEBUG]  [DEBUG] Normalizing cost and rij arrays
2017-07-20 19:00:29 [optimize_gurobi_bd_c] [INFO ]  [INFO] Starting multi-objective optimization
2017-07-20 19:00:29 [optimize_gurobi_bd_c] [DEBUG] See /data/priocomp/logs/gurobi.log for Gurobi log
2017-07-20 19:01:06 [optimize_gurobi_bd_c] [WARNI]  [WARN] 2 solutions found, using the first (best) solution
2017-07-20 19:01:16 [optimize_gurobi_bd_c] [DEBUG]  Writing intermediate output to analyses/ILP/ilp_bd_costs/budget_level_0_1.tif
2017-07-20 19:01:17 [optimize_gurobi_bd_c] [INFO ]  [11/100] Optimizing with fraction level 0.11...
2017-07-20 19:01:17 [optimize_gurobi_bd_c] [DEBUG]  [DEBUG] Normalizing cost and rij arrays
2017-07-20 19:01:17 [optimize_gurobi_bd_c] [INFO ]  [INFO] Starting multi-objective optimization
2017-07-20 19:01:17 [optimize_gurobi_bd_c] [DEBUG] See /data/priocomp/logs/gurobi.log for Gurobi log
2017-07-20 19:01:55 [optimize_gurobi_bd_c] [WARNI]  [WARN] 2 solutions found, using the first (best) solution
2017-07-20 19:02:05 [optimize_gurobi_bd_c] [DEBUG]  Writing intermediate output to analyses/ILP/ilp_bd_costs/budget_level_0_11.tif
2017-07-20 19:02:05 [optimize_gurobi_bd_c] [INFO ]  [12/100] Optimizing with fraction level 0.12...
2017-07-20 19:02:05 [optimize_gurobi_bd_c] [DEBUG]  [DEBUG] Normalizing cost and rij arrays
2017-07-20 19:02:05 [optimize_gurobi_bd_c] [INFO ]  [INFO] Starting multi-objective optimization
2017-07-20 19:02:05 [optimize_gurobi_bd_c] [DEBUG] See /data/priocomp/logs/gurobi.log for Gurobi log
2017-07-20 19:02:43 [optimize_gurobi_bd_c] [WARNI]  [WARN] 2 solutions found, using the first (best) solution
2017-07-20 19:02:54 [optimize_gurobi_bd_c] [DEBUG]  Writing intermediate output to analyses/ILP/ilp_bd_costs/budget_level_0_12.tif
2017-07-20 19:02:54 [optimize_gurobi_bd_c] [INFO ]  [13/100] Optimizing with fraction level 0.13...
2017-07-20 19:02:55 [optimize_gurobi_bd_c] [DEBUG]  [DEBUG] Normalizing cost and rij arrays
2017-07-20 19:02:55 [optimize_gurobi_bd_c] [INFO ]  [INFO] Starting multi-objective optimization
2017-07-20 19:02:55 [optimize_gurobi_bd_c] [DEBUG] See /data/priocomp/logs/gurobi.log for Gurobi log
2017-07-20 19:03:34 [optimize_gurobi_bd_c] [WARNI]  [WARN] 2 solutions found, using the first (best) solution
2017-07-20 19:03:44 [optimize_gurobi_bd_c] [DEBUG]  Writing intermediate output to analyses/ILP/ilp_bd_costs/budget_level_0_13.tif
2017-07-20 19:03:45 [optimize_gurobi_bd_c] [INFO ]  [14/100] Optimizing with fraction level 0.14...
2017-07-20 19:03:45 [optimize_gurobi_bd_c] [DEBUG]  [DEBUG] Normalizing cost and rij arrays
2017-07-20 19:03:45 [optimize_gurobi_bd_c] [INFO ]  [INFO] Starting multi-objective optimization
2017-07-20 19:03:45 [optimize_gurobi_bd_c] [DEBUG] See /data/priocomp/logs/gurobi.log for Gurobi log
2017-07-20 19:04:25 [optimize_gurobi_bd_c] [WARNI]  [WARN] 2 solutions found, using the first (best) solution
2017-07-20 19:04:35 [optimize_gurobi_bd_c] [DEBUG]  Writing intermediate output to analyses/ILP/ilp_bd_costs/budget_level_0_14.tif
2017-07-20 19:04:35 [optimize_gurobi_bd_c] [INFO ]  [15/100] Optimizing with fraction level 0.15...
2017-07-20 19:04:35 [optimize_gurobi_bd_c] [DEBUG]  [DEBUG] Normalizing cost and rij arrays
2017-07-20 19:04:35 [optimize_gurobi_bd_c] [INFO ]  [INFO] Starting multi-objective optimization
2017-07-20 19:04:35 [optimize_gurobi_bd_c] [DEBUG] See /data/priocomp/logs/gurobi.log for Gurobi log
2017-07-20 19:05:13 [optimize_gurobi_bd_c] [WARNI]  [WARN] 2 solutions found, using the first (best) solution
2017-07-20 19:05:23 [optimize_gurobi_bd_c] [DEBUG]  Writing intermediate output to analyses/ILP/ilp_bd_costs/budget_level_0_15.tif
2017-07-20 19:05:23 [optimize_gurobi_bd_c] [INFO ]  [16/100] Optimizing with fraction level 0.16...
2017-07-20 19:05:23 [optimize_gurobi_bd_c] [DEBUG]  [DEBUG] Normalizing cost and rij arrays
2017-07-20 19:05:23 [optimize_gurobi_bd_c] [INFO ]  [INFO] Starting multi-objective optimization
2017-07-20 19:05:23 [optimize_gurobi_bd_c] [DEBUG] See /data/priocomp/logs/gurobi.log for Gurobi log
2017-07-20 19:06:00 [optimize_gurobi_bd_c] [WARNI]  [WARN] 2 solutions found, using the first (best) solution
2017-07-20 19:06:11 [optimize_gurobi_bd_c] [DEBUG]  Writing intermediate output to analyses/ILP/ilp_bd_costs/budget_level_0_16.tif
2017-07-20 19:06:11 [optimize_gurobi_bd_c] [INFO ]  [17/100] Optimizing with fraction level 0.17...
2017-07-20 19:06:11 [optimize_gurobi_bd_c] [DEBUG]  [DEBUG] Normalizing cost and rij arrays
2017-07-20 19:06:11 [optimize_gurobi_bd_c] [INFO ]  [INFO] Starting multi-objective optimization
2017-07-20 19:06:11 [optimize_gurobi_bd_c] [DEBUG] See /data/priocomp/logs/gurobi.log for Gurobi log
2017-07-20 19:06:49 [optimize_gurobi_bd_c] [WARNI]  [WARN] 2 solutions found, using the first (best) solution
2017-07-20 19:06:58 [optimize_gurobi_bd_c] [DEBUG]  Writing intermediate output to analyses/ILP/ilp_bd_costs/budget_level_0_17.tif
2017-07-20 19:06:58 [optimize_gurobi_bd_c] [INFO ]  [18/100] Optimizing with fraction level 0.18...
2017-07-20 19:06:58 [optimize_gurobi_bd_c] [DEBUG]  [DEBUG] Normalizing cost and rij arrays
2017-07-20 19:06:58 [optimize_gurobi_bd_c] [INFO ]  [INFO] Starting multi-objective optimization
2017-07-20 19:06:58 [optimize_gurobi_bd_c] [DEBUG] See /data/priocomp/logs/gurobi.log for Gurobi log
2017-07-20 19:07:36 [optimize_gurobi_bd_c] [WARNI]  [WARN] 2 solutions found, using the first (best) solution
2017-07-20 19:07:46 [optimize_gurobi_bd_c] [DEBUG]  Writing intermediate output to analyses/ILP/ilp_bd_costs/budget_level_0_18.tif
2017-07-20 19:07:46 [optimize_gurobi_bd_c] [INFO ]  [19/100] Optimizing with fraction level 0.19...
2017-07-20 19:07:46 [optimize_gurobi_bd_c] [DEBUG]  [DEBUG] Normalizing cost and rij arrays
2017-07-20 19:07:46 [optimize_gurobi_bd_c] [INFO ]  [INFO] Starting multi-objective optimization
2017-07-20 19:07:46 [optimize_gurobi_bd_c] [DEBUG] See /data/priocomp/logs/gurobi.log for Gurobi log
2017-07-20 19:08:24 [optimize_gurobi_bd_c] [WARNI]  [WARN] 2 solutions found, using the first (best) solution
2017-07-20 19:08:34 [optimize_gurobi_bd_c] [DEBUG]  Writing intermediate output to analyses/ILP/ilp_bd_costs/budget_level_0_19.tif
2017-07-20 19:08:34 [optimize_gurobi_bd_c] [INFO ]  [20/100] Optimizing with fraction level 0.2...
2017-07-20 19:08:34 [optimize_gurobi_bd_c] [DEBUG]  [DEBUG] Normalizing cost and rij arrays
2017-07-20 19:08:34 [optimize_gurobi_bd_c] [INFO ]  [INFO] Starting multi-objective optimization
2017-07-20 19:08:34 [optimize_gurobi_bd_c] [DEBUG] See /data/priocomp/logs/gurobi.log for Gurobi log
2017-07-20 19:09:14 [optimize_gurobi_bd_c] [WARNI]  [WARN] 2 solutions found, using the first (best) solution
2017-07-20 19:09:23 [optimize_gurobi_bd_c] [DEBUG]  Writing intermediate output to analyses/ILP/ilp_bd_costs/budget_level_0_2.tif
2017-07-20 19:09:24 [optimize_gurobi_bd_c] [INFO ]  [21/100] Optimizing with fraction level 0.21...
2017-07-20 19:09:24 [optimize_gurobi_bd_c] [DEBUG]  [DEBUG] Normalizing cost and rij arrays
2017-07-20 19:09:24 [optimize_gurobi_bd_c] [INFO ]  [INFO] Starting multi-objective optimization
2017-07-20 19:09:24 [optimize_gurobi_bd_c] [DEBUG] See /data/priocomp/logs/gurobi.log for Gurobi log
2017-07-20 19:10:02 [optimize_gurobi_bd_c] [WARNI]  [WARN] 2 solutions found, using the first (best) solution
2017-07-20 19:10:12 [optimize_gurobi_bd_c] [DEBUG]  Writing intermediate output to analyses/ILP/ilp_bd_costs/budget_level_0_21.tif
2017-07-20 19:10:12 [optimize_gurobi_bd_c] [INFO ]  [22/100] Optimizing with fraction level 0.22...
2017-07-20 19:10:12 [optimize_gurobi_bd_c] [DEBUG]  [DEBUG] Normalizing cost and rij arrays
2017-07-20 19:10:12 [optimize_gurobi_bd_c] [INFO ]  [INFO] Starting multi-objective optimization
2017-07-20 19:10:12 [optimize_gurobi_bd_c] [DEBUG] See /data/priocomp/logs/gurobi.log for Gurobi log
2017-07-20 19:10:52 [optimize_gurobi_bd_c] [WARNI]  [WARN] 2 solutions found, using the first (best) solution
2017-07-20 19:11:01 [optimize_gurobi_bd_c] [DEBUG]  Writing intermediate output to analyses/ILP/ilp_bd_costs/budget_level_0_22.tif
2017-07-20 19:11:01 [optimize_gurobi_bd_c] [INFO ]  [23/100] Optimizing with fraction level 0.23...
2017-07-20 19:11:01 [optimize_gurobi_bd_c] [DEBUG]  [DEBUG] Normalizing cost and rij arrays
2017-07-20 19:11:01 [optimize_gurobi_bd_c] [INFO ]  [INFO] Starting multi-objective optimization
2017-07-20 19:11:01 [optimize_gurobi_bd_c] [DEBUG] See /data/priocomp/logs/gurobi.log for Gurobi log
2017-07-20 19:11:38 [optimize_gurobi_bd_c] [WARNI]  [WARN] 2 solutions found, using the first (best) solution
2017-07-20 19:11:48 [optimize_gurobi_bd_c] [DEBUG]  Writing intermediate output to analyses/ILP/ilp_bd_costs/budget_level_0_23.tif
2017-07-20 19:11:48 [optimize_gurobi_bd_c] [INFO ]  [24/100] Optimizing with fraction level 0.24...
2017-07-20 19:11:48 [optimize_gurobi_bd_c] [DEBUG]  [DEBUG] Normalizing cost and rij arrays
2017-07-20 19:11:48 [optimize_gurobi_bd_c] [INFO ]  [INFO] Starting multi-objective optimization
2017-07-20 19:11:48 [optimize_gurobi_bd_c] [DEBUG] See /data/priocomp/logs/gurobi.log for Gurobi log
2017-07-20 19:12:26 [optimize_gurobi_bd_c] [WARNI]  [WARN] 2 solutions found, using the first (best) solution
2017-07-20 19:12:36 [optimize_gurobi_bd_c] [DEBUG]  Writing intermediate output to analyses/ILP/ilp_bd_costs/budget_level_0_24.tif
2017-07-20 19:12:36 [optimize_gurobi_bd_c] [INFO ]  [25/100] Optimizing with fraction level 0.25...
2017-07-20 19:12:37 [optimize_gurobi_bd_c] [DEBUG]  [DEBUG] Normalizing cost and rij arrays
2017-07-20 19:12:37 [optimize_gurobi_bd_c] [INFO ]  [INFO] Starting multi-objective optimization
2017-07-20 19:12:37 [optimize_gurobi_bd_c] [DEBUG] See /data/priocomp/logs/gurobi.log for Gurobi log
2017-07-20 19:13:13 [optimize_gurobi_bd_c] [WARNI]  [WARN] 2 solutions found, using the first (best) solution
2017-07-20 19:13:23 [optimize_gurobi_bd_c] [DEBUG]  Writing intermediate output to analyses/ILP/ilp_bd_costs/budget_level_0_25.tif
2017-07-20 19:13:24 [optimize_gurobi_bd_c] [INFO ]  [26/100] Optimizing with fraction level 0.26...
2017-07-20 19:13:24 [optimize_gurobi_bd_c] [DEBUG]  [DEBUG] Normalizing cost and rij arrays
2017-07-20 19:13:24 [optimize_gurobi_bd_c] [INFO ]  [INFO] Starting multi-objective optimization
2017-07-20 19:13:24 [optimize_gurobi_bd_c] [DEBUG] See /data/priocomp/logs/gurobi.log for Gurobi log
2017-07-20 19:14:01 [optimize_gurobi_bd_c] [WARNI]  [WARN] 2 solutions found, using the first (best) solution
2017-07-20 19:14:11 [optimize_gurobi_bd_c] [DEBUG]  Writing intermediate output to analyses/ILP/ilp_bd_costs/budget_level_0_26.tif
2017-07-20 19:14:11 [optimize_gurobi_bd_c] [INFO ]  [27/100] Optimizing with fraction level 0.27...
2017-07-20 19:14:11 [optimize_gurobi_bd_c] [DEBUG]  [DEBUG] Normalizing cost and rij arrays
2017-07-20 19:14:11 [optimize_gurobi_bd_c] [INFO ]  [INFO] Starting multi-objective optimization
2017-07-20 19:14:11 [optimize_gurobi_bd_c] [DEBUG] See /data/priocomp/logs/gurobi.log for Gurobi log
2017-07-20 19:14:50 [optimize_gurobi_bd_c] [WARNI]  [WARN] 2 solutions found, using the first (best) solution
2017-07-20 19:14:59 [optimize_gurobi_bd_c] [DEBUG]  Writing intermediate output to analyses/ILP/ilp_bd_costs/budget_level_0_27.tif
2017-07-20 19:15:00 [optimize_gurobi_bd_c] [INFO ]  [28/100] Optimizing with fraction level 0.28...
2017-07-20 19:15:00 [optimize_gurobi_bd_c] [DEBUG]  [DEBUG] Normalizing cost and rij arrays
2017-07-20 19:15:00 [optimize_gurobi_bd_c] [INFO ]  [INFO] Starting multi-objective optimization
2017-07-20 19:15:00 [optimize_gurobi_bd_c] [DEBUG] See /data/priocomp/logs/gurobi.log for Gurobi log
2017-07-20 19:15:37 [optimize_gurobi_bd_c] [WARNI]  [WARN] 2 solutions found, using the first (best) solution
2017-07-20 19:15:48 [optimize_gurobi_bd_c] [DEBUG]  Writing intermediate output to analyses/ILP/ilp_bd_costs/budget_level_0_28.tif
2017-07-20 19:15:48 [optimize_gurobi_bd_c] [INFO ]  [29/100] Optimizing with fraction level 0.29...
2017-07-20 19:15:48 [optimize_gurobi_bd_c] [DEBUG]  [DEBUG] Normalizing cost and rij arrays
2017-07-20 19:15:48 [optimize_gurobi_bd_c] [INFO ]  [INFO] Starting multi-objective optimization
2017-07-20 19:15:48 [optimize_gurobi_bd_c] [DEBUG] See /data/priocomp/logs/gurobi.log for Gurobi log
2017-07-20 19:16:24 [optimize_gurobi_bd_c] [WARNI]  [WARN] 2 solutions found, using the first (best) solution
2017-07-20 19:16:35 [optimize_gurobi_bd_c] [DEBUG]  Writing intermediate output to analyses/ILP/ilp_bd_costs/budget_level_0_29.tif
2017-07-20 19:16:35 [optimize_gurobi_bd_c] [INFO ]  [30/100] Optimizing with fraction level 0.3...
2017-07-20 19:16:35 [optimize_gurobi_bd_c] [DEBUG]  [DEBUG] Normalizing cost and rij arrays
2017-07-20 19:16:35 [optimize_gurobi_bd_c] [INFO ]  [INFO] Starting multi-objective optimization
2017-07-20 19:16:35 [optimize_gurobi_bd_c] [DEBUG] See /data/priocomp/logs/gurobi.log for Gurobi log
2017-07-20 19:17:16 [optimize_gurobi_bd_c] [WARNI]  [WARN] 2 solutions found, using the first (best) solution
2017-07-20 19:17:25 [optimize_gurobi_bd_c] [DEBUG]  Writing intermediate output to analyses/ILP/ilp_bd_costs/budget_level_0_3.tif
2017-07-20 19:17:26 [optimize_gurobi_bd_c] [INFO ]  [31/100] Optimizing with fraction level 0.31...
2017-07-20 19:17:26 [optimize_gurobi_bd_c] [DEBUG]  [DEBUG] Normalizing cost and rij arrays
2017-07-20 19:17:26 [optimize_gurobi_bd_c] [INFO ]  [INFO] Starting multi-objective optimization
2017-07-20 19:17:26 [optimize_gurobi_bd_c] [DEBUG] See /data/priocomp/logs/gurobi.log for Gurobi log
2017-07-20 19:18:04 [optimize_gurobi_bd_c] [WARNI]  [WARN] 2 solutions found, using the first (best) solution
2017-07-20 19:18:15 [optimize_gurobi_bd_c] [DEBUG]  Writing intermediate output to analyses/ILP/ilp_bd_costs/budget_level_0_31.tif
2017-07-20 19:18:15 [optimize_gurobi_bd_c] [INFO ]  [32/100] Optimizing with fraction level 0.32...
2017-07-20 19:18:15 [optimize_gurobi_bd_c] [DEBUG]  [DEBUG] Normalizing cost and rij arrays
2017-07-20 19:18:15 [optimize_gurobi_bd_c] [INFO ]  [INFO] Starting multi-objective optimization
2017-07-20 19:18:15 [optimize_gurobi_bd_c] [DEBUG] See /data/priocomp/logs/gurobi.log for Gurobi log
2017-07-20 19:18:55 [optimize_gurobi_bd_c] [WARNI]  [WARN] 2 solutions found, using the first (best) solution
2017-07-20 19:19:05 [optimize_gurobi_bd_c] [DEBUG]  Writing intermediate output to analyses/ILP/ilp_bd_costs/budget_level_0_32.tif
2017-07-20 19:19:06 [optimize_gurobi_bd_c] [INFO ]  [33/100] Optimizing with fraction level 0.33...
2017-07-20 19:19:06 [optimize_gurobi_bd_c] [DEBUG]  [DEBUG] Normalizing cost and rij arrays
2017-07-20 19:19:06 [optimize_gurobi_bd_c] [INFO ]  [INFO] Starting multi-objective optimization
2017-07-20 19:19:06 [optimize_gurobi_bd_c] [DEBUG] See /data/priocomp/logs/gurobi.log for Gurobi log
2017-07-20 19:19:44 [optimize_gurobi_bd_c] [WARNI]  [WARN] 2 solutions found, using the first (best) solution
2017-07-20 19:19:54 [optimize_gurobi_bd_c] [DEBUG]  Writing intermediate output to analyses/ILP/ilp_bd_costs/budget_level_0_33.tif
2017-07-20 19:19:55 [optimize_gurobi_bd_c] [INFO ]  [34/100] Optimizing with fraction level 0.34...
2017-07-20 19:19:55 [optimize_gurobi_bd_c] [DEBUG]  [DEBUG] Normalizing cost and rij arrays
2017-07-20 19:19:55 [optimize_gurobi_bd_c] [INFO ]  [INFO] Starting multi-objective optimization
2017-07-20 19:19:55 [optimize_gurobi_bd_c] [DEBUG] See /data/priocomp/logs/gurobi.log for Gurobi log
2017-07-20 19:20:32 [optimize_gurobi_bd_c] [WARNI]  [WARN] 2 solutions found, using the first (best) solution
2017-07-20 19:20:42 [optimize_gurobi_bd_c] [DEBUG]  Writing intermediate output to analyses/ILP/ilp_bd_costs/budget_level_0_34.tif
2017-07-20 19:20:43 [optimize_gurobi_bd_c] [INFO ]  [35/100] Optimizing with fraction level 0.35...
2017-07-20 19:20:43 [optimize_gurobi_bd_c] [DEBUG]  [DEBUG] Normalizing cost and rij arrays
2017-07-20 19:20:43 [optimize_gurobi_bd_c] [INFO ]  [INFO] Starting multi-objective optimization
2017-07-20 19:20:43 [optimize_gurobi_bd_c] [DEBUG] See /data/priocomp/logs/gurobi.log for Gurobi log
2017-07-20 19:21:21 [optimize_gurobi_bd_c] [WARNI]  [WARN] 2 solutions found, using the first (best) solution
2017-07-20 19:21:30 [optimize_gurobi_bd_c] [DEBUG]  Writing intermediate output to analyses/ILP/ilp_bd_costs/budget_level_0_35.tif
2017-07-20 19:21:31 [optimize_gurobi_bd_c] [INFO ]  [36/100] Optimizing with fraction level 0.36...
2017-07-20 19:21:31 [optimize_gurobi_bd_c] [DEBUG]  [DEBUG] Normalizing cost and rij arrays
2017-07-20 19:21:31 [optimize_gurobi_bd_c] [INFO ]  [INFO] Starting multi-objective optimization
2017-07-20 19:21:31 [optimize_gurobi_bd_c] [DEBUG] See /data/priocomp/logs/gurobi.log for Gurobi log
2017-07-20 19:22:08 [optimize_gurobi_bd_c] [WARNI]  [WARN] 2 solutions found, using the first (best) solution
2017-07-20 19:22:17 [optimize_gurobi_bd_c] [DEBUG]  Writing intermediate output to analyses/ILP/ilp_bd_costs/budget_level_0_36.tif
2017-07-20 19:22:18 [optimize_gurobi_bd_c] [INFO ]  [37/100] Optimizing with fraction level 0.37...
2017-07-20 19:22:18 [optimize_gurobi_bd_c] [DEBUG]  [DEBUG] Normalizing cost and rij arrays
2017-07-20 19:22:18 [optimize_gurobi_bd_c] [INFO ]  [INFO] Starting multi-objective optimization
2017-07-20 19:22:18 [optimize_gurobi_bd_c] [DEBUG] See /data/priocomp/logs/gurobi.log for Gurobi log
2017-07-20 19:22:57 [optimize_gurobi_bd_c] [WARNI]  [WARN] 2 solutions found, using the first (best) solution
2017-07-20 19:23:07 [optimize_gurobi_bd_c] [DEBUG]  Writing intermediate output to analyses/ILP/ilp_bd_costs/budget_level_0_37.tif
2017-07-20 19:23:08 [optimize_gurobi_bd_c] [INFO ]  [38/100] Optimizing with fraction level 0.38...
2017-07-20 19:23:08 [optimize_gurobi_bd_c] [DEBUG]  [DEBUG] Normalizing cost and rij arrays
2017-07-20 19:23:08 [optimize_gurobi_bd_c] [INFO ]  [INFO] Starting multi-objective optimization
2017-07-20 19:23:08 [optimize_gurobi_bd_c] [DEBUG] See /data/priocomp/logs/gurobi.log for Gurobi log
2017-07-20 19:23:47 [optimize_gurobi_bd_c] [WARNI]  [WARN] 2 solutions found, using the first (best) solution
2017-07-20 19:23:57 [optimize_gurobi_bd_c] [DEBUG]  Writing intermediate output to analyses/ILP/ilp_bd_costs/budget_level_0_38.tif
2017-07-20 19:23:57 [optimize_gurobi_bd_c] [INFO ]  [39/100] Optimizing with fraction level 0.39...
2017-07-20 19:23:57 [optimize_gurobi_bd_c] [DEBUG]  [DEBUG] Normalizing cost and rij arrays
2017-07-20 19:23:57 [optimize_gurobi_bd_c] [INFO ]  [INFO] Starting multi-objective optimization
2017-07-20 19:23:57 [optimize_gurobi_bd_c] [DEBUG] See /data/priocomp/logs/gurobi.log for Gurobi log
2017-07-20 19:24:35 [optimize_gurobi_bd_c] [WARNI]  [WARN] 2 solutions found, using the first (best) solution
2017-07-20 19:24:45 [optimize_gurobi_bd_c] [DEBUG]  Writing intermediate output to analyses/ILP/ilp_bd_costs/budget_level_0_39.tif
2017-07-20 19:24:46 [optimize_gurobi_bd_c] [INFO ]  [40/100] Optimizing with fraction level 0.4...
2017-07-20 19:24:46 [optimize_gurobi_bd_c] [DEBUG]  [DEBUG] Normalizing cost and rij arrays
2017-07-20 19:24:46 [optimize_gurobi_bd_c] [INFO ]  [INFO] Starting multi-objective optimization
2017-07-20 19:24:46 [optimize_gurobi_bd_c] [DEBUG] See /data/priocomp/logs/gurobi.log for Gurobi log
2017-07-20 19:25:26 [optimize_gurobi_bd_c] [WARNI]  [WARN] 2 solutions found, using the first (best) solution
2017-07-20 19:25:37 [optimize_gurobi_bd_c] [DEBUG]  Writing intermediate output to analyses/ILP/ilp_bd_costs/budget_level_0_4.tif
2017-07-20 19:25:37 [optimize_gurobi_bd_c] [INFO ]  [41/100] Optimizing with fraction level 0.41...
2017-07-20 19:25:37 [optimize_gurobi_bd_c] [DEBUG]  [DEBUG] Normalizing cost and rij arrays
2017-07-20 19:25:37 [optimize_gurobi_bd_c] [INFO ]  [INFO] Starting multi-objective optimization
2017-07-20 19:25:37 [optimize_gurobi_bd_c] [DEBUG] See /data/priocomp/logs/gurobi.log for Gurobi log
2017-07-20 19:26:16 [optimize_gurobi_bd_c] [WARNI]  [WARN] 2 solutions found, using the first (best) solution
2017-07-20 19:26:27 [optimize_gurobi_bd_c] [DEBUG]  Writing intermediate output to analyses/ILP/ilp_bd_costs/budget_level_0_41.tif
2017-07-20 19:26:27 [optimize_gurobi_bd_c] [INFO ]  [42/100] Optimizing with fraction level 0.42...
2017-07-20 19:26:27 [optimize_gurobi_bd_c] [DEBUG]  [DEBUG] Normalizing cost and rij arrays
2017-07-20 19:26:27 [optimize_gurobi_bd_c] [INFO ]  [INFO] Starting multi-objective optimization
2017-07-20 19:26:27 [optimize_gurobi_bd_c] [DEBUG] See /data/priocomp/logs/gurobi.log for Gurobi log
2017-07-20 19:27:06 [optimize_gurobi_bd_c] [WARNI]  [WARN] 2 solutions found, using the first (best) solution
2017-07-20 19:27:16 [optimize_gurobi_bd_c] [DEBUG]  Writing intermediate output to analyses/ILP/ilp_bd_costs/budget_level_0_42.tif
2017-07-20 19:27:17 [optimize_gurobi_bd_c] [INFO ]  [43/100] Optimizing with fraction level 0.43...
2017-07-20 19:27:17 [optimize_gurobi_bd_c] [DEBUG]  [DEBUG] Normalizing cost and rij arrays
2017-07-20 19:27:17 [optimize_gurobi_bd_c] [INFO ]  [INFO] Starting multi-objective optimization
2017-07-20 19:27:17 [optimize_gurobi_bd_c] [DEBUG] See /data/priocomp/logs/gurobi.log for Gurobi log
2017-07-20 19:27:56 [optimize_gurobi_bd_c] [WARNI]  [WARN] 2 solutions found, using the first (best) solution
2017-07-20 19:28:06 [optimize_gurobi_bd_c] [DEBUG]  Writing intermediate output to analyses/ILP/ilp_bd_costs/budget_level_0_43.tif
2017-07-20 19:28:06 [optimize_gurobi_bd_c] [INFO ]  [44/100] Optimizing with fraction level 0.44...
2017-07-20 19:28:06 [optimize_gurobi_bd_c] [DEBUG]  [DEBUG] Normalizing cost and rij arrays
2017-07-20 19:28:06 [optimize_gurobi_bd_c] [INFO ]  [INFO] Starting multi-objective optimization
2017-07-20 19:28:06 [optimize_gurobi_bd_c] [DEBUG] See /data/priocomp/logs/gurobi.log for Gurobi log
2017-07-20 19:28:45 [optimize_gurobi_bd_c] [WARNI]  [WARN] 2 solutions found, using the first (best) solution
2017-07-20 19:28:53 [optimize_gurobi_bd_c] [DEBUG]  Writing intermediate output to analyses/ILP/ilp_bd_costs/budget_level_0_44.tif
2017-07-20 19:28:54 [optimize_gurobi_bd_c] [INFO ]  [45/100] Optimizing with fraction level 0.45...
2017-07-20 19:28:54 [optimize_gurobi_bd_c] [DEBUG]  [DEBUG] Normalizing cost and rij arrays
2017-07-20 19:28:54 [optimize_gurobi_bd_c] [INFO ]  [INFO] Starting multi-objective optimization
2017-07-20 19:28:54 [optimize_gurobi_bd_c] [DEBUG] See /data/priocomp/logs/gurobi.log for Gurobi log
2017-07-20 19:29:33 [optimize_gurobi_bd_c] [WARNI]  [WARN] 2 solutions found, using the first (best) solution
2017-07-20 19:29:43 [optimize_gurobi_bd_c] [DEBUG]  Writing intermediate output to analyses/ILP/ilp_bd_costs/budget_level_0_45.tif
2017-07-20 19:29:44 [optimize_gurobi_bd_c] [INFO ]  [46/100] Optimizing with fraction level 0.46...
2017-07-20 19:29:44 [optimize_gurobi_bd_c] [DEBUG]  [DEBUG] Normalizing cost and rij arrays
2017-07-20 19:29:44 [optimize_gurobi_bd_c] [INFO ]  [INFO] Starting multi-objective optimization
2017-07-20 19:29:44 [optimize_gurobi_bd_c] [DEBUG] See /data/priocomp/logs/gurobi.log for Gurobi log
2017-07-20 19:30:25 [optimize_gurobi_bd_c] [WARNI]  [WARN] 2 solutions found, using the first (best) solution
2017-07-20 19:30:35 [optimize_gurobi_bd_c] [DEBUG]  Writing intermediate output to analyses/ILP/ilp_bd_costs/budget_level_0_46.tif
2017-07-20 19:30:36 [optimize_gurobi_bd_c] [INFO ]  [47/100] Optimizing with fraction level 0.47...
2017-07-20 19:30:36 [optimize_gurobi_bd_c] [DEBUG]  [DEBUG] Normalizing cost and rij arrays
2017-07-20 19:30:36 [optimize_gurobi_bd_c] [INFO ]  [INFO] Starting multi-objective optimization
2017-07-20 19:30:36 [optimize_gurobi_bd_c] [DEBUG] See /data/priocomp/logs/gurobi.log for Gurobi log
2017-07-20 19:31:13 [optimize_gurobi_bd_c] [WARNI]  [WARN] 2 solutions found, using the first (best) solution
2017-07-20 19:31:22 [optimize_gurobi_bd_c] [DEBUG]  Writing intermediate output to analyses/ILP/ilp_bd_costs/budget_level_0_47.tif
2017-07-20 19:31:23 [optimize_gurobi_bd_c] [INFO ]  [48/100] Optimizing with fraction level 0.48...
2017-07-20 19:31:23 [optimize_gurobi_bd_c] [DEBUG]  [DEBUG] Normalizing cost and rij arrays
2017-07-20 19:31:23 [optimize_gurobi_bd_c] [INFO ]  [INFO] Starting multi-objective optimization
2017-07-20 19:31:23 [optimize_gurobi_bd_c] [DEBUG] See /data/priocomp/logs/gurobi.log for Gurobi log
2017-07-20 19:32:01 [optimize_gurobi_bd_c] [WARNI]  [WARN] 2 solutions found, using the first (best) solution
2017-07-20 19:32:11 [optimize_gurobi_bd_c] [DEBUG]  Writing intermediate output to analyses/ILP/ilp_bd_costs/budget_level_0_48.tif
2017-07-20 19:32:11 [optimize_gurobi_bd_c] [INFO ]  [49/100] Optimizing with fraction level 0.49...
2017-07-20 19:32:11 [optimize_gurobi_bd_c] [DEBUG]  [DEBUG] Normalizing cost and rij arrays
2017-07-20 19:32:11 [optimize_gurobi_bd_c] [INFO ]  [INFO] Starting multi-objective optimization
2017-07-20 19:32:11 [optimize_gurobi_bd_c] [DEBUG] See /data/priocomp/logs/gurobi.log for Gurobi log
2017-07-20 19:32:51 [optimize_gurobi_bd_c] [WARNI]  [WARN] 2 solutions found, using the first (best) solution
2017-07-20 19:33:01 [optimize_gurobi_bd_c] [DEBUG]  Writing intermediate output to analyses/ILP/ilp_bd_costs/budget_level_0_49.tif
2017-07-20 19:33:01 [optimize_gurobi_bd_c] [INFO ]  [50/100] Optimizing with fraction level 0.5...
2017-07-20 19:33:01 [optimize_gurobi_bd_c] [DEBUG]  [DEBUG] Normalizing cost and rij arrays
2017-07-20 19:33:01 [optimize_gurobi_bd_c] [INFO ]  [INFO] Starting multi-objective optimization
2017-07-20 19:33:01 [optimize_gurobi_bd_c] [DEBUG] See /data/priocomp/logs/gurobi.log for Gurobi log
2017-07-20 19:33:40 [optimize_gurobi_bd_c] [WARNI]  [WARN] 2 solutions found, using the first (best) solution
2017-07-20 19:33:49 [optimize_gurobi_bd_c] [DEBUG]  Writing intermediate output to analyses/ILP/ilp_bd_costs/budget_level_0_5.tif
2017-07-20 19:33:50 [optimize_gurobi_bd_c] [INFO ]  [51/100] Optimizing with fraction level 0.51...
2017-07-20 19:33:50 [optimize_gurobi_bd_c] [DEBUG]  [DEBUG] Normalizing cost and rij arrays
2017-07-20 19:33:50 [optimize_gurobi_bd_c] [INFO ]  [INFO] Starting multi-objective optimization
2017-07-20 19:33:50 [optimize_gurobi_bd_c] [DEBUG] See /data/priocomp/logs/gurobi.log for Gurobi log
2017-07-20 19:34:27 [optimize_gurobi_bd_c] [WARNI]  [WARN] 2 solutions found, using the first (best) solution
2017-07-20 19:34:37 [optimize_gurobi_bd_c] [DEBUG]  Writing intermediate output to analyses/ILP/ilp_bd_costs/budget_level_0_51.tif
2017-07-20 19:34:38 [optimize_gurobi_bd_c] [INFO ]  [52/100] Optimizing with fraction level 0.52...
2017-07-20 19:34:38 [optimize_gurobi_bd_c] [DEBUG]  [DEBUG] Normalizing cost and rij arrays
2017-07-20 19:34:38 [optimize_gurobi_bd_c] [INFO ]  [INFO] Starting multi-objective optimization
2017-07-20 19:34:38 [optimize_gurobi_bd_c] [DEBUG] See /data/priocomp/logs/gurobi.log for Gurobi log
2017-07-20 19:35:17 [optimize_gurobi_bd_c] [WARNI]  [WARN] 2 solutions found, using the first (best) solution
2017-07-20 19:35:25 [optimize_gurobi_bd_c] [DEBUG]  Writing intermediate output to analyses/ILP/ilp_bd_costs/budget_level_0_52.tif
2017-07-20 19:35:26 [optimize_gurobi_bd_c] [INFO ]  [53/100] Optimizing with fraction level 0.53...
2017-07-20 19:35:26 [optimize_gurobi_bd_c] [DEBUG]  [DEBUG] Normalizing cost and rij arrays
2017-07-20 19:35:26 [optimize_gurobi_bd_c] [INFO ]  [INFO] Starting multi-objective optimization
2017-07-20 19:35:26 [optimize_gurobi_bd_c] [DEBUG] See /data/priocomp/logs/gurobi.log for Gurobi log
2017-07-20 19:36:04 [optimize_gurobi_bd_c] [WARNI]  [WARN] 2 solutions found, using the first (best) solution
2017-07-20 19:36:14 [optimize_gurobi_bd_c] [DEBUG]  Writing intermediate output to analyses/ILP/ilp_bd_costs/budget_level_0_53.tif
2017-07-20 19:36:14 [optimize_gurobi_bd_c] [INFO ]  [54/100] Optimizing with fraction level 0.54...
2017-07-20 19:36:14 [optimize_gurobi_bd_c] [DEBUG]  [DEBUG] Normalizing cost and rij arrays
2017-07-20 19:36:15 [optimize_gurobi_bd_c] [INFO ]  [INFO] Starting multi-objective optimization
2017-07-20 19:36:15 [optimize_gurobi_bd_c] [DEBUG] See /data/priocomp/logs/gurobi.log for Gurobi log
2017-07-20 19:36:56 [optimize_gurobi_bd_c] [WARNI]  [WARN] 2 solutions found, using the first (best) solution
2017-07-20 19:37:05 [optimize_gurobi_bd_c] [DEBUG]  Writing intermediate output to analyses/ILP/ilp_bd_costs/budget_level_0_54.tif
2017-07-20 19:37:06 [optimize_gurobi_bd_c] [INFO ]  [55/100] Optimizing with fraction level 0.55...
2017-07-20 19:37:06 [optimize_gurobi_bd_c] [DEBUG]  [DEBUG] Normalizing cost and rij arrays
2017-07-20 19:37:06 [optimize_gurobi_bd_c] [INFO ]  [INFO] Starting multi-objective optimization
2017-07-20 19:37:06 [optimize_gurobi_bd_c] [DEBUG] See /data/priocomp/logs/gurobi.log for Gurobi log
2017-07-20 19:37:45 [optimize_gurobi_bd_c] [WARNI]  [WARN] 2 solutions found, using the first (best) solution
2017-07-20 19:37:55 [optimize_gurobi_bd_c] [DEBUG]  Writing intermediate output to analyses/ILP/ilp_bd_costs/budget_level_0_55.tif
2017-07-20 19:37:56 [optimize_gurobi_bd_c] [INFO ]  [56/100] Optimizing with fraction level 0.56...
2017-07-20 19:37:56 [optimize_gurobi_bd_c] [DEBUG]  [DEBUG] Normalizing cost and rij arrays
2017-07-20 19:37:56 [optimize_gurobi_bd_c] [INFO ]  [INFO] Starting multi-objective optimization
2017-07-20 19:37:56 [optimize_gurobi_bd_c] [DEBUG] See /data/priocomp/logs/gurobi.log for Gurobi log
2017-07-20 19:38:34 [optimize_gurobi_bd_c] [WARNI]  [WARN] 2 solutions found, using the first (best) solution
2017-07-20 19:38:44 [optimize_gurobi_bd_c] [DEBUG]  Writing intermediate output to analyses/ILP/ilp_bd_costs/budget_level_0_56.tif
2017-07-20 19:38:44 [optimize_gurobi_bd_c] [INFO ]  [57/100] Optimizing with fraction level 0.57...
2017-07-20 19:38:44 [optimize_gurobi_bd_c] [DEBUG]  [DEBUG] Normalizing cost and rij arrays
2017-07-20 19:38:44 [optimize_gurobi_bd_c] [INFO ]  [INFO] Starting multi-objective optimization
2017-07-20 19:38:44 [optimize_gurobi_bd_c] [DEBUG] See /data/priocomp/logs/gurobi.log for Gurobi log
2017-07-20 19:39:25 [optimize_gurobi_bd_c] [WARNI]  [WARN] 2 solutions found, using the first (best) solution
2017-07-20 19:39:35 [optimize_gurobi_bd_c] [DEBUG]  Writing intermediate output to analyses/ILP/ilp_bd_costs/budget_level_0_57.tif
2017-07-20 19:39:35 [optimize_gurobi_bd_c] [INFO ]  [58/100] Optimizing with fraction level 0.58...
2017-07-20 19:39:35 [optimize_gurobi_bd_c] [DEBUG]  [DEBUG] Normalizing cost and rij arrays
2017-07-20 19:39:35 [optimize_gurobi_bd_c] [INFO ]  [INFO] Starting multi-objective optimization
2017-07-20 19:39:35 [optimize_gurobi_bd_c] [DEBUG] See /data/priocomp/logs/gurobi.log for Gurobi log
2017-07-20 19:40:16 [optimize_gurobi_bd_c] [WARNI]  [WARN] 2 solutions found, using the first (best) solution
2017-07-20 19:40:25 [optimize_gurobi_bd_c] [DEBUG]  Writing intermediate output to analyses/ILP/ilp_bd_costs/budget_level_0_58.tif
2017-07-20 19:40:25 [optimize_gurobi_bd_c] [INFO ]  [59/100] Optimizing with fraction level 0.59...
2017-07-20 19:40:25 [optimize_gurobi_bd_c] [DEBUG]  [DEBUG] Normalizing cost and rij arrays
2017-07-20 19:40:25 [optimize_gurobi_bd_c] [INFO ]  [INFO] Starting multi-objective optimization
2017-07-20 19:40:25 [optimize_gurobi_bd_c] [DEBUG] See /data/priocomp/logs/gurobi.log for Gurobi log
2017-07-20 19:41:04 [optimize_gurobi_bd_c] [WARNI]  [WARN] 2 solutions found, using the first (best) solution
2017-07-20 19:41:13 [optimize_gurobi_bd_c] [DEBUG]  Writing intermediate output to analyses/ILP/ilp_bd_costs/budget_level_0_59.tif
2017-07-20 19:41:14 [optimize_gurobi_bd_c] [INFO ]  [60/100] Optimizing with fraction level 0.6...
2017-07-20 19:41:14 [optimize_gurobi_bd_c] [DEBUG]  [DEBUG] Normalizing cost and rij arrays
2017-07-20 19:41:14 [optimize_gurobi_bd_c] [INFO ]  [INFO] Starting multi-objective optimization
2017-07-20 19:41:14 [optimize_gurobi_bd_c] [DEBUG] See /data/priocomp/logs/gurobi.log for Gurobi log
2017-07-20 19:41:53 [optimize_gurobi_bd_c] [WARNI]  [WARN] 2 solutions found, using the first (best) solution
2017-07-20 19:42:04 [optimize_gurobi_bd_c] [DEBUG]  Writing intermediate output to analyses/ILP/ilp_bd_costs/budget_level_0_6.tif
2017-07-20 19:42:04 [optimize_gurobi_bd_c] [INFO ]  [61/100] Optimizing with fraction level 0.61...
2017-07-20 19:42:04 [optimize_gurobi_bd_c] [DEBUG]  [DEBUG] Normalizing cost and rij arrays
2017-07-20 19:42:04 [optimize_gurobi_bd_c] [INFO ]  [INFO] Starting multi-objective optimization
2017-07-20 19:42:04 [optimize_gurobi_bd_c] [DEBUG] See /data/priocomp/logs/gurobi.log for Gurobi log
2017-07-20 19:42:45 [optimize_gurobi_bd_c] [WARNI]  [WARN] 2 solutions found, using the first (best) solution
2017-07-20 19:42:55 [optimize_gurobi_bd_c] [DEBUG]  Writing intermediate output to analyses/ILP/ilp_bd_costs/budget_level_0_61.tif
2017-07-20 19:42:55 [optimize_gurobi_bd_c] [INFO ]  [62/100] Optimizing with fraction level 0.62...
2017-07-20 19:42:55 [optimize_gurobi_bd_c] [DEBUG]  [DEBUG] Normalizing cost and rij arrays
2017-07-20 19:42:55 [optimize_gurobi_bd_c] [INFO ]  [INFO] Starting multi-objective optimization
2017-07-20 19:42:55 [optimize_gurobi_bd_c] [DEBUG] See /data/priocomp/logs/gurobi.log for Gurobi log
2017-07-20 19:43:35 [optimize_gurobi_bd_c] [WARNI]  [WARN] 2 solutions found, using the first (best) solution
2017-07-20 19:43:45 [optimize_gurobi_bd_c] [DEBUG]  Writing intermediate output to analyses/ILP/ilp_bd_costs/budget_level_0_62.tif
2017-07-20 19:43:45 [optimize_gurobi_bd_c] [INFO ]  [63/100] Optimizing with fraction level 0.63...
2017-07-20 19:43:45 [optimize_gurobi_bd_c] [DEBUG]  [DEBUG] Normalizing cost and rij arrays
2017-07-20 19:43:45 [optimize_gurobi_bd_c] [INFO ]  [INFO] Starting multi-objective optimization
2017-07-20 19:43:45 [optimize_gurobi_bd_c] [DEBUG] See /data/priocomp/logs/gurobi.log for Gurobi log
2017-07-20 19:44:25 [optimize_gurobi_bd_c] [WARNI]  [WARN] 2 solutions found, using the first (best) solution
2017-07-20 19:44:36 [optimize_gurobi_bd_c] [DEBUG]  Writing intermediate output to analyses/ILP/ilp_bd_costs/budget_level_0_63.tif
2017-07-20 19:44:36 [optimize_gurobi_bd_c] [INFO ]  [64/100] Optimizing with fraction level 0.64...
2017-07-20 19:44:36 [optimize_gurobi_bd_c] [DEBUG]  [DEBUG] Normalizing cost and rij arrays
2017-07-20 19:44:36 [optimize_gurobi_bd_c] [INFO ]  [INFO] Starting multi-objective optimization
2017-07-20 19:44:36 [optimize_gurobi_bd_c] [DEBUG] See /data/priocomp/logs/gurobi.log for Gurobi log
2017-07-20 19:45:16 [optimize_gurobi_bd_c] [WARNI]  [WARN] 2 solutions found, using the first (best) solution
2017-07-20 19:45:26 [optimize_gurobi_bd_c] [DEBUG]  Writing intermediate output to analyses/ILP/ilp_bd_costs/budget_level_0_64.tif
2017-07-20 19:45:26 [optimize_gurobi_bd_c] [INFO ]  [65/100] Optimizing with fraction level 0.65...
2017-07-20 19:45:26 [optimize_gurobi_bd_c] [DEBUG]  [DEBUG] Normalizing cost and rij arrays
2017-07-20 19:45:26 [optimize_gurobi_bd_c] [INFO ]  [INFO] Starting multi-objective optimization
2017-07-20 19:45:26 [optimize_gurobi_bd_c] [DEBUG] See /data/priocomp/logs/gurobi.log for Gurobi log
2017-07-20 19:46:06 [optimize_gurobi_bd_c] [WARNI]  [WARN] 2 solutions found, using the first (best) solution
2017-07-20 19:46:16 [optimize_gurobi_bd_c] [DEBUG]  Writing intermediate output to analyses/ILP/ilp_bd_costs/budget_level_0_65.tif
2017-07-20 19:46:16 [optimize_gurobi_bd_c] [INFO ]  [66/100] Optimizing with fraction level 0.66...
2017-07-20 19:46:16 [optimize_gurobi_bd_c] [DEBUG]  [DEBUG] Normalizing cost and rij arrays
2017-07-20 19:46:16 [optimize_gurobi_bd_c] [INFO ]  [INFO] Starting multi-objective optimization
2017-07-20 19:46:16 [optimize_gurobi_bd_c] [DEBUG] See /data/priocomp/logs/gurobi.log for Gurobi log
2017-07-20 19:46:56 [optimize_gurobi_bd_c] [WARNI]  [WARN] 2 solutions found, using the first (best) solution
2017-07-20 19:47:06 [optimize_gurobi_bd_c] [DEBUG]  Writing intermediate output to analyses/ILP/ilp_bd_costs/budget_level_0_66.tif
2017-07-20 19:47:07 [optimize_gurobi_bd_c] [INFO ]  [67/100] Optimizing with fraction level 0.67...
2017-07-20 19:47:07 [optimize_gurobi_bd_c] [DEBUG]  [DEBUG] Normalizing cost and rij arrays
2017-07-20 19:47:07 [optimize_gurobi_bd_c] [INFO ]  [INFO] Starting multi-objective optimization
2017-07-20 19:47:07 [optimize_gurobi_bd_c] [DEBUG] See /data/priocomp/logs/gurobi.log for Gurobi log
2017-07-20 19:47:45 [optimize_gurobi_bd_c] [WARNI]  [WARN] 2 solutions found, using the first (best) solution
2017-07-20 19:47:55 [optimize_gurobi_bd_c] [DEBUG]  Writing intermediate output to analyses/ILP/ilp_bd_costs/budget_level_0_67.tif
2017-07-20 19:47:55 [optimize_gurobi_bd_c] [INFO ]  [68/100] Optimizing with fraction level 0.68...
2017-07-20 19:47:56 [optimize_gurobi_bd_c] [DEBUG]  [DEBUG] Normalizing cost and rij arrays
2017-07-20 19:47:56 [optimize_gurobi_bd_c] [INFO ]  [INFO] Starting multi-objective optimization
2017-07-20 19:47:56 [optimize_gurobi_bd_c] [DEBUG] See /data/priocomp/logs/gurobi.log for Gurobi log
2017-07-20 19:48:36 [optimize_gurobi_bd_c] [WARNI]  [WARN] 2 solutions found, using the first (best) solution
2017-07-20 19:48:46 [optimize_gurobi_bd_c] [DEBUG]  Writing intermediate output to analyses/ILP/ilp_bd_costs/budget_level_0_68.tif
2017-07-20 19:48:46 [optimize_gurobi_bd_c] [INFO ]  [69/100] Optimizing with fraction level 0.69...
2017-07-20 19:48:46 [optimize_gurobi_bd_c] [DEBUG]  [DEBUG] Normalizing cost and rij arrays
2017-07-20 19:48:46 [optimize_gurobi_bd_c] [INFO ]  [INFO] Starting multi-objective optimization
2017-07-20 19:48:46 [optimize_gurobi_bd_c] [DEBUG] See /data/priocomp/logs/gurobi.log for Gurobi log
2017-07-20 19:49:28 [optimize_gurobi_bd_c] [WARNI]  [WARN] 2 solutions found, using the first (best) solution
2017-07-20 19:49:39 [optimize_gurobi_bd_c] [DEBUG]  Writing intermediate output to analyses/ILP/ilp_bd_costs/budget_level_0_69.tif
2017-07-20 19:49:40 [optimize_gurobi_bd_c] [INFO ]  [70/100] Optimizing with fraction level 0.7...
2017-07-20 19:49:40 [optimize_gurobi_bd_c] [DEBUG]  [DEBUG] Normalizing cost and rij arrays
2017-07-20 19:49:40 [optimize_gurobi_bd_c] [INFO ]  [INFO] Starting multi-objective optimization
2017-07-20 19:49:40 [optimize_gurobi_bd_c] [DEBUG] See /data/priocomp/logs/gurobi.log for Gurobi log
2017-07-20 19:50:19 [optimize_gurobi_bd_c] [WARNI]  [WARN] 2 solutions found, using the first (best) solution
2017-07-20 19:50:28 [optimize_gurobi_bd_c] [DEBUG]  Writing intermediate output to analyses/ILP/ilp_bd_costs/budget_level_0_7.tif
2017-07-20 19:50:28 [optimize_gurobi_bd_c] [INFO ]  [71/100] Optimizing with fraction level 0.71...
2017-07-20 19:50:28 [optimize_gurobi_bd_c] [DEBUG]  [DEBUG] Normalizing cost and rij arrays
2017-07-20 19:50:28 [optimize_gurobi_bd_c] [INFO ]  [INFO] Starting multi-objective optimization
2017-07-20 19:50:28 [optimize_gurobi_bd_c] [DEBUG] See /data/priocomp/logs/gurobi.log for Gurobi log
2017-07-20 19:51:09 [optimize_gurobi_bd_c] [WARNI]  [WARN] 2 solutions found, using the first (best) solution
2017-07-20 19:51:20 [optimize_gurobi_bd_c] [DEBUG]  Writing intermediate output to analyses/ILP/ilp_bd_costs/budget_level_0_71.tif
2017-07-20 19:51:20 [optimize_gurobi_bd_c] [INFO ]  [72/100] Optimizing with fraction level 0.72...
2017-07-20 19:51:20 [optimize_gurobi_bd_c] [DEBUG]  [DEBUG] Normalizing cost and rij arrays
2017-07-20 19:51:20 [optimize_gurobi_bd_c] [INFO ]  [INFO] Starting multi-objective optimization
2017-07-20 19:51:20 [optimize_gurobi_bd_c] [DEBUG] See /data/priocomp/logs/gurobi.log for Gurobi log
2017-07-20 19:51:59 [optimize_gurobi_bd_c] [WARNI]  [WARN] 2 solutions found, using the first (best) solution
2017-07-20 19:52:08 [optimize_gurobi_bd_c] [DEBUG]  Writing intermediate output to analyses/ILP/ilp_bd_costs/budget_level_0_72.tif
2017-07-20 19:52:09 [optimize_gurobi_bd_c] [INFO ]  [73/100] Optimizing with fraction level 0.73...
2017-07-20 19:52:09 [optimize_gurobi_bd_c] [DEBUG]  [DEBUG] Normalizing cost and rij arrays
2017-07-20 19:52:09 [optimize_gurobi_bd_c] [INFO ]  [INFO] Starting multi-objective optimization
2017-07-20 19:52:09 [optimize_gurobi_bd_c] [DEBUG] See /data/priocomp/logs/gurobi.log for Gurobi log
2017-07-20 19:52:51 [optimize_gurobi_bd_c] [WARNI]  [WARN] 2 solutions found, using the first (best) solution
2017-07-20 19:53:00 [optimize_gurobi_bd_c] [DEBUG]  Writing intermediate output to analyses/ILP/ilp_bd_costs/budget_level_0_73.tif
2017-07-20 19:53:01 [optimize_gurobi_bd_c] [INFO ]  [74/100] Optimizing with fraction level 0.74...
2017-07-20 19:53:01 [optimize_gurobi_bd_c] [DEBUG]  [DEBUG] Normalizing cost and rij arrays
2017-07-20 19:53:01 [optimize_gurobi_bd_c] [INFO ]  [INFO] Starting multi-objective optimization
2017-07-20 19:53:01 [optimize_gurobi_bd_c] [DEBUG] See /data/priocomp/logs/gurobi.log for Gurobi log
2017-07-20 19:53:43 [optimize_gurobi_bd_c] [WARNI]  [WARN] 2 solutions found, using the first (best) solution
2017-07-20 19:53:53 [optimize_gurobi_bd_c] [DEBUG]  Writing intermediate output to analyses/ILP/ilp_bd_costs/budget_level_0_74.tif
2017-07-20 19:53:54 [optimize_gurobi_bd_c] [INFO ]  [75/100] Optimizing with fraction level 0.75...
2017-07-20 19:53:54 [optimize_gurobi_bd_c] [DEBUG]  [DEBUG] Normalizing cost and rij arrays
2017-07-20 19:53:54 [optimize_gurobi_bd_c] [INFO ]  [INFO] Starting multi-objective optimization
2017-07-20 19:53:54 [optimize_gurobi_bd_c] [DEBUG] See /data/priocomp/logs/gurobi.log for Gurobi log
2017-07-20 19:54:33 [optimize_gurobi_bd_c] [WARNI]  [WARN] 2 solutions found, using the first (best) solution
2017-07-20 19:54:43 [optimize_gurobi_bd_c] [DEBUG]  Writing intermediate output to analyses/ILP/ilp_bd_costs/budget_level_0_75.tif
2017-07-20 19:54:43 [optimize_gurobi_bd_c] [INFO ]  [76/100] Optimizing with fraction level 0.76...
2017-07-20 19:54:43 [optimize_gurobi_bd_c] [DEBUG]  [DEBUG] Normalizing cost and rij arrays
2017-07-20 19:54:43 [optimize_gurobi_bd_c] [INFO ]  [INFO] Starting multi-objective optimization
2017-07-20 19:54:43 [optimize_gurobi_bd_c] [DEBUG] See /data/priocomp/logs/gurobi.log for Gurobi log
2017-07-20 19:55:23 [optimize_gurobi_bd_c] [WARNI]  [WARN] 2 solutions found, using the first (best) solution
2017-07-20 19:55:32 [optimize_gurobi_bd_c] [DEBUG]  Writing intermediate output to analyses/ILP/ilp_bd_costs/budget_level_0_76.tif
2017-07-20 19:55:32 [optimize_gurobi_bd_c] [INFO ]  [77/100] Optimizing with fraction level 0.77...
2017-07-20 19:55:32 [optimize_gurobi_bd_c] [DEBUG]  [DEBUG] Normalizing cost and rij arrays
2017-07-20 19:55:32 [optimize_gurobi_bd_c] [INFO ]  [INFO] Starting multi-objective optimization
2017-07-20 19:55:32 [optimize_gurobi_bd_c] [DEBUG] See /data/priocomp/logs/gurobi.log for Gurobi log
2017-07-20 19:56:12 [optimize_gurobi_bd_c] [WARNI]  [WARN] 2 solutions found, using the first (best) solution
2017-07-20 19:56:23 [optimize_gurobi_bd_c] [DEBUG]  Writing intermediate output to analyses/ILP/ilp_bd_costs/budget_level_0_77.tif
2017-07-20 19:56:23 [optimize_gurobi_bd_c] [INFO ]  [78/100] Optimizing with fraction level 0.78...
2017-07-20 19:56:23 [optimize_gurobi_bd_c] [DEBUG]  [DEBUG] Normalizing cost and rij arrays
2017-07-20 19:56:23 [optimize_gurobi_bd_c] [INFO ]  [INFO] Starting multi-objective optimization
2017-07-20 19:56:23 [optimize_gurobi_bd_c] [DEBUG] See /data/priocomp/logs/gurobi.log for Gurobi log
2017-07-20 19:57:04 [optimize_gurobi_bd_c] [WARNI]  [WARN] 2 solutions found, using the first (best) solution
2017-07-20 19:57:14 [optimize_gurobi_bd_c] [DEBUG]  Writing intermediate output to analyses/ILP/ilp_bd_costs/budget_level_0_78.tif
2017-07-20 19:57:14 [optimize_gurobi_bd_c] [INFO ]  [79/100] Optimizing with fraction level 0.79...
2017-07-20 19:57:14 [optimize_gurobi_bd_c] [DEBUG]  [DEBUG] Normalizing cost and rij arrays
2017-07-20 19:57:14 [optimize_gurobi_bd_c] [INFO ]  [INFO] Starting multi-objective optimization
2017-07-20 19:57:14 [optimize_gurobi_bd_c] [DEBUG] See /data/priocomp/logs/gurobi.log for Gurobi log
2017-07-20 19:57:55 [optimize_gurobi_bd_c] [WARNI]  [WARN] 2 solutions found, using the first (best) solution
2017-07-20 19:58:06 [optimize_gurobi_bd_c] [DEBUG]  Writing intermediate output to analyses/ILP/ilp_bd_costs/budget_level_0_79.tif
2017-07-20 19:58:06 [optimize_gurobi_bd_c] [INFO ]  [80/100] Optimizing with fraction level 0.8...
2017-07-20 19:58:06 [optimize_gurobi_bd_c] [DEBUG]  [DEBUG] Normalizing cost and rij arrays
2017-07-20 19:58:06 [optimize_gurobi_bd_c] [INFO ]  [INFO] Starting multi-objective optimization
2017-07-20 19:58:06 [optimize_gurobi_bd_c] [DEBUG] See /data/priocomp/logs/gurobi.log for Gurobi log
2017-07-20 19:58:48 [optimize_gurobi_bd_c] [WARNI]  [WARN] 2 solutions found, using the first (best) solution
2017-07-20 19:58:59 [optimize_gurobi_bd_c] [DEBUG]  Writing intermediate output to analyses/ILP/ilp_bd_costs/budget_level_0_8.tif
2017-07-20 19:58:59 [optimize_gurobi_bd_c] [INFO ]  [81/100] Optimizing with fraction level 0.81...
2017-07-20 19:58:59 [optimize_gurobi_bd_c] [DEBUG]  [DEBUG] Normalizing cost and rij arrays
2017-07-20 19:58:59 [optimize_gurobi_bd_c] [INFO ]  [INFO] Starting multi-objective optimization
2017-07-20 19:58:59 [optimize_gurobi_bd_c] [DEBUG] See /data/priocomp/logs/gurobi.log for Gurobi log
2017-07-20 19:59:38 [optimize_gurobi_bd_c] [WARNI]  [WARN] 2 solutions found, using the first (best) solution
2017-07-20 19:59:47 [optimize_gurobi_bd_c] [DEBUG]  Writing intermediate output to analyses/ILP/ilp_bd_costs/budget_level_0_81.tif
2017-07-20 19:59:47 [optimize_gurobi_bd_c] [INFO ]  [82/100] Optimizing with fraction level 0.82...
2017-07-20 19:59:47 [optimize_gurobi_bd_c] [DEBUG]  [DEBUG] Normalizing cost and rij arrays
2017-07-20 19:59:47 [optimize_gurobi_bd_c] [INFO ]  [INFO] Starting multi-objective optimization
2017-07-20 19:59:47 [optimize_gurobi_bd_c] [DEBUG] See /data/priocomp/logs/gurobi.log for Gurobi log
2017-07-20 20:00:30 [optimize_gurobi_bd_c] [WARNI]  [WARN] 2 solutions found, using the first (best) solution
2017-07-20 20:00:40 [optimize_gurobi_bd_c] [DEBUG]  Writing intermediate output to analyses/ILP/ilp_bd_costs/budget_level_0_82.tif
2017-07-20 20:00:40 [optimize_gurobi_bd_c] [INFO ]  [83/100] Optimizing with fraction level 0.83...
2017-07-20 20:00:40 [optimize_gurobi_bd_c] [DEBUG]  [DEBUG] Normalizing cost and rij arrays
2017-07-20 20:00:40 [optimize_gurobi_bd_c] [INFO ]  [INFO] Starting multi-objective optimization
2017-07-20 20:00:40 [optimize_gurobi_bd_c] [DEBUG] See /data/priocomp/logs/gurobi.log for Gurobi log
2017-07-20 20:01:19 [optimize_gurobi_bd_c] [WARNI]  [WARN] 2 solutions found, using the first (best) solution
2017-07-20 20:01:28 [optimize_gurobi_bd_c] [DEBUG]  Writing intermediate output to analyses/ILP/ilp_bd_costs/budget_level_0_83.tif
2017-07-20 20:01:29 [optimize_gurobi_bd_c] [INFO ]  [84/100] Optimizing with fraction level 0.84...
2017-07-20 20:01:29 [optimize_gurobi_bd_c] [DEBUG]  [DEBUG] Normalizing cost and rij arrays
2017-07-20 20:01:29 [optimize_gurobi_bd_c] [INFO ]  [INFO] Starting multi-objective optimization
2017-07-20 20:01:29 [optimize_gurobi_bd_c] [DEBUG] See /data/priocomp/logs/gurobi.log for Gurobi log
2017-07-20 20:02:09 [optimize_gurobi_bd_c] [WARNI]  [WARN] 2 solutions found, using the first (best) solution
2017-07-20 20:02:20 [optimize_gurobi_bd_c] [DEBUG]  Writing intermediate output to analyses/ILP/ilp_bd_costs/budget_level_0_84.tif
2017-07-20 20:02:20 [optimize_gurobi_bd_c] [INFO ]  [85/100] Optimizing with fraction level 0.85...
2017-07-20 20:02:20 [optimize_gurobi_bd_c] [DEBUG]  [DEBUG] Normalizing cost and rij arrays
2017-07-20 20:02:20 [optimize_gurobi_bd_c] [INFO ]  [INFO] Starting multi-objective optimization
2017-07-20 20:02:20 [optimize_gurobi_bd_c] [DEBUG] See /data/priocomp/logs/gurobi.log for Gurobi log
2017-07-20 20:02:59 [optimize_gurobi_bd_c] [WARNI]  [WARN] 2 solutions found, using the first (best) solution
2017-07-20 20:03:09 [optimize_gurobi_bd_c] [DEBUG]  Writing intermediate output to analyses/ILP/ilp_bd_costs/budget_level_0_85.tif
2017-07-20 20:03:09 [optimize_gurobi_bd_c] [INFO ]  [86/100] Optimizing with fraction level 0.86...
2017-07-20 20:03:09 [optimize_gurobi_bd_c] [DEBUG]  [DEBUG] Normalizing cost and rij arrays
2017-07-20 20:03:09 [optimize_gurobi_bd_c] [INFO ]  [INFO] Starting multi-objective optimization
2017-07-20 20:03:09 [optimize_gurobi_bd_c] [DEBUG] See /data/priocomp/logs/gurobi.log for Gurobi log
2017-07-20 20:03:51 [optimize_gurobi_bd_c] [WARNI]  [WARN] 2 solutions found, using the first (best) solution
2017-07-20 20:04:00 [optimize_gurobi_bd_c] [DEBUG]  Writing intermediate output to analyses/ILP/ilp_bd_costs/budget_level_0_86.tif
2017-07-20 20:04:00 [optimize_gurobi_bd_c] [INFO ]  [87/100] Optimizing with fraction level 0.87...
2017-07-20 20:04:00 [optimize_gurobi_bd_c] [DEBUG]  [DEBUG] Normalizing cost and rij arrays
2017-07-20 20:04:00 [optimize_gurobi_bd_c] [INFO ]  [INFO] Starting multi-objective optimization
2017-07-20 20:04:00 [optimize_gurobi_bd_c] [DEBUG] See /data/priocomp/logs/gurobi.log for Gurobi log
2017-07-20 20:04:40 [optimize_gurobi_bd_c] [WARNI]  [WARN] 2 solutions found, using the first (best) solution
2017-07-20 20:04:50 [optimize_gurobi_bd_c] [DEBUG]  Writing intermediate output to analyses/ILP/ilp_bd_costs/budget_level_0_87.tif
2017-07-20 20:04:50 [optimize_gurobi_bd_c] [INFO ]  [88/100] Optimizing with fraction level 0.88...
2017-07-20 20:04:50 [optimize_gurobi_bd_c] [DEBUG]  [DEBUG] Normalizing cost and rij arrays
2017-07-20 20:04:50 [optimize_gurobi_bd_c] [INFO ]  [INFO] Starting multi-objective optimization
2017-07-20 20:04:50 [optimize_gurobi_bd_c] [DEBUG] See /data/priocomp/logs/gurobi.log for Gurobi log
2017-07-20 20:05:32 [optimize_gurobi_bd_c] [WARNI]  [WARN] 2 solutions found, using the first (best) solution
2017-07-20 20:05:42 [optimize_gurobi_bd_c] [DEBUG]  Writing intermediate output to analyses/ILP/ilp_bd_costs/budget_level_0_88.tif
2017-07-20 20:05:43 [optimize_gurobi_bd_c] [INFO ]  [89/100] Optimizing with fraction level 0.89...
2017-07-20 20:05:43 [optimize_gurobi_bd_c] [DEBUG]  [DEBUG] Normalizing cost and rij arrays
2017-07-20 20:05:43 [optimize_gurobi_bd_c] [INFO ]  [INFO] Starting multi-objective optimization
2017-07-20 20:05:43 [optimize_gurobi_bd_c] [DEBUG] See /data/priocomp/logs/gurobi.log for Gurobi log
2017-07-20 20:06:22 [optimize_gurobi_bd_c] [WARNI]  [WARN] 2 solutions found, using the first (best) solution
2017-07-20 20:06:33 [optimize_gurobi_bd_c] [DEBUG]  Writing intermediate output to analyses/ILP/ilp_bd_costs/budget_level_0_89.tif
2017-07-20 20:06:33 [optimize_gurobi_bd_c] [INFO ]  [90/100] Optimizing with fraction level 0.9...
2017-07-20 20:06:33 [optimize_gurobi_bd_c] [DEBUG]  [DEBUG] Normalizing cost and rij arrays
2017-07-20 20:06:33 [optimize_gurobi_bd_c] [INFO ]  [INFO] Starting multi-objective optimization
2017-07-20 20:06:33 [optimize_gurobi_bd_c] [DEBUG] See /data/priocomp/logs/gurobi.log for Gurobi log
2017-07-20 20:07:14 [optimize_gurobi_bd_c] [WARNI]  [WARN] 2 solutions found, using the first (best) solution
2017-07-20 20:07:24 [optimize_gurobi_bd_c] [DEBUG]  Writing intermediate output to analyses/ILP/ilp_bd_costs/budget_level_0_9.tif
2017-07-20 20:07:25 [optimize_gurobi_bd_c] [INFO ]  [91/100] Optimizing with fraction level 0.91...
2017-07-20 20:07:25 [optimize_gurobi_bd_c] [DEBUG]  [DEBUG] Normalizing cost and rij arrays
2017-07-20 20:07:25 [optimize_gurobi_bd_c] [INFO ]  [INFO] Starting multi-objective optimization
2017-07-20 20:07:25 [optimize_gurobi_bd_c] [DEBUG] See /data/priocomp/logs/gurobi.log for Gurobi log
2017-07-20 20:08:06 [optimize_gurobi_bd_c] [WARNI]  [WARN] 2 solutions found, using the first (best) solution
2017-07-20 20:08:16 [optimize_gurobi_bd_c] [DEBUG]  Writing intermediate output to analyses/ILP/ilp_bd_costs/budget_level_0_91.tif
2017-07-20 20:08:16 [optimize_gurobi_bd_c] [INFO ]  [92/100] Optimizing with fraction level 0.92...
2017-07-20 20:08:16 [optimize_gurobi_bd_c] [DEBUG]  [DEBUG] Normalizing cost and rij arrays
2017-07-20 20:08:16 [optimize_gurobi_bd_c] [INFO ]  [INFO] Starting multi-objective optimization
2017-07-20 20:08:16 [optimize_gurobi_bd_c] [DEBUG] See /data/priocomp/logs/gurobi.log for Gurobi log
2017-07-20 20:08:55 [optimize_gurobi_bd_c] [WARNI]  [WARN] 2 solutions found, using the first (best) solution
2017-07-20 20:09:05 [optimize_gurobi_bd_c] [DEBUG]  Writing intermediate output to analyses/ILP/ilp_bd_costs/budget_level_0_92.tif
2017-07-20 20:09:06 [optimize_gurobi_bd_c] [INFO ]  [93/100] Optimizing with fraction level 0.93...
2017-07-20 20:09:06 [optimize_gurobi_bd_c] [DEBUG]  [DEBUG] Normalizing cost and rij arrays
2017-07-20 20:09:06 [optimize_gurobi_bd_c] [INFO ]  [INFO] Starting multi-objective optimization
2017-07-20 20:09:06 [optimize_gurobi_bd_c] [DEBUG] See /data/priocomp/logs/gurobi.log for Gurobi log
2017-07-20 20:09:43 [optimize_gurobi_bd_c] [WARNI]  [WARN] 2 solutions found, using the first (best) solution
2017-07-20 20:09:53 [optimize_gurobi_bd_c] [DEBUG]  Writing intermediate output to analyses/ILP/ilp_bd_costs/budget_level_0_93.tif
2017-07-20 20:09:53 [optimize_gurobi_bd_c] [INFO ]  [94/100] Optimizing with fraction level 0.94...
2017-07-20 20:09:53 [optimize_gurobi_bd_c] [DEBUG]  [DEBUG] Normalizing cost and rij arrays
2017-07-20 20:09:53 [optimize_gurobi_bd_c] [INFO ]  [INFO] Starting multi-objective optimization
2017-07-20 20:09:53 [optimize_gurobi_bd_c] [DEBUG] See /data/priocomp/logs/gurobi.log for Gurobi log
2017-07-20 20:10:33 [optimize_gurobi_bd_c] [WARNI]  [WARN] 2 solutions found, using the first (best) solution
2017-07-20 20:10:44 [optimize_gurobi_bd_c] [DEBUG]  Writing intermediate output to analyses/ILP/ilp_bd_costs/budget_level_0_94.tif
2017-07-20 20:10:44 [optimize_gurobi_bd_c] [INFO ]  [95/100] Optimizing with fraction level 0.95...
2017-07-20 20:10:44 [optimize_gurobi_bd_c] [DEBUG]  [DEBUG] Normalizing cost and rij arrays
2017-07-20 20:10:44 [optimize_gurobi_bd_c] [INFO ]  [INFO] Starting multi-objective optimization
2017-07-20 20:10:44 [optimize_gurobi_bd_c] [DEBUG] See /data/priocomp/logs/gurobi.log for Gurobi log
2017-07-20 20:11:26 [optimize_gurobi_bd_c] [WARNI]  [WARN] 2 solutions found, using the first (best) solution
2017-07-20 20:11:36 [optimize_gurobi_bd_c] [DEBUG]  Writing intermediate output to analyses/ILP/ilp_bd_costs/budget_level_0_95.tif
2017-07-20 20:11:36 [optimize_gurobi_bd_c] [INFO ]  [96/100] Optimizing with fraction level 0.96...
2017-07-20 20:11:36 [optimize_gurobi_bd_c] [DEBUG]  [DEBUG] Normalizing cost and rij arrays
2017-07-20 20:11:36 [optimize_gurobi_bd_c] [INFO ]  [INFO] Starting multi-objective optimization
2017-07-20 20:11:36 [optimize_gurobi_bd_c] [DEBUG] See /data/priocomp/logs/gurobi.log for Gurobi log
2017-07-20 20:12:17 [optimize_gurobi_bd_c] [WARNI]  [WARN] 2 solutions found, using the first (best) solution
2017-07-20 20:12:27 [optimize_gurobi_bd_c] [DEBUG]  Writing intermediate output to analyses/ILP/ilp_bd_costs/budget_level_0_96.tif
2017-07-20 20:12:27 [optimize_gurobi_bd_c] [INFO ]  [97/100] Optimizing with fraction level 0.97...
2017-07-20 20:12:27 [optimize_gurobi_bd_c] [DEBUG]  [DEBUG] Normalizing cost and rij arrays
2017-07-20 20:12:27 [optimize_gurobi_bd_c] [INFO ]  [INFO] Starting multi-objective optimization
2017-07-20 20:12:27 [optimize_gurobi_bd_c] [DEBUG] See /data/priocomp/logs/gurobi.log for Gurobi log
2017-07-20 20:13:08 [optimize_gurobi_bd_c] [WARNI]  [WARN] 2 solutions found, using the first (best) solution
2017-07-20 20:13:17 [optimize_gurobi_bd_c] [DEBUG]  Writing intermediate output to analyses/ILP/ilp_bd_costs/budget_level_0_97.tif
2017-07-20 20:13:17 [optimize_gurobi_bd_c] [INFO ]  [98/100] Optimizing with fraction level 0.98...
2017-07-20 20:13:17 [optimize_gurobi_bd_c] [DEBUG]  [DEBUG] Normalizing cost and rij arrays
2017-07-20 20:13:17 [optimize_gurobi_bd_c] [INFO ]  [INFO] Starting multi-objective optimization
2017-07-20 20:13:17 [optimize_gurobi_bd_c] [DEBUG] See /data/priocomp/logs/gurobi.log for Gurobi log
2017-07-20 20:13:57 [optimize_gurobi_bd_c] [WARNI]  [WARN] 2 solutions found, using the first (best) solution
2017-07-20 20:14:07 [optimize_gurobi_bd_c] [DEBUG]  Writing intermediate output to analyses/ILP/ilp_bd_costs/budget_level_0_98.tif
2017-07-20 20:14:08 [optimize_gurobi_bd_c] [INFO ]  [99/100] Optimizing with fraction level 0.99...
2017-07-20 20:14:08 [optimize_gurobi_bd_c] [DEBUG]  [DEBUG] Normalizing cost and rij arrays
2017-07-20 20:14:08 [optimize_gurobi_bd_c] [INFO ]  [INFO] Starting multi-objective optimization
2017-07-20 20:14:08 [optimize_gurobi_bd_c] [DEBUG] See /data/priocomp/logs/gurobi.log for Gurobi log
2017-07-20 20:14:48 [optimize_gurobi_bd_c] [WARNI]  [WARN] 2 solutions found, using the first (best) solution
2017-07-20 20:14:58 [optimize_gurobi_bd_c] [DEBUG]  Writing intermediate output to analyses/ILP/ilp_bd_costs/budget_level_0_99.tif
2017-07-20 20:14:58 [optimize_gurobi_bd_c] [INFO ]  [100/100] Optimizing with fraction level 1.0...
2017-07-20 20:14:58 [optimize_gurobi_bd_c] [DEBUG]  [DEBUG] Normalizing cost and rij arrays
2017-07-20 20:14:58 [optimize_gurobi_bd_c] [INFO ]  [INFO] Starting multi-objective optimization
2017-07-20 20:14:58 [optimize_gurobi_bd_c] [DEBUG] See /data/priocomp/logs/gurobi.log for Gurobi log
2017-07-20 20:15:34 [optimize_gurobi_bd_c] [DEBUG]  Writing intermediate output to analyses/ILP/ilp_bd_costs/budget_level_1_0.tif
2017-07-20 20:15:35 [optimize_gurobi_bd_c] [INFO ]  [TIME] Optimization took 4933.3 sec
2017-07-20 20:15:35 [optimize_gurobi_bd_c] [INFO ]  [** POST-PROCESSING **]
2017-07-20 20:15:35 [optimize_gurobi_bd_c] [INFO ]  [1/3] Ranking selection frequencies
2017-07-20 20:15:45 [optimize_gurobi_bd_c] [INFO ]  [2/3] Rescaling ranks
2017-07-20 20:15:45 [optimize_gurobi_bd_c] [INFO ]  [3/3] Writing output to analyses/ILP/ilp_bd_costs.tif
2017-07-20 20:15:46 [optimize_gurobi_bd_c] [INFO ]  [TIME] Post-processing took 11.76 sec
2017-07-20 20:15:46 [optimize_gurobi_bd_c] [INFO ]  [TIME] All processing took 4945.65 sec
