2017-07-18 19:45:23 [optimize_gurobi_bd] [INFO ]  [** PRE-PROCESSING **]
2017-07-18 19:45:24 [optimize_gurobi_bd] [INFO ]  [TIME] Pre-processing took 0.07 sec
2017-07-18 19:45:24 [optimize_gurobi_bd] [INFO ]  [** OPTIMIZING **]
2017-07-18 19:45:24 [optimize_gurobi_bd] [INFO ]  [NOTE] Target budget levels: 0.01, 0.02, 0.03, 0.04, 0.05, 0.06, 0.07, 0.08, 0.09, 0.1, 0.11, 0.12, 0.13, 0.14, 0.15, 0.16, 0.17, 0.18, 0.19, 0.2, 0.21, 0.22, 0.23, 0.24, 0.25, 0.26, 0.27, 0.28, 0.29, 0.3, 0.31, 0.32, 0.33, 0.34, 0.35, 0.36, 0.37, 0.38, 0.39, 0.4, 0.41, 0.42, 0.43, 0.44, 0.45, 0.46, 0.47, 0.48, 0.49, 0.5, 0.51, 0.52, 0.53, 0.54, 0.55, 0.56, 0.57, 0.58, 0.59, 0.6, 0.61, 0.62, 0.63, 0.64, 0.65, 0.66, 0.67, 0.68, 0.69, 0.7, 0.71, 0.72, 0.73, 0.74, 0.75, 0.76, 0.77, 0.78, 0.79, 0.8, 0.81, 0.82, 0.83, 0.84, 0.85, 0.86, 0.87, 0.88, 0.89, 0.9, 0.91, 0.92, 0.93, 0.94, 0.95, 0.96, 0.97, 0.98, 0.99, 1.0
2017-07-18 19:45:24 [optimize_gurobi_bd] [INFO ]  [1/100] Optimizing with fraction level 0.01...
2017-07-18 19:45:24 [optimize_gurobi_bd] [INFO ]  [INFO] Starting single-objective optimization
2017-07-18 19:45:51 [optimize_gurobi_bd] [DEBUG] See /data/priocomp/logs/gurobi.log for Gurobi log
2017-07-18 19:46:03 [optimize_gurobi_bd] [DEBUG]  Writing intermediate output to analyses/ILP/ilp_bd/budget_level_0_01.tif
2017-07-18 19:46:03 [optimize_gurobi_bd] [INFO ]  [2/100] Optimizing with fraction level 0.02...
2017-07-18 19:46:03 [optimize_gurobi_bd] [INFO ]  [INFO] Starting single-objective optimization
2017-07-18 19:46:29 [optimize_gurobi_bd] [DEBUG] See /data/priocomp/logs/gurobi.log for Gurobi log
2017-07-18 19:46:40 [optimize_gurobi_bd] [DEBUG]  Writing intermediate output to analyses/ILP/ilp_bd/budget_level_0_02.tif
2017-07-18 19:46:40 [optimize_gurobi_bd] [INFO ]  [3/100] Optimizing with fraction level 0.03...
2017-07-18 19:46:40 [optimize_gurobi_bd] [INFO ]  [INFO] Starting single-objective optimization
2017-07-18 19:47:08 [optimize_gurobi_bd] [DEBUG] See /data/priocomp/logs/gurobi.log for Gurobi log
2017-07-18 19:47:20 [optimize_gurobi_bd] [DEBUG]  Writing intermediate output to analyses/ILP/ilp_bd/budget_level_0_03.tif
2017-07-18 19:47:20 [optimize_gurobi_bd] [INFO ]  [4/100] Optimizing with fraction level 0.04...
2017-07-18 19:47:20 [optimize_gurobi_bd] [INFO ]  [INFO] Starting single-objective optimization
2017-07-18 19:47:47 [optimize_gurobi_bd] [DEBUG] See /data/priocomp/logs/gurobi.log for Gurobi log
2017-07-18 19:47:59 [optimize_gurobi_bd] [DEBUG]  Writing intermediate output to analyses/ILP/ilp_bd/budget_level_0_04.tif
2017-07-18 19:47:59 [optimize_gurobi_bd] [INFO ]  [5/100] Optimizing with fraction level 0.05...
2017-07-18 19:47:59 [optimize_gurobi_bd] [INFO ]  [INFO] Starting single-objective optimization
2017-07-18 19:48:26 [optimize_gurobi_bd] [DEBUG] See /data/priocomp/logs/gurobi.log for Gurobi log
2017-07-18 19:48:36 [optimize_gurobi_bd] [DEBUG]  Writing intermediate output to analyses/ILP/ilp_bd/budget_level_0_05.tif
2017-07-18 19:48:36 [optimize_gurobi_bd] [INFO ]  [6/100] Optimizing with fraction level 0.06...
2017-07-18 19:48:36 [optimize_gurobi_bd] [INFO ]  [INFO] Starting single-objective optimization
2017-07-18 19:49:01 [optimize_gurobi_bd] [DEBUG] See /data/priocomp/logs/gurobi.log for Gurobi log
2017-07-18 19:49:13 [optimize_gurobi_bd] [DEBUG]  Writing intermediate output to analyses/ILP/ilp_bd/budget_level_0_06.tif
2017-07-18 19:49:13 [optimize_gurobi_bd] [INFO ]  [7/100] Optimizing with fraction level 0.07...
2017-07-18 19:49:13 [optimize_gurobi_bd] [INFO ]  [INFO] Starting single-objective optimization
2017-07-18 19:49:39 [optimize_gurobi_bd] [DEBUG] See /data/priocomp/logs/gurobi.log for Gurobi log
2017-07-18 19:49:51 [optimize_gurobi_bd] [DEBUG]  Writing intermediate output to analyses/ILP/ilp_bd/budget_level_0_07.tif
2017-07-18 19:49:51 [optimize_gurobi_bd] [INFO ]  [8/100] Optimizing with fraction level 0.08...
2017-07-18 19:49:51 [optimize_gurobi_bd] [INFO ]  [INFO] Starting single-objective optimization
2017-07-18 19:50:18 [optimize_gurobi_bd] [DEBUG] See /data/priocomp/logs/gurobi.log for Gurobi log
2017-07-18 19:50:28 [optimize_gurobi_bd] [DEBUG]  Writing intermediate output to analyses/ILP/ilp_bd/budget_level_0_08.tif
2017-07-18 19:50:29 [optimize_gurobi_bd] [INFO ]  [9/100] Optimizing with fraction level 0.09...
2017-07-18 19:50:29 [optimize_gurobi_bd] [INFO ]  [INFO] Starting single-objective optimization
2017-07-18 19:50:55 [optimize_gurobi_bd] [DEBUG] See /data/priocomp/logs/gurobi.log for Gurobi log
2017-07-18 19:51:07 [optimize_gurobi_bd] [DEBUG]  Writing intermediate output to analyses/ILP/ilp_bd/budget_level_0_09.tif
2017-07-18 19:51:07 [optimize_gurobi_bd] [INFO ]  [10/100] Optimizing with fraction level 0.1...
2017-07-18 19:51:07 [optimize_gurobi_bd] [INFO ]  [INFO] Starting single-objective optimization
2017-07-18 19:51:35 [optimize_gurobi_bd] [DEBUG] See /data/priocomp/logs/gurobi.log for Gurobi log
2017-07-18 19:51:46 [optimize_gurobi_bd] [DEBUG]  Writing intermediate output to analyses/ILP/ilp_bd/budget_level_0_1.tif
2017-07-18 19:51:47 [optimize_gurobi_bd] [INFO ]  [11/100] Optimizing with fraction level 0.11...
2017-07-18 19:51:47 [optimize_gurobi_bd] [INFO ]  [INFO] Starting single-objective optimization
2017-07-18 19:52:14 [optimize_gurobi_bd] [DEBUG] See /data/priocomp/logs/gurobi.log for Gurobi log
2017-07-18 19:52:25 [optimize_gurobi_bd] [DEBUG]  Writing intermediate output to analyses/ILP/ilp_bd/budget_level_0_11.tif
2017-07-18 19:52:25 [optimize_gurobi_bd] [INFO ]  [12/100] Optimizing with fraction level 0.12...
2017-07-18 19:52:25 [optimize_gurobi_bd] [INFO ]  [INFO] Starting single-objective optimization
2017-07-18 19:52:52 [optimize_gurobi_bd] [DEBUG] See /data/priocomp/logs/gurobi.log for Gurobi log
2017-07-18 19:53:04 [optimize_gurobi_bd] [DEBUG]  Writing intermediate output to analyses/ILP/ilp_bd/budget_level_0_12.tif
2017-07-18 19:53:04 [optimize_gurobi_bd] [INFO ]  [13/100] Optimizing with fraction level 0.13...
2017-07-18 19:53:04 [optimize_gurobi_bd] [INFO ]  [INFO] Starting single-objective optimization
2017-07-18 19:53:31 [optimize_gurobi_bd] [DEBUG] See /data/priocomp/logs/gurobi.log for Gurobi log
2017-07-18 19:53:42 [optimize_gurobi_bd] [DEBUG]  Writing intermediate output to analyses/ILP/ilp_bd/budget_level_0_13.tif
2017-07-18 19:53:43 [optimize_gurobi_bd] [INFO ]  [14/100] Optimizing with fraction level 0.14...
2017-07-18 19:53:43 [optimize_gurobi_bd] [INFO ]  [INFO] Starting single-objective optimization
2017-07-18 19:54:10 [optimize_gurobi_bd] [DEBUG] See /data/priocomp/logs/gurobi.log for Gurobi log
2017-07-18 19:54:22 [optimize_gurobi_bd] [DEBUG]  Writing intermediate output to analyses/ILP/ilp_bd/budget_level_0_14.tif
2017-07-18 19:54:23 [optimize_gurobi_bd] [INFO ]  [15/100] Optimizing with fraction level 0.15...
2017-07-18 19:54:23 [optimize_gurobi_bd] [INFO ]  [INFO] Starting single-objective optimization
2017-07-18 19:54:52 [optimize_gurobi_bd] [DEBUG] See /data/priocomp/logs/gurobi.log for Gurobi log
2017-07-18 19:55:03 [optimize_gurobi_bd] [DEBUG]  Writing intermediate output to analyses/ILP/ilp_bd/budget_level_0_15.tif
2017-07-18 19:55:04 [optimize_gurobi_bd] [INFO ]  [16/100] Optimizing with fraction level 0.16...
2017-07-18 19:55:04 [optimize_gurobi_bd] [INFO ]  [INFO] Starting single-objective optimization
2017-07-18 19:55:31 [optimize_gurobi_bd] [DEBUG] See /data/priocomp/logs/gurobi.log for Gurobi log
2017-07-18 19:55:42 [optimize_gurobi_bd] [DEBUG]  Writing intermediate output to analyses/ILP/ilp_bd/budget_level_0_16.tif
2017-07-18 19:55:42 [optimize_gurobi_bd] [INFO ]  [17/100] Optimizing with fraction level 0.17...
2017-07-18 19:55:42 [optimize_gurobi_bd] [INFO ]  [INFO] Starting single-objective optimization
2017-07-18 19:56:07 [optimize_gurobi_bd] [DEBUG] See /data/priocomp/logs/gurobi.log for Gurobi log
2017-07-18 19:56:19 [optimize_gurobi_bd] [DEBUG]  Writing intermediate output to analyses/ILP/ilp_bd/budget_level_0_17.tif
2017-07-18 19:56:19 [optimize_gurobi_bd] [INFO ]  [18/100] Optimizing with fraction level 0.18...
2017-07-18 19:56:19 [optimize_gurobi_bd] [INFO ]  [INFO] Starting single-objective optimization
2017-07-18 19:56:45 [optimize_gurobi_bd] [DEBUG] See /data/priocomp/logs/gurobi.log for Gurobi log
2017-07-18 19:56:57 [optimize_gurobi_bd] [DEBUG]  Writing intermediate output to analyses/ILP/ilp_bd/budget_level_0_18.tif
2017-07-18 19:56:57 [optimize_gurobi_bd] [INFO ]  [19/100] Optimizing with fraction level 0.19...
2017-07-18 19:56:57 [optimize_gurobi_bd] [INFO ]  [INFO] Starting single-objective optimization
2017-07-18 19:57:22 [optimize_gurobi_bd] [DEBUG] See /data/priocomp/logs/gurobi.log for Gurobi log
2017-07-18 19:57:33 [optimize_gurobi_bd] [DEBUG]  Writing intermediate output to analyses/ILP/ilp_bd/budget_level_0_19.tif
2017-07-18 19:57:33 [optimize_gurobi_bd] [INFO ]  [20/100] Optimizing with fraction level 0.2...
2017-07-18 19:57:33 [optimize_gurobi_bd] [INFO ]  [INFO] Starting single-objective optimization
2017-07-18 19:58:01 [optimize_gurobi_bd] [DEBUG] See /data/priocomp/logs/gurobi.log for Gurobi log
2017-07-18 19:58:12 [optimize_gurobi_bd] [DEBUG]  Writing intermediate output to analyses/ILP/ilp_bd/budget_level_0_2.tif
2017-07-18 19:58:12 [optimize_gurobi_bd] [INFO ]  [21/100] Optimizing with fraction level 0.21...
2017-07-18 19:58:12 [optimize_gurobi_bd] [INFO ]  [INFO] Starting single-objective optimization
2017-07-18 19:58:39 [optimize_gurobi_bd] [DEBUG] See /data/priocomp/logs/gurobi.log for Gurobi log
2017-07-18 19:58:50 [optimize_gurobi_bd] [DEBUG]  Writing intermediate output to analyses/ILP/ilp_bd/budget_level_0_21.tif
2017-07-18 19:58:50 [optimize_gurobi_bd] [INFO ]  [22/100] Optimizing with fraction level 0.22...
2017-07-18 19:58:50 [optimize_gurobi_bd] [INFO ]  [INFO] Starting single-objective optimization
2017-07-18 19:59:15 [optimize_gurobi_bd] [DEBUG] See /data/priocomp/logs/gurobi.log for Gurobi log
2017-07-18 19:59:27 [optimize_gurobi_bd] [DEBUG]  Writing intermediate output to analyses/ILP/ilp_bd/budget_level_0_22.tif
2017-07-18 19:59:27 [optimize_gurobi_bd] [INFO ]  [23/100] Optimizing with fraction level 0.23...
2017-07-18 19:59:27 [optimize_gurobi_bd] [INFO ]  [INFO] Starting single-objective optimization
2017-07-18 19:59:55 [optimize_gurobi_bd] [DEBUG] See /data/priocomp/logs/gurobi.log for Gurobi log
2017-07-18 20:00:06 [optimize_gurobi_bd] [DEBUG]  Writing intermediate output to analyses/ILP/ilp_bd/budget_level_0_23.tif
2017-07-18 20:00:07 [optimize_gurobi_bd] [INFO ]  [24/100] Optimizing with fraction level 0.24...
2017-07-18 20:00:07 [optimize_gurobi_bd] [INFO ]  [INFO] Starting single-objective optimization
2017-07-18 20:00:32 [optimize_gurobi_bd] [DEBUG] See /data/priocomp/logs/gurobi.log for Gurobi log
2017-07-18 20:00:43 [optimize_gurobi_bd] [DEBUG]  Writing intermediate output to analyses/ILP/ilp_bd/budget_level_0_24.tif
2017-07-18 20:00:44 [optimize_gurobi_bd] [INFO ]  [25/100] Optimizing with fraction level 0.25...
2017-07-18 20:00:44 [optimize_gurobi_bd] [INFO ]  [INFO] Starting single-objective optimization
2017-07-18 20:01:10 [optimize_gurobi_bd] [DEBUG] See /data/priocomp/logs/gurobi.log for Gurobi log
2017-07-18 20:01:22 [optimize_gurobi_bd] [DEBUG]  Writing intermediate output to analyses/ILP/ilp_bd/budget_level_0_25.tif
2017-07-18 20:01:22 [optimize_gurobi_bd] [INFO ]  [26/100] Optimizing with fraction level 0.26...
2017-07-18 20:01:22 [optimize_gurobi_bd] [INFO ]  [INFO] Starting single-objective optimization
2017-07-18 20:01:47 [optimize_gurobi_bd] [DEBUG] See /data/priocomp/logs/gurobi.log for Gurobi log
2017-07-18 20:01:58 [optimize_gurobi_bd] [DEBUG]  Writing intermediate output to analyses/ILP/ilp_bd/budget_level_0_26.tif
2017-07-18 20:01:58 [optimize_gurobi_bd] [INFO ]  [27/100] Optimizing with fraction level 0.27...
2017-07-18 20:01:58 [optimize_gurobi_bd] [INFO ]  [INFO] Starting single-objective optimization
2017-07-18 20:02:25 [optimize_gurobi_bd] [DEBUG] See /data/priocomp/logs/gurobi.log for Gurobi log
2017-07-18 20:02:37 [optimize_gurobi_bd] [DEBUG]  Writing intermediate output to analyses/ILP/ilp_bd/budget_level_0_27.tif
2017-07-18 20:02:37 [optimize_gurobi_bd] [INFO ]  [28/100] Optimizing with fraction level 0.28...
2017-07-18 20:02:37 [optimize_gurobi_bd] [INFO ]  [INFO] Starting single-objective optimization
2017-07-18 20:03:02 [optimize_gurobi_bd] [DEBUG] See /data/priocomp/logs/gurobi.log for Gurobi log
2017-07-18 20:03:14 [optimize_gurobi_bd] [DEBUG]  Writing intermediate output to analyses/ILP/ilp_bd/budget_level_0_28.tif
2017-07-18 20:03:15 [optimize_gurobi_bd] [INFO ]  [29/100] Optimizing with fraction level 0.29...
2017-07-18 20:03:15 [optimize_gurobi_bd] [INFO ]  [INFO] Starting single-objective optimization
2017-07-18 20:03:41 [optimize_gurobi_bd] [DEBUG] See /data/priocomp/logs/gurobi.log for Gurobi log
2017-07-18 20:03:53 [optimize_gurobi_bd] [DEBUG]  Writing intermediate output to analyses/ILP/ilp_bd/budget_level_0_29.tif
2017-07-18 20:03:54 [optimize_gurobi_bd] [INFO ]  [30/100] Optimizing with fraction level 0.3...
2017-07-18 20:03:54 [optimize_gurobi_bd] [INFO ]  [INFO] Starting single-objective optimization
2017-07-18 20:04:21 [optimize_gurobi_bd] [DEBUG] See /data/priocomp/logs/gurobi.log for Gurobi log
2017-07-18 20:04:33 [optimize_gurobi_bd] [DEBUG]  Writing intermediate output to analyses/ILP/ilp_bd/budget_level_0_3.tif
2017-07-18 20:04:34 [optimize_gurobi_bd] [INFO ]  [31/100] Optimizing with fraction level 0.31...
2017-07-18 20:04:34 [optimize_gurobi_bd] [INFO ]  [INFO] Starting single-objective optimization
2017-07-18 20:05:00 [optimize_gurobi_bd] [DEBUG] See /data/priocomp/logs/gurobi.log for Gurobi log
2017-07-18 20:05:12 [optimize_gurobi_bd] [DEBUG]  Writing intermediate output to analyses/ILP/ilp_bd/budget_level_0_31.tif
2017-07-18 20:05:12 [optimize_gurobi_bd] [INFO ]  [32/100] Optimizing with fraction level 0.32...
2017-07-18 20:05:12 [optimize_gurobi_bd] [INFO ]  [INFO] Starting single-objective optimization
2017-07-18 20:05:39 [optimize_gurobi_bd] [DEBUG] See /data/priocomp/logs/gurobi.log for Gurobi log
2017-07-18 20:05:51 [optimize_gurobi_bd] [DEBUG]  Writing intermediate output to analyses/ILP/ilp_bd/budget_level_0_32.tif
2017-07-18 20:05:51 [optimize_gurobi_bd] [INFO ]  [33/100] Optimizing with fraction level 0.33...
2017-07-18 20:05:51 [optimize_gurobi_bd] [INFO ]  [INFO] Starting single-objective optimization
2017-07-18 20:06:18 [optimize_gurobi_bd] [DEBUG] See /data/priocomp/logs/gurobi.log for Gurobi log
2017-07-18 20:06:30 [optimize_gurobi_bd] [DEBUG]  Writing intermediate output to analyses/ILP/ilp_bd/budget_level_0_33.tif
2017-07-18 20:06:30 [optimize_gurobi_bd] [INFO ]  [34/100] Optimizing with fraction level 0.34...
2017-07-18 20:06:30 [optimize_gurobi_bd] [INFO ]  [INFO] Starting single-objective optimization
2017-07-18 20:06:57 [optimize_gurobi_bd] [DEBUG] See /data/priocomp/logs/gurobi.log for Gurobi log
2017-07-18 20:07:09 [optimize_gurobi_bd] [DEBUG]  Writing intermediate output to analyses/ILP/ilp_bd/budget_level_0_34.tif
2017-07-18 20:07:09 [optimize_gurobi_bd] [INFO ]  [35/100] Optimizing with fraction level 0.35...
2017-07-18 20:07:09 [optimize_gurobi_bd] [INFO ]  [INFO] Starting single-objective optimization
2017-07-18 20:07:36 [optimize_gurobi_bd] [DEBUG] See /data/priocomp/logs/gurobi.log for Gurobi log
2017-07-18 20:07:48 [optimize_gurobi_bd] [DEBUG]  Writing intermediate output to analyses/ILP/ilp_bd/budget_level_0_35.tif
2017-07-18 20:07:48 [optimize_gurobi_bd] [INFO ]  [36/100] Optimizing with fraction level 0.36...
2017-07-18 20:07:48 [optimize_gurobi_bd] [INFO ]  [INFO] Starting single-objective optimization
2017-07-18 20:08:14 [optimize_gurobi_bd] [DEBUG] See /data/priocomp/logs/gurobi.log for Gurobi log
2017-07-18 20:08:25 [optimize_gurobi_bd] [DEBUG]  Writing intermediate output to analyses/ILP/ilp_bd/budget_level_0_36.tif
2017-07-18 20:08:25 [optimize_gurobi_bd] [INFO ]  [37/100] Optimizing with fraction level 0.37...
2017-07-18 20:08:25 [optimize_gurobi_bd] [INFO ]  [INFO] Starting single-objective optimization
2017-07-18 20:08:52 [optimize_gurobi_bd] [DEBUG] See /data/priocomp/logs/gurobi.log for Gurobi log
2017-07-18 20:09:04 [optimize_gurobi_bd] [DEBUG]  Writing intermediate output to analyses/ILP/ilp_bd/budget_level_0_37.tif
2017-07-18 20:09:04 [optimize_gurobi_bd] [INFO ]  [38/100] Optimizing with fraction level 0.38...
2017-07-18 20:09:04 [optimize_gurobi_bd] [INFO ]  [INFO] Starting single-objective optimization
2017-07-18 20:09:30 [optimize_gurobi_bd] [DEBUG] See /data/priocomp/logs/gurobi.log for Gurobi log
2017-07-18 20:09:42 [optimize_gurobi_bd] [DEBUG]  Writing intermediate output to analyses/ILP/ilp_bd/budget_level_0_38.tif
2017-07-18 20:09:43 [optimize_gurobi_bd] [INFO ]  [39/100] Optimizing with fraction level 0.39...
2017-07-18 20:09:43 [optimize_gurobi_bd] [INFO ]  [INFO] Starting single-objective optimization
2017-07-18 20:10:07 [optimize_gurobi_bd] [DEBUG] See /data/priocomp/logs/gurobi.log for Gurobi log
2017-07-18 20:10:18 [optimize_gurobi_bd] [DEBUG]  Writing intermediate output to analyses/ILP/ilp_bd/budget_level_0_39.tif
2017-07-18 20:10:18 [optimize_gurobi_bd] [INFO ]  [40/100] Optimizing with fraction level 0.4...
2017-07-18 20:10:18 [optimize_gurobi_bd] [INFO ]  [INFO] Starting single-objective optimization
2017-07-18 20:10:44 [optimize_gurobi_bd] [DEBUG] See /data/priocomp/logs/gurobi.log for Gurobi log
2017-07-18 20:10:56 [optimize_gurobi_bd] [DEBUG]  Writing intermediate output to analyses/ILP/ilp_bd/budget_level_0_4.tif
2017-07-18 20:10:56 [optimize_gurobi_bd] [INFO ]  [41/100] Optimizing with fraction level 0.41...
2017-07-18 20:10:56 [optimize_gurobi_bd] [INFO ]  [INFO] Starting single-objective optimization
2017-07-18 20:11:23 [optimize_gurobi_bd] [DEBUG] See /data/priocomp/logs/gurobi.log for Gurobi log
2017-07-18 20:11:34 [optimize_gurobi_bd] [DEBUG]  Writing intermediate output to analyses/ILP/ilp_bd/budget_level_0_41.tif
2017-07-18 20:11:34 [optimize_gurobi_bd] [INFO ]  [42/100] Optimizing with fraction level 0.42...
2017-07-18 20:11:34 [optimize_gurobi_bd] [INFO ]  [INFO] Starting single-objective optimization
2017-07-18 20:12:02 [optimize_gurobi_bd] [DEBUG] See /data/priocomp/logs/gurobi.log for Gurobi log
2017-07-18 20:12:14 [optimize_gurobi_bd] [DEBUG]  Writing intermediate output to analyses/ILP/ilp_bd/budget_level_0_42.tif
2017-07-18 20:12:14 [optimize_gurobi_bd] [INFO ]  [43/100] Optimizing with fraction level 0.43...
2017-07-18 20:12:14 [optimize_gurobi_bd] [INFO ]  [INFO] Starting single-objective optimization
2017-07-18 20:12:41 [optimize_gurobi_bd] [DEBUG] See /data/priocomp/logs/gurobi.log for Gurobi log
2017-07-18 20:12:52 [optimize_gurobi_bd] [DEBUG]  Writing intermediate output to analyses/ILP/ilp_bd/budget_level_0_43.tif
2017-07-18 20:12:53 [optimize_gurobi_bd] [INFO ]  [44/100] Optimizing with fraction level 0.44...
2017-07-18 20:12:53 [optimize_gurobi_bd] [INFO ]  [INFO] Starting single-objective optimization
2017-07-18 20:13:21 [optimize_gurobi_bd] [DEBUG] See /data/priocomp/logs/gurobi.log for Gurobi log
2017-07-18 20:13:32 [optimize_gurobi_bd] [DEBUG]  Writing intermediate output to analyses/ILP/ilp_bd/budget_level_0_44.tif
2017-07-18 20:13:33 [optimize_gurobi_bd] [INFO ]  [45/100] Optimizing with fraction level 0.45...
2017-07-18 20:13:33 [optimize_gurobi_bd] [INFO ]  [INFO] Starting single-objective optimization
2017-07-18 20:13:58 [optimize_gurobi_bd] [DEBUG] See /data/priocomp/logs/gurobi.log for Gurobi log
2017-07-18 20:14:09 [optimize_gurobi_bd] [DEBUG]  Writing intermediate output to analyses/ILP/ilp_bd/budget_level_0_45.tif
2017-07-18 20:14:10 [optimize_gurobi_bd] [INFO ]  [46/100] Optimizing with fraction level 0.46...
2017-07-18 20:14:10 [optimize_gurobi_bd] [INFO ]  [INFO] Starting single-objective optimization
2017-07-18 20:14:34 [optimize_gurobi_bd] [DEBUG] See /data/priocomp/logs/gurobi.log for Gurobi log
2017-07-18 20:14:46 [optimize_gurobi_bd] [DEBUG]  Writing intermediate output to analyses/ILP/ilp_bd/budget_level_0_46.tif
2017-07-18 20:14:46 [optimize_gurobi_bd] [INFO ]  [47/100] Optimizing with fraction level 0.47...
2017-07-18 20:14:46 [optimize_gurobi_bd] [INFO ]  [INFO] Starting single-objective optimization
2017-07-18 20:15:13 [optimize_gurobi_bd] [DEBUG] See /data/priocomp/logs/gurobi.log for Gurobi log
2017-07-18 20:15:25 [optimize_gurobi_bd] [DEBUG]  Writing intermediate output to analyses/ILP/ilp_bd/budget_level_0_47.tif
2017-07-18 20:15:26 [optimize_gurobi_bd] [INFO ]  [48/100] Optimizing with fraction level 0.48...
2017-07-18 20:15:26 [optimize_gurobi_bd] [INFO ]  [INFO] Starting single-objective optimization
2017-07-18 20:15:54 [optimize_gurobi_bd] [DEBUG] See /data/priocomp/logs/gurobi.log for Gurobi log
2017-07-18 20:16:05 [optimize_gurobi_bd] [DEBUG]  Writing intermediate output to analyses/ILP/ilp_bd/budget_level_0_48.tif
2017-07-18 20:16:05 [optimize_gurobi_bd] [INFO ]  [49/100] Optimizing with fraction level 0.49...
2017-07-18 20:16:05 [optimize_gurobi_bd] [INFO ]  [INFO] Starting single-objective optimization
2017-07-18 20:16:33 [optimize_gurobi_bd] [DEBUG] See /data/priocomp/logs/gurobi.log for Gurobi log
2017-07-18 20:16:44 [optimize_gurobi_bd] [DEBUG]  Writing intermediate output to analyses/ILP/ilp_bd/budget_level_0_49.tif
2017-07-18 20:16:44 [optimize_gurobi_bd] [INFO ]  [50/100] Optimizing with fraction level 0.5...
2017-07-18 20:16:44 [optimize_gurobi_bd] [INFO ]  [INFO] Starting single-objective optimization
2017-07-18 20:17:09 [optimize_gurobi_bd] [DEBUG] See /data/priocomp/logs/gurobi.log for Gurobi log
2017-07-18 20:17:20 [optimize_gurobi_bd] [DEBUG]  Writing intermediate output to analyses/ILP/ilp_bd/budget_level_0_5.tif
2017-07-18 20:17:21 [optimize_gurobi_bd] [INFO ]  [51/100] Optimizing with fraction level 0.51...
2017-07-18 20:17:21 [optimize_gurobi_bd] [INFO ]  [INFO] Starting single-objective optimization
2017-07-18 20:17:47 [optimize_gurobi_bd] [DEBUG] See /data/priocomp/logs/gurobi.log for Gurobi log
2017-07-18 20:17:58 [optimize_gurobi_bd] [DEBUG]  Writing intermediate output to analyses/ILP/ilp_bd/budget_level_0_51.tif
2017-07-18 20:17:59 [optimize_gurobi_bd] [INFO ]  [52/100] Optimizing with fraction level 0.52...
2017-07-18 20:17:59 [optimize_gurobi_bd] [INFO ]  [INFO] Starting single-objective optimization
2017-07-18 20:18:26 [optimize_gurobi_bd] [DEBUG] See /data/priocomp/logs/gurobi.log for Gurobi log
2017-07-18 20:18:36 [optimize_gurobi_bd] [DEBUG]  Writing intermediate output to analyses/ILP/ilp_bd/budget_level_0_52.tif
2017-07-18 20:18:37 [optimize_gurobi_bd] [INFO ]  [53/100] Optimizing with fraction level 0.53...
2017-07-18 20:18:37 [optimize_gurobi_bd] [INFO ]  [INFO] Starting single-objective optimization
2017-07-18 20:19:03 [optimize_gurobi_bd] [DEBUG] See /data/priocomp/logs/gurobi.log for Gurobi log
2017-07-18 20:19:14 [optimize_gurobi_bd] [DEBUG]  Writing intermediate output to analyses/ILP/ilp_bd/budget_level_0_53.tif
2017-07-18 20:19:15 [optimize_gurobi_bd] [INFO ]  [54/100] Optimizing with fraction level 0.54...
2017-07-18 20:19:15 [optimize_gurobi_bd] [INFO ]  [INFO] Starting single-objective optimization
2017-07-18 20:19:42 [optimize_gurobi_bd] [DEBUG] See /data/priocomp/logs/gurobi.log for Gurobi log
2017-07-18 20:19:53 [optimize_gurobi_bd] [DEBUG]  Writing intermediate output to analyses/ILP/ilp_bd/budget_level_0_54.tif
2017-07-18 20:19:53 [optimize_gurobi_bd] [INFO ]  [55/100] Optimizing with fraction level 0.55...
2017-07-18 20:19:53 [optimize_gurobi_bd] [INFO ]  [INFO] Starting single-objective optimization
2017-07-18 20:20:19 [optimize_gurobi_bd] [DEBUG] See /data/priocomp/logs/gurobi.log for Gurobi log
2017-07-18 20:20:31 [optimize_gurobi_bd] [DEBUG]  Writing intermediate output to analyses/ILP/ilp_bd/budget_level_0_55.tif
2017-07-18 20:20:31 [optimize_gurobi_bd] [INFO ]  [56/100] Optimizing with fraction level 0.56...
2017-07-18 20:20:31 [optimize_gurobi_bd] [INFO ]  [INFO] Starting single-objective optimization
2017-07-18 20:20:57 [optimize_gurobi_bd] [DEBUG] See /data/priocomp/logs/gurobi.log for Gurobi log
2017-07-18 20:21:07 [optimize_gurobi_bd] [DEBUG]  Writing intermediate output to analyses/ILP/ilp_bd/budget_level_0_56.tif
2017-07-18 20:21:08 [optimize_gurobi_bd] [INFO ]  [57/100] Optimizing with fraction level 0.57...
2017-07-18 20:21:08 [optimize_gurobi_bd] [INFO ]  [INFO] Starting single-objective optimization
2017-07-18 20:21:34 [optimize_gurobi_bd] [DEBUG] See /data/priocomp/logs/gurobi.log for Gurobi log
2017-07-18 20:21:46 [optimize_gurobi_bd] [DEBUG]  Writing intermediate output to analyses/ILP/ilp_bd/budget_level_0_57.tif
2017-07-18 20:21:46 [optimize_gurobi_bd] [INFO ]  [58/100] Optimizing with fraction level 0.58...
2017-07-18 20:21:46 [optimize_gurobi_bd] [INFO ]  [INFO] Starting single-objective optimization
2017-07-18 20:22:14 [optimize_gurobi_bd] [DEBUG] See /data/priocomp/logs/gurobi.log for Gurobi log
2017-07-18 20:22:26 [optimize_gurobi_bd] [DEBUG]  Writing intermediate output to analyses/ILP/ilp_bd/budget_level_0_58.tif
2017-07-18 20:22:26 [optimize_gurobi_bd] [INFO ]  [59/100] Optimizing with fraction level 0.59...
2017-07-18 20:22:26 [optimize_gurobi_bd] [INFO ]  [INFO] Starting single-objective optimization
2017-07-18 20:22:53 [optimize_gurobi_bd] [DEBUG] See /data/priocomp/logs/gurobi.log for Gurobi log
2017-07-18 20:23:05 [optimize_gurobi_bd] [DEBUG]  Writing intermediate output to analyses/ILP/ilp_bd/budget_level_0_59.tif
2017-07-18 20:23:05 [optimize_gurobi_bd] [INFO ]  [60/100] Optimizing with fraction level 0.6...
2017-07-18 20:23:05 [optimize_gurobi_bd] [INFO ]  [INFO] Starting single-objective optimization
2017-07-18 20:23:31 [optimize_gurobi_bd] [DEBUG] See /data/priocomp/logs/gurobi.log for Gurobi log
2017-07-18 20:23:43 [optimize_gurobi_bd] [DEBUG]  Writing intermediate output to analyses/ILP/ilp_bd/budget_level_0_6.tif
2017-07-18 20:23:44 [optimize_gurobi_bd] [INFO ]  [61/100] Optimizing with fraction level 0.61...
2017-07-18 20:23:44 [optimize_gurobi_bd] [INFO ]  [INFO] Starting single-objective optimization
2017-07-18 20:24:10 [optimize_gurobi_bd] [DEBUG] See /data/priocomp/logs/gurobi.log for Gurobi log
2017-07-18 20:24:22 [optimize_gurobi_bd] [DEBUG]  Writing intermediate output to analyses/ILP/ilp_bd/budget_level_0_61.tif
2017-07-18 20:24:22 [optimize_gurobi_bd] [INFO ]  [62/100] Optimizing with fraction level 0.62...
2017-07-18 20:24:22 [optimize_gurobi_bd] [INFO ]  [INFO] Starting single-objective optimization
2017-07-18 20:24:50 [optimize_gurobi_bd] [DEBUG] See /data/priocomp/logs/gurobi.log for Gurobi log
2017-07-18 20:25:01 [optimize_gurobi_bd] [DEBUG]  Writing intermediate output to analyses/ILP/ilp_bd/budget_level_0_62.tif
2017-07-18 20:25:02 [optimize_gurobi_bd] [INFO ]  [63/100] Optimizing with fraction level 0.63...
2017-07-18 20:25:02 [optimize_gurobi_bd] [INFO ]  [INFO] Starting single-objective optimization
2017-07-18 20:25:26 [optimize_gurobi_bd] [DEBUG] See /data/priocomp/logs/gurobi.log for Gurobi log
2017-07-18 20:25:37 [optimize_gurobi_bd] [DEBUG]  Writing intermediate output to analyses/ILP/ilp_bd/budget_level_0_63.tif
2017-07-18 20:25:38 [optimize_gurobi_bd] [INFO ]  [64/100] Optimizing with fraction level 0.64...
2017-07-18 20:25:38 [optimize_gurobi_bd] [INFO ]  [INFO] Starting single-objective optimization
2017-07-18 20:26:04 [optimize_gurobi_bd] [DEBUG] See /data/priocomp/logs/gurobi.log for Gurobi log
2017-07-18 20:26:15 [optimize_gurobi_bd] [DEBUG]  Writing intermediate output to analyses/ILP/ilp_bd/budget_level_0_64.tif
2017-07-18 20:26:15 [optimize_gurobi_bd] [INFO ]  [65/100] Optimizing with fraction level 0.65...
2017-07-18 20:26:15 [optimize_gurobi_bd] [INFO ]  [INFO] Starting single-objective optimization
2017-07-18 20:26:41 [optimize_gurobi_bd] [DEBUG] See /data/priocomp/logs/gurobi.log for Gurobi log
2017-07-18 20:26:52 [optimize_gurobi_bd] [DEBUG]  Writing intermediate output to analyses/ILP/ilp_bd/budget_level_0_65.tif
2017-07-18 20:26:52 [optimize_gurobi_bd] [INFO ]  [66/100] Optimizing with fraction level 0.66...
2017-07-18 20:26:52 [optimize_gurobi_bd] [INFO ]  [INFO] Starting single-objective optimization
2017-07-18 20:27:16 [optimize_gurobi_bd] [DEBUG] See /data/priocomp/logs/gurobi.log for Gurobi log
2017-07-18 20:27:28 [optimize_gurobi_bd] [DEBUG]  Writing intermediate output to analyses/ILP/ilp_bd/budget_level_0_66.tif
2017-07-18 20:27:28 [optimize_gurobi_bd] [INFO ]  [67/100] Optimizing with fraction level 0.67...
2017-07-18 20:27:29 [optimize_gurobi_bd] [INFO ]  [INFO] Starting single-objective optimization
2017-07-18 20:27:54 [optimize_gurobi_bd] [DEBUG] See /data/priocomp/logs/gurobi.log for Gurobi log
2017-07-18 20:28:05 [optimize_gurobi_bd] [DEBUG]  Writing intermediate output to analyses/ILP/ilp_bd/budget_level_0_67.tif
2017-07-18 20:28:05 [optimize_gurobi_bd] [INFO ]  [68/100] Optimizing with fraction level 0.68...
2017-07-18 20:28:05 [optimize_gurobi_bd] [INFO ]  [INFO] Starting single-objective optimization
2017-07-18 20:28:29 [optimize_gurobi_bd] [DEBUG] See /data/priocomp/logs/gurobi.log for Gurobi log
2017-07-18 20:28:40 [optimize_gurobi_bd] [DEBUG]  Writing intermediate output to analyses/ILP/ilp_bd/budget_level_0_68.tif
2017-07-18 20:28:40 [optimize_gurobi_bd] [INFO ]  [69/100] Optimizing with fraction level 0.69...
2017-07-18 20:28:40 [optimize_gurobi_bd] [INFO ]  [INFO] Starting single-objective optimization
2017-07-18 20:29:05 [optimize_gurobi_bd] [DEBUG] See /data/priocomp/logs/gurobi.log for Gurobi log
2017-07-18 20:29:15 [optimize_gurobi_bd] [DEBUG]  Writing intermediate output to analyses/ILP/ilp_bd/budget_level_0_69.tif
2017-07-18 20:29:15 [optimize_gurobi_bd] [INFO ]  [70/100] Optimizing with fraction level 0.7...
2017-07-18 20:29:15 [optimize_gurobi_bd] [INFO ]  [INFO] Starting single-objective optimization
2017-07-18 20:29:40 [optimize_gurobi_bd] [DEBUG] See /data/priocomp/logs/gurobi.log for Gurobi log
2017-07-18 20:29:51 [optimize_gurobi_bd] [DEBUG]  Writing intermediate output to analyses/ILP/ilp_bd/budget_level_0_7.tif
2017-07-18 20:29:51 [optimize_gurobi_bd] [INFO ]  [71/100] Optimizing with fraction level 0.71...
2017-07-18 20:29:51 [optimize_gurobi_bd] [INFO ]  [INFO] Starting single-objective optimization
2017-07-18 20:30:17 [optimize_gurobi_bd] [DEBUG] See /data/priocomp/logs/gurobi.log for Gurobi log
2017-07-18 20:30:29 [optimize_gurobi_bd] [DEBUG]  Writing intermediate output to analyses/ILP/ilp_bd/budget_level_0_71.tif
2017-07-18 20:30:29 [optimize_gurobi_bd] [INFO ]  [72/100] Optimizing with fraction level 0.72...
2017-07-18 20:30:29 [optimize_gurobi_bd] [INFO ]  [INFO] Starting single-objective optimization
2017-07-18 20:30:55 [optimize_gurobi_bd] [DEBUG] See /data/priocomp/logs/gurobi.log for Gurobi log
2017-07-18 20:31:05 [optimize_gurobi_bd] [DEBUG]  Writing intermediate output to analyses/ILP/ilp_bd/budget_level_0_72.tif
2017-07-18 20:31:06 [optimize_gurobi_bd] [INFO ]  [73/100] Optimizing with fraction level 0.73...
2017-07-18 20:31:06 [optimize_gurobi_bd] [INFO ]  [INFO] Starting single-objective optimization
2017-07-18 20:31:33 [optimize_gurobi_bd] [DEBUG] See /data/priocomp/logs/gurobi.log for Gurobi log
2017-07-18 20:31:43 [optimize_gurobi_bd] [DEBUG]  Writing intermediate output to analyses/ILP/ilp_bd/budget_level_0_73.tif
2017-07-18 20:31:44 [optimize_gurobi_bd] [INFO ]  [74/100] Optimizing with fraction level 0.74...
2017-07-18 20:31:44 [optimize_gurobi_bd] [INFO ]  [INFO] Starting single-objective optimization
2017-07-18 20:32:08 [optimize_gurobi_bd] [DEBUG] See /data/priocomp/logs/gurobi.log for Gurobi log
2017-07-18 20:32:19 [optimize_gurobi_bd] [DEBUG]  Writing intermediate output to analyses/ILP/ilp_bd/budget_level_0_74.tif
2017-07-18 20:32:19 [optimize_gurobi_bd] [INFO ]  [75/100] Optimizing with fraction level 0.75...
2017-07-18 20:32:19 [optimize_gurobi_bd] [INFO ]  [INFO] Starting single-objective optimization
2017-07-18 20:32:45 [optimize_gurobi_bd] [DEBUG] See /data/priocomp/logs/gurobi.log for Gurobi log
2017-07-18 20:32:57 [optimize_gurobi_bd] [DEBUG]  Writing intermediate output to analyses/ILP/ilp_bd/budget_level_0_75.tif
2017-07-18 20:32:58 [optimize_gurobi_bd] [INFO ]  [76/100] Optimizing with fraction level 0.76...
2017-07-18 20:32:58 [optimize_gurobi_bd] [INFO ]  [INFO] Starting single-objective optimization
2017-07-18 20:33:25 [optimize_gurobi_bd] [DEBUG] See /data/priocomp/logs/gurobi.log for Gurobi log
2017-07-18 20:33:36 [optimize_gurobi_bd] [DEBUG]  Writing intermediate output to analyses/ILP/ilp_bd/budget_level_0_76.tif
2017-07-18 20:33:36 [optimize_gurobi_bd] [INFO ]  [77/100] Optimizing with fraction level 0.77...
2017-07-18 20:33:37 [optimize_gurobi_bd] [INFO ]  [INFO] Starting single-objective optimization
2017-07-18 20:34:02 [optimize_gurobi_bd] [DEBUG] See /data/priocomp/logs/gurobi.log for Gurobi log
2017-07-18 20:34:13 [optimize_gurobi_bd] [DEBUG]  Writing intermediate output to analyses/ILP/ilp_bd/budget_level_0_77.tif
2017-07-18 20:34:13 [optimize_gurobi_bd] [INFO ]  [78/100] Optimizing with fraction level 0.78...
2017-07-18 20:34:13 [optimize_gurobi_bd] [INFO ]  [INFO] Starting single-objective optimization
2017-07-18 20:34:41 [optimize_gurobi_bd] [DEBUG] See /data/priocomp/logs/gurobi.log for Gurobi log
2017-07-18 20:34:51 [optimize_gurobi_bd] [DEBUG]  Writing intermediate output to analyses/ILP/ilp_bd/budget_level_0_78.tif
2017-07-18 20:34:52 [optimize_gurobi_bd] [INFO ]  [79/100] Optimizing with fraction level 0.79...
2017-07-18 20:34:52 [optimize_gurobi_bd] [INFO ]  [INFO] Starting single-objective optimization
2017-07-18 20:35:17 [optimize_gurobi_bd] [DEBUG] See /data/priocomp/logs/gurobi.log for Gurobi log
2017-07-18 20:35:28 [optimize_gurobi_bd] [DEBUG]  Writing intermediate output to analyses/ILP/ilp_bd/budget_level_0_79.tif
2017-07-18 20:35:29 [optimize_gurobi_bd] [INFO ]  [80/100] Optimizing with fraction level 0.8...
2017-07-18 20:35:29 [optimize_gurobi_bd] [INFO ]  [INFO] Starting single-objective optimization
2017-07-18 20:35:54 [optimize_gurobi_bd] [DEBUG] See /data/priocomp/logs/gurobi.log for Gurobi log
2017-07-18 20:36:06 [optimize_gurobi_bd] [DEBUG]  Writing intermediate output to analyses/ILP/ilp_bd/budget_level_0_8.tif
2017-07-18 20:36:07 [optimize_gurobi_bd] [INFO ]  [81/100] Optimizing with fraction level 0.81...
2017-07-18 20:36:07 [optimize_gurobi_bd] [INFO ]  [INFO] Starting single-objective optimization
2017-07-18 20:36:33 [optimize_gurobi_bd] [DEBUG] See /data/priocomp/logs/gurobi.log for Gurobi log
2017-07-18 20:36:44 [optimize_gurobi_bd] [DEBUG]  Writing intermediate output to analyses/ILP/ilp_bd/budget_level_0_81.tif
2017-07-18 20:36:44 [optimize_gurobi_bd] [INFO ]  [82/100] Optimizing with fraction level 0.82...
2017-07-18 20:36:45 [optimize_gurobi_bd] [INFO ]  [INFO] Starting single-objective optimization
2017-07-18 20:37:10 [optimize_gurobi_bd] [DEBUG] See /data/priocomp/logs/gurobi.log for Gurobi log
2017-07-18 20:37:22 [optimize_gurobi_bd] [DEBUG]  Writing intermediate output to analyses/ILP/ilp_bd/budget_level_0_82.tif
2017-07-18 20:37:22 [optimize_gurobi_bd] [INFO ]  [83/100] Optimizing with fraction level 0.83...
2017-07-18 20:37:23 [optimize_gurobi_bd] [INFO ]  [INFO] Starting single-objective optimization
2017-07-18 20:37:47 [optimize_gurobi_bd] [DEBUG] See /data/priocomp/logs/gurobi.log for Gurobi log
2017-07-18 20:37:57 [optimize_gurobi_bd] [DEBUG]  Writing intermediate output to analyses/ILP/ilp_bd/budget_level_0_83.tif
2017-07-18 20:37:57 [optimize_gurobi_bd] [INFO ]  [84/100] Optimizing with fraction level 0.84...
2017-07-18 20:37:58 [optimize_gurobi_bd] [INFO ]  [INFO] Starting single-objective optimization
2017-07-18 20:38:24 [optimize_gurobi_bd] [DEBUG] See /data/priocomp/logs/gurobi.log for Gurobi log
2017-07-18 20:38:35 [optimize_gurobi_bd] [DEBUG]  Writing intermediate output to analyses/ILP/ilp_bd/budget_level_0_84.tif
2017-07-18 20:38:36 [optimize_gurobi_bd] [INFO ]  [85/100] Optimizing with fraction level 0.85...
2017-07-18 20:38:36 [optimize_gurobi_bd] [INFO ]  [INFO] Starting single-objective optimization
2017-07-18 20:39:03 [optimize_gurobi_bd] [DEBUG] See /data/priocomp/logs/gurobi.log for Gurobi log
2017-07-18 20:39:14 [optimize_gurobi_bd] [DEBUG]  Writing intermediate output to analyses/ILP/ilp_bd/budget_level_0_85.tif
2017-07-18 20:39:14 [optimize_gurobi_bd] [INFO ]  [86/100] Optimizing with fraction level 0.86...
2017-07-18 20:39:14 [optimize_gurobi_bd] [INFO ]  [INFO] Starting single-objective optimization
2017-07-18 20:39:39 [optimize_gurobi_bd] [DEBUG] See /data/priocomp/logs/gurobi.log for Gurobi log
2017-07-18 20:39:51 [optimize_gurobi_bd] [DEBUG]  Writing intermediate output to analyses/ILP/ilp_bd/budget_level_0_86.tif
2017-07-18 20:39:51 [optimize_gurobi_bd] [INFO ]  [87/100] Optimizing with fraction level 0.87...
2017-07-18 20:39:51 [optimize_gurobi_bd] [INFO ]  [INFO] Starting single-objective optimization
2017-07-18 20:40:18 [optimize_gurobi_bd] [DEBUG] See /data/priocomp/logs/gurobi.log for Gurobi log
2017-07-18 20:40:30 [optimize_gurobi_bd] [DEBUG]  Writing intermediate output to analyses/ILP/ilp_bd/budget_level_0_87.tif
2017-07-18 20:40:30 [optimize_gurobi_bd] [INFO ]  [88/100] Optimizing with fraction level 0.88...
2017-07-18 20:40:30 [optimize_gurobi_bd] [INFO ]  [INFO] Starting single-objective optimization
2017-07-18 20:40:56 [optimize_gurobi_bd] [DEBUG] See /data/priocomp/logs/gurobi.log for Gurobi log
2017-07-18 20:41:07 [optimize_gurobi_bd] [DEBUG]  Writing intermediate output to analyses/ILP/ilp_bd/budget_level_0_88.tif
2017-07-18 20:41:07 [optimize_gurobi_bd] [INFO ]  [89/100] Optimizing with fraction level 0.89...
2017-07-18 20:41:07 [optimize_gurobi_bd] [INFO ]  [INFO] Starting single-objective optimization
2017-07-18 20:41:33 [optimize_gurobi_bd] [DEBUG] See /data/priocomp/logs/gurobi.log for Gurobi log
2017-07-18 20:41:44 [optimize_gurobi_bd] [DEBUG]  Writing intermediate output to analyses/ILP/ilp_bd/budget_level_0_89.tif
2017-07-18 20:41:45 [optimize_gurobi_bd] [INFO ]  [90/100] Optimizing with fraction level 0.9...
2017-07-18 20:41:45 [optimize_gurobi_bd] [INFO ]  [INFO] Starting single-objective optimization
2017-07-18 20:42:11 [optimize_gurobi_bd] [DEBUG] See /data/priocomp/logs/gurobi.log for Gurobi log
2017-07-18 20:42:22 [optimize_gurobi_bd] [DEBUG]  Writing intermediate output to analyses/ILP/ilp_bd/budget_level_0_9.tif
2017-07-18 20:42:22 [optimize_gurobi_bd] [INFO ]  [91/100] Optimizing with fraction level 0.91...
2017-07-18 20:42:22 [optimize_gurobi_bd] [INFO ]  [INFO] Starting single-objective optimization
2017-07-18 20:42:48 [optimize_gurobi_bd] [DEBUG] See /data/priocomp/logs/gurobi.log for Gurobi log
2017-07-18 20:42:58 [optimize_gurobi_bd] [DEBUG]  Writing intermediate output to analyses/ILP/ilp_bd/budget_level_0_91.tif
2017-07-18 20:42:58 [optimize_gurobi_bd] [INFO ]  [92/100] Optimizing with fraction level 0.92...
2017-07-18 20:42:58 [optimize_gurobi_bd] [INFO ]  [INFO] Starting single-objective optimization
2017-07-18 20:43:25 [optimize_gurobi_bd] [DEBUG] See /data/priocomp/logs/gurobi.log for Gurobi log
2017-07-18 20:43:37 [optimize_gurobi_bd] [DEBUG]  Writing intermediate output to analyses/ILP/ilp_bd/budget_level_0_92.tif
2017-07-18 20:43:37 [optimize_gurobi_bd] [INFO ]  [93/100] Optimizing with fraction level 0.93...
2017-07-18 20:43:38 [optimize_gurobi_bd] [INFO ]  [INFO] Starting single-objective optimization
2017-07-18 20:44:05 [optimize_gurobi_bd] [DEBUG] See /data/priocomp/logs/gurobi.log for Gurobi log
2017-07-18 20:44:16 [optimize_gurobi_bd] [DEBUG]  Writing intermediate output to analyses/ILP/ilp_bd/budget_level_0_93.tif
2017-07-18 20:44:16 [optimize_gurobi_bd] [INFO ]  [94/100] Optimizing with fraction level 0.94...
2017-07-18 20:44:16 [optimize_gurobi_bd] [INFO ]  [INFO] Starting single-objective optimization
2017-07-18 20:44:43 [optimize_gurobi_bd] [DEBUG] See /data/priocomp/logs/gurobi.log for Gurobi log
2017-07-18 20:44:53 [optimize_gurobi_bd] [DEBUG]  Writing intermediate output to analyses/ILP/ilp_bd/budget_level_0_94.tif
2017-07-18 20:44:54 [optimize_gurobi_bd] [INFO ]  [95/100] Optimizing with fraction level 0.95...
2017-07-18 20:44:54 [optimize_gurobi_bd] [INFO ]  [INFO] Starting single-objective optimization
2017-07-18 20:45:18 [optimize_gurobi_bd] [DEBUG] See /data/priocomp/logs/gurobi.log for Gurobi log
2017-07-18 20:45:30 [optimize_gurobi_bd] [DEBUG]  Writing intermediate output to analyses/ILP/ilp_bd/budget_level_0_95.tif
2017-07-18 20:45:31 [optimize_gurobi_bd] [INFO ]  [96/100] Optimizing with fraction level 0.96...
2017-07-18 20:45:31 [optimize_gurobi_bd] [INFO ]  [INFO] Starting single-objective optimization
2017-07-18 20:45:57 [optimize_gurobi_bd] [DEBUG] See /data/priocomp/logs/gurobi.log for Gurobi log
2017-07-18 20:46:07 [optimize_gurobi_bd] [DEBUG]  Writing intermediate output to analyses/ILP/ilp_bd/budget_level_0_96.tif
2017-07-18 20:46:08 [optimize_gurobi_bd] [INFO ]  [97/100] Optimizing with fraction level 0.97...
2017-07-18 20:46:08 [optimize_gurobi_bd] [INFO ]  [INFO] Starting single-objective optimization
2017-07-18 20:46:34 [optimize_gurobi_bd] [DEBUG] See /data/priocomp/logs/gurobi.log for Gurobi log
2017-07-18 20:46:45 [optimize_gurobi_bd] [DEBUG]  Writing intermediate output to analyses/ILP/ilp_bd/budget_level_0_97.tif
2017-07-18 20:46:45 [optimize_gurobi_bd] [INFO ]  [98/100] Optimizing with fraction level 0.98...
2017-07-18 20:46:45 [optimize_gurobi_bd] [INFO ]  [INFO] Starting single-objective optimization
2017-07-18 20:47:13 [optimize_gurobi_bd] [DEBUG] See /data/priocomp/logs/gurobi.log for Gurobi log
2017-07-18 20:47:24 [optimize_gurobi_bd] [DEBUG]  Writing intermediate output to analyses/ILP/ilp_bd/budget_level_0_98.tif
2017-07-18 20:47:24 [optimize_gurobi_bd] [INFO ]  [99/100] Optimizing with fraction level 0.99...
2017-07-18 20:47:24 [optimize_gurobi_bd] [INFO ]  [INFO] Starting single-objective optimization
2017-07-18 20:47:50 [optimize_gurobi_bd] [DEBUG] See /data/priocomp/logs/gurobi.log for Gurobi log
2017-07-18 20:48:01 [optimize_gurobi_bd] [DEBUG]  Writing intermediate output to analyses/ILP/ilp_bd/budget_level_0_99.tif
2017-07-18 20:48:01 [optimize_gurobi_bd] [INFO ]  [100/100] Optimizing with fraction level 1.0...
2017-07-18 20:48:01 [optimize_gurobi_bd] [INFO ]  [INFO] Starting single-objective optimization
2017-07-18 20:48:28 [optimize_gurobi_bd] [DEBUG] See /data/priocomp/logs/gurobi.log for Gurobi log
2017-07-18 20:48:41 [optimize_gurobi_bd] [DEBUG]  Writing intermediate output to analyses/ILP/ilp_bd/budget_level_1_0.tif
2017-07-18 20:48:41 [optimize_gurobi_bd] [INFO ]  [TIME] Optimization took 3797.74 sec
2017-07-18 20:48:41 [optimize_gurobi_bd] [INFO ]  [** POST-PROCESSING **]
2017-07-18 20:48:41 [optimize_gurobi_bd] [INFO ]  [1/3] Ranking selection frequencies
2017-07-18 20:48:42 [optimize_gurobi_bd] [INFO ]  [2/3] Rescaling ranks
2017-07-18 20:48:42 [optimize_gurobi_bd] [INFO ]  [3/3] Writing output to analyses/ILP/ilp_bd.tif
2017-07-18 20:48:44 [optimize_gurobi_bd] [INFO ]  [TIME] Post-processing took 2.23 sec
2017-07-18 20:48:44 [optimize_gurobi_bd] [INFO ]  [TIME] All processing took 3800.04 sec
