2016-11-02 17:24:20 [optimize_gurobi_es] [INFO ]  [** PRE-PROCESSING **]
2016-11-02 17:24:20 [optimize_gurobi_es] [INFO ]  [NOTE] Using occurrence level normalization
2016-11-02 17:24:20 [optimize_gurobi_es] [INFO ]  [1/9] Processing raster data/processed/features/datadryad/forest_production_europe/woodprod_average.tif
2016-11-02 17:24:20 [optimize_gurobi_es] [DEBUG]  [1/9] Reading in data
2016-11-02 17:24:21 [optimize_gurobi_es] [DEBUG]  [1/9] OL normalizing data
2016-11-02 17:24:21 [optimize_gurobi_es] [DEBUG]  [1/9] Summing values
2016-11-02 17:24:21 [optimize_gurobi_es] [INFO ]  [2/9] Processing raster data/processed/features/provide/carbon_sequestration/carbon_sequestration.tif
2016-11-02 17:24:21 [optimize_gurobi_es] [DEBUG]  [2/9] Reading in data
2016-11-02 17:24:22 [optimize_gurobi_es] [DEBUG]  [2/9] OL normalizing data
2016-11-02 17:24:22 [optimize_gurobi_es] [DEBUG]  [2/9] Summing values
2016-11-02 17:24:22 [optimize_gurobi_es] [INFO ]  [3/9] Processing raster data/processed/features/provide/cultural_landscape_index_agro/cultural_landscape_index_agro.tif
2016-11-02 17:24:22 [optimize_gurobi_es] [DEBUG]  [3/9] Reading in data
2016-11-02 17:24:23 [optimize_gurobi_es] [DEBUG]  [3/9] OL normalizing data
2016-11-02 17:24:23 [optimize_gurobi_es] [DEBUG]  [3/9] Summing values
2016-11-02 17:24:23 [optimize_gurobi_es] [INFO ]  [4/9] Processing raster data/processed/features/provide/cultural_landscape_index_forest/cultural_landscape_index_forest.tif
2016-11-02 17:24:23 [optimize_gurobi_es] [DEBUG]  [4/9] Reading in data
2016-11-02 17:24:24 [optimize_gurobi_es] [DEBUG]  [4/9] OL normalizing data
2016-11-02 17:24:24 [optimize_gurobi_es] [DEBUG]  [4/9] Summing values
2016-11-02 17:24:24 [optimize_gurobi_es] [INFO ]  [5/9] Processing raster data/processed/features/provide/erosion_prevention/erosion_prevention.tif
2016-11-02 17:24:24 [optimize_gurobi_es] [DEBUG]  [5/9] Reading in data
2016-11-02 17:24:25 [optimize_gurobi_es] [DEBUG]  [5/9] OL normalizing data
2016-11-02 17:24:25 [optimize_gurobi_es] [DEBUG]  [5/9] Summing values
2016-11-02 17:24:26 [optimize_gurobi_es] [INFO ]  [6/9] Processing raster data/processed/features/provide/floodregulation/floodregulation.tif
2016-11-02 17:24:26 [optimize_gurobi_es] [DEBUG]  [6/9] Reading in data
2016-11-02 17:24:26 [optimize_gurobi_es] [DEBUG]  [6/9] OL normalizing data
2016-11-02 17:24:27 [optimize_gurobi_es] [DEBUG]  [6/9] Summing values
2016-11-02 17:24:27 [optimize_gurobi_es] [INFO ]  [7/9] Processing raster data/processed/features/provide/nature_tourism/nature_tourism.tif
2016-11-02 17:24:27 [optimize_gurobi_es] [DEBUG]  [7/9] Reading in data
2016-11-02 17:24:27 [optimize_gurobi_es] [DEBUG]  [7/9] OL normalizing data
2016-11-02 17:24:27 [optimize_gurobi_es] [DEBUG]  [7/9] Summing values
2016-11-02 17:24:28 [optimize_gurobi_es] [INFO ]  [8/9] Processing raster data/processed/features/provide/pollination_flows/pollination_flows.tif
2016-11-02 17:24:28 [optimize_gurobi_es] [DEBUG]  [8/9] Reading in data
2016-11-02 17:24:28 [optimize_gurobi_es] [DEBUG]  [8/9] OL normalizing data
2016-11-02 17:24:28 [optimize_gurobi_es] [DEBUG]  [8/9] Summing values
2016-11-02 17:24:28 [optimize_gurobi_es] [INFO ]  [9/9] Processing raster data/processed/features/provide/species_richness_vascular_plants/species_richness_vascular_plants.tif
2016-11-02 17:24:28 [optimize_gurobi_es] [DEBUG]  [9/9] Reading in data
2016-11-02 17:24:29 [optimize_gurobi_es] [DEBUG]  [9/9] OL normalizing data
2016-11-02 17:24:29 [optimize_gurobi_es] [DEBUG]  [9/9] Summing values
2016-11-02 17:24:29 [optimize_gurobi_es] [INFO ]  [TIME] Pre-processing took 9.1 sec
2016-11-02 17:24:29 [optimize_gurobi_es] [INFO ]  [** OPTIMIZING **]
2016-11-02 17:24:29 [optimize_gurobi_es] [INFO ]  [NOTE] Target budget levels: 0.02, 0.04, 0.06, 0.08, 0.1, 0.12, 0.14, 0.16, 0.18, 0.2, 0.22, 0.24, 0.26, 0.28, 0.3, 0.32, 0.34, 0.36, 0.38, 0.4, 0.42, 0.44, 0.46, 0.48, 0.5, 0.52, 0.54, 0.56, 0.58, 0.6, 0.62, 0.64, 0.66, 0.68, 0.7, 0.72, 0.74, 0.76, 0.78, 0.8, 0.82, 0.84, 0.86, 0.88, 0.9, 0.92, 0.94, 0.96, 0.98
2016-11-02 17:24:29 [optimize_gurobi_es] [INFO ]  [1/49] Optimizing with budget level 0.02...
2016-11-02 17:25:08 [optimize_gurobi_es] [DEBUG] See /home/ubuntu/data/priocomp/logs/gurobi.log for Gurobi log
2016-11-02 17:25:37 [optimize_gurobi_es] [WARNI]  [WARN] Inconsistent raster profiles detected
2016-11-02 17:25:37 [optimize_gurobi_es] [INFO ]  [2/49] Optimizing with budget level 0.04...
2016-11-02 17:26:16 [optimize_gurobi_es] [DEBUG] See /home/ubuntu/data/priocomp/logs/gurobi.log for Gurobi log
2016-11-02 17:26:46 [optimize_gurobi_es] [WARNI]  [WARN] Inconsistent raster profiles detected
2016-11-02 17:26:46 [optimize_gurobi_es] [INFO ]  [3/49] Optimizing with budget level 0.06...
2016-11-02 17:27:26 [optimize_gurobi_es] [DEBUG] See /home/ubuntu/data/priocomp/logs/gurobi.log for Gurobi log
2016-11-02 17:27:57 [optimize_gurobi_es] [WARNI]  [WARN] Inconsistent raster profiles detected
2016-11-02 17:27:57 [optimize_gurobi_es] [INFO ]  [4/49] Optimizing with budget level 0.08...
2016-11-02 17:28:38 [optimize_gurobi_es] [DEBUG] See /home/ubuntu/data/priocomp/logs/gurobi.log for Gurobi log
2016-11-02 17:29:09 [optimize_gurobi_es] [WARNI]  [WARN] Inconsistent raster profiles detected
2016-11-02 17:29:09 [optimize_gurobi_es] [INFO ]  [5/49] Optimizing with budget level 0.1...
2016-11-02 17:29:49 [optimize_gurobi_es] [DEBUG] See /home/ubuntu/data/priocomp/logs/gurobi.log for Gurobi log
2016-11-02 17:30:21 [optimize_gurobi_es] [WARNI]  [WARN] Inconsistent raster profiles detected
2016-11-02 17:30:21 [optimize_gurobi_es] [INFO ]  [6/49] Optimizing with budget level 0.12000000000000001...
2016-11-02 17:31:00 [optimize_gurobi_es] [DEBUG] See /home/ubuntu/data/priocomp/logs/gurobi.log for Gurobi log
2016-11-02 17:31:29 [optimize_gurobi_es] [WARNI]  [WARN] Inconsistent raster profiles detected
2016-11-02 17:31:29 [optimize_gurobi_es] [INFO ]  [7/49] Optimizing with budget level 0.13999999999999999...
2016-11-02 17:32:08 [optimize_gurobi_es] [DEBUG] See /home/ubuntu/data/priocomp/logs/gurobi.log for Gurobi log
2016-11-02 17:32:33 [optimize_gurobi_es] [WARNI]  [WARN] Inconsistent raster profiles detected
2016-11-02 17:32:33 [optimize_gurobi_es] [INFO ]  [8/49] Optimizing with budget level 0.16...
2016-11-02 17:33:09 [optimize_gurobi_es] [DEBUG] See /home/ubuntu/data/priocomp/logs/gurobi.log for Gurobi log
2016-11-02 17:33:33 [optimize_gurobi_es] [WARNI]  [WARN] Inconsistent raster profiles detected
2016-11-02 17:33:33 [optimize_gurobi_es] [INFO ]  [9/49] Optimizing with budget level 0.18...
2016-11-02 17:34:13 [optimize_gurobi_es] [DEBUG] See /home/ubuntu/data/priocomp/logs/gurobi.log for Gurobi log
2016-11-02 17:34:44 [optimize_gurobi_es] [WARNI]  [WARN] Inconsistent raster profiles detected
2016-11-02 17:34:44 [optimize_gurobi_es] [INFO ]  [10/49] Optimizing with budget level 0.19999999999999998...
2016-11-02 17:35:24 [optimize_gurobi_es] [DEBUG] See /home/ubuntu/data/priocomp/logs/gurobi.log for Gurobi log
2016-11-02 17:35:54 [optimize_gurobi_es] [WARNI]  [WARN] Inconsistent raster profiles detected
2016-11-02 17:35:54 [optimize_gurobi_es] [INFO ]  [11/49] Optimizing with budget level 0.22...
2016-11-02 17:36:33 [optimize_gurobi_es] [DEBUG] See /home/ubuntu/data/priocomp/logs/gurobi.log for Gurobi log
2016-11-02 17:37:04 [optimize_gurobi_es] [WARNI]  [WARN] Inconsistent raster profiles detected
2016-11-02 17:37:04 [optimize_gurobi_es] [INFO ]  [12/49] Optimizing with budget level 0.24...
2016-11-02 17:37:43 [optimize_gurobi_es] [DEBUG] See /home/ubuntu/data/priocomp/logs/gurobi.log for Gurobi log
2016-11-02 17:38:15 [optimize_gurobi_es] [WARNI]  [WARN] Inconsistent raster profiles detected
2016-11-02 17:38:15 [optimize_gurobi_es] [INFO ]  [13/49] Optimizing with budget level 0.26...
2016-11-02 17:38:54 [optimize_gurobi_es] [DEBUG] See /home/ubuntu/data/priocomp/logs/gurobi.log for Gurobi log
2016-11-02 17:39:24 [optimize_gurobi_es] [WARNI]  [WARN] Inconsistent raster profiles detected
2016-11-02 17:39:24 [optimize_gurobi_es] [INFO ]  [14/49] Optimizing with budget level 0.28...
2016-11-02 17:40:04 [optimize_gurobi_es] [DEBUG] See /home/ubuntu/data/priocomp/logs/gurobi.log for Gurobi log
2016-11-02 17:40:31 [optimize_gurobi_es] [WARNI]  [WARN] Inconsistent raster profiles detected
2016-11-02 17:40:31 [optimize_gurobi_es] [INFO ]  [15/49] Optimizing with budget level 0.30000000000000004...
2016-11-02 17:41:08 [optimize_gurobi_es] [DEBUG] See /home/ubuntu/data/priocomp/logs/gurobi.log for Gurobi log
2016-11-02 17:41:34 [optimize_gurobi_es] [WARNI]  [WARN] Inconsistent raster profiles detected
2016-11-02 17:41:34 [optimize_gurobi_es] [INFO ]  [16/49] Optimizing with budget level 0.32...
2016-11-02 17:42:12 [optimize_gurobi_es] [DEBUG] See /home/ubuntu/data/priocomp/logs/gurobi.log for Gurobi log
2016-11-02 17:42:37 [optimize_gurobi_es] [WARNI]  [WARN] Inconsistent raster profiles detected
2016-11-02 17:42:37 [optimize_gurobi_es] [INFO ]  [17/49] Optimizing with budget level 0.34...
2016-11-02 17:43:15 [optimize_gurobi_es] [DEBUG] See /home/ubuntu/data/priocomp/logs/gurobi.log for Gurobi log
2016-11-02 17:43:45 [optimize_gurobi_es] [WARNI]  [WARN] Inconsistent raster profiles detected
2016-11-02 17:43:45 [optimize_gurobi_es] [INFO ]  [18/49] Optimizing with budget level 0.36000000000000004...
2016-11-02 17:44:26 [optimize_gurobi_es] [DEBUG] See /home/ubuntu/data/priocomp/logs/gurobi.log for Gurobi log
2016-11-02 17:44:54 [optimize_gurobi_es] [WARNI]  [WARN] Inconsistent raster profiles detected
2016-11-02 17:44:54 [optimize_gurobi_es] [INFO ]  [19/49] Optimizing with budget level 0.38...
2016-11-02 17:45:33 [optimize_gurobi_es] [DEBUG] See /home/ubuntu/data/priocomp/logs/gurobi.log for Gurobi log
2016-11-02 17:46:03 [optimize_gurobi_es] [WARNI]  [WARN] Inconsistent raster profiles detected
2016-11-02 17:46:03 [optimize_gurobi_es] [INFO ]  [20/49] Optimizing with budget level 0.4...
2016-11-02 17:46:42 [optimize_gurobi_es] [DEBUG] See /home/ubuntu/data/priocomp/logs/gurobi.log for Gurobi log
2016-11-02 17:47:14 [optimize_gurobi_es] [WARNI]  [WARN] Inconsistent raster profiles detected
2016-11-02 17:47:14 [optimize_gurobi_es] [INFO ]  [21/49] Optimizing with budget level 0.42000000000000004...
2016-11-02 17:47:54 [optimize_gurobi_es] [DEBUG] See /home/ubuntu/data/priocomp/logs/gurobi.log for Gurobi log
2016-11-02 17:48:24 [optimize_gurobi_es] [WARNI]  [WARN] Inconsistent raster profiles detected
2016-11-02 17:48:24 [optimize_gurobi_es] [INFO ]  [22/49] Optimizing with budget level 0.44...
2016-11-02 17:49:05 [optimize_gurobi_es] [DEBUG] See /home/ubuntu/data/priocomp/logs/gurobi.log for Gurobi log
2016-11-02 17:49:34 [optimize_gurobi_es] [WARNI]  [WARN] Inconsistent raster profiles detected
2016-11-02 17:49:34 [optimize_gurobi_es] [INFO ]  [23/49] Optimizing with budget level 0.46...
2016-11-02 17:50:12 [optimize_gurobi_es] [DEBUG] See /home/ubuntu/data/priocomp/logs/gurobi.log for Gurobi log
2016-11-02 17:50:39 [optimize_gurobi_es] [WARNI]  [WARN] Inconsistent raster profiles detected
2016-11-02 17:50:39 [optimize_gurobi_es] [INFO ]  [24/49] Optimizing with budget level 0.48000000000000004...
2016-11-02 17:51:16 [optimize_gurobi_es] [DEBUG] See /home/ubuntu/data/priocomp/logs/gurobi.log for Gurobi log
2016-11-02 17:51:44 [optimize_gurobi_es] [WARNI]  [WARN] Inconsistent raster profiles detected
2016-11-02 17:51:44 [optimize_gurobi_es] [INFO ]  [25/49] Optimizing with budget level 0.5...
2016-11-02 17:52:23 [optimize_gurobi_es] [DEBUG] See /home/ubuntu/data/priocomp/logs/gurobi.log for Gurobi log
2016-11-02 17:52:53 [optimize_gurobi_es] [WARNI]  [WARN] Inconsistent raster profiles detected
2016-11-02 17:52:53 [optimize_gurobi_es] [INFO ]  [26/49] Optimizing with budget level 0.52...
2016-11-02 17:53:32 [optimize_gurobi_es] [DEBUG] See /home/ubuntu/data/priocomp/logs/gurobi.log for Gurobi log
2016-11-02 17:54:03 [optimize_gurobi_es] [WARNI]  [WARN] Inconsistent raster profiles detected
2016-11-02 17:54:03 [optimize_gurobi_es] [INFO ]  [27/49] Optimizing with budget level 0.54...
2016-11-02 17:54:43 [optimize_gurobi_es] [DEBUG] See /home/ubuntu/data/priocomp/logs/gurobi.log for Gurobi log
2016-11-02 17:55:13 [optimize_gurobi_es] [WARNI]  [WARN] Inconsistent raster profiles detected
2016-11-02 17:55:13 [optimize_gurobi_es] [INFO ]  [28/49] Optimizing with budget level 0.56...
2016-11-02 17:55:53 [optimize_gurobi_es] [DEBUG] See /home/ubuntu/data/priocomp/logs/gurobi.log for Gurobi log
2016-11-02 17:56:23 [optimize_gurobi_es] [WARNI]  [WARN] Inconsistent raster profiles detected
2016-11-02 17:56:23 [optimize_gurobi_es] [INFO ]  [29/49] Optimizing with budget level 0.5800000000000001...
2016-11-02 17:57:02 [optimize_gurobi_es] [DEBUG] See /home/ubuntu/data/priocomp/logs/gurobi.log for Gurobi log
2016-11-02 17:57:32 [optimize_gurobi_es] [WARNI]  [WARN] Inconsistent raster profiles detected
2016-11-02 17:57:32 [optimize_gurobi_es] [INFO ]  [30/49] Optimizing with budget level 0.6...
2016-11-02 17:58:12 [optimize_gurobi_es] [DEBUG] See /home/ubuntu/data/priocomp/logs/gurobi.log for Gurobi log
2016-11-02 17:58:42 [optimize_gurobi_es] [WARNI]  [WARN] Inconsistent raster profiles detected
2016-11-02 17:58:42 [optimize_gurobi_es] [INFO ]  [31/49] Optimizing with budget level 0.62...
2016-11-02 17:59:22 [optimize_gurobi_es] [DEBUG] See /home/ubuntu/data/priocomp/logs/gurobi.log for Gurobi log
2016-11-02 17:59:52 [optimize_gurobi_es] [WARNI]  [WARN] Inconsistent raster profiles detected
2016-11-02 17:59:52 [optimize_gurobi_es] [INFO ]  [32/49] Optimizing with budget level 0.64...
2016-11-02 18:00:30 [optimize_gurobi_es] [DEBUG] See /home/ubuntu/data/priocomp/logs/gurobi.log for Gurobi log
2016-11-02 18:00:56 [optimize_gurobi_es] [WARNI]  [WARN] Inconsistent raster profiles detected
2016-11-02 18:00:56 [optimize_gurobi_es] [INFO ]  [33/49] Optimizing with budget level 0.66...
2016-11-02 18:01:36 [optimize_gurobi_es] [DEBUG] See /home/ubuntu/data/priocomp/logs/gurobi.log for Gurobi log
2016-11-02 18:02:04 [optimize_gurobi_es] [WARNI]  [WARN] Inconsistent raster profiles detected
2016-11-02 18:02:04 [optimize_gurobi_es] [INFO ]  [34/49] Optimizing with budget level 0.68...
2016-11-02 18:02:43 [optimize_gurobi_es] [DEBUG] See /home/ubuntu/data/priocomp/logs/gurobi.log for Gurobi log
2016-11-02 18:03:10 [optimize_gurobi_es] [WARNI]  [WARN] Inconsistent raster profiles detected
2016-11-02 18:03:10 [optimize_gurobi_es] [INFO ]  [35/49] Optimizing with budget level 0.7000000000000001...
2016-11-02 18:03:49 [optimize_gurobi_es] [DEBUG] See /home/ubuntu/data/priocomp/logs/gurobi.log for Gurobi log
2016-11-02 18:04:18 [optimize_gurobi_es] [WARNI]  [WARN] Inconsistent raster profiles detected
2016-11-02 18:04:18 [optimize_gurobi_es] [INFO ]  [36/49] Optimizing with budget level 0.7200000000000001...
2016-11-02 18:04:58 [optimize_gurobi_es] [DEBUG] See /home/ubuntu/data/priocomp/logs/gurobi.log for Gurobi log
2016-11-02 18:05:27 [optimize_gurobi_es] [WARNI]  [WARN] Inconsistent raster profiles detected
2016-11-02 18:05:27 [optimize_gurobi_es] [INFO ]  [37/49] Optimizing with budget level 0.74...
2016-11-02 18:06:06 [optimize_gurobi_es] [DEBUG] See /home/ubuntu/data/priocomp/logs/gurobi.log for Gurobi log
2016-11-02 18:06:35 [optimize_gurobi_es] [WARNI]  [WARN] Inconsistent raster profiles detected
2016-11-02 18:06:35 [optimize_gurobi_es] [INFO ]  [38/49] Optimizing with budget level 0.76...
2016-11-02 18:07:13 [optimize_gurobi_es] [DEBUG] See /home/ubuntu/data/priocomp/logs/gurobi.log for Gurobi log
2016-11-02 18:07:42 [optimize_gurobi_es] [WARNI]  [WARN] Inconsistent raster profiles detected
2016-11-02 18:07:42 [optimize_gurobi_es] [INFO ]  [39/49] Optimizing with budget level 0.78...
2016-11-02 18:08:21 [optimize_gurobi_es] [DEBUG] See /home/ubuntu/data/priocomp/logs/gurobi.log for Gurobi log
2016-11-02 18:08:50 [optimize_gurobi_es] [WARNI]  [WARN] Inconsistent raster profiles detected
2016-11-02 18:08:50 [optimize_gurobi_es] [INFO ]  [40/49] Optimizing with budget level 0.8...
2016-11-02 18:09:29 [optimize_gurobi_es] [DEBUG] See /home/ubuntu/data/priocomp/logs/gurobi.log for Gurobi log
2016-11-02 18:09:54 [optimize_gurobi_es] [WARNI]  [WARN] Inconsistent raster profiles detected
2016-11-02 18:09:54 [optimize_gurobi_es] [INFO ]  [41/49] Optimizing with budget level 0.8200000000000001...
2016-11-02 18:10:33 [optimize_gurobi_es] [DEBUG] See /home/ubuntu/data/priocomp/logs/gurobi.log for Gurobi log
2016-11-02 18:11:02 [optimize_gurobi_es] [WARNI]  [WARN] Inconsistent raster profiles detected
2016-11-02 18:11:02 [optimize_gurobi_es] [INFO ]  [42/49] Optimizing with budget level 0.8400000000000001...
2016-11-02 18:11:41 [optimize_gurobi_es] [DEBUG] See /home/ubuntu/data/priocomp/logs/gurobi.log for Gurobi log
2016-11-02 18:12:10 [optimize_gurobi_es] [WARNI]  [WARN] Inconsistent raster profiles detected
2016-11-02 18:12:10 [optimize_gurobi_es] [INFO ]  [43/49] Optimizing with budget level 0.86...
2016-11-02 18:12:50 [optimize_gurobi_es] [DEBUG] See /home/ubuntu/data/priocomp/logs/gurobi.log for Gurobi log
2016-11-02 18:13:21 [optimize_gurobi_es] [WARNI]  [WARN] Inconsistent raster profiles detected
2016-11-02 18:13:21 [optimize_gurobi_es] [INFO ]  [44/49] Optimizing with budget level 0.88...
2016-11-02 18:14:00 [optimize_gurobi_es] [DEBUG] See /home/ubuntu/data/priocomp/logs/gurobi.log for Gurobi log
2016-11-02 18:14:31 [optimize_gurobi_es] [WARNI]  [WARN] Inconsistent raster profiles detected
2016-11-02 18:14:31 [optimize_gurobi_es] [INFO ]  [45/49] Optimizing with budget level 0.9...
2016-11-02 18:15:11 [optimize_gurobi_es] [DEBUG] See /home/ubuntu/data/priocomp/logs/gurobi.log for Gurobi log
2016-11-02 18:15:42 [optimize_gurobi_es] [WARNI]  [WARN] Inconsistent raster profiles detected
2016-11-02 18:15:42 [optimize_gurobi_es] [INFO ]  [46/49] Optimizing with budget level 0.92...
2016-11-02 18:16:22 [optimize_gurobi_es] [DEBUG] See /home/ubuntu/data/priocomp/logs/gurobi.log for Gurobi log
2016-11-02 18:16:53 [optimize_gurobi_es] [WARNI]  [WARN] Inconsistent raster profiles detected
2016-11-02 18:16:53 [optimize_gurobi_es] [INFO ]  [47/49] Optimizing with budget level 0.9400000000000001...
2016-11-02 18:17:32 [optimize_gurobi_es] [DEBUG] See /home/ubuntu/data/priocomp/logs/gurobi.log for Gurobi log
2016-11-02 18:18:02 [optimize_gurobi_es] [WARNI]  [WARN] Inconsistent raster profiles detected
2016-11-02 18:18:02 [optimize_gurobi_es] [INFO ]  [48/49] Optimizing with budget level 0.9600000000000001...
2016-11-02 18:18:43 [optimize_gurobi_es] [DEBUG] See /home/ubuntu/data/priocomp/logs/gurobi.log for Gurobi log
2016-11-02 18:19:11 [optimize_gurobi_es] [WARNI]  [WARN] Inconsistent raster profiles detected
2016-11-02 18:19:11 [optimize_gurobi_es] [INFO ]  [49/49] Optimizing with budget level 0.98...
2016-11-02 18:19:50 [optimize_gurobi_es] [DEBUG] See /home/ubuntu/data/priocomp/logs/gurobi.log for Gurobi log
2016-11-02 18:20:16 [optimize_gurobi_es] [WARNI]  [WARN] Inconsistent raster profiles detected
2016-11-02 18:20:16 [optimize_gurobi_es] [INFO ]  [TIME] Optimization took 3346.71 sec
2016-11-02 18:20:16 [optimize_gurobi_es] [INFO ]  [** POST-PROCESSING **]
2016-11-02 18:20:16 [optimize_gurobi_es] [INFO ]  [1/3] Ranking selection frequencies
2016-11-02 18:20:30 [optimize_gurobi_es] [INFO ]  [2/3] Rescaling ranks
2016-11-02 18:20:31 [optimize_gurobi_es] [INFO ]  [3/3] Writing output to analyses/ILP/ilp_eu26_es.tif
2016-11-02 18:20:33 [optimize_gurobi_es] [INFO ]  [TIME] Post-processing took 16.53 sec
2016-11-02 18:20:33 [optimize_gurobi_es] [INFO ]  [TIME] All processing took 3372.34 sec
