2016-11-23 11:39:04 [optimize_gurobi_es] [INFO ]  [** PRE-PROCESSING **]
2016-11-23 11:39:04 [optimize_gurobi_es] [INFO ]  [NOTE] Using occurrence level normalization
2016-11-23 11:39:04 [optimize_gurobi_es] [INFO ]  [1/9] Processing raster data/processed/features/datadryad/forest_production_europe/woodprod_average.tif
2016-11-23 11:39:04 [optimize_gurobi_es] [DEBUG]  [1/9] Reading in data
2016-11-23 11:39:05 [optimize_gurobi_es] [DEBUG]  [1/9] OL normalizing data
2016-11-23 11:39:06 [optimize_gurobi_es] [DEBUG]  [1/9] Summing values
2016-11-23 11:39:06 [optimize_gurobi_es] [INFO ]  [2/9] Processing raster data/processed/features/provide/carbon_sequestration/carbon_sequestration.tif
2016-11-23 11:39:06 [optimize_gurobi_es] [DEBUG]  [2/9] Reading in data
2016-11-23 11:39:07 [optimize_gurobi_es] [DEBUG]  [2/9] OL normalizing data
2016-11-23 11:39:08 [optimize_gurobi_es] [DEBUG]  [2/9] Summing values
2016-11-23 11:39:08 [optimize_gurobi_es] [INFO ]  [3/9] Processing raster data/processed/features/provide/cultural_landscape_index_agro/cultural_landscape_index_agro.tif
2016-11-23 11:39:08 [optimize_gurobi_es] [DEBUG]  [3/9] Reading in data
2016-11-23 11:39:08 [optimize_gurobi_es] [DEBUG]  [3/9] OL normalizing data
2016-11-23 11:39:09 [optimize_gurobi_es] [DEBUG]  [3/9] Summing values
2016-11-23 11:39:10 [optimize_gurobi_es] [INFO ]  [4/9] Processing raster data/processed/features/provide/cultural_landscape_index_forest/cultural_landscape_index_forest.tif
2016-11-23 11:39:10 [optimize_gurobi_es] [DEBUG]  [4/9] Reading in data
2016-11-23 11:39:10 [optimize_gurobi_es] [DEBUG]  [4/9] OL normalizing data
2016-11-23 11:39:11 [optimize_gurobi_es] [DEBUG]  [4/9] Summing values
2016-11-23 11:39:12 [optimize_gurobi_es] [INFO ]  [5/9] Processing raster data/processed/features/provide/erosion_prevention/erosion_prevention.tif
2016-11-23 11:39:12 [optimize_gurobi_es] [DEBUG]  [5/9] Reading in data
2016-11-23 11:39:12 [optimize_gurobi_es] [DEBUG]  [5/9] OL normalizing data
2016-11-23 11:39:13 [optimize_gurobi_es] [DEBUG]  [5/9] Summing values
2016-11-23 11:39:13 [optimize_gurobi_es] [INFO ]  [6/9] Processing raster data/processed/features/provide/floodregulation/floodregulation.tif
2016-11-23 11:39:13 [optimize_gurobi_es] [DEBUG]  [6/9] Reading in data
2016-11-23 11:39:14 [optimize_gurobi_es] [DEBUG]  [6/9] OL normalizing data
2016-11-23 11:39:15 [optimize_gurobi_es] [DEBUG]  [6/9] Summing values
2016-11-23 11:39:15 [optimize_gurobi_es] [INFO ]  [7/9] Processing raster data/processed/features/provide/nature_tourism/nature_tourism.tif
2016-11-23 11:39:15 [optimize_gurobi_es] [DEBUG]  [7/9] Reading in data
2016-11-23 11:39:16 [optimize_gurobi_es] [DEBUG]  [7/9] OL normalizing data
2016-11-23 11:39:17 [optimize_gurobi_es] [DEBUG]  [7/9] Summing values
2016-11-23 11:39:17 [optimize_gurobi_es] [INFO ]  [8/9] Processing raster data/processed/features/provide/pollination_flows/pollination_flows.tif
2016-11-23 11:39:17 [optimize_gurobi_es] [DEBUG]  [8/9] Reading in data
2016-11-23 11:39:17 [optimize_gurobi_es] [DEBUG]  [8/9] OL normalizing data
2016-11-23 11:39:18 [optimize_gurobi_es] [DEBUG]  [8/9] Summing values
2016-11-23 11:39:18 [optimize_gurobi_es] [INFO ]  [9/9] Processing raster data/processed/features/provide/species_richness_vascular_plants/species_richness_vascular_plants.tif
2016-11-23 11:39:18 [optimize_gurobi_es] [DEBUG]  [9/9] Reading in data
2016-11-23 11:39:18 [optimize_gurobi_es] [DEBUG]  [9/9] OL normalizing data
2016-11-23 11:39:19 [optimize_gurobi_es] [DEBUG]  [9/9] Summing values
2016-11-23 11:39:20 [optimize_gurobi_es] [INFO ]  [TIME] Pre-processing took 15.9 sec
2016-11-23 11:39:20 [optimize_gurobi_es] [INFO ]  [** OPTIMIZING **]
2016-11-23 11:39:20 [optimize_gurobi_es] [INFO ]  [NOTE] Target budget levels: 0.01, 0.02, 0.03, 0.04, 0.05, 0.06, 0.07, 0.08, 0.09, 0.1, 0.11, 0.12, 0.13, 0.14, 0.15, 0.16, 0.17, 0.18, 0.19, 0.2, 0.21, 0.22, 0.23, 0.24, 0.25, 0.26, 0.27, 0.28, 0.29, 0.3, 0.31, 0.32, 0.33, 0.34, 0.35, 0.36, 0.37, 0.38, 0.39, 0.4, 0.41, 0.42, 0.43, 0.44, 0.45, 0.46, 0.47, 0.48, 0.49, 0.5, 0.51, 0.52, 0.53, 0.54, 0.55, 0.56, 0.57, 0.58, 0.59, 0.6, 0.61, 0.62, 0.63, 0.64, 0.65, 0.66, 0.67, 0.68, 0.69, 0.7, 0.71, 0.72, 0.73, 0.74, 0.75, 0.76, 0.77, 0.78, 0.79, 0.8, 0.81, 0.82, 0.83, 0.84, 0.85, 0.86, 0.87, 0.88, 0.89, 0.9, 0.91, 0.92, 0.93, 0.94, 0.95, 0.96, 0.97, 0.98, 0.99, 1.0
2016-11-23 11:39:20 [optimize_gurobi_es] [INFO ]  [1/100] Optimizing with budget level 0.01...
2016-11-23 11:40:01 [optimize_gurobi_es] [DEBUG] See /home/ubuntu/data/priocomp/logs/gurobi.log for Gurobi log
2016-11-23 11:40:32 [optimize_gurobi_es] [WARNI]  [WARN] Inconsistent raster profiles detected
2016-11-23 11:40:32 [optimize_gurobi_es] [INFO ]  [2/100] Optimizing with budget level 0.02...
2016-11-23 11:41:13 [optimize_gurobi_es] [DEBUG] See /home/ubuntu/data/priocomp/logs/gurobi.log for Gurobi log
2016-11-23 11:41:43 [optimize_gurobi_es] [WARNI]  [WARN] Inconsistent raster profiles detected
2016-11-23 11:41:43 [optimize_gurobi_es] [INFO ]  [3/100] Optimizing with budget level 0.03...
2016-11-23 11:42:23 [optimize_gurobi_es] [DEBUG] See /home/ubuntu/data/priocomp/logs/gurobi.log for Gurobi log
2016-11-23 11:42:53 [optimize_gurobi_es] [WARNI]  [WARN] Inconsistent raster profiles detected
2016-11-23 11:42:53 [optimize_gurobi_es] [INFO ]  [4/100] Optimizing with budget level 0.04...
2016-11-23 11:43:35 [optimize_gurobi_es] [DEBUG] See /home/ubuntu/data/priocomp/logs/gurobi.log for Gurobi log
2016-11-23 11:44:06 [optimize_gurobi_es] [WARNI]  [WARN] Inconsistent raster profiles detected
2016-11-23 11:44:06 [optimize_gurobi_es] [INFO ]  [5/100] Optimizing with budget level 0.05...
2016-11-23 11:44:48 [optimize_gurobi_es] [DEBUG] See /home/ubuntu/data/priocomp/logs/gurobi.log for Gurobi log
2016-11-23 11:45:18 [optimize_gurobi_es] [WARNI]  [WARN] Inconsistent raster profiles detected
2016-11-23 11:45:18 [optimize_gurobi_es] [INFO ]  [6/100] Optimizing with budget level 0.060000000000000005...
2016-11-23 11:46:00 [optimize_gurobi_es] [DEBUG] See /home/ubuntu/data/priocomp/logs/gurobi.log for Gurobi log
2016-11-23 11:46:32 [optimize_gurobi_es] [WARNI]  [WARN] Inconsistent raster profiles detected
2016-11-23 11:46:32 [optimize_gurobi_es] [INFO ]  [7/100] Optimizing with budget level 0.06999999999999999...
2016-11-23 11:47:14 [optimize_gurobi_es] [DEBUG] See /home/ubuntu/data/priocomp/logs/gurobi.log for Gurobi log
2016-11-23 11:47:45 [optimize_gurobi_es] [WARNI]  [WARN] Inconsistent raster profiles detected
2016-11-23 11:47:45 [optimize_gurobi_es] [INFO ]  [8/100] Optimizing with budget level 0.08...
2016-11-23 11:48:27 [optimize_gurobi_es] [DEBUG] See /home/ubuntu/data/priocomp/logs/gurobi.log for Gurobi log
2016-11-23 11:48:57 [optimize_gurobi_es] [WARNI]  [WARN] Inconsistent raster profiles detected
2016-11-23 11:48:57 [optimize_gurobi_es] [INFO ]  [9/100] Optimizing with budget level 0.09...
2016-11-23 11:49:40 [optimize_gurobi_es] [DEBUG] See /home/ubuntu/data/priocomp/logs/gurobi.log for Gurobi log
2016-11-23 11:50:09 [optimize_gurobi_es] [WARNI]  [WARN] Inconsistent raster profiles detected
2016-11-23 11:50:09 [optimize_gurobi_es] [INFO ]  [10/100] Optimizing with budget level 0.09999999999999999...
2016-11-23 11:50:50 [optimize_gurobi_es] [DEBUG] See /home/ubuntu/data/priocomp/logs/gurobi.log for Gurobi log
2016-11-23 11:51:20 [optimize_gurobi_es] [WARNI]  [WARN] Inconsistent raster profiles detected
2016-11-23 11:51:20 [optimize_gurobi_es] [INFO ]  [11/100] Optimizing with budget level 0.11...
2016-11-23 11:52:02 [optimize_gurobi_es] [DEBUG] See /home/ubuntu/data/priocomp/logs/gurobi.log for Gurobi log
2016-11-23 11:52:32 [optimize_gurobi_es] [WARNI]  [WARN] Inconsistent raster profiles detected
2016-11-23 11:52:32 [optimize_gurobi_es] [INFO ]  [12/100] Optimizing with budget level 0.12...
2016-11-23 11:53:13 [optimize_gurobi_es] [DEBUG] See /home/ubuntu/data/priocomp/logs/gurobi.log for Gurobi log
2016-11-23 11:53:44 [optimize_gurobi_es] [WARNI]  [WARN] Inconsistent raster profiles detected
2016-11-23 11:53:44 [optimize_gurobi_es] [INFO ]  [13/100] Optimizing with budget level 0.13...
2016-11-23 11:54:27 [optimize_gurobi_es] [DEBUG] See /home/ubuntu/data/priocomp/logs/gurobi.log for Gurobi log
2016-11-23 11:54:57 [optimize_gurobi_es] [WARNI]  [WARN] Inconsistent raster profiles detected
2016-11-23 11:54:57 [optimize_gurobi_es] [INFO ]  [14/100] Optimizing with budget level 0.14...
2016-11-23 11:55:39 [optimize_gurobi_es] [DEBUG] See /home/ubuntu/data/priocomp/logs/gurobi.log for Gurobi log
2016-11-23 11:56:09 [optimize_gurobi_es] [WARNI]  [WARN] Inconsistent raster profiles detected
2016-11-23 11:56:09 [optimize_gurobi_es] [INFO ]  [15/100] Optimizing with budget level 0.15000000000000002...
2016-11-23 11:56:48 [optimize_gurobi_es] [DEBUG] See /home/ubuntu/data/priocomp/logs/gurobi.log for Gurobi log
2016-11-23 11:57:17 [optimize_gurobi_es] [WARNI]  [WARN] Inconsistent raster profiles detected
2016-11-23 11:57:17 [optimize_gurobi_es] [INFO ]  [16/100] Optimizing with budget level 0.16...
2016-11-23 11:57:59 [optimize_gurobi_es] [DEBUG] See /home/ubuntu/data/priocomp/logs/gurobi.log for Gurobi log
2016-11-23 11:58:29 [optimize_gurobi_es] [WARNI]  [WARN] Inconsistent raster profiles detected
2016-11-23 11:58:29 [optimize_gurobi_es] [INFO ]  [17/100] Optimizing with budget level 0.17...
2016-11-23 11:59:11 [optimize_gurobi_es] [DEBUG] See /home/ubuntu/data/priocomp/logs/gurobi.log for Gurobi log
2016-11-23 11:59:41 [optimize_gurobi_es] [WARNI]  [WARN] Inconsistent raster profiles detected
2016-11-23 11:59:41 [optimize_gurobi_es] [INFO ]  [18/100] Optimizing with budget level 0.18000000000000002...
2016-11-23 12:00:24 [optimize_gurobi_es] [DEBUG] See /home/ubuntu/data/priocomp/logs/gurobi.log for Gurobi log
2016-11-23 12:00:53 [optimize_gurobi_es] [WARNI]  [WARN] Inconsistent raster profiles detected
2016-11-23 12:00:53 [optimize_gurobi_es] [INFO ]  [19/100] Optimizing with budget level 0.19...
2016-11-23 12:01:32 [optimize_gurobi_es] [DEBUG] See /home/ubuntu/data/priocomp/logs/gurobi.log for Gurobi log
2016-11-23 12:02:00 [optimize_gurobi_es] [WARNI]  [WARN] Inconsistent raster profiles detected
2016-11-23 12:02:00 [optimize_gurobi_es] [INFO ]  [20/100] Optimizing with budget level 0.2...
2016-11-23 12:02:43 [optimize_gurobi_es] [DEBUG] See /home/ubuntu/data/priocomp/logs/gurobi.log for Gurobi log
2016-11-23 12:03:12 [optimize_gurobi_es] [WARNI]  [WARN] Inconsistent raster profiles detected
2016-11-23 12:03:12 [optimize_gurobi_es] [INFO ]  [21/100] Optimizing with budget level 0.21000000000000002...
2016-11-23 12:03:50 [optimize_gurobi_es] [DEBUG] See /home/ubuntu/data/priocomp/logs/gurobi.log for Gurobi log
2016-11-23 12:04:18 [optimize_gurobi_es] [WARNI]  [WARN] Inconsistent raster profiles detected
2016-11-23 12:04:18 [optimize_gurobi_es] [INFO ]  [22/100] Optimizing with budget level 0.22...
2016-11-23 12:04:57 [optimize_gurobi_es] [DEBUG] See /home/ubuntu/data/priocomp/logs/gurobi.log for Gurobi log
2016-11-23 12:05:25 [optimize_gurobi_es] [WARNI]  [WARN] Inconsistent raster profiles detected
2016-11-23 12:05:25 [optimize_gurobi_es] [INFO ]  [23/100] Optimizing with budget level 0.23...
2016-11-23 12:06:03 [optimize_gurobi_es] [DEBUG] See /home/ubuntu/data/priocomp/logs/gurobi.log for Gurobi log
2016-11-23 12:06:31 [optimize_gurobi_es] [WARNI]  [WARN] Inconsistent raster profiles detected
2016-11-23 12:06:31 [optimize_gurobi_es] [INFO ]  [24/100] Optimizing with budget level 0.24000000000000002...
2016-11-23 12:07:09 [optimize_gurobi_es] [DEBUG] See /home/ubuntu/data/priocomp/logs/gurobi.log for Gurobi log
2016-11-23 12:07:37 [optimize_gurobi_es] [WARNI]  [WARN] Inconsistent raster profiles detected
2016-11-23 12:07:37 [optimize_gurobi_es] [INFO ]  [25/100] Optimizing with budget level 0.25...
2016-11-23 12:08:17 [optimize_gurobi_es] [DEBUG] See /home/ubuntu/data/priocomp/logs/gurobi.log for Gurobi log
2016-11-23 12:08:44 [optimize_gurobi_es] [WARNI]  [WARN] Inconsistent raster profiles detected
2016-11-23 12:08:44 [optimize_gurobi_es] [INFO ]  [26/100] Optimizing with budget level 0.26...
2016-11-23 12:09:22 [optimize_gurobi_es] [DEBUG] See /home/ubuntu/data/priocomp/logs/gurobi.log for Gurobi log
2016-11-23 12:09:51 [optimize_gurobi_es] [WARNI]  [WARN] Inconsistent raster profiles detected
2016-11-23 12:09:51 [optimize_gurobi_es] [INFO ]  [27/100] Optimizing with budget level 0.27...
2016-11-23 12:10:29 [optimize_gurobi_es] [DEBUG] See /home/ubuntu/data/priocomp/logs/gurobi.log for Gurobi log
2016-11-23 12:10:57 [optimize_gurobi_es] [WARNI]  [WARN] Inconsistent raster profiles detected
2016-11-23 12:10:57 [optimize_gurobi_es] [INFO ]  [28/100] Optimizing with budget level 0.28...
2016-11-23 12:11:38 [optimize_gurobi_es] [DEBUG] See /home/ubuntu/data/priocomp/logs/gurobi.log for Gurobi log
2016-11-23 12:12:06 [optimize_gurobi_es] [WARNI]  [WARN] Inconsistent raster profiles detected
2016-11-23 12:12:06 [optimize_gurobi_es] [INFO ]  [29/100] Optimizing with budget level 0.29000000000000004...
2016-11-23 12:12:48 [optimize_gurobi_es] [DEBUG] See /home/ubuntu/data/priocomp/logs/gurobi.log for Gurobi log
2016-11-23 12:13:17 [optimize_gurobi_es] [WARNI]  [WARN] Inconsistent raster profiles detected
2016-11-23 12:13:17 [optimize_gurobi_es] [INFO ]  [30/100] Optimizing with budget level 0.3...
2016-11-23 12:14:00 [optimize_gurobi_es] [DEBUG] See /home/ubuntu/data/priocomp/logs/gurobi.log for Gurobi log
2016-11-23 12:14:29 [optimize_gurobi_es] [WARNI]  [WARN] Inconsistent raster profiles detected
2016-11-23 12:14:29 [optimize_gurobi_es] [INFO ]  [31/100] Optimizing with budget level 0.31...
2016-11-23 12:15:11 [optimize_gurobi_es] [DEBUG] See /home/ubuntu/data/priocomp/logs/gurobi.log for Gurobi log
2016-11-23 12:15:41 [optimize_gurobi_es] [WARNI]  [WARN] Inconsistent raster profiles detected
2016-11-23 12:15:41 [optimize_gurobi_es] [INFO ]  [32/100] Optimizing with budget level 0.32...
2016-11-23 12:16:24 [optimize_gurobi_es] [DEBUG] See /home/ubuntu/data/priocomp/logs/gurobi.log for Gurobi log
2016-11-23 12:16:54 [optimize_gurobi_es] [WARNI]  [WARN] Inconsistent raster profiles detected
2016-11-23 12:16:54 [optimize_gurobi_es] [INFO ]  [33/100] Optimizing with budget level 0.33...
2016-11-23 12:17:37 [optimize_gurobi_es] [DEBUG] See /home/ubuntu/data/priocomp/logs/gurobi.log for Gurobi log
2016-11-23 12:18:05 [optimize_gurobi_es] [WARNI]  [WARN] Inconsistent raster profiles detected
2016-11-23 12:18:05 [optimize_gurobi_es] [INFO ]  [34/100] Optimizing with budget level 0.34...
2016-11-23 12:18:43 [optimize_gurobi_es] [DEBUG] See /home/ubuntu/data/priocomp/logs/gurobi.log for Gurobi log
2016-11-23 12:19:12 [optimize_gurobi_es] [WARNI]  [WARN] Inconsistent raster profiles detected
2016-11-23 12:19:12 [optimize_gurobi_es] [INFO ]  [35/100] Optimizing with budget level 0.35000000000000003...
2016-11-23 12:19:51 [optimize_gurobi_es] [DEBUG] See /home/ubuntu/data/priocomp/logs/gurobi.log for Gurobi log
2016-11-23 12:20:21 [optimize_gurobi_es] [WARNI]  [WARN] Inconsistent raster profiles detected
2016-11-23 12:20:21 [optimize_gurobi_es] [INFO ]  [36/100] Optimizing with budget level 0.36000000000000004...
2016-11-23 12:21:04 [optimize_gurobi_es] [DEBUG] See /home/ubuntu/data/priocomp/logs/gurobi.log for Gurobi log
2016-11-23 12:21:34 [optimize_gurobi_es] [WARNI]  [WARN] Inconsistent raster profiles detected
2016-11-23 12:21:34 [optimize_gurobi_es] [INFO ]  [37/100] Optimizing with budget level 0.37...
2016-11-23 12:22:13 [optimize_gurobi_es] [DEBUG] See /home/ubuntu/data/priocomp/logs/gurobi.log for Gurobi log
2016-11-23 12:22:42 [optimize_gurobi_es] [WARNI]  [WARN] Inconsistent raster profiles detected
2016-11-23 12:22:42 [optimize_gurobi_es] [INFO ]  [38/100] Optimizing with budget level 0.38...
2016-11-23 12:23:23 [optimize_gurobi_es] [DEBUG] See /home/ubuntu/data/priocomp/logs/gurobi.log for Gurobi log
2016-11-23 12:23:50 [optimize_gurobi_es] [WARNI]  [WARN] Inconsistent raster profiles detected
2016-11-23 12:23:50 [optimize_gurobi_es] [INFO ]  [39/100] Optimizing with budget level 0.39...
2016-11-23 12:24:29 [optimize_gurobi_es] [DEBUG] See /home/ubuntu/data/priocomp/logs/gurobi.log for Gurobi log
2016-11-23 12:24:59 [optimize_gurobi_es] [WARNI]  [WARN] Inconsistent raster profiles detected
2016-11-23 12:24:59 [optimize_gurobi_es] [INFO ]  [40/100] Optimizing with budget level 0.4...
2016-11-23 12:25:39 [optimize_gurobi_es] [DEBUG] See /home/ubuntu/data/priocomp/logs/gurobi.log for Gurobi log
2016-11-23 12:26:08 [optimize_gurobi_es] [WARNI]  [WARN] Inconsistent raster profiles detected
2016-11-23 12:26:08 [optimize_gurobi_es] [INFO ]  [41/100] Optimizing with budget level 0.41000000000000003...
2016-11-23 12:26:47 [optimize_gurobi_es] [DEBUG] See /home/ubuntu/data/priocomp/logs/gurobi.log for Gurobi log
2016-11-23 12:27:17 [optimize_gurobi_es] [WARNI]  [WARN] Inconsistent raster profiles detected
2016-11-23 12:27:17 [optimize_gurobi_es] [INFO ]  [42/100] Optimizing with budget level 0.42000000000000004...
2016-11-23 12:27:59 [optimize_gurobi_es] [DEBUG] See /home/ubuntu/data/priocomp/logs/gurobi.log for Gurobi log
2016-11-23 12:28:28 [optimize_gurobi_es] [WARNI]  [WARN] Inconsistent raster profiles detected
2016-11-23 12:28:28 [optimize_gurobi_es] [INFO ]  [43/100] Optimizing with budget level 0.43...
2016-11-23 12:29:10 [optimize_gurobi_es] [DEBUG] See /home/ubuntu/data/priocomp/logs/gurobi.log for Gurobi log
2016-11-23 12:29:40 [optimize_gurobi_es] [WARNI]  [WARN] Inconsistent raster profiles detected
2016-11-23 12:29:40 [optimize_gurobi_es] [INFO ]  [44/100] Optimizing with budget level 0.44...
2016-11-23 12:30:20 [optimize_gurobi_es] [DEBUG] See /home/ubuntu/data/priocomp/logs/gurobi.log for Gurobi log
2016-11-23 12:30:49 [optimize_gurobi_es] [WARNI]  [WARN] Inconsistent raster profiles detected
2016-11-23 12:30:49 [optimize_gurobi_es] [INFO ]  [45/100] Optimizing with budget level 0.45...
2016-11-23 12:31:31 [optimize_gurobi_es] [DEBUG] See /home/ubuntu/data/priocomp/logs/gurobi.log for Gurobi log
2016-11-23 12:32:01 [optimize_gurobi_es] [WARNI]  [WARN] Inconsistent raster profiles detected
2016-11-23 12:32:01 [optimize_gurobi_es] [INFO ]  [46/100] Optimizing with budget level 0.46...
2016-11-23 12:32:41 [optimize_gurobi_es] [DEBUG] See /home/ubuntu/data/priocomp/logs/gurobi.log for Gurobi log
2016-11-23 12:33:09 [optimize_gurobi_es] [WARNI]  [WARN] Inconsistent raster profiles detected
2016-11-23 12:33:09 [optimize_gurobi_es] [INFO ]  [47/100] Optimizing with budget level 0.47000000000000003...
2016-11-23 12:33:48 [optimize_gurobi_es] [DEBUG] See /home/ubuntu/data/priocomp/logs/gurobi.log for Gurobi log
2016-11-23 12:34:16 [optimize_gurobi_es] [WARNI]  [WARN] Inconsistent raster profiles detected
2016-11-23 12:34:16 [optimize_gurobi_es] [INFO ]  [48/100] Optimizing with budget level 0.48000000000000004...
2016-11-23 12:34:56 [optimize_gurobi_es] [DEBUG] See /home/ubuntu/data/priocomp/logs/gurobi.log for Gurobi log
2016-11-23 12:35:26 [optimize_gurobi_es] [WARNI]  [WARN] Inconsistent raster profiles detected
2016-11-23 12:35:26 [optimize_gurobi_es] [INFO ]  [49/100] Optimizing with budget level 0.49...
2016-11-23 12:36:06 [optimize_gurobi_es] [DEBUG] See /home/ubuntu/data/priocomp/logs/gurobi.log for Gurobi log
2016-11-23 12:36:34 [optimize_gurobi_es] [WARNI]  [WARN] Inconsistent raster profiles detected
2016-11-23 12:36:34 [optimize_gurobi_es] [INFO ]  [50/100] Optimizing with budget level 0.5...
2016-11-23 12:37:14 [optimize_gurobi_es] [DEBUG] See /home/ubuntu/data/priocomp/logs/gurobi.log for Gurobi log
2016-11-23 12:37:43 [optimize_gurobi_es] [WARNI]  [WARN] Inconsistent raster profiles detected
2016-11-23 12:37:43 [optimize_gurobi_es] [INFO ]  [51/100] Optimizing with budget level 0.51...
2016-11-23 12:38:25 [optimize_gurobi_es] [DEBUG] See /home/ubuntu/data/priocomp/logs/gurobi.log for Gurobi log
2016-11-23 12:38:55 [optimize_gurobi_es] [WARNI]  [WARN] Inconsistent raster profiles detected
2016-11-23 12:38:55 [optimize_gurobi_es] [INFO ]  [52/100] Optimizing with budget level 0.52...
2016-11-23 12:39:35 [optimize_gurobi_es] [DEBUG] See /home/ubuntu/data/priocomp/logs/gurobi.log for Gurobi log
2016-11-23 12:40:03 [optimize_gurobi_es] [WARNI]  [WARN] Inconsistent raster profiles detected
2016-11-23 12:40:03 [optimize_gurobi_es] [INFO ]  [53/100] Optimizing with budget level 0.53...
2016-11-23 12:40:43 [optimize_gurobi_es] [DEBUG] See /home/ubuntu/data/priocomp/logs/gurobi.log for Gurobi log
2016-11-23 12:41:11 [optimize_gurobi_es] [WARNI]  [WARN] Inconsistent raster profiles detected
2016-11-23 12:41:11 [optimize_gurobi_es] [INFO ]  [54/100] Optimizing with budget level 0.54...
2016-11-23 12:41:52 [optimize_gurobi_es] [DEBUG] See /home/ubuntu/data/priocomp/logs/gurobi.log for Gurobi log
2016-11-23 12:42:23 [optimize_gurobi_es] [WARNI]  [WARN] Inconsistent raster profiles detected
2016-11-23 12:42:23 [optimize_gurobi_es] [INFO ]  [55/100] Optimizing with budget level 0.55...
2016-11-23 12:43:05 [optimize_gurobi_es] [DEBUG] See /home/ubuntu/data/priocomp/logs/gurobi.log for Gurobi log
2016-11-23 12:43:35 [optimize_gurobi_es] [WARNI]  [WARN] Inconsistent raster profiles detected
2016-11-23 12:43:35 [optimize_gurobi_es] [INFO ]  [56/100] Optimizing with budget level 0.56...
2016-11-23 12:44:17 [optimize_gurobi_es] [DEBUG] See /home/ubuntu/data/priocomp/logs/gurobi.log for Gurobi log
2016-11-23 12:44:45 [optimize_gurobi_es] [WARNI]  [WARN] Inconsistent raster profiles detected
2016-11-23 12:44:45 [optimize_gurobi_es] [INFO ]  [57/100] Optimizing with budget level 0.5700000000000001...
2016-11-23 12:45:26 [optimize_gurobi_es] [DEBUG] See /home/ubuntu/data/priocomp/logs/gurobi.log for Gurobi log
2016-11-23 12:45:56 [optimize_gurobi_es] [WARNI]  [WARN] Inconsistent raster profiles detected
2016-11-23 12:45:56 [optimize_gurobi_es] [INFO ]  [58/100] Optimizing with budget level 0.5800000000000001...
2016-11-23 12:46:35 [optimize_gurobi_es] [DEBUG] See /home/ubuntu/data/priocomp/logs/gurobi.log for Gurobi log
2016-11-23 12:47:03 [optimize_gurobi_es] [WARNI]  [WARN] Inconsistent raster profiles detected
2016-11-23 12:47:03 [optimize_gurobi_es] [INFO ]  [59/100] Optimizing with budget level 0.59...
2016-11-23 12:47:41 [optimize_gurobi_es] [DEBUG] See /home/ubuntu/data/priocomp/logs/gurobi.log for Gurobi log
2016-11-23 12:48:10 [optimize_gurobi_es] [WARNI]  [WARN] Inconsistent raster profiles detected
2016-11-23 12:48:10 [optimize_gurobi_es] [INFO ]  [60/100] Optimizing with budget level 0.6...
2016-11-23 12:48:51 [optimize_gurobi_es] [DEBUG] See /home/ubuntu/data/priocomp/logs/gurobi.log for Gurobi log
2016-11-23 12:49:19 [optimize_gurobi_es] [WARNI]  [WARN] Inconsistent raster profiles detected
2016-11-23 12:49:19 [optimize_gurobi_es] [INFO ]  [61/100] Optimizing with budget level 0.61...
2016-11-23 12:49:58 [optimize_gurobi_es] [DEBUG] See /home/ubuntu/data/priocomp/logs/gurobi.log for Gurobi log
2016-11-23 12:50:26 [optimize_gurobi_es] [WARNI]  [WARN] Inconsistent raster profiles detected
2016-11-23 12:50:26 [optimize_gurobi_es] [INFO ]  [62/100] Optimizing with budget level 0.62...
2016-11-23 12:51:05 [optimize_gurobi_es] [DEBUG] See /home/ubuntu/data/priocomp/logs/gurobi.log for Gurobi log
2016-11-23 12:51:33 [optimize_gurobi_es] [WARNI]  [WARN] Inconsistent raster profiles detected
2016-11-23 12:51:33 [optimize_gurobi_es] [INFO ]  [63/100] Optimizing with budget level 0.63...
2016-11-23 12:52:12 [optimize_gurobi_es] [DEBUG] See /home/ubuntu/data/priocomp/logs/gurobi.log for Gurobi log
2016-11-23 12:52:42 [optimize_gurobi_es] [WARNI]  [WARN] Inconsistent raster profiles detected
2016-11-23 12:52:42 [optimize_gurobi_es] [INFO ]  [64/100] Optimizing with budget level 0.64...
2016-11-23 12:53:22 [optimize_gurobi_es] [DEBUG] See /home/ubuntu/data/priocomp/logs/gurobi.log for Gurobi log
2016-11-23 12:53:49 [optimize_gurobi_es] [WARNI]  [WARN] Inconsistent raster profiles detected
2016-11-23 12:53:49 [optimize_gurobi_es] [INFO ]  [65/100] Optimizing with budget level 0.65...
2016-11-23 12:54:27 [optimize_gurobi_es] [DEBUG] See /home/ubuntu/data/priocomp/logs/gurobi.log for Gurobi log
2016-11-23 12:54:55 [optimize_gurobi_es] [WARNI]  [WARN] Inconsistent raster profiles detected
2016-11-23 12:54:55 [optimize_gurobi_es] [INFO ]  [66/100] Optimizing with budget level 0.66...
2016-11-23 12:55:35 [optimize_gurobi_es] [DEBUG] See /home/ubuntu/data/priocomp/logs/gurobi.log for Gurobi log
2016-11-23 12:56:07 [optimize_gurobi_es] [WARNI]  [WARN] Inconsistent raster profiles detected
2016-11-23 12:56:07 [optimize_gurobi_es] [INFO ]  [67/100] Optimizing with budget level 0.67...
2016-11-23 12:56:49 [optimize_gurobi_es] [DEBUG] See /home/ubuntu/data/priocomp/logs/gurobi.log for Gurobi log
2016-11-23 12:57:21 [optimize_gurobi_es] [WARNI]  [WARN] Inconsistent raster profiles detected
2016-11-23 12:57:21 [optimize_gurobi_es] [INFO ]  [68/100] Optimizing with budget level 0.68...
2016-11-23 12:58:04 [optimize_gurobi_es] [DEBUG] See /home/ubuntu/data/priocomp/logs/gurobi.log for Gurobi log
2016-11-23 12:58:35 [optimize_gurobi_es] [WARNI]  [WARN] Inconsistent raster profiles detected
2016-11-23 12:58:35 [optimize_gurobi_es] [INFO ]  [69/100] Optimizing with budget level 0.6900000000000001...
2016-11-23 12:59:13 [optimize_gurobi_es] [DEBUG] See /home/ubuntu/data/priocomp/logs/gurobi.log for Gurobi log
2016-11-23 12:59:39 [optimize_gurobi_es] [WARNI]  [WARN] Inconsistent raster profiles detected
2016-11-23 12:59:39 [optimize_gurobi_es] [INFO ]  [70/100] Optimizing with budget level 0.7000000000000001...
2016-11-23 13:00:17 [optimize_gurobi_es] [DEBUG] See /home/ubuntu/data/priocomp/logs/gurobi.log for Gurobi log
2016-11-23 13:00:44 [optimize_gurobi_es] [WARNI]  [WARN] Inconsistent raster profiles detected
2016-11-23 13:00:44 [optimize_gurobi_es] [INFO ]  [71/100] Optimizing with budget level 0.7100000000000001...
2016-11-23 13:01:22 [optimize_gurobi_es] [DEBUG] See /home/ubuntu/data/priocomp/logs/gurobi.log for Gurobi log
2016-11-23 13:01:50 [optimize_gurobi_es] [WARNI]  [WARN] Inconsistent raster profiles detected
2016-11-23 13:01:50 [optimize_gurobi_es] [INFO ]  [72/100] Optimizing with budget level 0.72...
2016-11-23 13:02:31 [optimize_gurobi_es] [DEBUG] See /home/ubuntu/data/priocomp/logs/gurobi.log for Gurobi log
2016-11-23 13:03:01 [optimize_gurobi_es] [WARNI]  [WARN] Inconsistent raster profiles detected
2016-11-23 13:03:01 [optimize_gurobi_es] [INFO ]  [73/100] Optimizing with budget level 0.73...
2016-11-23 13:03:44 [optimize_gurobi_es] [DEBUG] See /home/ubuntu/data/priocomp/logs/gurobi.log for Gurobi log
2016-11-23 13:04:15 [optimize_gurobi_es] [WARNI]  [WARN] Inconsistent raster profiles detected
2016-11-23 13:04:15 [optimize_gurobi_es] [INFO ]  [74/100] Optimizing with budget level 0.74...
2016-11-23 13:04:58 [optimize_gurobi_es] [DEBUG] See /home/ubuntu/data/priocomp/logs/gurobi.log for Gurobi log
2016-11-23 13:05:29 [optimize_gurobi_es] [WARNI]  [WARN] Inconsistent raster profiles detected
2016-11-23 13:05:29 [optimize_gurobi_es] [INFO ]  [75/100] Optimizing with budget level 0.75...
2016-11-23 13:06:11 [optimize_gurobi_es] [DEBUG] See /home/ubuntu/data/priocomp/logs/gurobi.log for Gurobi log
2016-11-23 13:06:42 [optimize_gurobi_es] [WARNI]  [WARN] Inconsistent raster profiles detected
2016-11-23 13:06:42 [optimize_gurobi_es] [INFO ]  [76/100] Optimizing with budget level 0.76...
2016-11-23 13:07:25 [optimize_gurobi_es] [DEBUG] See /home/ubuntu/data/priocomp/logs/gurobi.log for Gurobi log
2016-11-23 13:07:57 [optimize_gurobi_es] [WARNI]  [WARN] Inconsistent raster profiles detected
2016-11-23 13:07:57 [optimize_gurobi_es] [INFO ]  [77/100] Optimizing with budget level 0.77...
2016-11-23 13:08:38 [optimize_gurobi_es] [DEBUG] See /home/ubuntu/data/priocomp/logs/gurobi.log for Gurobi log
2016-11-23 13:09:08 [optimize_gurobi_es] [WARNI]  [WARN] Inconsistent raster profiles detected
2016-11-23 13:09:08 [optimize_gurobi_es] [INFO ]  [78/100] Optimizing with budget level 0.78...
2016-11-23 13:09:48 [optimize_gurobi_es] [DEBUG] See /home/ubuntu/data/priocomp/logs/gurobi.log for Gurobi log
2016-11-23 13:10:19 [optimize_gurobi_es] [WARNI]  [WARN] Inconsistent raster profiles detected
2016-11-23 13:10:19 [optimize_gurobi_es] [INFO ]  [79/100] Optimizing with budget level 0.79...
2016-11-23 13:11:00 [optimize_gurobi_es] [DEBUG] See /home/ubuntu/data/priocomp/logs/gurobi.log for Gurobi log
2016-11-23 13:11:29 [optimize_gurobi_es] [WARNI]  [WARN] Inconsistent raster profiles detected
2016-11-23 13:11:29 [optimize_gurobi_es] [INFO ]  [80/100] Optimizing with budget level 0.8...
2016-11-23 13:12:13 [optimize_gurobi_es] [DEBUG] See /home/ubuntu/data/priocomp/logs/gurobi.log for Gurobi log
2016-11-23 13:12:43 [optimize_gurobi_es] [WARNI]  [WARN] Inconsistent raster profiles detected
2016-11-23 13:12:43 [optimize_gurobi_es] [INFO ]  [81/100] Optimizing with budget level 0.81...
2016-11-23 13:13:25 [optimize_gurobi_es] [DEBUG] See /home/ubuntu/data/priocomp/logs/gurobi.log for Gurobi log
2016-11-23 13:13:55 [optimize_gurobi_es] [WARNI]  [WARN] Inconsistent raster profiles detected
2016-11-23 13:13:55 [optimize_gurobi_es] [INFO ]  [82/100] Optimizing with budget level 0.8200000000000001...
2016-11-23 13:14:37 [optimize_gurobi_es] [DEBUG] See /home/ubuntu/data/priocomp/logs/gurobi.log for Gurobi log
2016-11-23 13:15:06 [optimize_gurobi_es] [WARNI]  [WARN] Inconsistent raster profiles detected
2016-11-23 13:15:06 [optimize_gurobi_es] [INFO ]  [83/100] Optimizing with budget level 0.8300000000000001...
2016-11-23 13:15:44 [optimize_gurobi_es] [DEBUG] See /home/ubuntu/data/priocomp/logs/gurobi.log for Gurobi log
2016-11-23 13:16:13 [optimize_gurobi_es] [WARNI]  [WARN] Inconsistent raster profiles detected
2016-11-23 13:16:13 [optimize_gurobi_es] [INFO ]  [84/100] Optimizing with budget level 0.8400000000000001...
2016-11-23 13:16:54 [optimize_gurobi_es] [DEBUG] See /home/ubuntu/data/priocomp/logs/gurobi.log for Gurobi log
2016-11-23 13:17:24 [optimize_gurobi_es] [WARNI]  [WARN] Inconsistent raster profiles detected
2016-11-23 13:17:24 [optimize_gurobi_es] [INFO ]  [85/100] Optimizing with budget level 0.85...
2016-11-23 13:18:05 [optimize_gurobi_es] [DEBUG] See /home/ubuntu/data/priocomp/logs/gurobi.log for Gurobi log
2016-11-23 13:18:35 [optimize_gurobi_es] [WARNI]  [WARN] Inconsistent raster profiles detected
2016-11-23 13:18:35 [optimize_gurobi_es] [INFO ]  [86/100] Optimizing with budget level 0.86...
2016-11-23 13:19:17 [optimize_gurobi_es] [DEBUG] See /home/ubuntu/data/priocomp/logs/gurobi.log for Gurobi log
2016-11-23 13:19:46 [optimize_gurobi_es] [WARNI]  [WARN] Inconsistent raster profiles detected
2016-11-23 13:19:46 [optimize_gurobi_es] [INFO ]  [87/100] Optimizing with budget level 0.87...
2016-11-23 13:20:26 [optimize_gurobi_es] [DEBUG] See /home/ubuntu/data/priocomp/logs/gurobi.log for Gurobi log
2016-11-23 13:20:56 [optimize_gurobi_es] [WARNI]  [WARN] Inconsistent raster profiles detected
2016-11-23 13:20:56 [optimize_gurobi_es] [INFO ]  [88/100] Optimizing with budget level 0.88...
2016-11-23 13:21:40 [optimize_gurobi_es] [DEBUG] See /home/ubuntu/data/priocomp/logs/gurobi.log for Gurobi log
2016-11-23 13:22:10 [optimize_gurobi_es] [WARNI]  [WARN] Inconsistent raster profiles detected
2016-11-23 13:22:10 [optimize_gurobi_es] [INFO ]  [89/100] Optimizing with budget level 0.89...
2016-11-23 13:22:51 [optimize_gurobi_es] [DEBUG] See /home/ubuntu/data/priocomp/logs/gurobi.log for Gurobi log
2016-11-23 13:23:21 [optimize_gurobi_es] [WARNI]  [WARN] Inconsistent raster profiles detected
2016-11-23 13:23:21 [optimize_gurobi_es] [INFO ]  [90/100] Optimizing with budget level 0.9...
2016-11-23 13:24:02 [optimize_gurobi_es] [DEBUG] See /home/ubuntu/data/priocomp/logs/gurobi.log for Gurobi log
2016-11-23 13:24:31 [optimize_gurobi_es] [WARNI]  [WARN] Inconsistent raster profiles detected
2016-11-23 13:24:31 [optimize_gurobi_es] [INFO ]  [91/100] Optimizing with budget level 0.91...
2016-11-23 13:25:09 [optimize_gurobi_es] [DEBUG] See /home/ubuntu/data/priocomp/logs/gurobi.log for Gurobi log
2016-11-23 13:25:37 [optimize_gurobi_es] [WARNI]  [WARN] Inconsistent raster profiles detected
2016-11-23 13:25:37 [optimize_gurobi_es] [INFO ]  [92/100] Optimizing with budget level 0.92...
2016-11-23 13:26:18 [optimize_gurobi_es] [DEBUG] See /home/ubuntu/data/priocomp/logs/gurobi.log for Gurobi log
2016-11-23 13:26:49 [optimize_gurobi_es] [WARNI]  [WARN] Inconsistent raster profiles detected
2016-11-23 13:26:49 [optimize_gurobi_es] [INFO ]  [93/100] Optimizing with budget level 0.93...
2016-11-23 13:27:28 [optimize_gurobi_es] [DEBUG] See /home/ubuntu/data/priocomp/logs/gurobi.log for Gurobi log
2016-11-23 13:27:58 [optimize_gurobi_es] [WARNI]  [WARN] Inconsistent raster profiles detected
2016-11-23 13:27:58 [optimize_gurobi_es] [INFO ]  [94/100] Optimizing with budget level 0.9400000000000001...
2016-11-23 13:28:40 [optimize_gurobi_es] [DEBUG] See /home/ubuntu/data/priocomp/logs/gurobi.log for Gurobi log
2016-11-23 13:29:09 [optimize_gurobi_es] [WARNI]  [WARN] Inconsistent raster profiles detected
2016-11-23 13:29:09 [optimize_gurobi_es] [INFO ]  [95/100] Optimizing with budget level 0.9500000000000001...
2016-11-23 13:29:49 [optimize_gurobi_es] [DEBUG] See /home/ubuntu/data/priocomp/logs/gurobi.log for Gurobi log
2016-11-23 13:30:19 [optimize_gurobi_es] [WARNI]  [WARN] Inconsistent raster profiles detected
2016-11-23 13:30:19 [optimize_gurobi_es] [INFO ]  [96/100] Optimizing with budget level 0.9600000000000001...
2016-11-23 13:31:02 [optimize_gurobi_es] [DEBUG] See /home/ubuntu/data/priocomp/logs/gurobi.log for Gurobi log
2016-11-23 13:31:33 [optimize_gurobi_es] [WARNI]  [WARN] Inconsistent raster profiles detected
2016-11-23 13:31:33 [optimize_gurobi_es] [INFO ]  [97/100] Optimizing with budget level 0.97...
2016-11-23 13:32:14 [optimize_gurobi_es] [DEBUG] See /home/ubuntu/data/priocomp/logs/gurobi.log for Gurobi log
2016-11-23 13:32:44 [optimize_gurobi_es] [WARNI]  [WARN] Inconsistent raster profiles detected
2016-11-23 13:32:44 [optimize_gurobi_es] [INFO ]  [98/100] Optimizing with budget level 0.98...
2016-11-23 13:33:24 [optimize_gurobi_es] [DEBUG] See /home/ubuntu/data/priocomp/logs/gurobi.log for Gurobi log
2016-11-23 13:33:51 [optimize_gurobi_es] [WARNI]  [WARN] Inconsistent raster profiles detected
2016-11-23 13:33:51 [optimize_gurobi_es] [INFO ]  [99/100] Optimizing with budget level 0.99...
2016-11-23 13:34:31 [optimize_gurobi_es] [DEBUG] See /home/ubuntu/data/priocomp/logs/gurobi.log for Gurobi log
2016-11-23 13:35:02 [optimize_gurobi_es] [WARNI]  [WARN] Inconsistent raster profiles detected
2016-11-23 13:35:02 [optimize_gurobi_es] [INFO ]  [100/100] Optimizing with budget level 1.0...
2016-11-23 13:35:44 [optimize_gurobi_es] [DEBUG] See /home/ubuntu/data/priocomp/logs/gurobi.log for Gurobi log
2016-11-23 13:35:59 [optimize_gurobi_es] [WARNI]  [WARN] Inconsistent raster profiles detected
2016-11-23 13:35:59 [optimize_gurobi_es] [INFO ]  [TIME] Optimization took 6999.21 sec
2016-11-23 13:35:59 [optimize_gurobi_es] [INFO ]  [** POST-PROCESSING **]
2016-11-23 13:35:59 [optimize_gurobi_es] [INFO ]  [1/3] Ranking selection frequencies
2016-11-23 13:36:24 [optimize_gurobi_es] [INFO ]  [2/3] Rescaling ranks
2016-11-23 13:36:24 [optimize_gurobi_es] [INFO ]  [3/3] Writing output to analyses/ILP/ilp_es.tif
2016-11-23 13:36:26 [optimize_gurobi_es] [INFO ]  [TIME] Post-processing took 27.37 sec
2016-11-23 13:36:26 [optimize_gurobi_es] [INFO ]  [TIME] All processing took 7042.47 sec
