2017-07-20 16:01:08 [optimize_gurobi_all_weights_costs] [INFO ]  [** PRE-PROCESSING **]
2017-07-20 16:01:09 [optimize_gurobi_all_weights_costs] [WARNI]  [WARNING] Different masks for cost and feature sum rasters, diff: 37002
2017-07-20 16:01:09 [optimize_gurobi_all_weights_costs] [WARNI]  [WARNING] Using data only from cells that have both cost and occurrence data
2017-07-20 16:01:09 [optimize_gurobi_all_weights_costs] [INFO ]  [TIME] Pre-processing took 0.69 sec
2017-07-20 16:01:09 [optimize_gurobi_all_weights_costs] [INFO ]  [** OPTIMIZING **]
2017-07-20 16:01:09 [optimize_gurobi_all_weights_costs] [INFO ]  [NOTE] Target budget levels: 0.01, 0.02, 0.03, 0.04, 0.05, 0.06, 0.07, 0.08, 0.09, 0.1, 0.11, 0.12, 0.13, 0.14, 0.15, 0.16, 0.17, 0.18, 0.19, 0.2, 0.21, 0.22, 0.23, 0.24, 0.25, 0.26, 0.27, 0.28, 0.29, 0.3, 0.31, 0.32, 0.33, 0.34, 0.35, 0.36, 0.37, 0.38, 0.39, 0.4, 0.41, 0.42, 0.43, 0.44, 0.45, 0.46, 0.47, 0.48, 0.49, 0.5, 0.51, 0.52, 0.53, 0.54, 0.55, 0.56, 0.57, 0.58, 0.59, 0.6, 0.61, 0.62, 0.63, 0.64, 0.65, 0.66, 0.67, 0.68, 0.69, 0.7, 0.71, 0.72, 0.73, 0.74, 0.75, 0.76, 0.77, 0.78, 0.79, 0.8, 0.81, 0.82, 0.83, 0.84, 0.85, 0.86, 0.87, 0.88, 0.89, 0.9, 0.91, 0.92, 0.93, 0.94, 0.95, 0.96, 0.97, 0.98, 0.99, 1.0
2017-07-20 16:01:09 [optimize_gurobi_all_weights_costs] [INFO ]  [1/100] Optimizing with fraction level 0.01...
2017-07-20 16:01:09 [optimize_gurobi_all_weights_costs] [DEBUG]  [DEBUG] Normalizing cost and rij arrays
2017-07-20 16:01:09 [optimize_gurobi_all_weights_costs] [INFO ]  [INFO] Starting multi-objective optimization
2017-07-20 16:01:09 [optimize_gurobi_all_weights_costs] [DEBUG] See /data/priocomp/logs/gurobi.log for Gurobi log
2017-07-20 16:01:47 [optimize_gurobi_all_weights_costs] [WARNI]  [WARN] 2 solutions found, using the first (best) solution
2017-07-20 16:01:56 [optimize_gurobi_all_weights_costs] [WARNI]  [WARN] Inconsistent raster profiles detected
2017-07-20 16:01:57 [optimize_gurobi_all_weights_costs] [DEBUG]  Writing intermediate output to analyses/ILP/ilp_all_weights_costs/budget_level_0_01.tif
2017-07-20 16:01:57 [optimize_gurobi_all_weights_costs] [INFO ]  [2/100] Optimizing with fraction level 0.02...
2017-07-20 16:01:57 [optimize_gurobi_all_weights_costs] [DEBUG]  [DEBUG] Normalizing cost and rij arrays
2017-07-20 16:01:57 [optimize_gurobi_all_weights_costs] [INFO ]  [INFO] Starting multi-objective optimization
2017-07-20 16:01:57 [optimize_gurobi_all_weights_costs] [DEBUG] See /data/priocomp/logs/gurobi.log for Gurobi log
2017-07-20 16:02:38 [optimize_gurobi_all_weights_costs] [WARNI]  [WARN] 2 solutions found, using the first (best) solution
2017-07-20 16:02:48 [optimize_gurobi_all_weights_costs] [WARNI]  [WARN] Inconsistent raster profiles detected
2017-07-20 16:02:48 [optimize_gurobi_all_weights_costs] [DEBUG]  Writing intermediate output to analyses/ILP/ilp_all_weights_costs/budget_level_0_02.tif
2017-07-20 16:02:49 [optimize_gurobi_all_weights_costs] [INFO ]  [3/100] Optimizing with fraction level 0.03...
2017-07-20 16:02:49 [optimize_gurobi_all_weights_costs] [DEBUG]  [DEBUG] Normalizing cost and rij arrays
2017-07-20 16:02:49 [optimize_gurobi_all_weights_costs] [INFO ]  [INFO] Starting multi-objective optimization
2017-07-20 16:02:49 [optimize_gurobi_all_weights_costs] [DEBUG] See /data/priocomp/logs/gurobi.log for Gurobi log
2017-07-20 16:03:29 [optimize_gurobi_all_weights_costs] [WARNI]  [WARN] 2 solutions found, using the first (best) solution
2017-07-20 16:03:37 [optimize_gurobi_all_weights_costs] [WARNI]  [WARN] Inconsistent raster profiles detected
2017-07-20 16:03:37 [optimize_gurobi_all_weights_costs] [DEBUG]  Writing intermediate output to analyses/ILP/ilp_all_weights_costs/budget_level_0_03.tif
2017-07-20 16:03:38 [optimize_gurobi_all_weights_costs] [INFO ]  [4/100] Optimizing with fraction level 0.04...
2017-07-20 16:03:38 [optimize_gurobi_all_weights_costs] [DEBUG]  [DEBUG] Normalizing cost and rij arrays
2017-07-20 16:03:38 [optimize_gurobi_all_weights_costs] [INFO ]  [INFO] Starting multi-objective optimization
2017-07-20 16:03:38 [optimize_gurobi_all_weights_costs] [DEBUG] See /data/priocomp/logs/gurobi.log for Gurobi log
2017-07-20 16:04:15 [optimize_gurobi_all_weights_costs] [WARNI]  [WARN] 2 solutions found, using the first (best) solution
2017-07-20 16:04:25 [optimize_gurobi_all_weights_costs] [WARNI]  [WARN] Inconsistent raster profiles detected
2017-07-20 16:04:26 [optimize_gurobi_all_weights_costs] [DEBUG]  Writing intermediate output to analyses/ILP/ilp_all_weights_costs/budget_level_0_04.tif
2017-07-20 16:04:26 [optimize_gurobi_all_weights_costs] [INFO ]  [5/100] Optimizing with fraction level 0.05...
2017-07-20 16:04:26 [optimize_gurobi_all_weights_costs] [DEBUG]  [DEBUG] Normalizing cost and rij arrays
2017-07-20 16:04:26 [optimize_gurobi_all_weights_costs] [INFO ]  [INFO] Starting multi-objective optimization
2017-07-20 16:04:26 [optimize_gurobi_all_weights_costs] [DEBUG] See /data/priocomp/logs/gurobi.log for Gurobi log
2017-07-20 16:05:06 [optimize_gurobi_all_weights_costs] [WARNI]  [WARN] 2 solutions found, using the first (best) solution
2017-07-20 16:05:15 [optimize_gurobi_all_weights_costs] [WARNI]  [WARN] Inconsistent raster profiles detected
2017-07-20 16:05:16 [optimize_gurobi_all_weights_costs] [DEBUG]  Writing intermediate output to analyses/ILP/ilp_all_weights_costs/budget_level_0_05.tif
2017-07-20 16:05:16 [optimize_gurobi_all_weights_costs] [INFO ]  [6/100] Optimizing with fraction level 0.06...
2017-07-20 16:05:16 [optimize_gurobi_all_weights_costs] [DEBUG]  [DEBUG] Normalizing cost and rij arrays
2017-07-20 16:05:16 [optimize_gurobi_all_weights_costs] [INFO ]  [INFO] Starting multi-objective optimization
2017-07-20 16:05:16 [optimize_gurobi_all_weights_costs] [DEBUG] See /data/priocomp/logs/gurobi.log for Gurobi log
2017-07-20 16:05:55 [optimize_gurobi_all_weights_costs] [WARNI]  [WARN] 2 solutions found, using the first (best) solution
2017-07-20 16:06:03 [optimize_gurobi_all_weights_costs] [WARNI]  [WARN] Inconsistent raster profiles detected
2017-07-20 16:06:04 [optimize_gurobi_all_weights_costs] [DEBUG]  Writing intermediate output to analyses/ILP/ilp_all_weights_costs/budget_level_0_06.tif
2017-07-20 16:06:04 [optimize_gurobi_all_weights_costs] [INFO ]  [7/100] Optimizing with fraction level 0.07...
2017-07-20 16:06:04 [optimize_gurobi_all_weights_costs] [DEBUG]  [DEBUG] Normalizing cost and rij arrays
2017-07-20 16:06:04 [optimize_gurobi_all_weights_costs] [INFO ]  [INFO] Starting multi-objective optimization
2017-07-20 16:06:04 [optimize_gurobi_all_weights_costs] [DEBUG] See /data/priocomp/logs/gurobi.log for Gurobi log
2017-07-20 16:06:45 [optimize_gurobi_all_weights_costs] [WARNI]  [WARN] 2 solutions found, using the first (best) solution
2017-07-20 16:06:54 [optimize_gurobi_all_weights_costs] [WARNI]  [WARN] Inconsistent raster profiles detected
2017-07-20 16:06:55 [optimize_gurobi_all_weights_costs] [DEBUG]  Writing intermediate output to analyses/ILP/ilp_all_weights_costs/budget_level_0_07.tif
2017-07-20 16:06:55 [optimize_gurobi_all_weights_costs] [INFO ]  [8/100] Optimizing with fraction level 0.08...
2017-07-20 16:06:55 [optimize_gurobi_all_weights_costs] [DEBUG]  [DEBUG] Normalizing cost and rij arrays
2017-07-20 16:06:55 [optimize_gurobi_all_weights_costs] [INFO ]  [INFO] Starting multi-objective optimization
2017-07-20 16:06:55 [optimize_gurobi_all_weights_costs] [DEBUG] See /data/priocomp/logs/gurobi.log for Gurobi log
2017-07-20 16:07:35 [optimize_gurobi_all_weights_costs] [WARNI]  [WARN] 2 solutions found, using the first (best) solution
2017-07-20 16:07:44 [optimize_gurobi_all_weights_costs] [WARNI]  [WARN] Inconsistent raster profiles detected
2017-07-20 16:07:44 [optimize_gurobi_all_weights_costs] [DEBUG]  Writing intermediate output to analyses/ILP/ilp_all_weights_costs/budget_level_0_08.tif
2017-07-20 16:07:45 [optimize_gurobi_all_weights_costs] [INFO ]  [9/100] Optimizing with fraction level 0.09...
2017-07-20 16:07:45 [optimize_gurobi_all_weights_costs] [DEBUG]  [DEBUG] Normalizing cost and rij arrays
2017-07-20 16:07:45 [optimize_gurobi_all_weights_costs] [INFO ]  [INFO] Starting multi-objective optimization
2017-07-20 16:07:45 [optimize_gurobi_all_weights_costs] [DEBUG] See /data/priocomp/logs/gurobi.log for Gurobi log
2017-07-20 16:08:22 [optimize_gurobi_all_weights_costs] [WARNI]  [WARN] 2 solutions found, using the first (best) solution
2017-07-20 16:08:31 [optimize_gurobi_all_weights_costs] [WARNI]  [WARN] Inconsistent raster profiles detected
2017-07-20 16:08:32 [optimize_gurobi_all_weights_costs] [DEBUG]  Writing intermediate output to analyses/ILP/ilp_all_weights_costs/budget_level_0_09.tif
2017-07-20 16:08:32 [optimize_gurobi_all_weights_costs] [INFO ]  [10/100] Optimizing with fraction level 0.1...
2017-07-20 16:08:32 [optimize_gurobi_all_weights_costs] [DEBUG]  [DEBUG] Normalizing cost and rij arrays
2017-07-20 16:08:32 [optimize_gurobi_all_weights_costs] [INFO ]  [INFO] Starting multi-objective optimization
2017-07-20 16:08:32 [optimize_gurobi_all_weights_costs] [DEBUG] See /data/priocomp/logs/gurobi.log for Gurobi log
2017-07-20 16:09:12 [optimize_gurobi_all_weights_costs] [WARNI]  [WARN] 2 solutions found, using the first (best) solution
2017-07-20 16:09:21 [optimize_gurobi_all_weights_costs] [WARNI]  [WARN] Inconsistent raster profiles detected
2017-07-20 16:09:21 [optimize_gurobi_all_weights_costs] [DEBUG]  Writing intermediate output to analyses/ILP/ilp_all_weights_costs/budget_level_0_1.tif
2017-07-20 16:09:22 [optimize_gurobi_all_weights_costs] [INFO ]  [11/100] Optimizing with fraction level 0.11...
2017-07-20 16:09:22 [optimize_gurobi_all_weights_costs] [DEBUG]  [DEBUG] Normalizing cost and rij arrays
2017-07-20 16:09:22 [optimize_gurobi_all_weights_costs] [INFO ]  [INFO] Starting multi-objective optimization
2017-07-20 16:09:22 [optimize_gurobi_all_weights_costs] [DEBUG] See /data/priocomp/logs/gurobi.log for Gurobi log
2017-07-20 16:09:59 [optimize_gurobi_all_weights_costs] [WARNI]  [WARN] 2 solutions found, using the first (best) solution
2017-07-20 16:10:09 [optimize_gurobi_all_weights_costs] [WARNI]  [WARN] Inconsistent raster profiles detected
2017-07-20 16:10:09 [optimize_gurobi_all_weights_costs] [DEBUG]  Writing intermediate output to analyses/ILP/ilp_all_weights_costs/budget_level_0_11.tif
2017-07-20 16:10:10 [optimize_gurobi_all_weights_costs] [INFO ]  [12/100] Optimizing with fraction level 0.12...
2017-07-20 16:10:10 [optimize_gurobi_all_weights_costs] [DEBUG]  [DEBUG] Normalizing cost and rij arrays
2017-07-20 16:10:10 [optimize_gurobi_all_weights_costs] [INFO ]  [INFO] Starting multi-objective optimization
2017-07-20 16:10:10 [optimize_gurobi_all_weights_costs] [DEBUG] See /data/priocomp/logs/gurobi.log for Gurobi log
2017-07-20 16:10:48 [optimize_gurobi_all_weights_costs] [WARNI]  [WARN] 2 solutions found, using the first (best) solution
2017-07-20 16:10:57 [optimize_gurobi_all_weights_costs] [WARNI]  [WARN] Inconsistent raster profiles detected
2017-07-20 16:10:58 [optimize_gurobi_all_weights_costs] [DEBUG]  Writing intermediate output to analyses/ILP/ilp_all_weights_costs/budget_level_0_12.tif
2017-07-20 16:10:58 [optimize_gurobi_all_weights_costs] [INFO ]  [13/100] Optimizing with fraction level 0.13...
2017-07-20 16:10:58 [optimize_gurobi_all_weights_costs] [DEBUG]  [DEBUG] Normalizing cost and rij arrays
2017-07-20 16:10:58 [optimize_gurobi_all_weights_costs] [INFO ]  [INFO] Starting multi-objective optimization
2017-07-20 16:10:58 [optimize_gurobi_all_weights_costs] [DEBUG] See /data/priocomp/logs/gurobi.log for Gurobi log
2017-07-20 16:11:34 [optimize_gurobi_all_weights_costs] [WARNI]  [WARN] 2 solutions found, using the first (best) solution
2017-07-20 16:11:43 [optimize_gurobi_all_weights_costs] [WARNI]  [WARN] Inconsistent raster profiles detected
2017-07-20 16:11:43 [optimize_gurobi_all_weights_costs] [DEBUG]  Writing intermediate output to analyses/ILP/ilp_all_weights_costs/budget_level_0_13.tif
2017-07-20 16:11:43 [optimize_gurobi_all_weights_costs] [INFO ]  [14/100] Optimizing with fraction level 0.14...
2017-07-20 16:11:43 [optimize_gurobi_all_weights_costs] [DEBUG]  [DEBUG] Normalizing cost and rij arrays
2017-07-20 16:11:43 [optimize_gurobi_all_weights_costs] [INFO ]  [INFO] Starting multi-objective optimization
2017-07-20 16:11:44 [optimize_gurobi_all_weights_costs] [DEBUG] See /data/priocomp/logs/gurobi.log for Gurobi log
2017-07-20 16:12:21 [optimize_gurobi_all_weights_costs] [WARNI]  [WARN] 2 solutions found, using the first (best) solution
2017-07-20 16:12:31 [optimize_gurobi_all_weights_costs] [WARNI]  [WARN] Inconsistent raster profiles detected
2017-07-20 16:12:31 [optimize_gurobi_all_weights_costs] [DEBUG]  Writing intermediate output to analyses/ILP/ilp_all_weights_costs/budget_level_0_14.tif
2017-07-20 16:12:31 [optimize_gurobi_all_weights_costs] [INFO ]  [15/100] Optimizing with fraction level 0.15...
2017-07-20 16:12:32 [optimize_gurobi_all_weights_costs] [DEBUG]  [DEBUG] Normalizing cost and rij arrays
2017-07-20 16:12:32 [optimize_gurobi_all_weights_costs] [INFO ]  [INFO] Starting multi-objective optimization
2017-07-20 16:12:32 [optimize_gurobi_all_weights_costs] [DEBUG] See /data/priocomp/logs/gurobi.log for Gurobi log
2017-07-20 16:13:09 [optimize_gurobi_all_weights_costs] [WARNI]  [WARN] 2 solutions found, using the first (best) solution
2017-07-20 16:13:17 [optimize_gurobi_all_weights_costs] [WARNI]  [WARN] Inconsistent raster profiles detected
2017-07-20 16:13:17 [optimize_gurobi_all_weights_costs] [DEBUG]  Writing intermediate output to analyses/ILP/ilp_all_weights_costs/budget_level_0_15.tif
2017-07-20 16:13:18 [optimize_gurobi_all_weights_costs] [INFO ]  [16/100] Optimizing with fraction level 0.16...
2017-07-20 16:13:18 [optimize_gurobi_all_weights_costs] [DEBUG]  [DEBUG] Normalizing cost and rij arrays
2017-07-20 16:13:18 [optimize_gurobi_all_weights_costs] [INFO ]  [INFO] Starting multi-objective optimization
2017-07-20 16:13:18 [optimize_gurobi_all_weights_costs] [DEBUG] See /data/priocomp/logs/gurobi.log for Gurobi log
2017-07-20 16:13:59 [optimize_gurobi_all_weights_costs] [WARNI]  [WARN] 2 solutions found, using the first (best) solution
2017-07-20 16:14:09 [optimize_gurobi_all_weights_costs] [WARNI]  [WARN] Inconsistent raster profiles detected
2017-07-20 16:14:09 [optimize_gurobi_all_weights_costs] [DEBUG]  Writing intermediate output to analyses/ILP/ilp_all_weights_costs/budget_level_0_16.tif
2017-07-20 16:14:10 [optimize_gurobi_all_weights_costs] [INFO ]  [17/100] Optimizing with fraction level 0.17...
2017-07-20 16:14:10 [optimize_gurobi_all_weights_costs] [DEBUG]  [DEBUG] Normalizing cost and rij arrays
2017-07-20 16:14:10 [optimize_gurobi_all_weights_costs] [INFO ]  [INFO] Starting multi-objective optimization
2017-07-20 16:14:10 [optimize_gurobi_all_weights_costs] [DEBUG] See /data/priocomp/logs/gurobi.log for Gurobi log
2017-07-20 16:14:51 [optimize_gurobi_all_weights_costs] [WARNI]  [WARN] 2 solutions found, using the first (best) solution
2017-07-20 16:15:01 [optimize_gurobi_all_weights_costs] [WARNI]  [WARN] Inconsistent raster profiles detected
2017-07-20 16:15:01 [optimize_gurobi_all_weights_costs] [DEBUG]  Writing intermediate output to analyses/ILP/ilp_all_weights_costs/budget_level_0_17.tif
2017-07-20 16:15:01 [optimize_gurobi_all_weights_costs] [INFO ]  [18/100] Optimizing with fraction level 0.18...
2017-07-20 16:15:01 [optimize_gurobi_all_weights_costs] [DEBUG]  [DEBUG] Normalizing cost and rij arrays
2017-07-20 16:15:02 [optimize_gurobi_all_weights_costs] [INFO ]  [INFO] Starting multi-objective optimization
2017-07-20 16:15:02 [optimize_gurobi_all_weights_costs] [DEBUG] See /data/priocomp/logs/gurobi.log for Gurobi log
2017-07-20 16:15:42 [optimize_gurobi_all_weights_costs] [WARNI]  [WARN] 2 solutions found, using the first (best) solution
2017-07-20 16:15:51 [optimize_gurobi_all_weights_costs] [WARNI]  [WARN] Inconsistent raster profiles detected
2017-07-20 16:15:51 [optimize_gurobi_all_weights_costs] [DEBUG]  Writing intermediate output to analyses/ILP/ilp_all_weights_costs/budget_level_0_18.tif
2017-07-20 16:15:52 [optimize_gurobi_all_weights_costs] [INFO ]  [19/100] Optimizing with fraction level 0.19...
2017-07-20 16:15:52 [optimize_gurobi_all_weights_costs] [DEBUG]  [DEBUG] Normalizing cost and rij arrays
2017-07-20 16:15:52 [optimize_gurobi_all_weights_costs] [INFO ]  [INFO] Starting multi-objective optimization
2017-07-20 16:15:52 [optimize_gurobi_all_weights_costs] [DEBUG] See /data/priocomp/logs/gurobi.log for Gurobi log
2017-07-20 16:16:29 [optimize_gurobi_all_weights_costs] [WARNI]  [WARN] 2 solutions found, using the first (best) solution
2017-07-20 16:16:38 [optimize_gurobi_all_weights_costs] [WARNI]  [WARN] Inconsistent raster profiles detected
2017-07-20 16:16:39 [optimize_gurobi_all_weights_costs] [DEBUG]  Writing intermediate output to analyses/ILP/ilp_all_weights_costs/budget_level_0_19.tif
2017-07-20 16:16:39 [optimize_gurobi_all_weights_costs] [INFO ]  [20/100] Optimizing with fraction level 0.2...
2017-07-20 16:16:39 [optimize_gurobi_all_weights_costs] [DEBUG]  [DEBUG] Normalizing cost and rij arrays
2017-07-20 16:16:39 [optimize_gurobi_all_weights_costs] [INFO ]  [INFO] Starting multi-objective optimization
2017-07-20 16:16:39 [optimize_gurobi_all_weights_costs] [DEBUG] See /data/priocomp/logs/gurobi.log for Gurobi log
2017-07-20 16:17:16 [optimize_gurobi_all_weights_costs] [WARNI]  [WARN] 2 solutions found, using the first (best) solution
2017-07-20 16:17:26 [optimize_gurobi_all_weights_costs] [WARNI]  [WARN] Inconsistent raster profiles detected
2017-07-20 16:17:26 [optimize_gurobi_all_weights_costs] [DEBUG]  Writing intermediate output to analyses/ILP/ilp_all_weights_costs/budget_level_0_2.tif
2017-07-20 16:17:27 [optimize_gurobi_all_weights_costs] [INFO ]  [21/100] Optimizing with fraction level 0.21...
2017-07-20 16:17:27 [optimize_gurobi_all_weights_costs] [DEBUG]  [DEBUG] Normalizing cost and rij arrays
2017-07-20 16:17:27 [optimize_gurobi_all_weights_costs] [INFO ]  [INFO] Starting multi-objective optimization
2017-07-20 16:17:27 [optimize_gurobi_all_weights_costs] [DEBUG] See /data/priocomp/logs/gurobi.log for Gurobi log
2017-07-20 16:18:04 [optimize_gurobi_all_weights_costs] [WARNI]  [WARN] 2 solutions found, using the first (best) solution
2017-07-20 16:18:13 [optimize_gurobi_all_weights_costs] [WARNI]  [WARN] Inconsistent raster profiles detected
2017-07-20 16:18:14 [optimize_gurobi_all_weights_costs] [DEBUG]  Writing intermediate output to analyses/ILP/ilp_all_weights_costs/budget_level_0_21.tif
2017-07-20 16:18:14 [optimize_gurobi_all_weights_costs] [INFO ]  [22/100] Optimizing with fraction level 0.22...
2017-07-20 16:18:14 [optimize_gurobi_all_weights_costs] [DEBUG]  [DEBUG] Normalizing cost and rij arrays
2017-07-20 16:18:14 [optimize_gurobi_all_weights_costs] [INFO ]  [INFO] Starting multi-objective optimization
2017-07-20 16:18:14 [optimize_gurobi_all_weights_costs] [DEBUG] See /data/priocomp/logs/gurobi.log for Gurobi log
2017-07-20 16:18:55 [optimize_gurobi_all_weights_costs] [WARNI]  [WARN] 2 solutions found, using the first (best) solution
2017-07-20 16:19:05 [optimize_gurobi_all_weights_costs] [WARNI]  [WARN] Inconsistent raster profiles detected
2017-07-20 16:19:06 [optimize_gurobi_all_weights_costs] [DEBUG]  Writing intermediate output to analyses/ILP/ilp_all_weights_costs/budget_level_0_22.tif
2017-07-20 16:19:06 [optimize_gurobi_all_weights_costs] [INFO ]  [23/100] Optimizing with fraction level 0.23...
2017-07-20 16:19:06 [optimize_gurobi_all_weights_costs] [DEBUG]  [DEBUG] Normalizing cost and rij arrays
2017-07-20 16:19:06 [optimize_gurobi_all_weights_costs] [INFO ]  [INFO] Starting multi-objective optimization
2017-07-20 16:19:06 [optimize_gurobi_all_weights_costs] [DEBUG] See /data/priocomp/logs/gurobi.log for Gurobi log
2017-07-20 16:19:47 [optimize_gurobi_all_weights_costs] [WARNI]  [WARN] 2 solutions found, using the first (best) solution
2017-07-20 16:19:57 [optimize_gurobi_all_weights_costs] [WARNI]  [WARN] Inconsistent raster profiles detected
2017-07-20 16:19:57 [optimize_gurobi_all_weights_costs] [DEBUG]  Writing intermediate output to analyses/ILP/ilp_all_weights_costs/budget_level_0_23.tif
2017-07-20 16:19:58 [optimize_gurobi_all_weights_costs] [INFO ]  [24/100] Optimizing with fraction level 0.24...
2017-07-20 16:19:58 [optimize_gurobi_all_weights_costs] [DEBUG]  [DEBUG] Normalizing cost and rij arrays
2017-07-20 16:19:58 [optimize_gurobi_all_weights_costs] [INFO ]  [INFO] Starting multi-objective optimization
2017-07-20 16:19:58 [optimize_gurobi_all_weights_costs] [DEBUG] See /data/priocomp/logs/gurobi.log for Gurobi log
2017-07-20 16:20:37 [optimize_gurobi_all_weights_costs] [WARNI]  [WARN] 2 solutions found, using the first (best) solution
2017-07-20 16:20:46 [optimize_gurobi_all_weights_costs] [WARNI]  [WARN] Inconsistent raster profiles detected
2017-07-20 16:20:46 [optimize_gurobi_all_weights_costs] [DEBUG]  Writing intermediate output to analyses/ILP/ilp_all_weights_costs/budget_level_0_24.tif
2017-07-20 16:20:47 [optimize_gurobi_all_weights_costs] [INFO ]  [25/100] Optimizing with fraction level 0.25...
2017-07-20 16:20:47 [optimize_gurobi_all_weights_costs] [DEBUG]  [DEBUG] Normalizing cost and rij arrays
2017-07-20 16:20:47 [optimize_gurobi_all_weights_costs] [INFO ]  [INFO] Starting multi-objective optimization
2017-07-20 16:20:47 [optimize_gurobi_all_weights_costs] [DEBUG] See /data/priocomp/logs/gurobi.log for Gurobi log
2017-07-20 16:21:24 [optimize_gurobi_all_weights_costs] [WARNI]  [WARN] 2 solutions found, using the first (best) solution
2017-07-20 16:21:34 [optimize_gurobi_all_weights_costs] [WARNI]  [WARN] Inconsistent raster profiles detected
2017-07-20 16:21:35 [optimize_gurobi_all_weights_costs] [DEBUG]  Writing intermediate output to analyses/ILP/ilp_all_weights_costs/budget_level_0_25.tif
2017-07-20 16:21:35 [optimize_gurobi_all_weights_costs] [INFO ]  [26/100] Optimizing with fraction level 0.26...
2017-07-20 16:21:35 [optimize_gurobi_all_weights_costs] [DEBUG]  [DEBUG] Normalizing cost and rij arrays
2017-07-20 16:21:35 [optimize_gurobi_all_weights_costs] [INFO ]  [INFO] Starting multi-objective optimization
2017-07-20 16:21:35 [optimize_gurobi_all_weights_costs] [DEBUG] See /data/priocomp/logs/gurobi.log for Gurobi log
2017-07-20 16:22:16 [optimize_gurobi_all_weights_costs] [WARNI]  [WARN] 2 solutions found, using the first (best) solution
2017-07-20 16:22:25 [optimize_gurobi_all_weights_costs] [WARNI]  [WARN] Inconsistent raster profiles detected
2017-07-20 16:22:26 [optimize_gurobi_all_weights_costs] [DEBUG]  Writing intermediate output to analyses/ILP/ilp_all_weights_costs/budget_level_0_26.tif
2017-07-20 16:22:26 [optimize_gurobi_all_weights_costs] [INFO ]  [27/100] Optimizing with fraction level 0.27...
2017-07-20 16:22:26 [optimize_gurobi_all_weights_costs] [DEBUG]  [DEBUG] Normalizing cost and rij arrays
2017-07-20 16:22:27 [optimize_gurobi_all_weights_costs] [INFO ]  [INFO] Starting multi-objective optimization
2017-07-20 16:22:27 [optimize_gurobi_all_weights_costs] [DEBUG] See /data/priocomp/logs/gurobi.log for Gurobi log
2017-07-20 16:23:05 [optimize_gurobi_all_weights_costs] [WARNI]  [WARN] 2 solutions found, using the first (best) solution
2017-07-20 16:23:15 [optimize_gurobi_all_weights_costs] [WARNI]  [WARN] Inconsistent raster profiles detected
2017-07-20 16:23:15 [optimize_gurobi_all_weights_costs] [DEBUG]  Writing intermediate output to analyses/ILP/ilp_all_weights_costs/budget_level_0_27.tif
2017-07-20 16:23:16 [optimize_gurobi_all_weights_costs] [INFO ]  [28/100] Optimizing with fraction level 0.28...
2017-07-20 16:23:16 [optimize_gurobi_all_weights_costs] [DEBUG]  [DEBUG] Normalizing cost and rij arrays
2017-07-20 16:23:16 [optimize_gurobi_all_weights_costs] [INFO ]  [INFO] Starting multi-objective optimization
2017-07-20 16:23:16 [optimize_gurobi_all_weights_costs] [DEBUG] See /data/priocomp/logs/gurobi.log for Gurobi log
2017-07-20 16:23:53 [optimize_gurobi_all_weights_costs] [WARNI]  [WARN] 2 solutions found, using the first (best) solution
2017-07-20 16:24:03 [optimize_gurobi_all_weights_costs] [WARNI]  [WARN] Inconsistent raster profiles detected
2017-07-20 16:24:03 [optimize_gurobi_all_weights_costs] [DEBUG]  Writing intermediate output to analyses/ILP/ilp_all_weights_costs/budget_level_0_28.tif
2017-07-20 16:24:04 [optimize_gurobi_all_weights_costs] [INFO ]  [29/100] Optimizing with fraction level 0.29...
2017-07-20 16:24:04 [optimize_gurobi_all_weights_costs] [DEBUG]  [DEBUG] Normalizing cost and rij arrays
2017-07-20 16:24:04 [optimize_gurobi_all_weights_costs] [INFO ]  [INFO] Starting multi-objective optimization
2017-07-20 16:24:04 [optimize_gurobi_all_weights_costs] [DEBUG] See /data/priocomp/logs/gurobi.log for Gurobi log
2017-07-20 16:24:43 [optimize_gurobi_all_weights_costs] [WARNI]  [WARN] 2 solutions found, using the first (best) solution
2017-07-20 16:24:52 [optimize_gurobi_all_weights_costs] [WARNI]  [WARN] Inconsistent raster profiles detected
2017-07-20 16:24:53 [optimize_gurobi_all_weights_costs] [DEBUG]  Writing intermediate output to analyses/ILP/ilp_all_weights_costs/budget_level_0_29.tif
2017-07-20 16:24:53 [optimize_gurobi_all_weights_costs] [INFO ]  [30/100] Optimizing with fraction level 0.3...
2017-07-20 16:24:53 [optimize_gurobi_all_weights_costs] [DEBUG]  [DEBUG] Normalizing cost and rij arrays
2017-07-20 16:24:53 [optimize_gurobi_all_weights_costs] [INFO ]  [INFO] Starting multi-objective optimization
2017-07-20 16:24:53 [optimize_gurobi_all_weights_costs] [DEBUG] See /data/priocomp/logs/gurobi.log for Gurobi log
2017-07-20 16:25:31 [optimize_gurobi_all_weights_costs] [WARNI]  [WARN] 2 solutions found, using the first (best) solution
2017-07-20 16:25:40 [optimize_gurobi_all_weights_costs] [WARNI]  [WARN] Inconsistent raster profiles detected
2017-07-20 16:25:41 [optimize_gurobi_all_weights_costs] [DEBUG]  Writing intermediate output to analyses/ILP/ilp_all_weights_costs/budget_level_0_3.tif
2017-07-20 16:25:41 [optimize_gurobi_all_weights_costs] [INFO ]  [31/100] Optimizing with fraction level 0.31...
2017-07-20 16:25:41 [optimize_gurobi_all_weights_costs] [DEBUG]  [DEBUG] Normalizing cost and rij arrays
2017-07-20 16:25:41 [optimize_gurobi_all_weights_costs] [INFO ]  [INFO] Starting multi-objective optimization
2017-07-20 16:25:41 [optimize_gurobi_all_weights_costs] [DEBUG] See /data/priocomp/logs/gurobi.log for Gurobi log
2017-07-20 16:26:18 [optimize_gurobi_all_weights_costs] [WARNI]  [WARN] 2 solutions found, using the first (best) solution
2017-07-20 16:26:28 [optimize_gurobi_all_weights_costs] [WARNI]  [WARN] Inconsistent raster profiles detected
2017-07-20 16:26:28 [optimize_gurobi_all_weights_costs] [DEBUG]  Writing intermediate output to analyses/ILP/ilp_all_weights_costs/budget_level_0_31.tif
2017-07-20 16:26:28 [optimize_gurobi_all_weights_costs] [INFO ]  [32/100] Optimizing with fraction level 0.32...
2017-07-20 16:26:28 [optimize_gurobi_all_weights_costs] [DEBUG]  [DEBUG] Normalizing cost and rij arrays
2017-07-20 16:26:28 [optimize_gurobi_all_weights_costs] [INFO ]  [INFO] Starting multi-objective optimization
2017-07-20 16:26:28 [optimize_gurobi_all_weights_costs] [DEBUG] See /data/priocomp/logs/gurobi.log for Gurobi log
2017-07-20 16:27:09 [optimize_gurobi_all_weights_costs] [WARNI]  [WARN] 2 solutions found, using the first (best) solution
2017-07-20 16:27:18 [optimize_gurobi_all_weights_costs] [WARNI]  [WARN] Inconsistent raster profiles detected
2017-07-20 16:27:19 [optimize_gurobi_all_weights_costs] [DEBUG]  Writing intermediate output to analyses/ILP/ilp_all_weights_costs/budget_level_0_32.tif
2017-07-20 16:27:19 [optimize_gurobi_all_weights_costs] [INFO ]  [33/100] Optimizing with fraction level 0.33...
2017-07-20 16:27:19 [optimize_gurobi_all_weights_costs] [DEBUG]  [DEBUG] Normalizing cost and rij arrays
2017-07-20 16:27:19 [optimize_gurobi_all_weights_costs] [INFO ]  [INFO] Starting multi-objective optimization
2017-07-20 16:27:19 [optimize_gurobi_all_weights_costs] [DEBUG] See /data/priocomp/logs/gurobi.log for Gurobi log
2017-07-20 16:27:58 [optimize_gurobi_all_weights_costs] [WARNI]  [WARN] 2 solutions found, using the first (best) solution
2017-07-20 16:28:08 [optimize_gurobi_all_weights_costs] [WARNI]  [WARN] Inconsistent raster profiles detected
2017-07-20 16:28:09 [optimize_gurobi_all_weights_costs] [DEBUG]  Writing intermediate output to analyses/ILP/ilp_all_weights_costs/budget_level_0_33.tif
2017-07-20 16:28:09 [optimize_gurobi_all_weights_costs] [INFO ]  [34/100] Optimizing with fraction level 0.34...
2017-07-20 16:28:09 [optimize_gurobi_all_weights_costs] [DEBUG]  [DEBUG] Normalizing cost and rij arrays
2017-07-20 16:28:09 [optimize_gurobi_all_weights_costs] [INFO ]  [INFO] Starting multi-objective optimization
2017-07-20 16:28:09 [optimize_gurobi_all_weights_costs] [DEBUG] See /data/priocomp/logs/gurobi.log for Gurobi log
2017-07-20 16:28:49 [optimize_gurobi_all_weights_costs] [WARNI]  [WARN] 2 solutions found, using the first (best) solution
2017-07-20 16:28:57 [optimize_gurobi_all_weights_costs] [WARNI]  [WARN] Inconsistent raster profiles detected
2017-07-20 16:28:58 [optimize_gurobi_all_weights_costs] [DEBUG]  Writing intermediate output to analyses/ILP/ilp_all_weights_costs/budget_level_0_34.tif
2017-07-20 16:28:58 [optimize_gurobi_all_weights_costs] [INFO ]  [35/100] Optimizing with fraction level 0.35...
2017-07-20 16:28:58 [optimize_gurobi_all_weights_costs] [DEBUG]  [DEBUG] Normalizing cost and rij arrays
2017-07-20 16:28:58 [optimize_gurobi_all_weights_costs] [INFO ]  [INFO] Starting multi-objective optimization
2017-07-20 16:28:58 [optimize_gurobi_all_weights_costs] [DEBUG] See /data/priocomp/logs/gurobi.log for Gurobi log
2017-07-20 16:29:38 [optimize_gurobi_all_weights_costs] [WARNI]  [WARN] 2 solutions found, using the first (best) solution
2017-07-20 16:29:48 [optimize_gurobi_all_weights_costs] [WARNI]  [WARN] Inconsistent raster profiles detected
2017-07-20 16:29:48 [optimize_gurobi_all_weights_costs] [DEBUG]  Writing intermediate output to analyses/ILP/ilp_all_weights_costs/budget_level_0_35.tif
2017-07-20 16:29:49 [optimize_gurobi_all_weights_costs] [INFO ]  [36/100] Optimizing with fraction level 0.36...
2017-07-20 16:29:49 [optimize_gurobi_all_weights_costs] [DEBUG]  [DEBUG] Normalizing cost and rij arrays
2017-07-20 16:29:49 [optimize_gurobi_all_weights_costs] [INFO ]  [INFO] Starting multi-objective optimization
2017-07-20 16:29:49 [optimize_gurobi_all_weights_costs] [DEBUG] See /data/priocomp/logs/gurobi.log for Gurobi log
2017-07-20 16:30:26 [optimize_gurobi_all_weights_costs] [WARNI]  [WARN] 2 solutions found, using the first (best) solution
2017-07-20 16:30:35 [optimize_gurobi_all_weights_costs] [WARNI]  [WARN] Inconsistent raster profiles detected
2017-07-20 16:30:35 [optimize_gurobi_all_weights_costs] [DEBUG]  Writing intermediate output to analyses/ILP/ilp_all_weights_costs/budget_level_0_36.tif
2017-07-20 16:30:36 [optimize_gurobi_all_weights_costs] [INFO ]  [37/100] Optimizing with fraction level 0.37...
2017-07-20 16:30:36 [optimize_gurobi_all_weights_costs] [DEBUG]  [DEBUG] Normalizing cost and rij arrays
2017-07-20 16:30:36 [optimize_gurobi_all_weights_costs] [INFO ]  [INFO] Starting multi-objective optimization
2017-07-20 16:30:36 [optimize_gurobi_all_weights_costs] [DEBUG] See /data/priocomp/logs/gurobi.log for Gurobi log
2017-07-20 16:31:14 [optimize_gurobi_all_weights_costs] [WARNI]  [WARN] 2 solutions found, using the first (best) solution
2017-07-20 16:31:24 [optimize_gurobi_all_weights_costs] [WARNI]  [WARN] Inconsistent raster profiles detected
2017-07-20 16:31:24 [optimize_gurobi_all_weights_costs] [DEBUG]  Writing intermediate output to analyses/ILP/ilp_all_weights_costs/budget_level_0_37.tif
2017-07-20 16:31:25 [optimize_gurobi_all_weights_costs] [INFO ]  [38/100] Optimizing with fraction level 0.38...
2017-07-20 16:31:25 [optimize_gurobi_all_weights_costs] [DEBUG]  [DEBUG] Normalizing cost and rij arrays
2017-07-20 16:31:25 [optimize_gurobi_all_weights_costs] [INFO ]  [INFO] Starting multi-objective optimization
2017-07-20 16:31:25 [optimize_gurobi_all_weights_costs] [DEBUG] See /data/priocomp/logs/gurobi.log for Gurobi log
2017-07-20 16:32:05 [optimize_gurobi_all_weights_costs] [WARNI]  [WARN] 2 solutions found, using the first (best) solution
2017-07-20 16:32:15 [optimize_gurobi_all_weights_costs] [WARNI]  [WARN] Inconsistent raster profiles detected
2017-07-20 16:32:15 [optimize_gurobi_all_weights_costs] [DEBUG]  Writing intermediate output to analyses/ILP/ilp_all_weights_costs/budget_level_0_38.tif
2017-07-20 16:32:16 [optimize_gurobi_all_weights_costs] [INFO ]  [39/100] Optimizing with fraction level 0.39...
2017-07-20 16:32:16 [optimize_gurobi_all_weights_costs] [DEBUG]  [DEBUG] Normalizing cost and rij arrays
2017-07-20 16:32:16 [optimize_gurobi_all_weights_costs] [INFO ]  [INFO] Starting multi-objective optimization
2017-07-20 16:32:16 [optimize_gurobi_all_weights_costs] [DEBUG] See /data/priocomp/logs/gurobi.log for Gurobi log
2017-07-20 16:32:55 [optimize_gurobi_all_weights_costs] [WARNI]  [WARN] 2 solutions found, using the first (best) solution
2017-07-20 16:33:04 [optimize_gurobi_all_weights_costs] [WARNI]  [WARN] Inconsistent raster profiles detected
2017-07-20 16:33:05 [optimize_gurobi_all_weights_costs] [DEBUG]  Writing intermediate output to analyses/ILP/ilp_all_weights_costs/budget_level_0_39.tif
2017-07-20 16:33:05 [optimize_gurobi_all_weights_costs] [INFO ]  [40/100] Optimizing with fraction level 0.4...
2017-07-20 16:33:05 [optimize_gurobi_all_weights_costs] [DEBUG]  [DEBUG] Normalizing cost and rij arrays
2017-07-20 16:33:05 [optimize_gurobi_all_weights_costs] [INFO ]  [INFO] Starting multi-objective optimization
2017-07-20 16:33:05 [optimize_gurobi_all_weights_costs] [DEBUG] See /data/priocomp/logs/gurobi.log for Gurobi log
2017-07-20 16:33:44 [optimize_gurobi_all_weights_costs] [WARNI]  [WARN] 2 solutions found, using the first (best) solution
2017-07-20 16:33:54 [optimize_gurobi_all_weights_costs] [WARNI]  [WARN] Inconsistent raster profiles detected
2017-07-20 16:33:54 [optimize_gurobi_all_weights_costs] [DEBUG]  Writing intermediate output to analyses/ILP/ilp_all_weights_costs/budget_level_0_4.tif
2017-07-20 16:33:55 [optimize_gurobi_all_weights_costs] [INFO ]  [41/100] Optimizing with fraction level 0.41...
2017-07-20 16:33:55 [optimize_gurobi_all_weights_costs] [DEBUG]  [DEBUG] Normalizing cost and rij arrays
2017-07-20 16:33:55 [optimize_gurobi_all_weights_costs] [INFO ]  [INFO] Starting multi-objective optimization
2017-07-20 16:33:55 [optimize_gurobi_all_weights_costs] [DEBUG] See /data/priocomp/logs/gurobi.log for Gurobi log
2017-07-20 16:34:34 [optimize_gurobi_all_weights_costs] [WARNI]  [WARN] 2 solutions found, using the first (best) solution
2017-07-20 16:34:44 [optimize_gurobi_all_weights_costs] [WARNI]  [WARN] Inconsistent raster profiles detected
2017-07-20 16:34:45 [optimize_gurobi_all_weights_costs] [DEBUG]  Writing intermediate output to analyses/ILP/ilp_all_weights_costs/budget_level_0_41.tif
2017-07-20 16:34:45 [optimize_gurobi_all_weights_costs] [INFO ]  [42/100] Optimizing with fraction level 0.42...
2017-07-20 16:34:45 [optimize_gurobi_all_weights_costs] [DEBUG]  [DEBUG] Normalizing cost and rij arrays
2017-07-20 16:34:45 [optimize_gurobi_all_weights_costs] [INFO ]  [INFO] Starting multi-objective optimization
2017-07-20 16:34:45 [optimize_gurobi_all_weights_costs] [DEBUG] See /data/priocomp/logs/gurobi.log for Gurobi log
2017-07-20 16:35:28 [optimize_gurobi_all_weights_costs] [WARNI]  [WARN] 2 solutions found, using the first (best) solution
2017-07-20 16:35:37 [optimize_gurobi_all_weights_costs] [WARNI]  [WARN] Inconsistent raster profiles detected
2017-07-20 16:35:38 [optimize_gurobi_all_weights_costs] [DEBUG]  Writing intermediate output to analyses/ILP/ilp_all_weights_costs/budget_level_0_42.tif
2017-07-20 16:35:38 [optimize_gurobi_all_weights_costs] [INFO ]  [43/100] Optimizing with fraction level 0.43...
2017-07-20 16:35:38 [optimize_gurobi_all_weights_costs] [DEBUG]  [DEBUG] Normalizing cost and rij arrays
2017-07-20 16:35:38 [optimize_gurobi_all_weights_costs] [INFO ]  [INFO] Starting multi-objective optimization
2017-07-20 16:35:38 [optimize_gurobi_all_weights_costs] [DEBUG] See /data/priocomp/logs/gurobi.log for Gurobi log
2017-07-20 16:36:14 [optimize_gurobi_all_weights_costs] [WARNI]  [WARN] 2 solutions found, using the first (best) solution
2017-07-20 16:36:24 [optimize_gurobi_all_weights_costs] [WARNI]  [WARN] Inconsistent raster profiles detected
2017-07-20 16:36:24 [optimize_gurobi_all_weights_costs] [DEBUG]  Writing intermediate output to analyses/ILP/ilp_all_weights_costs/budget_level_0_43.tif
2017-07-20 16:36:25 [optimize_gurobi_all_weights_costs] [INFO ]  [44/100] Optimizing with fraction level 0.44...
2017-07-20 16:36:25 [optimize_gurobi_all_weights_costs] [DEBUG]  [DEBUG] Normalizing cost and rij arrays
2017-07-20 16:36:25 [optimize_gurobi_all_weights_costs] [INFO ]  [INFO] Starting multi-objective optimization
2017-07-20 16:36:25 [optimize_gurobi_all_weights_costs] [DEBUG] See /data/priocomp/logs/gurobi.log for Gurobi log
2017-07-20 16:37:07 [optimize_gurobi_all_weights_costs] [WARNI]  [WARN] 2 solutions found, using the first (best) solution
2017-07-20 16:37:16 [optimize_gurobi_all_weights_costs] [WARNI]  [WARN] Inconsistent raster profiles detected
2017-07-20 16:37:17 [optimize_gurobi_all_weights_costs] [DEBUG]  Writing intermediate output to analyses/ILP/ilp_all_weights_costs/budget_level_0_44.tif
2017-07-20 16:37:17 [optimize_gurobi_all_weights_costs] [INFO ]  [45/100] Optimizing with fraction level 0.45...
2017-07-20 16:37:17 [optimize_gurobi_all_weights_costs] [DEBUG]  [DEBUG] Normalizing cost and rij arrays
2017-07-20 16:37:17 [optimize_gurobi_all_weights_costs] [INFO ]  [INFO] Starting multi-objective optimization
2017-07-20 16:37:17 [optimize_gurobi_all_weights_costs] [DEBUG] See /data/priocomp/logs/gurobi.log for Gurobi log
2017-07-20 16:37:54 [optimize_gurobi_all_weights_costs] [WARNI]  [WARN] 2 solutions found, using the first (best) solution
2017-07-20 16:38:03 [optimize_gurobi_all_weights_costs] [WARNI]  [WARN] Inconsistent raster profiles detected
2017-07-20 16:38:04 [optimize_gurobi_all_weights_costs] [DEBUG]  Writing intermediate output to analyses/ILP/ilp_all_weights_costs/budget_level_0_45.tif
2017-07-20 16:38:04 [optimize_gurobi_all_weights_costs] [INFO ]  [46/100] Optimizing with fraction level 0.46...
2017-07-20 16:38:04 [optimize_gurobi_all_weights_costs] [DEBUG]  [DEBUG] Normalizing cost and rij arrays
2017-07-20 16:38:04 [optimize_gurobi_all_weights_costs] [INFO ]  [INFO] Starting multi-objective optimization
2017-07-20 16:38:04 [optimize_gurobi_all_weights_costs] [DEBUG] See /data/priocomp/logs/gurobi.log for Gurobi log
2017-07-20 16:38:41 [optimize_gurobi_all_weights_costs] [WARNI]  [WARN] 2 solutions found, using the first (best) solution
2017-07-20 16:38:50 [optimize_gurobi_all_weights_costs] [WARNI]  [WARN] Inconsistent raster profiles detected
2017-07-20 16:38:51 [optimize_gurobi_all_weights_costs] [DEBUG]  Writing intermediate output to analyses/ILP/ilp_all_weights_costs/budget_level_0_46.tif
2017-07-20 16:38:51 [optimize_gurobi_all_weights_costs] [INFO ]  [47/100] Optimizing with fraction level 0.47...
2017-07-20 16:38:51 [optimize_gurobi_all_weights_costs] [DEBUG]  [DEBUG] Normalizing cost and rij arrays
2017-07-20 16:38:51 [optimize_gurobi_all_weights_costs] [INFO ]  [INFO] Starting multi-objective optimization
2017-07-20 16:38:51 [optimize_gurobi_all_weights_costs] [DEBUG] See /data/priocomp/logs/gurobi.log for Gurobi log
2017-07-20 16:39:30 [optimize_gurobi_all_weights_costs] [WARNI]  [WARN] 2 solutions found, using the first (best) solution
2017-07-20 16:39:40 [optimize_gurobi_all_weights_costs] [WARNI]  [WARN] Inconsistent raster profiles detected
2017-07-20 16:39:40 [optimize_gurobi_all_weights_costs] [DEBUG]  Writing intermediate output to analyses/ILP/ilp_all_weights_costs/budget_level_0_47.tif
2017-07-20 16:39:41 [optimize_gurobi_all_weights_costs] [INFO ]  [48/100] Optimizing with fraction level 0.48...
2017-07-20 16:39:41 [optimize_gurobi_all_weights_costs] [DEBUG]  [DEBUG] Normalizing cost and rij arrays
2017-07-20 16:39:41 [optimize_gurobi_all_weights_costs] [INFO ]  [INFO] Starting multi-objective optimization
2017-07-20 16:39:41 [optimize_gurobi_all_weights_costs] [DEBUG] See /data/priocomp/logs/gurobi.log for Gurobi log
2017-07-20 16:40:17 [optimize_gurobi_all_weights_costs] [WARNI]  [WARN] 2 solutions found, using the first (best) solution
2017-07-20 16:40:27 [optimize_gurobi_all_weights_costs] [WARNI]  [WARN] Inconsistent raster profiles detected
2017-07-20 16:40:27 [optimize_gurobi_all_weights_costs] [DEBUG]  Writing intermediate output to analyses/ILP/ilp_all_weights_costs/budget_level_0_48.tif
2017-07-20 16:40:28 [optimize_gurobi_all_weights_costs] [INFO ]  [49/100] Optimizing with fraction level 0.49...
2017-07-20 16:40:28 [optimize_gurobi_all_weights_costs] [DEBUG]  [DEBUG] Normalizing cost and rij arrays
2017-07-20 16:40:28 [optimize_gurobi_all_weights_costs] [INFO ]  [INFO] Starting multi-objective optimization
2017-07-20 16:40:28 [optimize_gurobi_all_weights_costs] [DEBUG] See /data/priocomp/logs/gurobi.log for Gurobi log
2017-07-20 16:41:09 [optimize_gurobi_all_weights_costs] [WARNI]  [WARN] 2 solutions found, using the first (best) solution
2017-07-20 16:41:17 [optimize_gurobi_all_weights_costs] [WARNI]  [WARN] Inconsistent raster profiles detected
2017-07-20 16:41:18 [optimize_gurobi_all_weights_costs] [DEBUG]  Writing intermediate output to analyses/ILP/ilp_all_weights_costs/budget_level_0_49.tif
2017-07-20 16:41:18 [optimize_gurobi_all_weights_costs] [INFO ]  [50/100] Optimizing with fraction level 0.5...
2017-07-20 16:41:18 [optimize_gurobi_all_weights_costs] [DEBUG]  [DEBUG] Normalizing cost and rij arrays
2017-07-20 16:41:18 [optimize_gurobi_all_weights_costs] [INFO ]  [INFO] Starting multi-objective optimization
2017-07-20 16:41:18 [optimize_gurobi_all_weights_costs] [DEBUG] See /data/priocomp/logs/gurobi.log for Gurobi log
2017-07-20 16:41:57 [optimize_gurobi_all_weights_costs] [WARNI]  [WARN] 2 solutions found, using the first (best) solution
2017-07-20 16:42:05 [optimize_gurobi_all_weights_costs] [WARNI]  [WARN] Inconsistent raster profiles detected
2017-07-20 16:42:05 [optimize_gurobi_all_weights_costs] [DEBUG]  Writing intermediate output to analyses/ILP/ilp_all_weights_costs/budget_level_0_5.tif
2017-07-20 16:42:06 [optimize_gurobi_all_weights_costs] [INFO ]  [51/100] Optimizing with fraction level 0.51...
2017-07-20 16:42:06 [optimize_gurobi_all_weights_costs] [DEBUG]  [DEBUG] Normalizing cost and rij arrays
2017-07-20 16:42:06 [optimize_gurobi_all_weights_costs] [INFO ]  [INFO] Starting multi-objective optimization
2017-07-20 16:42:06 [optimize_gurobi_all_weights_costs] [DEBUG] See /data/priocomp/logs/gurobi.log for Gurobi log
2017-07-20 16:42:44 [optimize_gurobi_all_weights_costs] [WARNI]  [WARN] 2 solutions found, using the first (best) solution
2017-07-20 16:42:53 [optimize_gurobi_all_weights_costs] [WARNI]  [WARN] Inconsistent raster profiles detected
2017-07-20 16:42:53 [optimize_gurobi_all_weights_costs] [DEBUG]  Writing intermediate output to analyses/ILP/ilp_all_weights_costs/budget_level_0_51.tif
2017-07-20 16:42:54 [optimize_gurobi_all_weights_costs] [INFO ]  [52/100] Optimizing with fraction level 0.52...
2017-07-20 16:42:54 [optimize_gurobi_all_weights_costs] [DEBUG]  [DEBUG] Normalizing cost and rij arrays
2017-07-20 16:42:54 [optimize_gurobi_all_weights_costs] [INFO ]  [INFO] Starting multi-objective optimization
2017-07-20 16:42:54 [optimize_gurobi_all_weights_costs] [DEBUG] See /data/priocomp/logs/gurobi.log for Gurobi log
2017-07-20 16:43:35 [optimize_gurobi_all_weights_costs] [WARNI]  [WARN] 2 solutions found, using the first (best) solution
2017-07-20 16:43:45 [optimize_gurobi_all_weights_costs] [WARNI]  [WARN] Inconsistent raster profiles detected
2017-07-20 16:43:45 [optimize_gurobi_all_weights_costs] [DEBUG]  Writing intermediate output to analyses/ILP/ilp_all_weights_costs/budget_level_0_52.tif
2017-07-20 16:43:46 [optimize_gurobi_all_weights_costs] [INFO ]  [53/100] Optimizing with fraction level 0.53...
2017-07-20 16:43:46 [optimize_gurobi_all_weights_costs] [DEBUG]  [DEBUG] Normalizing cost and rij arrays
2017-07-20 16:43:46 [optimize_gurobi_all_weights_costs] [INFO ]  [INFO] Starting multi-objective optimization
2017-07-20 16:43:46 [optimize_gurobi_all_weights_costs] [DEBUG] See /data/priocomp/logs/gurobi.log for Gurobi log
2017-07-20 16:44:27 [optimize_gurobi_all_weights_costs] [WARNI]  [WARN] 2 solutions found, using the first (best) solution
2017-07-20 16:44:36 [optimize_gurobi_all_weights_costs] [WARNI]  [WARN] Inconsistent raster profiles detected
2017-07-20 16:44:37 [optimize_gurobi_all_weights_costs] [DEBUG]  Writing intermediate output to analyses/ILP/ilp_all_weights_costs/budget_level_0_53.tif
2017-07-20 16:44:37 [optimize_gurobi_all_weights_costs] [INFO ]  [54/100] Optimizing with fraction level 0.54...
2017-07-20 16:44:37 [optimize_gurobi_all_weights_costs] [DEBUG]  [DEBUG] Normalizing cost and rij arrays
2017-07-20 16:44:37 [optimize_gurobi_all_weights_costs] [INFO ]  [INFO] Starting multi-objective optimization
2017-07-20 16:44:37 [optimize_gurobi_all_weights_costs] [DEBUG] See /data/priocomp/logs/gurobi.log for Gurobi log
2017-07-20 16:45:18 [optimize_gurobi_all_weights_costs] [WARNI]  [WARN] 2 solutions found, using the first (best) solution
2017-07-20 16:45:26 [optimize_gurobi_all_weights_costs] [WARNI]  [WARN] Inconsistent raster profiles detected
2017-07-20 16:45:27 [optimize_gurobi_all_weights_costs] [DEBUG]  Writing intermediate output to analyses/ILP/ilp_all_weights_costs/budget_level_0_54.tif
2017-07-20 16:45:27 [optimize_gurobi_all_weights_costs] [INFO ]  [55/100] Optimizing with fraction level 0.55...
2017-07-20 16:45:27 [optimize_gurobi_all_weights_costs] [DEBUG]  [DEBUG] Normalizing cost and rij arrays
2017-07-20 16:45:27 [optimize_gurobi_all_weights_costs] [INFO ]  [INFO] Starting multi-objective optimization
2017-07-20 16:45:27 [optimize_gurobi_all_weights_costs] [DEBUG] See /data/priocomp/logs/gurobi.log for Gurobi log
2017-07-20 16:46:06 [optimize_gurobi_all_weights_costs] [WARNI]  [WARN] 2 solutions found, using the first (best) solution
2017-07-20 16:46:15 [optimize_gurobi_all_weights_costs] [WARNI]  [WARN] Inconsistent raster profiles detected
2017-07-20 16:46:16 [optimize_gurobi_all_weights_costs] [DEBUG]  Writing intermediate output to analyses/ILP/ilp_all_weights_costs/budget_level_0_55.tif
2017-07-20 16:46:16 [optimize_gurobi_all_weights_costs] [INFO ]  [56/100] Optimizing with fraction level 0.56...
2017-07-20 16:46:16 [optimize_gurobi_all_weights_costs] [DEBUG]  [DEBUG] Normalizing cost and rij arrays
2017-07-20 16:46:16 [optimize_gurobi_all_weights_costs] [INFO ]  [INFO] Starting multi-objective optimization
2017-07-20 16:46:16 [optimize_gurobi_all_weights_costs] [DEBUG] See /data/priocomp/logs/gurobi.log for Gurobi log
2017-07-20 16:46:55 [optimize_gurobi_all_weights_costs] [WARNI]  [WARN] 2 solutions found, using the first (best) solution
2017-07-20 16:47:05 [optimize_gurobi_all_weights_costs] [WARNI]  [WARN] Inconsistent raster profiles detected
2017-07-20 16:47:05 [optimize_gurobi_all_weights_costs] [DEBUG]  Writing intermediate output to analyses/ILP/ilp_all_weights_costs/budget_level_0_56.tif
2017-07-20 16:47:05 [optimize_gurobi_all_weights_costs] [INFO ]  [57/100] Optimizing with fraction level 0.57...
2017-07-20 16:47:06 [optimize_gurobi_all_weights_costs] [DEBUG]  [DEBUG] Normalizing cost and rij arrays
2017-07-20 16:47:06 [optimize_gurobi_all_weights_costs] [INFO ]  [INFO] Starting multi-objective optimization
2017-07-20 16:47:06 [optimize_gurobi_all_weights_costs] [DEBUG] See /data/priocomp/logs/gurobi.log for Gurobi log
2017-07-20 16:47:45 [optimize_gurobi_all_weights_costs] [WARNI]  [WARN] 2 solutions found, using the first (best) solution
2017-07-20 16:47:55 [optimize_gurobi_all_weights_costs] [WARNI]  [WARN] Inconsistent raster profiles detected
2017-07-20 16:47:55 [optimize_gurobi_all_weights_costs] [DEBUG]  Writing intermediate output to analyses/ILP/ilp_all_weights_costs/budget_level_0_57.tif
2017-07-20 16:47:56 [optimize_gurobi_all_weights_costs] [INFO ]  [58/100] Optimizing with fraction level 0.58...
2017-07-20 16:47:56 [optimize_gurobi_all_weights_costs] [DEBUG]  [DEBUG] Normalizing cost and rij arrays
2017-07-20 16:47:56 [optimize_gurobi_all_weights_costs] [INFO ]  [INFO] Starting multi-objective optimization
2017-07-20 16:47:56 [optimize_gurobi_all_weights_costs] [DEBUG] See /data/priocomp/logs/gurobi.log for Gurobi log
2017-07-20 16:48:35 [optimize_gurobi_all_weights_costs] [WARNI]  [WARN] 2 solutions found, using the first (best) solution
2017-07-20 16:48:44 [optimize_gurobi_all_weights_costs] [WARNI]  [WARN] Inconsistent raster profiles detected
2017-07-20 16:48:45 [optimize_gurobi_all_weights_costs] [DEBUG]  Writing intermediate output to analyses/ILP/ilp_all_weights_costs/budget_level_0_58.tif
2017-07-20 16:48:45 [optimize_gurobi_all_weights_costs] [INFO ]  [59/100] Optimizing with fraction level 0.59...
2017-07-20 16:48:45 [optimize_gurobi_all_weights_costs] [DEBUG]  [DEBUG] Normalizing cost and rij arrays
2017-07-20 16:48:45 [optimize_gurobi_all_weights_costs] [INFO ]  [INFO] Starting multi-objective optimization
2017-07-20 16:48:45 [optimize_gurobi_all_weights_costs] [DEBUG] See /data/priocomp/logs/gurobi.log for Gurobi log
2017-07-20 16:49:24 [optimize_gurobi_all_weights_costs] [WARNI]  [WARN] 2 solutions found, using the first (best) solution
2017-07-20 16:49:33 [optimize_gurobi_all_weights_costs] [WARNI]  [WARN] Inconsistent raster profiles detected
2017-07-20 16:49:33 [optimize_gurobi_all_weights_costs] [DEBUG]  Writing intermediate output to analyses/ILP/ilp_all_weights_costs/budget_level_0_59.tif
2017-07-20 16:49:34 [optimize_gurobi_all_weights_costs] [INFO ]  [60/100] Optimizing with fraction level 0.6...
2017-07-20 16:49:34 [optimize_gurobi_all_weights_costs] [DEBUG]  [DEBUG] Normalizing cost and rij arrays
2017-07-20 16:49:34 [optimize_gurobi_all_weights_costs] [INFO ]  [INFO] Starting multi-objective optimization
2017-07-20 16:49:34 [optimize_gurobi_all_weights_costs] [DEBUG] See /data/priocomp/logs/gurobi.log for Gurobi log
2017-07-20 16:50:12 [optimize_gurobi_all_weights_costs] [WARNI]  [WARN] 2 solutions found, using the first (best) solution
2017-07-20 16:50:21 [optimize_gurobi_all_weights_costs] [WARNI]  [WARN] Inconsistent raster profiles detected
2017-07-20 16:50:22 [optimize_gurobi_all_weights_costs] [DEBUG]  Writing intermediate output to analyses/ILP/ilp_all_weights_costs/budget_level_0_6.tif
2017-07-20 16:50:22 [optimize_gurobi_all_weights_costs] [INFO ]  [61/100] Optimizing with fraction level 0.61...
2017-07-20 16:50:23 [optimize_gurobi_all_weights_costs] [DEBUG]  [DEBUG] Normalizing cost and rij arrays
2017-07-20 16:50:23 [optimize_gurobi_all_weights_costs] [INFO ]  [INFO] Starting multi-objective optimization
2017-07-20 16:50:23 [optimize_gurobi_all_weights_costs] [DEBUG] See /data/priocomp/logs/gurobi.log for Gurobi log
2017-07-20 16:50:59 [optimize_gurobi_all_weights_costs] [WARNI]  [WARN] 2 solutions found, using the first (best) solution
2017-07-20 16:51:07 [optimize_gurobi_all_weights_costs] [WARNI]  [WARN] Inconsistent raster profiles detected
2017-07-20 16:51:07 [optimize_gurobi_all_weights_costs] [DEBUG]  Writing intermediate output to analyses/ILP/ilp_all_weights_costs/budget_level_0_61.tif
2017-07-20 16:51:08 [optimize_gurobi_all_weights_costs] [INFO ]  [62/100] Optimizing with fraction level 0.62...
2017-07-20 16:51:08 [optimize_gurobi_all_weights_costs] [DEBUG]  [DEBUG] Normalizing cost and rij arrays
2017-07-20 16:51:08 [optimize_gurobi_all_weights_costs] [INFO ]  [INFO] Starting multi-objective optimization
2017-07-20 16:51:08 [optimize_gurobi_all_weights_costs] [DEBUG] See /data/priocomp/logs/gurobi.log for Gurobi log
2017-07-20 16:51:47 [optimize_gurobi_all_weights_costs] [WARNI]  [WARN] 2 solutions found, using the first (best) solution
2017-07-20 16:51:57 [optimize_gurobi_all_weights_costs] [WARNI]  [WARN] Inconsistent raster profiles detected
2017-07-20 16:51:57 [optimize_gurobi_all_weights_costs] [DEBUG]  Writing intermediate output to analyses/ILP/ilp_all_weights_costs/budget_level_0_62.tif
2017-07-20 16:51:58 [optimize_gurobi_all_weights_costs] [INFO ]  [63/100] Optimizing with fraction level 0.63...
2017-07-20 16:51:58 [optimize_gurobi_all_weights_costs] [DEBUG]  [DEBUG] Normalizing cost and rij arrays
2017-07-20 16:51:58 [optimize_gurobi_all_weights_costs] [INFO ]  [INFO] Starting multi-objective optimization
2017-07-20 16:51:58 [optimize_gurobi_all_weights_costs] [DEBUG] See /data/priocomp/logs/gurobi.log for Gurobi log
2017-07-20 16:52:37 [optimize_gurobi_all_weights_costs] [WARNI]  [WARN] 2 solutions found, using the first (best) solution
2017-07-20 16:52:46 [optimize_gurobi_all_weights_costs] [WARNI]  [WARN] Inconsistent raster profiles detected
2017-07-20 16:52:47 [optimize_gurobi_all_weights_costs] [DEBUG]  Writing intermediate output to analyses/ILP/ilp_all_weights_costs/budget_level_0_63.tif
2017-07-20 16:52:47 [optimize_gurobi_all_weights_costs] [INFO ]  [64/100] Optimizing with fraction level 0.64...
2017-07-20 16:52:47 [optimize_gurobi_all_weights_costs] [DEBUG]  [DEBUG] Normalizing cost and rij arrays
2017-07-20 16:52:47 [optimize_gurobi_all_weights_costs] [INFO ]  [INFO] Starting multi-objective optimization
2017-07-20 16:52:47 [optimize_gurobi_all_weights_costs] [DEBUG] See /data/priocomp/logs/gurobi.log for Gurobi log
2017-07-20 16:53:26 [optimize_gurobi_all_weights_costs] [WARNI]  [WARN] 2 solutions found, using the first (best) solution
2017-07-20 16:53:36 [optimize_gurobi_all_weights_costs] [WARNI]  [WARN] Inconsistent raster profiles detected
2017-07-20 16:53:37 [optimize_gurobi_all_weights_costs] [DEBUG]  Writing intermediate output to analyses/ILP/ilp_all_weights_costs/budget_level_0_64.tif
2017-07-20 16:53:37 [optimize_gurobi_all_weights_costs] [INFO ]  [65/100] Optimizing with fraction level 0.65...
2017-07-20 16:53:37 [optimize_gurobi_all_weights_costs] [DEBUG]  [DEBUG] Normalizing cost and rij arrays
2017-07-20 16:53:37 [optimize_gurobi_all_weights_costs] [INFO ]  [INFO] Starting multi-objective optimization
2017-07-20 16:53:37 [optimize_gurobi_all_weights_costs] [DEBUG] See /data/priocomp/logs/gurobi.log for Gurobi log
2017-07-20 16:54:17 [optimize_gurobi_all_weights_costs] [WARNI]  [WARN] 2 solutions found, using the first (best) solution
2017-07-20 16:54:26 [optimize_gurobi_all_weights_costs] [WARNI]  [WARN] Inconsistent raster profiles detected
2017-07-20 16:54:27 [optimize_gurobi_all_weights_costs] [DEBUG]  Writing intermediate output to analyses/ILP/ilp_all_weights_costs/budget_level_0_65.tif
2017-07-20 16:54:27 [optimize_gurobi_all_weights_costs] [INFO ]  [66/100] Optimizing with fraction level 0.66...
2017-07-20 16:54:27 [optimize_gurobi_all_weights_costs] [DEBUG]  [DEBUG] Normalizing cost and rij arrays
2017-07-20 16:54:27 [optimize_gurobi_all_weights_costs] [INFO ]  [INFO] Starting multi-objective optimization
2017-07-20 16:54:27 [optimize_gurobi_all_weights_costs] [DEBUG] See /data/priocomp/logs/gurobi.log for Gurobi log
2017-07-20 16:55:06 [optimize_gurobi_all_weights_costs] [WARNI]  [WARN] 2 solutions found, using the first (best) solution
2017-07-20 16:55:15 [optimize_gurobi_all_weights_costs] [WARNI]  [WARN] Inconsistent raster profiles detected
2017-07-20 16:55:15 [optimize_gurobi_all_weights_costs] [DEBUG]  Writing intermediate output to analyses/ILP/ilp_all_weights_costs/budget_level_0_66.tif
2017-07-20 16:55:16 [optimize_gurobi_all_weights_costs] [INFO ]  [67/100] Optimizing with fraction level 0.67...
2017-07-20 16:55:16 [optimize_gurobi_all_weights_costs] [DEBUG]  [DEBUG] Normalizing cost and rij arrays
2017-07-20 16:55:16 [optimize_gurobi_all_weights_costs] [INFO ]  [INFO] Starting multi-objective optimization
2017-07-20 16:55:16 [optimize_gurobi_all_weights_costs] [DEBUG] See /data/priocomp/logs/gurobi.log for Gurobi log
2017-07-20 16:55:56 [optimize_gurobi_all_weights_costs] [WARNI]  [WARN] 2 solutions found, using the first (best) solution
2017-07-20 16:56:05 [optimize_gurobi_all_weights_costs] [WARNI]  [WARN] Inconsistent raster profiles detected
2017-07-20 16:56:06 [optimize_gurobi_all_weights_costs] [DEBUG]  Writing intermediate output to analyses/ILP/ilp_all_weights_costs/budget_level_0_67.tif
2017-07-20 16:56:06 [optimize_gurobi_all_weights_costs] [INFO ]  [68/100] Optimizing with fraction level 0.68...
2017-07-20 16:56:06 [optimize_gurobi_all_weights_costs] [DEBUG]  [DEBUG] Normalizing cost and rij arrays
2017-07-20 16:56:06 [optimize_gurobi_all_weights_costs] [INFO ]  [INFO] Starting multi-objective optimization
2017-07-20 16:56:06 [optimize_gurobi_all_weights_costs] [DEBUG] See /data/priocomp/logs/gurobi.log for Gurobi log
2017-07-20 16:56:49 [optimize_gurobi_all_weights_costs] [WARNI]  [WARN] 2 solutions found, using the first (best) solution
2017-07-20 16:56:58 [optimize_gurobi_all_weights_costs] [WARNI]  [WARN] Inconsistent raster profiles detected
2017-07-20 16:56:59 [optimize_gurobi_all_weights_costs] [DEBUG]  Writing intermediate output to analyses/ILP/ilp_all_weights_costs/budget_level_0_68.tif
2017-07-20 16:56:59 [optimize_gurobi_all_weights_costs] [INFO ]  [69/100] Optimizing with fraction level 0.69...
2017-07-20 16:56:59 [optimize_gurobi_all_weights_costs] [DEBUG]  [DEBUG] Normalizing cost and rij arrays
2017-07-20 16:56:59 [optimize_gurobi_all_weights_costs] [INFO ]  [INFO] Starting multi-objective optimization
2017-07-20 16:56:59 [optimize_gurobi_all_weights_costs] [DEBUG] See /data/priocomp/logs/gurobi.log for Gurobi log
2017-07-20 16:57:39 [optimize_gurobi_all_weights_costs] [WARNI]  [WARN] 2 solutions found, using the first (best) solution
2017-07-20 16:57:48 [optimize_gurobi_all_weights_costs] [WARNI]  [WARN] Inconsistent raster profiles detected
2017-07-20 16:57:48 [optimize_gurobi_all_weights_costs] [DEBUG]  Writing intermediate output to analyses/ILP/ilp_all_weights_costs/budget_level_0_69.tif
2017-07-20 16:57:49 [optimize_gurobi_all_weights_costs] [INFO ]  [70/100] Optimizing with fraction level 0.7...
2017-07-20 16:57:49 [optimize_gurobi_all_weights_costs] [DEBUG]  [DEBUG] Normalizing cost and rij arrays
2017-07-20 16:57:49 [optimize_gurobi_all_weights_costs] [INFO ]  [INFO] Starting multi-objective optimization
2017-07-20 16:57:49 [optimize_gurobi_all_weights_costs] [DEBUG] See /data/priocomp/logs/gurobi.log for Gurobi log
2017-07-20 16:58:29 [optimize_gurobi_all_weights_costs] [WARNI]  [WARN] 2 solutions found, using the first (best) solution
2017-07-20 16:58:38 [optimize_gurobi_all_weights_costs] [WARNI]  [WARN] Inconsistent raster profiles detected
2017-07-20 16:58:39 [optimize_gurobi_all_weights_costs] [DEBUG]  Writing intermediate output to analyses/ILP/ilp_all_weights_costs/budget_level_0_7.tif
2017-07-20 16:58:39 [optimize_gurobi_all_weights_costs] [INFO ]  [71/100] Optimizing with fraction level 0.71...
2017-07-20 16:58:39 [optimize_gurobi_all_weights_costs] [DEBUG]  [DEBUG] Normalizing cost and rij arrays
2017-07-20 16:58:39 [optimize_gurobi_all_weights_costs] [INFO ]  [INFO] Starting multi-objective optimization
2017-07-20 16:58:39 [optimize_gurobi_all_weights_costs] [DEBUG] See /data/priocomp/logs/gurobi.log for Gurobi log
2017-07-20 16:59:20 [optimize_gurobi_all_weights_costs] [WARNI]  [WARN] 2 solutions found, using the first (best) solution
2017-07-20 16:59:28 [optimize_gurobi_all_weights_costs] [WARNI]  [WARN] Inconsistent raster profiles detected
2017-07-20 16:59:29 [optimize_gurobi_all_weights_costs] [DEBUG]  Writing intermediate output to analyses/ILP/ilp_all_weights_costs/budget_level_0_71.tif
2017-07-20 16:59:29 [optimize_gurobi_all_weights_costs] [INFO ]  [72/100] Optimizing with fraction level 0.72...
2017-07-20 16:59:29 [optimize_gurobi_all_weights_costs] [DEBUG]  [DEBUG] Normalizing cost and rij arrays
2017-07-20 16:59:29 [optimize_gurobi_all_weights_costs] [INFO ]  [INFO] Starting multi-objective optimization
2017-07-20 16:59:29 [optimize_gurobi_all_weights_costs] [DEBUG] See /data/priocomp/logs/gurobi.log for Gurobi log
2017-07-20 17:00:11 [optimize_gurobi_all_weights_costs] [WARNI]  [WARN] 2 solutions found, using the first (best) solution
2017-07-20 17:00:20 [optimize_gurobi_all_weights_costs] [WARNI]  [WARN] Inconsistent raster profiles detected
2017-07-20 17:00:21 [optimize_gurobi_all_weights_costs] [DEBUG]  Writing intermediate output to analyses/ILP/ilp_all_weights_costs/budget_level_0_72.tif
2017-07-20 17:00:21 [optimize_gurobi_all_weights_costs] [INFO ]  [73/100] Optimizing with fraction level 0.73...
2017-07-20 17:00:21 [optimize_gurobi_all_weights_costs] [DEBUG]  [DEBUG] Normalizing cost and rij arrays
2017-07-20 17:00:21 [optimize_gurobi_all_weights_costs] [INFO ]  [INFO] Starting multi-objective optimization
2017-07-20 17:00:21 [optimize_gurobi_all_weights_costs] [DEBUG] See /data/priocomp/logs/gurobi.log for Gurobi log
2017-07-20 17:01:02 [optimize_gurobi_all_weights_costs] [WARNI]  [WARN] 2 solutions found, using the first (best) solution
2017-07-20 17:01:11 [optimize_gurobi_all_weights_costs] [WARNI]  [WARN] Inconsistent raster profiles detected
2017-07-20 17:01:11 [optimize_gurobi_all_weights_costs] [DEBUG]  Writing intermediate output to analyses/ILP/ilp_all_weights_costs/budget_level_0_73.tif
2017-07-20 17:01:12 [optimize_gurobi_all_weights_costs] [INFO ]  [74/100] Optimizing with fraction level 0.74...
2017-07-20 17:01:12 [optimize_gurobi_all_weights_costs] [DEBUG]  [DEBUG] Normalizing cost and rij arrays
2017-07-20 17:01:12 [optimize_gurobi_all_weights_costs] [INFO ]  [INFO] Starting multi-objective optimization
2017-07-20 17:01:12 [optimize_gurobi_all_weights_costs] [DEBUG] See /data/priocomp/logs/gurobi.log for Gurobi log
2017-07-20 17:01:53 [optimize_gurobi_all_weights_costs] [WARNI]  [WARN] 2 solutions found, using the first (best) solution
2017-07-20 17:02:03 [optimize_gurobi_all_weights_costs] [WARNI]  [WARN] Inconsistent raster profiles detected
2017-07-20 17:02:03 [optimize_gurobi_all_weights_costs] [DEBUG]  Writing intermediate output to analyses/ILP/ilp_all_weights_costs/budget_level_0_74.tif
2017-07-20 17:02:04 [optimize_gurobi_all_weights_costs] [INFO ]  [75/100] Optimizing with fraction level 0.75...
2017-07-20 17:02:04 [optimize_gurobi_all_weights_costs] [DEBUG]  [DEBUG] Normalizing cost and rij arrays
2017-07-20 17:02:04 [optimize_gurobi_all_weights_costs] [INFO ]  [INFO] Starting multi-objective optimization
2017-07-20 17:02:04 [optimize_gurobi_all_weights_costs] [DEBUG] See /data/priocomp/logs/gurobi.log for Gurobi log
2017-07-20 17:02:44 [optimize_gurobi_all_weights_costs] [WARNI]  [WARN] 2 solutions found, using the first (best) solution
2017-07-20 17:02:53 [optimize_gurobi_all_weights_costs] [WARNI]  [WARN] Inconsistent raster profiles detected
2017-07-20 17:02:53 [optimize_gurobi_all_weights_costs] [DEBUG]  Writing intermediate output to analyses/ILP/ilp_all_weights_costs/budget_level_0_75.tif
2017-07-20 17:02:54 [optimize_gurobi_all_weights_costs] [INFO ]  [76/100] Optimizing with fraction level 0.76...
2017-07-20 17:02:54 [optimize_gurobi_all_weights_costs] [DEBUG]  [DEBUG] Normalizing cost and rij arrays
2017-07-20 17:02:54 [optimize_gurobi_all_weights_costs] [INFO ]  [INFO] Starting multi-objective optimization
2017-07-20 17:02:54 [optimize_gurobi_all_weights_costs] [DEBUG] See /data/priocomp/logs/gurobi.log for Gurobi log
2017-07-20 17:03:35 [optimize_gurobi_all_weights_costs] [WARNI]  [WARN] 2 solutions found, using the first (best) solution
2017-07-20 17:03:44 [optimize_gurobi_all_weights_costs] [WARNI]  [WARN] Inconsistent raster profiles detected
2017-07-20 17:03:45 [optimize_gurobi_all_weights_costs] [DEBUG]  Writing intermediate output to analyses/ILP/ilp_all_weights_costs/budget_level_0_76.tif
2017-07-20 17:03:45 [optimize_gurobi_all_weights_costs] [INFO ]  [77/100] Optimizing with fraction level 0.77...
2017-07-20 17:03:45 [optimize_gurobi_all_weights_costs] [DEBUG]  [DEBUG] Normalizing cost and rij arrays
2017-07-20 17:03:45 [optimize_gurobi_all_weights_costs] [INFO ]  [INFO] Starting multi-objective optimization
2017-07-20 17:03:45 [optimize_gurobi_all_weights_costs] [DEBUG] See /data/priocomp/logs/gurobi.log for Gurobi log
2017-07-20 17:04:24 [optimize_gurobi_all_weights_costs] [WARNI]  [WARN] 2 solutions found, using the first (best) solution
2017-07-20 17:04:34 [optimize_gurobi_all_weights_costs] [WARNI]  [WARN] Inconsistent raster profiles detected
2017-07-20 17:04:34 [optimize_gurobi_all_weights_costs] [DEBUG]  Writing intermediate output to analyses/ILP/ilp_all_weights_costs/budget_level_0_77.tif
2017-07-20 17:04:35 [optimize_gurobi_all_weights_costs] [INFO ]  [78/100] Optimizing with fraction level 0.78...
2017-07-20 17:04:35 [optimize_gurobi_all_weights_costs] [DEBUG]  [DEBUG] Normalizing cost and rij arrays
2017-07-20 17:04:35 [optimize_gurobi_all_weights_costs] [INFO ]  [INFO] Starting multi-objective optimization
2017-07-20 17:04:35 [optimize_gurobi_all_weights_costs] [DEBUG] See /data/priocomp/logs/gurobi.log for Gurobi log
2017-07-20 17:05:16 [optimize_gurobi_all_weights_costs] [WARNI]  [WARN] 2 solutions found, using the first (best) solution
2017-07-20 17:05:25 [optimize_gurobi_all_weights_costs] [WARNI]  [WARN] Inconsistent raster profiles detected
2017-07-20 17:05:25 [optimize_gurobi_all_weights_costs] [DEBUG]  Writing intermediate output to analyses/ILP/ilp_all_weights_costs/budget_level_0_78.tif
2017-07-20 17:05:25 [optimize_gurobi_all_weights_costs] [INFO ]  [79/100] Optimizing with fraction level 0.79...
2017-07-20 17:05:25 [optimize_gurobi_all_weights_costs] [DEBUG]  [DEBUG] Normalizing cost and rij arrays
2017-07-20 17:05:25 [optimize_gurobi_all_weights_costs] [INFO ]  [INFO] Starting multi-objective optimization
2017-07-20 17:05:25 [optimize_gurobi_all_weights_costs] [DEBUG] See /data/priocomp/logs/gurobi.log for Gurobi log
2017-07-20 17:06:03 [optimize_gurobi_all_weights_costs] [WARNI]  [WARN] 2 solutions found, using the first (best) solution
2017-07-20 17:06:12 [optimize_gurobi_all_weights_costs] [WARNI]  [WARN] Inconsistent raster profiles detected
2017-07-20 17:06:12 [optimize_gurobi_all_weights_costs] [DEBUG]  Writing intermediate output to analyses/ILP/ilp_all_weights_costs/budget_level_0_79.tif
2017-07-20 17:06:13 [optimize_gurobi_all_weights_costs] [INFO ]  [80/100] Optimizing with fraction level 0.8...
2017-07-20 17:06:13 [optimize_gurobi_all_weights_costs] [DEBUG]  [DEBUG] Normalizing cost and rij arrays
2017-07-20 17:06:13 [optimize_gurobi_all_weights_costs] [INFO ]  [INFO] Starting multi-objective optimization
2017-07-20 17:06:13 [optimize_gurobi_all_weights_costs] [DEBUG] See /data/priocomp/logs/gurobi.log for Gurobi log
2017-07-20 17:06:53 [optimize_gurobi_all_weights_costs] [WARNI]  [WARN] 2 solutions found, using the first (best) solution
2017-07-20 17:07:01 [optimize_gurobi_all_weights_costs] [WARNI]  [WARN] Inconsistent raster profiles detected
2017-07-20 17:07:02 [optimize_gurobi_all_weights_costs] [DEBUG]  Writing intermediate output to analyses/ILP/ilp_all_weights_costs/budget_level_0_8.tif
2017-07-20 17:07:02 [optimize_gurobi_all_weights_costs] [INFO ]  [81/100] Optimizing with fraction level 0.81...
2017-07-20 17:07:02 [optimize_gurobi_all_weights_costs] [DEBUG]  [DEBUG] Normalizing cost and rij arrays
2017-07-20 17:07:02 [optimize_gurobi_all_weights_costs] [INFO ]  [INFO] Starting multi-objective optimization
2017-07-20 17:07:02 [optimize_gurobi_all_weights_costs] [DEBUG] See /data/priocomp/logs/gurobi.log for Gurobi log
2017-07-20 17:07:41 [optimize_gurobi_all_weights_costs] [WARNI]  [WARN] 2 solutions found, using the first (best) solution
2017-07-20 17:07:49 [optimize_gurobi_all_weights_costs] [WARNI]  [WARN] Inconsistent raster profiles detected
2017-07-20 17:07:50 [optimize_gurobi_all_weights_costs] [DEBUG]  Writing intermediate output to analyses/ILP/ilp_all_weights_costs/budget_level_0_81.tif
2017-07-20 17:07:50 [optimize_gurobi_all_weights_costs] [INFO ]  [82/100] Optimizing with fraction level 0.82...
2017-07-20 17:07:50 [optimize_gurobi_all_weights_costs] [DEBUG]  [DEBUG] Normalizing cost and rij arrays
2017-07-20 17:07:50 [optimize_gurobi_all_weights_costs] [INFO ]  [INFO] Starting multi-objective optimization
2017-07-20 17:07:50 [optimize_gurobi_all_weights_costs] [DEBUG] See /data/priocomp/logs/gurobi.log for Gurobi log
2017-07-20 17:08:30 [optimize_gurobi_all_weights_costs] [WARNI]  [WARN] 2 solutions found, using the first (best) solution
2017-07-20 17:08:39 [optimize_gurobi_all_weights_costs] [WARNI]  [WARN] Inconsistent raster profiles detected
2017-07-20 17:08:40 [optimize_gurobi_all_weights_costs] [DEBUG]  Writing intermediate output to analyses/ILP/ilp_all_weights_costs/budget_level_0_82.tif
2017-07-20 17:08:40 [optimize_gurobi_all_weights_costs] [INFO ]  [83/100] Optimizing with fraction level 0.83...
2017-07-20 17:08:40 [optimize_gurobi_all_weights_costs] [DEBUG]  [DEBUG] Normalizing cost and rij arrays
2017-07-20 17:08:40 [optimize_gurobi_all_weights_costs] [INFO ]  [INFO] Starting multi-objective optimization
2017-07-20 17:08:40 [optimize_gurobi_all_weights_costs] [DEBUG] See /data/priocomp/logs/gurobi.log for Gurobi log
2017-07-20 17:09:20 [optimize_gurobi_all_weights_costs] [WARNI]  [WARN] 2 solutions found, using the first (best) solution
2017-07-20 17:09:29 [optimize_gurobi_all_weights_costs] [WARNI]  [WARN] Inconsistent raster profiles detected
2017-07-20 17:09:30 [optimize_gurobi_all_weights_costs] [DEBUG]  Writing intermediate output to analyses/ILP/ilp_all_weights_costs/budget_level_0_83.tif
2017-07-20 17:09:30 [optimize_gurobi_all_weights_costs] [INFO ]  [84/100] Optimizing with fraction level 0.84...
2017-07-20 17:09:30 [optimize_gurobi_all_weights_costs] [DEBUG]  [DEBUG] Normalizing cost and rij arrays
2017-07-20 17:09:30 [optimize_gurobi_all_weights_costs] [INFO ]  [INFO] Starting multi-objective optimization
2017-07-20 17:09:30 [optimize_gurobi_all_weights_costs] [DEBUG] See /data/priocomp/logs/gurobi.log for Gurobi log
2017-07-20 17:10:10 [optimize_gurobi_all_weights_costs] [WARNI]  [WARN] 2 solutions found, using the first (best) solution
2017-07-20 17:10:20 [optimize_gurobi_all_weights_costs] [WARNI]  [WARN] Inconsistent raster profiles detected
2017-07-20 17:10:20 [optimize_gurobi_all_weights_costs] [DEBUG]  Writing intermediate output to analyses/ILP/ilp_all_weights_costs/budget_level_0_84.tif
2017-07-20 17:10:20 [optimize_gurobi_all_weights_costs] [INFO ]  [85/100] Optimizing with fraction level 0.85...
2017-07-20 17:10:21 [optimize_gurobi_all_weights_costs] [DEBUG]  [DEBUG] Normalizing cost and rij arrays
2017-07-20 17:10:21 [optimize_gurobi_all_weights_costs] [INFO ]  [INFO] Starting multi-objective optimization
2017-07-20 17:10:21 [optimize_gurobi_all_weights_costs] [DEBUG] See /data/priocomp/logs/gurobi.log for Gurobi log
2017-07-20 17:11:00 [optimize_gurobi_all_weights_costs] [WARNI]  [WARN] 2 solutions found, using the first (best) solution
2017-07-20 17:11:09 [optimize_gurobi_all_weights_costs] [WARNI]  [WARN] Inconsistent raster profiles detected
2017-07-20 17:11:10 [optimize_gurobi_all_weights_costs] [DEBUG]  Writing intermediate output to analyses/ILP/ilp_all_weights_costs/budget_level_0_85.tif
2017-07-20 17:11:10 [optimize_gurobi_all_weights_costs] [INFO ]  [86/100] Optimizing with fraction level 0.86...
2017-07-20 17:11:10 [optimize_gurobi_all_weights_costs] [DEBUG]  [DEBUG] Normalizing cost and rij arrays
2017-07-20 17:11:10 [optimize_gurobi_all_weights_costs] [INFO ]  [INFO] Starting multi-objective optimization
2017-07-20 17:11:10 [optimize_gurobi_all_weights_costs] [DEBUG] See /data/priocomp/logs/gurobi.log for Gurobi log
2017-07-20 17:11:50 [optimize_gurobi_all_weights_costs] [WARNI]  [WARN] 2 solutions found, using the first (best) solution
2017-07-20 17:11:58 [optimize_gurobi_all_weights_costs] [WARNI]  [WARN] Inconsistent raster profiles detected
2017-07-20 17:11:59 [optimize_gurobi_all_weights_costs] [DEBUG]  Writing intermediate output to analyses/ILP/ilp_all_weights_costs/budget_level_0_86.tif
2017-07-20 17:11:59 [optimize_gurobi_all_weights_costs] [INFO ]  [87/100] Optimizing with fraction level 0.87...
2017-07-20 17:11:59 [optimize_gurobi_all_weights_costs] [DEBUG]  [DEBUG] Normalizing cost and rij arrays
2017-07-20 17:11:59 [optimize_gurobi_all_weights_costs] [INFO ]  [INFO] Starting multi-objective optimization
2017-07-20 17:11:59 [optimize_gurobi_all_weights_costs] [DEBUG] See /data/priocomp/logs/gurobi.log for Gurobi log
2017-07-20 17:12:38 [optimize_gurobi_all_weights_costs] [WARNI]  [WARN] 2 solutions found, using the first (best) solution
2017-07-20 17:12:48 [optimize_gurobi_all_weights_costs] [WARNI]  [WARN] Inconsistent raster profiles detected
2017-07-20 17:12:49 [optimize_gurobi_all_weights_costs] [DEBUG]  Writing intermediate output to analyses/ILP/ilp_all_weights_costs/budget_level_0_87.tif
2017-07-20 17:12:49 [optimize_gurobi_all_weights_costs] [INFO ]  [88/100] Optimizing with fraction level 0.88...
2017-07-20 17:12:49 [optimize_gurobi_all_weights_costs] [DEBUG]  [DEBUG] Normalizing cost and rij arrays
2017-07-20 17:12:49 [optimize_gurobi_all_weights_costs] [INFO ]  [INFO] Starting multi-objective optimization
2017-07-20 17:12:49 [optimize_gurobi_all_weights_costs] [DEBUG] See /data/priocomp/logs/gurobi.log for Gurobi log
2017-07-20 17:13:27 [optimize_gurobi_all_weights_costs] [WARNI]  [WARN] 2 solutions found, using the first (best) solution
2017-07-20 17:13:37 [optimize_gurobi_all_weights_costs] [WARNI]  [WARN] Inconsistent raster profiles detected
2017-07-20 17:13:38 [optimize_gurobi_all_weights_costs] [DEBUG]  Writing intermediate output to analyses/ILP/ilp_all_weights_costs/budget_level_0_88.tif
2017-07-20 17:13:38 [optimize_gurobi_all_weights_costs] [INFO ]  [89/100] Optimizing with fraction level 0.89...
2017-07-20 17:13:38 [optimize_gurobi_all_weights_costs] [DEBUG]  [DEBUG] Normalizing cost and rij arrays
2017-07-20 17:13:38 [optimize_gurobi_all_weights_costs] [INFO ]  [INFO] Starting multi-objective optimization
2017-07-20 17:13:38 [optimize_gurobi_all_weights_costs] [DEBUG] See /data/priocomp/logs/gurobi.log for Gurobi log
2017-07-20 17:14:19 [optimize_gurobi_all_weights_costs] [WARNI]  [WARN] 2 solutions found, using the first (best) solution
2017-07-20 17:14:29 [optimize_gurobi_all_weights_costs] [WARNI]  [WARN] Inconsistent raster profiles detected
2017-07-20 17:14:29 [optimize_gurobi_all_weights_costs] [DEBUG]  Writing intermediate output to analyses/ILP/ilp_all_weights_costs/budget_level_0_89.tif
2017-07-20 17:14:30 [optimize_gurobi_all_weights_costs] [INFO ]  [90/100] Optimizing with fraction level 0.9...
2017-07-20 17:14:30 [optimize_gurobi_all_weights_costs] [DEBUG]  [DEBUG] Normalizing cost and rij arrays
2017-07-20 17:14:30 [optimize_gurobi_all_weights_costs] [INFO ]  [INFO] Starting multi-objective optimization
2017-07-20 17:14:30 [optimize_gurobi_all_weights_costs] [DEBUG] See /data/priocomp/logs/gurobi.log for Gurobi log
2017-07-20 17:15:10 [optimize_gurobi_all_weights_costs] [WARNI]  [WARN] 2 solutions found, using the first (best) solution
2017-07-20 17:15:20 [optimize_gurobi_all_weights_costs] [WARNI]  [WARN] Inconsistent raster profiles detected
2017-07-20 17:15:21 [optimize_gurobi_all_weights_costs] [DEBUG]  Writing intermediate output to analyses/ILP/ilp_all_weights_costs/budget_level_0_9.tif
2017-07-20 17:15:21 [optimize_gurobi_all_weights_costs] [INFO ]  [91/100] Optimizing with fraction level 0.91...
2017-07-20 17:15:21 [optimize_gurobi_all_weights_costs] [DEBUG]  [DEBUG] Normalizing cost and rij arrays
2017-07-20 17:15:21 [optimize_gurobi_all_weights_costs] [INFO ]  [INFO] Starting multi-objective optimization
2017-07-20 17:15:21 [optimize_gurobi_all_weights_costs] [DEBUG] See /data/priocomp/logs/gurobi.log for Gurobi log
2017-07-20 17:16:01 [optimize_gurobi_all_weights_costs] [WARNI]  [WARN] 2 solutions found, using the first (best) solution
2017-07-20 17:16:10 [optimize_gurobi_all_weights_costs] [WARNI]  [WARN] Inconsistent raster profiles detected
2017-07-20 17:16:11 [optimize_gurobi_all_weights_costs] [DEBUG]  Writing intermediate output to analyses/ILP/ilp_all_weights_costs/budget_level_0_91.tif
2017-07-20 17:16:11 [optimize_gurobi_all_weights_costs] [INFO ]  [92/100] Optimizing with fraction level 0.92...
2017-07-20 17:16:11 [optimize_gurobi_all_weights_costs] [DEBUG]  [DEBUG] Normalizing cost and rij arrays
2017-07-20 17:16:11 [optimize_gurobi_all_weights_costs] [INFO ]  [INFO] Starting multi-objective optimization
2017-07-20 17:16:11 [optimize_gurobi_all_weights_costs] [DEBUG] See /data/priocomp/logs/gurobi.log for Gurobi log
2017-07-20 17:16:50 [optimize_gurobi_all_weights_costs] [WARNI]  [WARN] 2 solutions found, using the first (best) solution
2017-07-20 17:17:00 [optimize_gurobi_all_weights_costs] [WARNI]  [WARN] Inconsistent raster profiles detected
2017-07-20 17:17:00 [optimize_gurobi_all_weights_costs] [DEBUG]  Writing intermediate output to analyses/ILP/ilp_all_weights_costs/budget_level_0_92.tif
2017-07-20 17:17:01 [optimize_gurobi_all_weights_costs] [INFO ]  [93/100] Optimizing with fraction level 0.93...
2017-07-20 17:17:01 [optimize_gurobi_all_weights_costs] [DEBUG]  [DEBUG] Normalizing cost and rij arrays
2017-07-20 17:17:01 [optimize_gurobi_all_weights_costs] [INFO ]  [INFO] Starting multi-objective optimization
2017-07-20 17:17:01 [optimize_gurobi_all_weights_costs] [DEBUG] See /data/priocomp/logs/gurobi.log for Gurobi log
2017-07-20 17:17:40 [optimize_gurobi_all_weights_costs] [WARNI]  [WARN] 2 solutions found, using the first (best) solution
2017-07-20 17:17:49 [optimize_gurobi_all_weights_costs] [WARNI]  [WARN] Inconsistent raster profiles detected
2017-07-20 17:17:50 [optimize_gurobi_all_weights_costs] [DEBUG]  Writing intermediate output to analyses/ILP/ilp_all_weights_costs/budget_level_0_93.tif
2017-07-20 17:17:50 [optimize_gurobi_all_weights_costs] [INFO ]  [94/100] Optimizing with fraction level 0.94...
2017-07-20 17:17:50 [optimize_gurobi_all_weights_costs] [DEBUG]  [DEBUG] Normalizing cost and rij arrays
2017-07-20 17:17:50 [optimize_gurobi_all_weights_costs] [INFO ]  [INFO] Starting multi-objective optimization
2017-07-20 17:17:50 [optimize_gurobi_all_weights_costs] [DEBUG] See /data/priocomp/logs/gurobi.log for Gurobi log
2017-07-20 17:18:31 [optimize_gurobi_all_weights_costs] [WARNI]  [WARN] 2 solutions found, using the first (best) solution
2017-07-20 17:18:41 [optimize_gurobi_all_weights_costs] [WARNI]  [WARN] Inconsistent raster profiles detected
2017-07-20 17:18:42 [optimize_gurobi_all_weights_costs] [DEBUG]  Writing intermediate output to analyses/ILP/ilp_all_weights_costs/budget_level_0_94.tif
2017-07-20 17:18:42 [optimize_gurobi_all_weights_costs] [INFO ]  [95/100] Optimizing with fraction level 0.95...
2017-07-20 17:18:42 [optimize_gurobi_all_weights_costs] [DEBUG]  [DEBUG] Normalizing cost and rij arrays
2017-07-20 17:18:42 [optimize_gurobi_all_weights_costs] [INFO ]  [INFO] Starting multi-objective optimization
2017-07-20 17:18:42 [optimize_gurobi_all_weights_costs] [DEBUG] See /data/priocomp/logs/gurobi.log for Gurobi log
2017-07-20 17:19:21 [optimize_gurobi_all_weights_costs] [WARNI]  [WARN] 2 solutions found, using the first (best) solution
2017-07-20 17:19:30 [optimize_gurobi_all_weights_costs] [WARNI]  [WARN] Inconsistent raster profiles detected
2017-07-20 17:19:30 [optimize_gurobi_all_weights_costs] [DEBUG]  Writing intermediate output to analyses/ILP/ilp_all_weights_costs/budget_level_0_95.tif
2017-07-20 17:19:31 [optimize_gurobi_all_weights_costs] [INFO ]  [96/100] Optimizing with fraction level 0.96...
2017-07-20 17:19:31 [optimize_gurobi_all_weights_costs] [DEBUG]  [DEBUG] Normalizing cost and rij arrays
2017-07-20 17:19:31 [optimize_gurobi_all_weights_costs] [INFO ]  [INFO] Starting multi-objective optimization
2017-07-20 17:19:31 [optimize_gurobi_all_weights_costs] [DEBUG] See /data/priocomp/logs/gurobi.log for Gurobi log
2017-07-20 17:20:10 [optimize_gurobi_all_weights_costs] [WARNI]  [WARN] 2 solutions found, using the first (best) solution
2017-07-20 17:20:20 [optimize_gurobi_all_weights_costs] [WARNI]  [WARN] Inconsistent raster profiles detected
2017-07-20 17:20:20 [optimize_gurobi_all_weights_costs] [DEBUG]  Writing intermediate output to analyses/ILP/ilp_all_weights_costs/budget_level_0_96.tif
2017-07-20 17:20:21 [optimize_gurobi_all_weights_costs] [INFO ]  [97/100] Optimizing with fraction level 0.97...
2017-07-20 17:20:21 [optimize_gurobi_all_weights_costs] [DEBUG]  [DEBUG] Normalizing cost and rij arrays
2017-07-20 17:20:21 [optimize_gurobi_all_weights_costs] [INFO ]  [INFO] Starting multi-objective optimization
2017-07-20 17:20:21 [optimize_gurobi_all_weights_costs] [DEBUG] See /data/priocomp/logs/gurobi.log for Gurobi log
2017-07-20 17:21:03 [optimize_gurobi_all_weights_costs] [WARNI]  [WARN] 2 solutions found, using the first (best) solution
2017-07-20 17:21:12 [optimize_gurobi_all_weights_costs] [WARNI]  [WARN] Inconsistent raster profiles detected
2017-07-20 17:21:13 [optimize_gurobi_all_weights_costs] [DEBUG]  Writing intermediate output to analyses/ILP/ilp_all_weights_costs/budget_level_0_97.tif
2017-07-20 17:21:13 [optimize_gurobi_all_weights_costs] [INFO ]  [98/100] Optimizing with fraction level 0.98...
2017-07-20 17:21:13 [optimize_gurobi_all_weights_costs] [DEBUG]  [DEBUG] Normalizing cost and rij arrays
2017-07-20 17:21:13 [optimize_gurobi_all_weights_costs] [INFO ]  [INFO] Starting multi-objective optimization
2017-07-20 17:21:13 [optimize_gurobi_all_weights_costs] [DEBUG] See /data/priocomp/logs/gurobi.log for Gurobi log
2017-07-20 17:21:52 [optimize_gurobi_all_weights_costs] [WARNI]  [WARN] 2 solutions found, using the first (best) solution
2017-07-20 17:22:01 [optimize_gurobi_all_weights_costs] [WARNI]  [WARN] Inconsistent raster profiles detected
2017-07-20 17:22:02 [optimize_gurobi_all_weights_costs] [DEBUG]  Writing intermediate output to analyses/ILP/ilp_all_weights_costs/budget_level_0_98.tif
2017-07-20 17:22:02 [optimize_gurobi_all_weights_costs] [INFO ]  [99/100] Optimizing with fraction level 0.99...
2017-07-20 17:22:02 [optimize_gurobi_all_weights_costs] [DEBUG]  [DEBUG] Normalizing cost and rij arrays
2017-07-20 17:22:02 [optimize_gurobi_all_weights_costs] [INFO ]  [INFO] Starting multi-objective optimization
2017-07-20 17:22:02 [optimize_gurobi_all_weights_costs] [DEBUG] See /data/priocomp/logs/gurobi.log for Gurobi log
2017-07-20 17:22:42 [optimize_gurobi_all_weights_costs] [WARNI]  [WARN] 2 solutions found, using the first (best) solution
2017-07-20 17:22:51 [optimize_gurobi_all_weights_costs] [WARNI]  [WARN] Inconsistent raster profiles detected
2017-07-20 17:22:52 [optimize_gurobi_all_weights_costs] [DEBUG]  Writing intermediate output to analyses/ILP/ilp_all_weights_costs/budget_level_0_99.tif
2017-07-20 17:22:52 [optimize_gurobi_all_weights_costs] [INFO ]  [100/100] Optimizing with fraction level 1.0...
2017-07-20 17:22:52 [optimize_gurobi_all_weights_costs] [DEBUG]  [DEBUG] Normalizing cost and rij arrays
2017-07-20 17:22:52 [optimize_gurobi_all_weights_costs] [INFO ]  [INFO] Starting multi-objective optimization
2017-07-20 17:22:52 [optimize_gurobi_all_weights_costs] [DEBUG] See /data/priocomp/logs/gurobi.log for Gurobi log
2017-07-20 17:23:25 [optimize_gurobi_all_weights_costs] [WARNI]  [WARN] Inconsistent raster profiles detected
2017-07-20 17:23:26 [optimize_gurobi_all_weights_costs] [DEBUG]  Writing intermediate output to analyses/ILP/ilp_all_weights_costs/budget_level_1_0.tif
2017-07-20 17:23:26 [optimize_gurobi_all_weights_costs] [INFO ]  [TIME] Optimization took 4937.0 sec
2017-07-20 17:23:26 [optimize_gurobi_all_weights_costs] [INFO ]  [** POST-PROCESSING **]
2017-07-20 17:23:26 [optimize_gurobi_all_weights_costs] [INFO ]  [1/3] Ranking selection frequencies
2017-07-20 17:23:36 [optimize_gurobi_all_weights_costs] [INFO ]  [2/3] Rescaling ranks
2017-07-20 17:23:36 [optimize_gurobi_all_weights_costs] [INFO ]  [3/3] Writing output to analyses/ILP/ilp_all_weights_costs.tif
2017-07-20 17:23:37 [optimize_gurobi_all_weights_costs] [INFO ]  [TIME] Post-processing took 11.51 sec
2017-07-20 17:23:37 [optimize_gurobi_all_weights_costs] [INFO ]  [TIME] All processing took 4949.2 sec
