2017-01-04 17:49:38 [optimize_gurobi_es] [INFO ]  [** PRE-PROCESSING **]
2017-01-04 17:49:38 [optimize_gurobi_es] [INFO ]  [NOTE] Using occurrence level normalization
2017-01-04 17:49:38 [optimize_gurobi_es] [INFO ]  [1/9] Processing raster data/processed/features/datadryad/forest_production_europe/woodprod_average.tif
2017-01-04 17:49:38 [optimize_gurobi_es] [DEBUG]  [1/9] Reading in data
2017-01-04 17:49:39 [optimize_gurobi_es] [DEBUG]  [1/9] OL normalizing data
2017-01-04 17:49:40 [optimize_gurobi_es] [DEBUG]  [1/9] Summing values
2017-01-04 17:49:40 [optimize_gurobi_es] [INFO ]  [2/9] Processing raster data/processed/features/provide/carbon_sequestration/carbon_sequestration.tif
2017-01-04 17:49:40 [optimize_gurobi_es] [DEBUG]  [2/9] Reading in data
2017-01-04 17:49:40 [optimize_gurobi_es] [DEBUG]  [2/9] OL normalizing data
2017-01-04 17:49:41 [optimize_gurobi_es] [DEBUG]  [2/9] Summing values
2017-01-04 17:49:41 [optimize_gurobi_es] [INFO ]  [3/9] Processing raster data/processed/features/provide/cultural_landscape_index_agro/cultural_landscape_index_agro.tif
2017-01-04 17:49:41 [optimize_gurobi_es] [DEBUG]  [3/9] Reading in data
2017-01-04 17:49:41 [optimize_gurobi_es] [DEBUG]  [3/9] OL normalizing data
2017-01-04 17:49:42 [optimize_gurobi_es] [DEBUG]  [3/9] Summing values
2017-01-04 17:49:42 [optimize_gurobi_es] [INFO ]  [4/9] Processing raster data/processed/features/provide/cultural_landscape_index_forest/cultural_landscape_index_forest.tif
2017-01-04 17:49:42 [optimize_gurobi_es] [DEBUG]  [4/9] Reading in data
2017-01-04 17:49:43 [optimize_gurobi_es] [DEBUG]  [4/9] OL normalizing data
2017-01-04 17:49:43 [optimize_gurobi_es] [DEBUG]  [4/9] Summing values
2017-01-04 17:49:43 [optimize_gurobi_es] [INFO ]  [5/9] Processing raster data/processed/features/provide/erosion_prevention/erosion_prevention.tif
2017-01-04 17:49:43 [optimize_gurobi_es] [DEBUG]  [5/9] Reading in data
2017-01-04 17:49:44 [optimize_gurobi_es] [DEBUG]  [5/9] OL normalizing data
2017-01-04 17:49:44 [optimize_gurobi_es] [DEBUG]  [5/9] Summing values
2017-01-04 17:49:45 [optimize_gurobi_es] [INFO ]  [6/9] Processing raster data/processed/features/provide/floodregulation/floodregulation.tif
2017-01-04 17:49:45 [optimize_gurobi_es] [DEBUG]  [6/9] Reading in data
2017-01-04 17:49:45 [optimize_gurobi_es] [DEBUG]  [6/9] OL normalizing data
2017-01-04 17:49:46 [optimize_gurobi_es] [DEBUG]  [6/9] Summing values
2017-01-04 17:49:46 [optimize_gurobi_es] [INFO ]  [7/9] Processing raster data/processed/features/provide/nature_tourism/nature_tourism.tif
2017-01-04 17:49:46 [optimize_gurobi_es] [DEBUG]  [7/9] Reading in data
2017-01-04 17:49:46 [optimize_gurobi_es] [DEBUG]  [7/9] OL normalizing data
2017-01-04 17:49:47 [optimize_gurobi_es] [DEBUG]  [7/9] Summing values
2017-01-04 17:49:47 [optimize_gurobi_es] [INFO ]  [8/9] Processing raster data/processed/features/provide/pollination_flows/pollination_flows.tif
2017-01-04 17:49:47 [optimize_gurobi_es] [DEBUG]  [8/9] Reading in data
2017-01-04 17:49:47 [optimize_gurobi_es] [DEBUG]  [8/9] OL normalizing data
2017-01-04 17:49:48 [optimize_gurobi_es] [DEBUG]  [8/9] Summing values
2017-01-04 17:49:48 [optimize_gurobi_es] [INFO ]  [9/9] Processing raster data/processed/features/provide/species_richness_vascular_plants/species_richness_vascular_plants.tif
2017-01-04 17:49:48 [optimize_gurobi_es] [DEBUG]  [9/9] Reading in data
2017-01-04 17:49:48 [optimize_gurobi_es] [DEBUG]  [9/9] OL normalizing data
2017-01-04 17:49:49 [optimize_gurobi_es] [DEBUG]  [9/9] Summing values
2017-01-04 17:49:49 [optimize_gurobi_es] [WARNI]  [WARNING] Different masks for cost and feature sum rasters, diff: 35176
2017-01-04 17:49:49 [optimize_gurobi_es] [WARNI]  [WARNING] Using data only from cells that have both cost and occurrence data
2017-01-04 17:49:49 [optimize_gurobi_es] [INFO ]  [TIME] Pre-processing took 11.04 sec
2017-01-04 17:49:49 [optimize_gurobi_es] [INFO ]  [** OPTIMIZING **]
2017-01-04 17:49:49 [optimize_gurobi_es] [INFO ]  [NOTE] Target budget levels: 0.01, 0.02, 0.03, 0.04, 0.05, 0.06, 0.07, 0.08, 0.09, 0.1, 0.11, 0.12, 0.13, 0.14, 0.15, 0.16, 0.17, 0.18, 0.19, 0.2, 0.21, 0.22, 0.23, 0.24, 0.25, 0.26, 0.27, 0.28, 0.29, 0.3, 0.31, 0.32, 0.33, 0.34, 0.35, 0.36, 0.37, 0.38, 0.39, 0.4, 0.41, 0.42, 0.43, 0.44, 0.45, 0.46, 0.47, 0.48, 0.49, 0.5, 0.51, 0.52, 0.53, 0.54, 0.55, 0.56, 0.57, 0.58, 0.59, 0.6, 0.61, 0.62, 0.63, 0.64, 0.65, 0.66, 0.67, 0.68, 0.69, 0.7, 0.71, 0.72, 0.73, 0.74, 0.75, 0.76, 0.77, 0.78, 0.79, 0.8, 0.81, 0.82, 0.83, 0.84, 0.85, 0.86, 0.87, 0.88, 0.89, 0.9, 0.91, 0.92, 0.93, 0.94, 0.95, 0.96, 0.97, 0.98, 0.99, 1.0
2017-01-04 17:49:49 [optimize_gurobi_es] [INFO ]  [1/100] Optimizing with fraction level 0.01...
2017-01-04 17:49:50 [optimize_gurobi_es] [DEBUG]  [DEBUG] Normalizing cost and rij arrays
2017-01-04 17:49:50 [optimize_gurobi_es] [DEBUG]  [DEBUG] Starting optimization
2017-01-04 17:49:50 [optimize_gurobi_es] [DEBUG] See /home/ubuntu/data/priocomp/logs/gurobi.log for Gurobi log
2017-01-04 17:50:31 [optimize_gurobi_es] [WARNI]  [WARN] 2 solutions found, using the first (best) solution
2017-01-04 17:50:40 [optimize_gurobi_es] [WARNI]  [WARN] Inconsistent raster profiles detected
2017-01-04 17:50:40 [optimize_gurobi_es] [DEBUG]  Writing intermediate output to analyses/ILP/ilp_es_costs/budget_level_0_01.tif
2017-01-04 17:50:40 [optimize_gurobi_es] [INFO ]  [2/100] Optimizing with fraction level 0.02...
2017-01-04 17:50:40 [optimize_gurobi_es] [DEBUG]  [DEBUG] Normalizing cost and rij arrays
2017-01-04 17:50:40 [optimize_gurobi_es] [DEBUG]  [DEBUG] Starting optimization
2017-01-04 17:50:40 [optimize_gurobi_es] [DEBUG] See /home/ubuntu/data/priocomp/logs/gurobi.log for Gurobi log
2017-01-04 17:51:20 [optimize_gurobi_es] [WARNI]  [WARN] 2 solutions found, using the first (best) solution
2017-01-04 17:51:29 [optimize_gurobi_es] [WARNI]  [WARN] Inconsistent raster profiles detected
2017-01-04 17:51:29 [optimize_gurobi_es] [DEBUG]  Writing intermediate output to analyses/ILP/ilp_es_costs/budget_level_0_02.tif
2017-01-04 17:51:30 [optimize_gurobi_es] [INFO ]  [3/100] Optimizing with fraction level 0.03...
2017-01-04 17:51:30 [optimize_gurobi_es] [DEBUG]  [DEBUG] Normalizing cost and rij arrays
2017-01-04 17:51:30 [optimize_gurobi_es] [DEBUG]  [DEBUG] Starting optimization
2017-01-04 17:51:30 [optimize_gurobi_es] [DEBUG] See /home/ubuntu/data/priocomp/logs/gurobi.log for Gurobi log
2017-01-04 17:52:10 [optimize_gurobi_es] [WARNI]  [WARN] 2 solutions found, using the first (best) solution
2017-01-04 17:52:20 [optimize_gurobi_es] [WARNI]  [WARN] Inconsistent raster profiles detected
2017-01-04 17:52:20 [optimize_gurobi_es] [DEBUG]  Writing intermediate output to analyses/ILP/ilp_es_costs/budget_level_0_03.tif
2017-01-04 17:52:20 [optimize_gurobi_es] [INFO ]  [4/100] Optimizing with fraction level 0.04...
2017-01-04 17:52:20 [optimize_gurobi_es] [DEBUG]  [DEBUG] Normalizing cost and rij arrays
2017-01-04 17:52:20 [optimize_gurobi_es] [DEBUG]  [DEBUG] Starting optimization
2017-01-04 17:52:20 [optimize_gurobi_es] [DEBUG] See /home/ubuntu/data/priocomp/logs/gurobi.log for Gurobi log
2017-01-04 17:53:02 [optimize_gurobi_es] [WARNI]  [WARN] 2 solutions found, using the first (best) solution
2017-01-04 17:53:11 [optimize_gurobi_es] [WARNI]  [WARN] Inconsistent raster profiles detected
2017-01-04 17:53:11 [optimize_gurobi_es] [DEBUG]  Writing intermediate output to analyses/ILP/ilp_es_costs/budget_level_0_04.tif
2017-01-04 17:53:12 [optimize_gurobi_es] [INFO ]  [5/100] Optimizing with fraction level 0.05...
2017-01-04 17:53:12 [optimize_gurobi_es] [DEBUG]  [DEBUG] Normalizing cost and rij arrays
2017-01-04 17:53:12 [optimize_gurobi_es] [DEBUG]  [DEBUG] Starting optimization
2017-01-04 17:53:12 [optimize_gurobi_es] [DEBUG] See /home/ubuntu/data/priocomp/logs/gurobi.log for Gurobi log
2017-01-04 17:53:51 [optimize_gurobi_es] [WARNI]  [WARN] 2 solutions found, using the first (best) solution
2017-01-04 17:54:00 [optimize_gurobi_es] [WARNI]  [WARN] Inconsistent raster profiles detected
2017-01-04 17:54:01 [optimize_gurobi_es] [DEBUG]  Writing intermediate output to analyses/ILP/ilp_es_costs/budget_level_0_05.tif
2017-01-04 17:54:01 [optimize_gurobi_es] [INFO ]  [6/100] Optimizing with fraction level 0.06...
2017-01-04 17:54:01 [optimize_gurobi_es] [DEBUG]  [DEBUG] Normalizing cost and rij arrays
2017-01-04 17:54:01 [optimize_gurobi_es] [DEBUG]  [DEBUG] Starting optimization
2017-01-04 17:54:01 [optimize_gurobi_es] [DEBUG] See /home/ubuntu/data/priocomp/logs/gurobi.log for Gurobi log
2017-01-04 17:54:43 [optimize_gurobi_es] [WARNI]  [WARN] 2 solutions found, using the first (best) solution
2017-01-04 17:54:51 [optimize_gurobi_es] [WARNI]  [WARN] Inconsistent raster profiles detected
2017-01-04 17:54:52 [optimize_gurobi_es] [DEBUG]  Writing intermediate output to analyses/ILP/ilp_es_costs/budget_level_0_06.tif
2017-01-04 17:54:52 [optimize_gurobi_es] [INFO ]  [7/100] Optimizing with fraction level 0.07...
2017-01-04 17:54:52 [optimize_gurobi_es] [DEBUG]  [DEBUG] Normalizing cost and rij arrays
2017-01-04 17:54:52 [optimize_gurobi_es] [DEBUG]  [DEBUG] Starting optimization
2017-01-04 17:54:52 [optimize_gurobi_es] [DEBUG] See /home/ubuntu/data/priocomp/logs/gurobi.log for Gurobi log
2017-01-04 17:55:33 [optimize_gurobi_es] [WARNI]  [WARN] 2 solutions found, using the first (best) solution
2017-01-04 17:55:42 [optimize_gurobi_es] [WARNI]  [WARN] Inconsistent raster profiles detected
2017-01-04 17:55:42 [optimize_gurobi_es] [DEBUG]  Writing intermediate output to analyses/ILP/ilp_es_costs/budget_level_0_07.tif
2017-01-04 17:55:43 [optimize_gurobi_es] [INFO ]  [8/100] Optimizing with fraction level 0.08...
2017-01-04 17:55:43 [optimize_gurobi_es] [DEBUG]  [DEBUG] Normalizing cost and rij arrays
2017-01-04 17:55:43 [optimize_gurobi_es] [DEBUG]  [DEBUG] Starting optimization
2017-01-04 17:55:43 [optimize_gurobi_es] [DEBUG] See /home/ubuntu/data/priocomp/logs/gurobi.log for Gurobi log
2017-01-04 17:56:25 [optimize_gurobi_es] [WARNI]  [WARN] 2 solutions found, using the first (best) solution
2017-01-04 17:56:34 [optimize_gurobi_es] [WARNI]  [WARN] Inconsistent raster profiles detected
2017-01-04 17:56:34 [optimize_gurobi_es] [DEBUG]  Writing intermediate output to analyses/ILP/ilp_es_costs/budget_level_0_08.tif
2017-01-04 17:56:35 [optimize_gurobi_es] [INFO ]  [9/100] Optimizing with fraction level 0.09...
2017-01-04 17:56:35 [optimize_gurobi_es] [DEBUG]  [DEBUG] Normalizing cost and rij arrays
2017-01-04 17:56:35 [optimize_gurobi_es] [DEBUG]  [DEBUG] Starting optimization
2017-01-04 17:56:35 [optimize_gurobi_es] [DEBUG] See /home/ubuntu/data/priocomp/logs/gurobi.log for Gurobi log
2017-01-04 17:57:16 [optimize_gurobi_es] [WARNI]  [WARN] 2 solutions found, using the first (best) solution
2017-01-04 17:57:25 [optimize_gurobi_es] [WARNI]  [WARN] Inconsistent raster profiles detected
2017-01-04 17:57:25 [optimize_gurobi_es] [DEBUG]  Writing intermediate output to analyses/ILP/ilp_es_costs/budget_level_0_09.tif
2017-01-04 17:57:26 [optimize_gurobi_es] [INFO ]  [10/100] Optimizing with fraction level 0.1...
2017-01-04 17:57:26 [optimize_gurobi_es] [DEBUG]  [DEBUG] Normalizing cost and rij arrays
2017-01-04 17:57:26 [optimize_gurobi_es] [DEBUG]  [DEBUG] Starting optimization
2017-01-04 17:57:26 [optimize_gurobi_es] [DEBUG] See /home/ubuntu/data/priocomp/logs/gurobi.log for Gurobi log
2017-01-04 17:58:08 [optimize_gurobi_es] [WARNI]  [WARN] 4 solutions found, using the first (best) solution
2017-01-04 17:58:17 [optimize_gurobi_es] [WARNI]  [WARN] Inconsistent raster profiles detected
2017-01-04 17:58:17 [optimize_gurobi_es] [DEBUG]  Writing intermediate output to analyses/ILP/ilp_es_costs/budget_level_0_1.tif
2017-01-04 17:58:18 [optimize_gurobi_es] [INFO ]  [11/100] Optimizing with fraction level 0.11...
2017-01-04 17:58:18 [optimize_gurobi_es] [DEBUG]  [DEBUG] Normalizing cost and rij arrays
2017-01-04 17:58:18 [optimize_gurobi_es] [DEBUG]  [DEBUG] Starting optimization
2017-01-04 17:58:18 [optimize_gurobi_es] [DEBUG] See /home/ubuntu/data/priocomp/logs/gurobi.log for Gurobi log
2017-01-04 17:58:59 [optimize_gurobi_es] [WARNI]  [WARN] 2 solutions found, using the first (best) solution
2017-01-04 17:59:08 [optimize_gurobi_es] [WARNI]  [WARN] Inconsistent raster profiles detected
2017-01-04 17:59:08 [optimize_gurobi_es] [DEBUG]  Writing intermediate output to analyses/ILP/ilp_es_costs/budget_level_0_11.tif
2017-01-04 17:59:09 [optimize_gurobi_es] [INFO ]  [12/100] Optimizing with fraction level 0.12...
2017-01-04 17:59:09 [optimize_gurobi_es] [DEBUG]  [DEBUG] Normalizing cost and rij arrays
2017-01-04 17:59:09 [optimize_gurobi_es] [DEBUG]  [DEBUG] Starting optimization
2017-01-04 17:59:09 [optimize_gurobi_es] [DEBUG] See /home/ubuntu/data/priocomp/logs/gurobi.log for Gurobi log
2017-01-04 17:59:48 [optimize_gurobi_es] [WARNI]  [WARN] 2 solutions found, using the first (best) solution
2017-01-04 17:59:57 [optimize_gurobi_es] [WARNI]  [WARN] Inconsistent raster profiles detected
2017-01-04 17:59:57 [optimize_gurobi_es] [DEBUG]  Writing intermediate output to analyses/ILP/ilp_es_costs/budget_level_0_12.tif
2017-01-04 17:59:58 [optimize_gurobi_es] [INFO ]  [13/100] Optimizing with fraction level 0.13...
2017-01-04 17:59:58 [optimize_gurobi_es] [DEBUG]  [DEBUG] Normalizing cost and rij arrays
2017-01-04 17:59:58 [optimize_gurobi_es] [DEBUG]  [DEBUG] Starting optimization
2017-01-04 17:59:58 [optimize_gurobi_es] [DEBUG] See /home/ubuntu/data/priocomp/logs/gurobi.log for Gurobi log
2017-01-04 18:00:37 [optimize_gurobi_es] [WARNI]  [WARN] 2 solutions found, using the first (best) solution
2017-01-04 18:00:46 [optimize_gurobi_es] [WARNI]  [WARN] Inconsistent raster profiles detected
2017-01-04 18:00:47 [optimize_gurobi_es] [DEBUG]  Writing intermediate output to analyses/ILP/ilp_es_costs/budget_level_0_13.tif
2017-01-04 18:00:47 [optimize_gurobi_es] [INFO ]  [14/100] Optimizing with fraction level 0.14...
2017-01-04 18:00:47 [optimize_gurobi_es] [DEBUG]  [DEBUG] Normalizing cost and rij arrays
2017-01-04 18:00:47 [optimize_gurobi_es] [DEBUG]  [DEBUG] Starting optimization
2017-01-04 18:00:47 [optimize_gurobi_es] [DEBUG] See /home/ubuntu/data/priocomp/logs/gurobi.log for Gurobi log
2017-01-04 18:01:28 [optimize_gurobi_es] [WARNI]  [WARN] 2 solutions found, using the first (best) solution
2017-01-04 18:01:38 [optimize_gurobi_es] [WARNI]  [WARN] Inconsistent raster profiles detected
2017-01-04 18:01:38 [optimize_gurobi_es] [DEBUG]  Writing intermediate output to analyses/ILP/ilp_es_costs/budget_level_0_14.tif
2017-01-04 18:01:39 [optimize_gurobi_es] [INFO ]  [15/100] Optimizing with fraction level 0.15...
2017-01-04 18:01:39 [optimize_gurobi_es] [DEBUG]  [DEBUG] Normalizing cost and rij arrays
2017-01-04 18:01:39 [optimize_gurobi_es] [DEBUG]  [DEBUG] Starting optimization
2017-01-04 18:01:39 [optimize_gurobi_es] [DEBUG] See /home/ubuntu/data/priocomp/logs/gurobi.log for Gurobi log
2017-01-04 18:02:20 [optimize_gurobi_es] [WARNI]  [WARN] 2 solutions found, using the first (best) solution
2017-01-04 18:02:28 [optimize_gurobi_es] [WARNI]  [WARN] Inconsistent raster profiles detected
2017-01-04 18:02:29 [optimize_gurobi_es] [DEBUG]  Writing intermediate output to analyses/ILP/ilp_es_costs/budget_level_0_15.tif
2017-01-04 18:02:29 [optimize_gurobi_es] [INFO ]  [16/100] Optimizing with fraction level 0.16...
2017-01-04 18:02:29 [optimize_gurobi_es] [DEBUG]  [DEBUG] Normalizing cost and rij arrays
2017-01-04 18:02:29 [optimize_gurobi_es] [DEBUG]  [DEBUG] Starting optimization
2017-01-04 18:02:29 [optimize_gurobi_es] [DEBUG] See /home/ubuntu/data/priocomp/logs/gurobi.log for Gurobi log
2017-01-04 18:03:10 [optimize_gurobi_es] [WARNI]  [WARN] 2 solutions found, using the first (best) solution
2017-01-04 18:03:19 [optimize_gurobi_es] [WARNI]  [WARN] Inconsistent raster profiles detected
2017-01-04 18:03:20 [optimize_gurobi_es] [DEBUG]  Writing intermediate output to analyses/ILP/ilp_es_costs/budget_level_0_16.tif
2017-01-04 18:03:20 [optimize_gurobi_es] [INFO ]  [17/100] Optimizing with fraction level 0.17...
2017-01-04 18:03:20 [optimize_gurobi_es] [DEBUG]  [DEBUG] Normalizing cost and rij arrays
2017-01-04 18:03:20 [optimize_gurobi_es] [DEBUG]  [DEBUG] Starting optimization
2017-01-04 18:03:20 [optimize_gurobi_es] [DEBUG] See /home/ubuntu/data/priocomp/logs/gurobi.log for Gurobi log
2017-01-04 18:04:00 [optimize_gurobi_es] [WARNI]  [WARN] 2 solutions found, using the first (best) solution
2017-01-04 18:04:09 [optimize_gurobi_es] [WARNI]  [WARN] Inconsistent raster profiles detected
2017-01-04 18:04:10 [optimize_gurobi_es] [DEBUG]  Writing intermediate output to analyses/ILP/ilp_es_costs/budget_level_0_17.tif
2017-01-04 18:04:10 [optimize_gurobi_es] [INFO ]  [18/100] Optimizing with fraction level 0.18...
2017-01-04 18:04:10 [optimize_gurobi_es] [DEBUG]  [DEBUG] Normalizing cost and rij arrays
2017-01-04 18:04:10 [optimize_gurobi_es] [DEBUG]  [DEBUG] Starting optimization
2017-01-04 18:04:10 [optimize_gurobi_es] [DEBUG] See /home/ubuntu/data/priocomp/logs/gurobi.log for Gurobi log
2017-01-04 18:04:51 [optimize_gurobi_es] [WARNI]  [WARN] 2 solutions found, using the first (best) solution
2017-01-04 18:05:00 [optimize_gurobi_es] [WARNI]  [WARN] Inconsistent raster profiles detected
2017-01-04 18:05:00 [optimize_gurobi_es] [DEBUG]  Writing intermediate output to analyses/ILP/ilp_es_costs/budget_level_0_18.tif
2017-01-04 18:05:00 [optimize_gurobi_es] [INFO ]  [19/100] Optimizing with fraction level 0.19...
2017-01-04 18:05:01 [optimize_gurobi_es] [DEBUG]  [DEBUG] Normalizing cost and rij arrays
2017-01-04 18:05:01 [optimize_gurobi_es] [DEBUG]  [DEBUG] Starting optimization
2017-01-04 18:05:01 [optimize_gurobi_es] [DEBUG] See /home/ubuntu/data/priocomp/logs/gurobi.log for Gurobi log
2017-01-04 18:05:41 [optimize_gurobi_es] [WARNI]  [WARN] 2 solutions found, using the first (best) solution
2017-01-04 18:05:50 [optimize_gurobi_es] [WARNI]  [WARN] Inconsistent raster profiles detected
2017-01-04 18:05:51 [optimize_gurobi_es] [DEBUG]  Writing intermediate output to analyses/ILP/ilp_es_costs/budget_level_0_19.tif
2017-01-04 18:05:51 [optimize_gurobi_es] [INFO ]  [20/100] Optimizing with fraction level 0.2...
2017-01-04 18:05:51 [optimize_gurobi_es] [DEBUG]  [DEBUG] Normalizing cost and rij arrays
2017-01-04 18:05:51 [optimize_gurobi_es] [DEBUG]  [DEBUG] Starting optimization
2017-01-04 18:05:51 [optimize_gurobi_es] [DEBUG] See /home/ubuntu/data/priocomp/logs/gurobi.log for Gurobi log
2017-01-04 18:06:31 [optimize_gurobi_es] [WARNI]  [WARN] 2 solutions found, using the first (best) solution
2017-01-04 18:06:40 [optimize_gurobi_es] [WARNI]  [WARN] Inconsistent raster profiles detected
2017-01-04 18:06:40 [optimize_gurobi_es] [DEBUG]  Writing intermediate output to analyses/ILP/ilp_es_costs/budget_level_0_2.tif
2017-01-04 18:06:41 [optimize_gurobi_es] [INFO ]  [21/100] Optimizing with fraction level 0.21...
2017-01-04 18:06:41 [optimize_gurobi_es] [DEBUG]  [DEBUG] Normalizing cost and rij arrays
2017-01-04 18:06:41 [optimize_gurobi_es] [DEBUG]  [DEBUG] Starting optimization
2017-01-04 18:06:41 [optimize_gurobi_es] [DEBUG] See /home/ubuntu/data/priocomp/logs/gurobi.log for Gurobi log
2017-01-04 18:07:22 [optimize_gurobi_es] [WARNI]  [WARN] 2 solutions found, using the first (best) solution
2017-01-04 18:07:31 [optimize_gurobi_es] [WARNI]  [WARN] Inconsistent raster profiles detected
2017-01-04 18:07:31 [optimize_gurobi_es] [DEBUG]  Writing intermediate output to analyses/ILP/ilp_es_costs/budget_level_0_21.tif
2017-01-04 18:07:31 [optimize_gurobi_es] [INFO ]  [22/100] Optimizing with fraction level 0.22...
2017-01-04 18:07:31 [optimize_gurobi_es] [DEBUG]  [DEBUG] Normalizing cost and rij arrays
2017-01-04 18:07:31 [optimize_gurobi_es] [DEBUG]  [DEBUG] Starting optimization
2017-01-04 18:07:31 [optimize_gurobi_es] [DEBUG] See /home/ubuntu/data/priocomp/logs/gurobi.log for Gurobi log
2017-01-04 18:08:14 [optimize_gurobi_es] [WARNI]  [WARN] 2 solutions found, using the first (best) solution
2017-01-04 18:08:23 [optimize_gurobi_es] [WARNI]  [WARN] Inconsistent raster profiles detected
2017-01-04 18:08:23 [optimize_gurobi_es] [DEBUG]  Writing intermediate output to analyses/ILP/ilp_es_costs/budget_level_0_22.tif
2017-01-04 18:08:23 [optimize_gurobi_es] [INFO ]  [23/100] Optimizing with fraction level 0.23...
2017-01-04 18:08:23 [optimize_gurobi_es] [DEBUG]  [DEBUG] Normalizing cost and rij arrays
2017-01-04 18:08:23 [optimize_gurobi_es] [DEBUG]  [DEBUG] Starting optimization
2017-01-04 18:08:23 [optimize_gurobi_es] [DEBUG] See /home/ubuntu/data/priocomp/logs/gurobi.log for Gurobi log
2017-01-04 18:09:04 [optimize_gurobi_es] [WARNI]  [WARN] 2 solutions found, using the first (best) solution
2017-01-04 18:09:13 [optimize_gurobi_es] [WARNI]  [WARN] Inconsistent raster profiles detected
2017-01-04 18:09:13 [optimize_gurobi_es] [DEBUG]  Writing intermediate output to analyses/ILP/ilp_es_costs/budget_level_0_23.tif
2017-01-04 18:09:14 [optimize_gurobi_es] [INFO ]  [24/100] Optimizing with fraction level 0.24...
2017-01-04 18:09:14 [optimize_gurobi_es] [DEBUG]  [DEBUG] Normalizing cost and rij arrays
2017-01-04 18:09:14 [optimize_gurobi_es] [DEBUG]  [DEBUG] Starting optimization
2017-01-04 18:09:14 [optimize_gurobi_es] [DEBUG] See /home/ubuntu/data/priocomp/logs/gurobi.log for Gurobi log
2017-01-04 18:09:55 [optimize_gurobi_es] [WARNI]  [WARN] 2 solutions found, using the first (best) solution
2017-01-04 18:10:04 [optimize_gurobi_es] [WARNI]  [WARN] Inconsistent raster profiles detected
2017-01-04 18:10:04 [optimize_gurobi_es] [DEBUG]  Writing intermediate output to analyses/ILP/ilp_es_costs/budget_level_0_24.tif
2017-01-04 18:10:04 [optimize_gurobi_es] [INFO ]  [25/100] Optimizing with fraction level 0.25...
2017-01-04 18:10:04 [optimize_gurobi_es] [DEBUG]  [DEBUG] Normalizing cost and rij arrays
2017-01-04 18:10:04 [optimize_gurobi_es] [DEBUG]  [DEBUG] Starting optimization
2017-01-04 18:10:04 [optimize_gurobi_es] [DEBUG] See /home/ubuntu/data/priocomp/logs/gurobi.log for Gurobi log
2017-01-04 18:10:46 [optimize_gurobi_es] [WARNI]  [WARN] 2 solutions found, using the first (best) solution
2017-01-04 18:10:55 [optimize_gurobi_es] [WARNI]  [WARN] Inconsistent raster profiles detected
2017-01-04 18:10:55 [optimize_gurobi_es] [DEBUG]  Writing intermediate output to analyses/ILP/ilp_es_costs/budget_level_0_25.tif
2017-01-04 18:10:56 [optimize_gurobi_es] [INFO ]  [26/100] Optimizing with fraction level 0.26...
2017-01-04 18:10:56 [optimize_gurobi_es] [DEBUG]  [DEBUG] Normalizing cost and rij arrays
2017-01-04 18:10:56 [optimize_gurobi_es] [DEBUG]  [DEBUG] Starting optimization
2017-01-04 18:10:56 [optimize_gurobi_es] [DEBUG] See /home/ubuntu/data/priocomp/logs/gurobi.log for Gurobi log
2017-01-04 18:11:36 [optimize_gurobi_es] [WARNI]  [WARN] 2 solutions found, using the first (best) solution
2017-01-04 18:11:45 [optimize_gurobi_es] [WARNI]  [WARN] Inconsistent raster profiles detected
2017-01-04 18:11:46 [optimize_gurobi_es] [DEBUG]  Writing intermediate output to analyses/ILP/ilp_es_costs/budget_level_0_26.tif
2017-01-04 18:11:46 [optimize_gurobi_es] [INFO ]  [27/100] Optimizing with fraction level 0.27...
2017-01-04 18:11:46 [optimize_gurobi_es] [DEBUG]  [DEBUG] Normalizing cost and rij arrays
2017-01-04 18:11:46 [optimize_gurobi_es] [DEBUG]  [DEBUG] Starting optimization
2017-01-04 18:11:46 [optimize_gurobi_es] [DEBUG] See /home/ubuntu/data/priocomp/logs/gurobi.log for Gurobi log
2017-01-04 18:12:27 [optimize_gurobi_es] [WARNI]  [WARN] 2 solutions found, using the first (best) solution
2017-01-04 18:12:36 [optimize_gurobi_es] [WARNI]  [WARN] Inconsistent raster profiles detected
2017-01-04 18:12:36 [optimize_gurobi_es] [DEBUG]  Writing intermediate output to analyses/ILP/ilp_es_costs/budget_level_0_27.tif
2017-01-04 18:12:36 [optimize_gurobi_es] [INFO ]  [28/100] Optimizing with fraction level 0.28...
2017-01-04 18:12:36 [optimize_gurobi_es] [DEBUG]  [DEBUG] Normalizing cost and rij arrays
2017-01-04 18:12:36 [optimize_gurobi_es] [DEBUG]  [DEBUG] Starting optimization
2017-01-04 18:12:36 [optimize_gurobi_es] [DEBUG] See /home/ubuntu/data/priocomp/logs/gurobi.log for Gurobi log
2017-01-04 18:13:16 [optimize_gurobi_es] [WARNI]  [WARN] 2 solutions found, using the first (best) solution
2017-01-04 18:13:25 [optimize_gurobi_es] [WARNI]  [WARN] Inconsistent raster profiles detected
2017-01-04 18:13:26 [optimize_gurobi_es] [DEBUG]  Writing intermediate output to analyses/ILP/ilp_es_costs/budget_level_0_28.tif
2017-01-04 18:13:26 [optimize_gurobi_es] [INFO ]  [29/100] Optimizing with fraction level 0.29...
2017-01-04 18:13:26 [optimize_gurobi_es] [DEBUG]  [DEBUG] Normalizing cost and rij arrays
2017-01-04 18:13:26 [optimize_gurobi_es] [DEBUG]  [DEBUG] Starting optimization
2017-01-04 18:13:26 [optimize_gurobi_es] [DEBUG] See /home/ubuntu/data/priocomp/logs/gurobi.log for Gurobi log
2017-01-04 18:14:06 [optimize_gurobi_es] [WARNI]  [WARN] 2 solutions found, using the first (best) solution
2017-01-04 18:14:15 [optimize_gurobi_es] [WARNI]  [WARN] Inconsistent raster profiles detected
2017-01-04 18:14:15 [optimize_gurobi_es] [DEBUG]  Writing intermediate output to analyses/ILP/ilp_es_costs/budget_level_0_29.tif
2017-01-04 18:14:16 [optimize_gurobi_es] [INFO ]  [30/100] Optimizing with fraction level 0.3...
2017-01-04 18:14:16 [optimize_gurobi_es] [DEBUG]  [DEBUG] Normalizing cost and rij arrays
2017-01-04 18:14:16 [optimize_gurobi_es] [DEBUG]  [DEBUG] Starting optimization
2017-01-04 18:14:16 [optimize_gurobi_es] [DEBUG] See /home/ubuntu/data/priocomp/logs/gurobi.log for Gurobi log
2017-01-04 18:14:54 [optimize_gurobi_es] [WARNI]  [WARN] 2 solutions found, using the first (best) solution
2017-01-04 18:15:03 [optimize_gurobi_es] [WARNI]  [WARN] Inconsistent raster profiles detected
2017-01-04 18:15:04 [optimize_gurobi_es] [DEBUG]  Writing intermediate output to analyses/ILP/ilp_es_costs/budget_level_0_3.tif
2017-01-04 18:15:04 [optimize_gurobi_es] [INFO ]  [31/100] Optimizing with fraction level 0.31...
2017-01-04 18:15:04 [optimize_gurobi_es] [DEBUG]  [DEBUG] Normalizing cost and rij arrays
2017-01-04 18:15:04 [optimize_gurobi_es] [DEBUG]  [DEBUG] Starting optimization
2017-01-04 18:15:04 [optimize_gurobi_es] [DEBUG] See /home/ubuntu/data/priocomp/logs/gurobi.log for Gurobi log
2017-01-04 18:15:44 [optimize_gurobi_es] [WARNI]  [WARN] 2 solutions found, using the first (best) solution
2017-01-04 18:15:53 [optimize_gurobi_es] [WARNI]  [WARN] Inconsistent raster profiles detected
2017-01-04 18:15:53 [optimize_gurobi_es] [DEBUG]  Writing intermediate output to analyses/ILP/ilp_es_costs/budget_level_0_31.tif
2017-01-04 18:15:53 [optimize_gurobi_es] [INFO ]  [32/100] Optimizing with fraction level 0.32...
2017-01-04 18:15:53 [optimize_gurobi_es] [DEBUG]  [DEBUG] Normalizing cost and rij arrays
2017-01-04 18:15:53 [optimize_gurobi_es] [DEBUG]  [DEBUG] Starting optimization
2017-01-04 18:15:53 [optimize_gurobi_es] [DEBUG] See /home/ubuntu/data/priocomp/logs/gurobi.log for Gurobi log
2017-01-04 18:16:33 [optimize_gurobi_es] [WARNI]  [WARN] 2 solutions found, using the first (best) solution
2017-01-04 18:16:43 [optimize_gurobi_es] [WARNI]  [WARN] Inconsistent raster profiles detected
2017-01-04 18:16:43 [optimize_gurobi_es] [DEBUG]  Writing intermediate output to analyses/ILP/ilp_es_costs/budget_level_0_32.tif
2017-01-04 18:16:43 [optimize_gurobi_es] [INFO ]  [33/100] Optimizing with fraction level 0.33...
2017-01-04 18:16:43 [optimize_gurobi_es] [DEBUG]  [DEBUG] Normalizing cost and rij arrays
2017-01-04 18:16:43 [optimize_gurobi_es] [DEBUG]  [DEBUG] Starting optimization
2017-01-04 18:16:43 [optimize_gurobi_es] [DEBUG] See /home/ubuntu/data/priocomp/logs/gurobi.log for Gurobi log
2017-01-04 18:17:23 [optimize_gurobi_es] [WARNI]  [WARN] 2 solutions found, using the first (best) solution
2017-01-04 18:17:32 [optimize_gurobi_es] [WARNI]  [WARN] Inconsistent raster profiles detected
2017-01-04 18:17:32 [optimize_gurobi_es] [DEBUG]  Writing intermediate output to analyses/ILP/ilp_es_costs/budget_level_0_33.tif
2017-01-04 18:17:33 [optimize_gurobi_es] [INFO ]  [34/100] Optimizing with fraction level 0.34...
2017-01-04 18:17:33 [optimize_gurobi_es] [DEBUG]  [DEBUG] Normalizing cost and rij arrays
2017-01-04 18:17:33 [optimize_gurobi_es] [DEBUG]  [DEBUG] Starting optimization
2017-01-04 18:17:33 [optimize_gurobi_es] [DEBUG] See /home/ubuntu/data/priocomp/logs/gurobi.log for Gurobi log
2017-01-04 18:18:12 [optimize_gurobi_es] [WARNI]  [WARN] 2 solutions found, using the first (best) solution
2017-01-04 18:18:20 [optimize_gurobi_es] [WARNI]  [WARN] Inconsistent raster profiles detected
2017-01-04 18:18:21 [optimize_gurobi_es] [DEBUG]  Writing intermediate output to analyses/ILP/ilp_es_costs/budget_level_0_34.tif
2017-01-04 18:18:21 [optimize_gurobi_es] [INFO ]  [35/100] Optimizing with fraction level 0.35...
2017-01-04 18:18:21 [optimize_gurobi_es] [DEBUG]  [DEBUG] Normalizing cost and rij arrays
2017-01-04 18:18:21 [optimize_gurobi_es] [DEBUG]  [DEBUG] Starting optimization
2017-01-04 18:18:21 [optimize_gurobi_es] [DEBUG] See /home/ubuntu/data/priocomp/logs/gurobi.log for Gurobi log
2017-01-04 18:19:01 [optimize_gurobi_es] [WARNI]  [WARN] 2 solutions found, using the first (best) solution
2017-01-04 18:19:10 [optimize_gurobi_es] [WARNI]  [WARN] Inconsistent raster profiles detected
2017-01-04 18:19:11 [optimize_gurobi_es] [DEBUG]  Writing intermediate output to analyses/ILP/ilp_es_costs/budget_level_0_35.tif
2017-01-04 18:19:11 [optimize_gurobi_es] [INFO ]  [36/100] Optimizing with fraction level 0.36...
2017-01-04 18:19:11 [optimize_gurobi_es] [DEBUG]  [DEBUG] Normalizing cost and rij arrays
2017-01-04 18:19:11 [optimize_gurobi_es] [DEBUG]  [DEBUG] Starting optimization
2017-01-04 18:19:11 [optimize_gurobi_es] [DEBUG] See /home/ubuntu/data/priocomp/logs/gurobi.log for Gurobi log
2017-01-04 18:19:52 [optimize_gurobi_es] [WARNI]  [WARN] 2 solutions found, using the first (best) solution
2017-01-04 18:20:01 [optimize_gurobi_es] [WARNI]  [WARN] Inconsistent raster profiles detected
2017-01-04 18:20:01 [optimize_gurobi_es] [DEBUG]  Writing intermediate output to analyses/ILP/ilp_es_costs/budget_level_0_36.tif
2017-01-04 18:20:02 [optimize_gurobi_es] [INFO ]  [37/100] Optimizing with fraction level 0.37...
2017-01-04 18:20:02 [optimize_gurobi_es] [DEBUG]  [DEBUG] Normalizing cost and rij arrays
2017-01-04 18:20:02 [optimize_gurobi_es] [DEBUG]  [DEBUG] Starting optimization
2017-01-04 18:20:02 [optimize_gurobi_es] [DEBUG] See /home/ubuntu/data/priocomp/logs/gurobi.log for Gurobi log
2017-01-04 18:20:41 [optimize_gurobi_es] [WARNI]  [WARN] 2 solutions found, using the first (best) solution
2017-01-04 18:20:50 [optimize_gurobi_es] [WARNI]  [WARN] Inconsistent raster profiles detected
2017-01-04 18:20:50 [optimize_gurobi_es] [DEBUG]  Writing intermediate output to analyses/ILP/ilp_es_costs/budget_level_0_37.tif
2017-01-04 18:20:51 [optimize_gurobi_es] [INFO ]  [38/100] Optimizing with fraction level 0.38...
2017-01-04 18:20:51 [optimize_gurobi_es] [DEBUG]  [DEBUG] Normalizing cost and rij arrays
2017-01-04 18:20:51 [optimize_gurobi_es] [DEBUG]  [DEBUG] Starting optimization
2017-01-04 18:20:51 [optimize_gurobi_es] [DEBUG] See /home/ubuntu/data/priocomp/logs/gurobi.log for Gurobi log
2017-01-04 18:21:32 [optimize_gurobi_es] [WARNI]  [WARN] 2 solutions found, using the first (best) solution
2017-01-04 18:21:41 [optimize_gurobi_es] [WARNI]  [WARN] Inconsistent raster profiles detected
2017-01-04 18:21:41 [optimize_gurobi_es] [DEBUG]  Writing intermediate output to analyses/ILP/ilp_es_costs/budget_level_0_38.tif
2017-01-04 18:21:42 [optimize_gurobi_es] [INFO ]  [39/100] Optimizing with fraction level 0.39...
2017-01-04 18:21:42 [optimize_gurobi_es] [DEBUG]  [DEBUG] Normalizing cost and rij arrays
2017-01-04 18:21:42 [optimize_gurobi_es] [DEBUG]  [DEBUG] Starting optimization
2017-01-04 18:21:42 [optimize_gurobi_es] [DEBUG] See /home/ubuntu/data/priocomp/logs/gurobi.log for Gurobi log
2017-01-04 18:22:23 [optimize_gurobi_es] [WARNI]  [WARN] 2 solutions found, using the first (best) solution
2017-01-04 18:22:32 [optimize_gurobi_es] [WARNI]  [WARN] Inconsistent raster profiles detected
2017-01-04 18:22:33 [optimize_gurobi_es] [DEBUG]  Writing intermediate output to analyses/ILP/ilp_es_costs/budget_level_0_39.tif
2017-01-04 18:22:33 [optimize_gurobi_es] [INFO ]  [40/100] Optimizing with fraction level 0.4...
2017-01-04 18:22:33 [optimize_gurobi_es] [DEBUG]  [DEBUG] Normalizing cost and rij arrays
2017-01-04 18:22:33 [optimize_gurobi_es] [DEBUG]  [DEBUG] Starting optimization
2017-01-04 18:22:33 [optimize_gurobi_es] [DEBUG] See /home/ubuntu/data/priocomp/logs/gurobi.log for Gurobi log
2017-01-04 18:23:14 [optimize_gurobi_es] [WARNI]  [WARN] 2 solutions found, using the first (best) solution
2017-01-04 18:23:23 [optimize_gurobi_es] [WARNI]  [WARN] Inconsistent raster profiles detected
2017-01-04 18:23:23 [optimize_gurobi_es] [DEBUG]  Writing intermediate output to analyses/ILP/ilp_es_costs/budget_level_0_4.tif
2017-01-04 18:23:24 [optimize_gurobi_es] [INFO ]  [41/100] Optimizing with fraction level 0.41...
2017-01-04 18:23:24 [optimize_gurobi_es] [DEBUG]  [DEBUG] Normalizing cost and rij arrays
2017-01-04 18:23:24 [optimize_gurobi_es] [DEBUG]  [DEBUG] Starting optimization
2017-01-04 18:23:24 [optimize_gurobi_es] [DEBUG] See /home/ubuntu/data/priocomp/logs/gurobi.log for Gurobi log
2017-01-04 18:24:04 [optimize_gurobi_es] [WARNI]  [WARN] 2 solutions found, using the first (best) solution
2017-01-04 18:24:13 [optimize_gurobi_es] [WARNI]  [WARN] Inconsistent raster profiles detected
2017-01-04 18:24:13 [optimize_gurobi_es] [DEBUG]  Writing intermediate output to analyses/ILP/ilp_es_costs/budget_level_0_41.tif
2017-01-04 18:24:14 [optimize_gurobi_es] [INFO ]  [42/100] Optimizing with fraction level 0.42...
2017-01-04 18:24:14 [optimize_gurobi_es] [DEBUG]  [DEBUG] Normalizing cost and rij arrays
2017-01-04 18:24:14 [optimize_gurobi_es] [DEBUG]  [DEBUG] Starting optimization
2017-01-04 18:24:14 [optimize_gurobi_es] [DEBUG] See /home/ubuntu/data/priocomp/logs/gurobi.log for Gurobi log
2017-01-04 18:24:54 [optimize_gurobi_es] [WARNI]  [WARN] 2 solutions found, using the first (best) solution
2017-01-04 18:25:03 [optimize_gurobi_es] [WARNI]  [WARN] Inconsistent raster profiles detected
2017-01-04 18:25:04 [optimize_gurobi_es] [DEBUG]  Writing intermediate output to analyses/ILP/ilp_es_costs/budget_level_0_42.tif
2017-01-04 18:25:04 [optimize_gurobi_es] [INFO ]  [43/100] Optimizing with fraction level 0.43...
2017-01-04 18:25:04 [optimize_gurobi_es] [DEBUG]  [DEBUG] Normalizing cost and rij arrays
2017-01-04 18:25:04 [optimize_gurobi_es] [DEBUG]  [DEBUG] Starting optimization
2017-01-04 18:25:04 [optimize_gurobi_es] [DEBUG] See /home/ubuntu/data/priocomp/logs/gurobi.log for Gurobi log
2017-01-04 18:25:43 [optimize_gurobi_es] [WARNI]  [WARN] 2 solutions found, using the first (best) solution
2017-01-04 18:25:52 [optimize_gurobi_es] [WARNI]  [WARN] Inconsistent raster profiles detected
2017-01-04 18:25:52 [optimize_gurobi_es] [DEBUG]  Writing intermediate output to analyses/ILP/ilp_es_costs/budget_level_0_43.tif
2017-01-04 18:25:53 [optimize_gurobi_es] [INFO ]  [44/100] Optimizing with fraction level 0.44...
2017-01-04 18:25:53 [optimize_gurobi_es] [DEBUG]  [DEBUG] Normalizing cost and rij arrays
2017-01-04 18:25:53 [optimize_gurobi_es] [DEBUG]  [DEBUG] Starting optimization
2017-01-04 18:25:53 [optimize_gurobi_es] [DEBUG] See /home/ubuntu/data/priocomp/logs/gurobi.log for Gurobi log
2017-01-04 18:26:34 [optimize_gurobi_es] [WARNI]  [WARN] 2 solutions found, using the first (best) solution
2017-01-04 18:26:43 [optimize_gurobi_es] [WARNI]  [WARN] Inconsistent raster profiles detected
2017-01-04 18:26:43 [optimize_gurobi_es] [DEBUG]  Writing intermediate output to analyses/ILP/ilp_es_costs/budget_level_0_44.tif
2017-01-04 18:26:43 [optimize_gurobi_es] [INFO ]  [45/100] Optimizing with fraction level 0.45...
2017-01-04 18:26:43 [optimize_gurobi_es] [DEBUG]  [DEBUG] Normalizing cost and rij arrays
2017-01-04 18:26:43 [optimize_gurobi_es] [DEBUG]  [DEBUG] Starting optimization
2017-01-04 18:26:43 [optimize_gurobi_es] [DEBUG] See /home/ubuntu/data/priocomp/logs/gurobi.log for Gurobi log
2017-01-04 18:27:22 [optimize_gurobi_es] [WARNI]  [WARN] 2 solutions found, using the first (best) solution
2017-01-04 18:27:32 [optimize_gurobi_es] [WARNI]  [WARN] Inconsistent raster profiles detected
2017-01-04 18:27:32 [optimize_gurobi_es] [DEBUG]  Writing intermediate output to analyses/ILP/ilp_es_costs/budget_level_0_45.tif
2017-01-04 18:27:32 [optimize_gurobi_es] [INFO ]  [46/100] Optimizing with fraction level 0.46...
2017-01-04 18:27:32 [optimize_gurobi_es] [DEBUG]  [DEBUG] Normalizing cost and rij arrays
2017-01-04 18:27:32 [optimize_gurobi_es] [DEBUG]  [DEBUG] Starting optimization
2017-01-04 18:27:32 [optimize_gurobi_es] [DEBUG] See /home/ubuntu/data/priocomp/logs/gurobi.log for Gurobi log
2017-01-04 18:28:14 [optimize_gurobi_es] [WARNI]  [WARN] 2 solutions found, using the first (best) solution
2017-01-04 18:28:23 [optimize_gurobi_es] [WARNI]  [WARN] Inconsistent raster profiles detected
2017-01-04 18:28:23 [optimize_gurobi_es] [DEBUG]  Writing intermediate output to analyses/ILP/ilp_es_costs/budget_level_0_46.tif
2017-01-04 18:28:23 [optimize_gurobi_es] [INFO ]  [47/100] Optimizing with fraction level 0.47...
2017-01-04 18:28:23 [optimize_gurobi_es] [DEBUG]  [DEBUG] Normalizing cost and rij arrays
2017-01-04 18:28:23 [optimize_gurobi_es] [DEBUG]  [DEBUG] Starting optimization
2017-01-04 18:28:23 [optimize_gurobi_es] [DEBUG] See /home/ubuntu/data/priocomp/logs/gurobi.log for Gurobi log
2017-01-04 18:29:03 [optimize_gurobi_es] [WARNI]  [WARN] 2 solutions found, using the first (best) solution
2017-01-04 18:29:12 [optimize_gurobi_es] [WARNI]  [WARN] Inconsistent raster profiles detected
2017-01-04 18:29:12 [optimize_gurobi_es] [DEBUG]  Writing intermediate output to analyses/ILP/ilp_es_costs/budget_level_0_47.tif
2017-01-04 18:29:13 [optimize_gurobi_es] [INFO ]  [48/100] Optimizing with fraction level 0.48...
2017-01-04 18:29:13 [optimize_gurobi_es] [DEBUG]  [DEBUG] Normalizing cost and rij arrays
2017-01-04 18:29:13 [optimize_gurobi_es] [DEBUG]  [DEBUG] Starting optimization
2017-01-04 18:29:13 [optimize_gurobi_es] [DEBUG] See /home/ubuntu/data/priocomp/logs/gurobi.log for Gurobi log
2017-01-04 18:29:54 [optimize_gurobi_es] [WARNI]  [WARN] 2 solutions found, using the first (best) solution
2017-01-04 18:30:03 [optimize_gurobi_es] [WARNI]  [WARN] Inconsistent raster profiles detected
2017-01-04 18:30:03 [optimize_gurobi_es] [DEBUG]  Writing intermediate output to analyses/ILP/ilp_es_costs/budget_level_0_48.tif
2017-01-04 18:30:04 [optimize_gurobi_es] [INFO ]  [49/100] Optimizing with fraction level 0.49...
2017-01-04 18:30:04 [optimize_gurobi_es] [DEBUG]  [DEBUG] Normalizing cost and rij arrays
2017-01-04 18:30:04 [optimize_gurobi_es] [DEBUG]  [DEBUG] Starting optimization
2017-01-04 18:30:04 [optimize_gurobi_es] [DEBUG] See /home/ubuntu/data/priocomp/logs/gurobi.log for Gurobi log
2017-01-04 18:30:45 [optimize_gurobi_es] [WARNI]  [WARN] 2 solutions found, using the first (best) solution
2017-01-04 18:30:54 [optimize_gurobi_es] [WARNI]  [WARN] Inconsistent raster profiles detected
2017-01-04 18:30:55 [optimize_gurobi_es] [DEBUG]  Writing intermediate output to analyses/ILP/ilp_es_costs/budget_level_0_49.tif
2017-01-04 18:30:55 [optimize_gurobi_es] [INFO ]  [50/100] Optimizing with fraction level 0.5...
2017-01-04 18:30:55 [optimize_gurobi_es] [DEBUG]  [DEBUG] Normalizing cost and rij arrays
2017-01-04 18:30:55 [optimize_gurobi_es] [DEBUG]  [DEBUG] Starting optimization
2017-01-04 18:30:55 [optimize_gurobi_es] [DEBUG] See /home/ubuntu/data/priocomp/logs/gurobi.log for Gurobi log
2017-01-04 18:31:37 [optimize_gurobi_es] [WARNI]  [WARN] 2 solutions found, using the first (best) solution
2017-01-04 18:31:47 [optimize_gurobi_es] [WARNI]  [WARN] Inconsistent raster profiles detected
2017-01-04 18:31:47 [optimize_gurobi_es] [DEBUG]  Writing intermediate output to analyses/ILP/ilp_es_costs/budget_level_0_5.tif
2017-01-04 18:31:47 [optimize_gurobi_es] [INFO ]  [51/100] Optimizing with fraction level 0.51...
2017-01-04 18:31:47 [optimize_gurobi_es] [DEBUG]  [DEBUG] Normalizing cost and rij arrays
2017-01-04 18:31:47 [optimize_gurobi_es] [DEBUG]  [DEBUG] Starting optimization
2017-01-04 18:31:47 [optimize_gurobi_es] [DEBUG] See /home/ubuntu/data/priocomp/logs/gurobi.log for Gurobi log
2017-01-04 18:32:29 [optimize_gurobi_es] [WARNI]  [WARN] 2 solutions found, using the first (best) solution
2017-01-04 18:32:37 [optimize_gurobi_es] [WARNI]  [WARN] Inconsistent raster profiles detected
2017-01-04 18:32:38 [optimize_gurobi_es] [DEBUG]  Writing intermediate output to analyses/ILP/ilp_es_costs/budget_level_0_51.tif
2017-01-04 18:32:38 [optimize_gurobi_es] [INFO ]  [52/100] Optimizing with fraction level 0.52...
2017-01-04 18:32:38 [optimize_gurobi_es] [DEBUG]  [DEBUG] Normalizing cost and rij arrays
2017-01-04 18:32:38 [optimize_gurobi_es] [DEBUG]  [DEBUG] Starting optimization
2017-01-04 18:32:38 [optimize_gurobi_es] [DEBUG] See /home/ubuntu/data/priocomp/logs/gurobi.log for Gurobi log
2017-01-04 18:33:18 [optimize_gurobi_es] [WARNI]  [WARN] 2 solutions found, using the first (best) solution
2017-01-04 18:33:26 [optimize_gurobi_es] [WARNI]  [WARN] Inconsistent raster profiles detected
2017-01-04 18:33:27 [optimize_gurobi_es] [DEBUG]  Writing intermediate output to analyses/ILP/ilp_es_costs/budget_level_0_52.tif
2017-01-04 18:33:27 [optimize_gurobi_es] [INFO ]  [53/100] Optimizing with fraction level 0.53...
2017-01-04 18:33:27 [optimize_gurobi_es] [DEBUG]  [DEBUG] Normalizing cost and rij arrays
2017-01-04 18:33:27 [optimize_gurobi_es] [DEBUG]  [DEBUG] Starting optimization
2017-01-04 18:33:27 [optimize_gurobi_es] [DEBUG] See /home/ubuntu/data/priocomp/logs/gurobi.log for Gurobi log
2017-01-04 18:34:06 [optimize_gurobi_es] [WARNI]  [WARN] 2 solutions found, using the first (best) solution
2017-01-04 18:34:15 [optimize_gurobi_es] [WARNI]  [WARN] Inconsistent raster profiles detected
2017-01-04 18:34:15 [optimize_gurobi_es] [DEBUG]  Writing intermediate output to analyses/ILP/ilp_es_costs/budget_level_0_53.tif
2017-01-04 18:34:15 [optimize_gurobi_es] [INFO ]  [54/100] Optimizing with fraction level 0.54...
2017-01-04 18:34:15 [optimize_gurobi_es] [DEBUG]  [DEBUG] Normalizing cost and rij arrays
2017-01-04 18:34:15 [optimize_gurobi_es] [DEBUG]  [DEBUG] Starting optimization
2017-01-04 18:34:15 [optimize_gurobi_es] [DEBUG] See /home/ubuntu/data/priocomp/logs/gurobi.log for Gurobi log
2017-01-04 18:34:54 [optimize_gurobi_es] [WARNI]  [WARN] 2 solutions found, using the first (best) solution
2017-01-04 18:35:03 [optimize_gurobi_es] [WARNI]  [WARN] Inconsistent raster profiles detected
2017-01-04 18:35:04 [optimize_gurobi_es] [DEBUG]  Writing intermediate output to analyses/ILP/ilp_es_costs/budget_level_0_54.tif
2017-01-04 18:35:04 [optimize_gurobi_es] [INFO ]  [55/100] Optimizing with fraction level 0.55...
2017-01-04 18:35:04 [optimize_gurobi_es] [DEBUG]  [DEBUG] Normalizing cost and rij arrays
2017-01-04 18:35:04 [optimize_gurobi_es] [DEBUG]  [DEBUG] Starting optimization
2017-01-04 18:35:04 [optimize_gurobi_es] [DEBUG] See /home/ubuntu/data/priocomp/logs/gurobi.log for Gurobi log
2017-01-04 18:35:43 [optimize_gurobi_es] [WARNI]  [WARN] 2 solutions found, using the first (best) solution
2017-01-04 18:35:53 [optimize_gurobi_es] [WARNI]  [WARN] Inconsistent raster profiles detected
2017-01-04 18:35:53 [optimize_gurobi_es] [DEBUG]  Writing intermediate output to analyses/ILP/ilp_es_costs/budget_level_0_55.tif
2017-01-04 18:35:53 [optimize_gurobi_es] [INFO ]  [56/100] Optimizing with fraction level 0.56...
2017-01-04 18:35:53 [optimize_gurobi_es] [DEBUG]  [DEBUG] Normalizing cost and rij arrays
2017-01-04 18:35:53 [optimize_gurobi_es] [DEBUG]  [DEBUG] Starting optimization
2017-01-04 18:35:53 [optimize_gurobi_es] [DEBUG] See /home/ubuntu/data/priocomp/logs/gurobi.log for Gurobi log
2017-01-04 18:36:33 [optimize_gurobi_es] [WARNI]  [WARN] 2 solutions found, using the first (best) solution
2017-01-04 18:36:42 [optimize_gurobi_es] [WARNI]  [WARN] Inconsistent raster profiles detected
2017-01-04 18:36:42 [optimize_gurobi_es] [DEBUG]  Writing intermediate output to analyses/ILP/ilp_es_costs/budget_level_0_56.tif
2017-01-04 18:36:43 [optimize_gurobi_es] [INFO ]  [57/100] Optimizing with fraction level 0.57...
2017-01-04 18:36:43 [optimize_gurobi_es] [DEBUG]  [DEBUG] Normalizing cost and rij arrays
2017-01-04 18:36:43 [optimize_gurobi_es] [DEBUG]  [DEBUG] Starting optimization
2017-01-04 18:36:43 [optimize_gurobi_es] [DEBUG] See /home/ubuntu/data/priocomp/logs/gurobi.log for Gurobi log
2017-01-04 18:37:24 [optimize_gurobi_es] [WARNI]  [WARN] 2 solutions found, using the first (best) solution
2017-01-04 18:37:34 [optimize_gurobi_es] [WARNI]  [WARN] Inconsistent raster profiles detected
2017-01-04 18:37:34 [optimize_gurobi_es] [DEBUG]  Writing intermediate output to analyses/ILP/ilp_es_costs/budget_level_0_57.tif
2017-01-04 18:37:34 [optimize_gurobi_es] [INFO ]  [58/100] Optimizing with fraction level 0.58...
2017-01-04 18:37:34 [optimize_gurobi_es] [DEBUG]  [DEBUG] Normalizing cost and rij arrays
2017-01-04 18:37:34 [optimize_gurobi_es] [DEBUG]  [DEBUG] Starting optimization
2017-01-04 18:37:34 [optimize_gurobi_es] [DEBUG] See /home/ubuntu/data/priocomp/logs/gurobi.log for Gurobi log
2017-01-04 18:38:15 [optimize_gurobi_es] [WARNI]  [WARN] 2 solutions found, using the first (best) solution
2017-01-04 18:38:24 [optimize_gurobi_es] [WARNI]  [WARN] Inconsistent raster profiles detected
2017-01-04 18:38:24 [optimize_gurobi_es] [DEBUG]  Writing intermediate output to analyses/ILP/ilp_es_costs/budget_level_0_58.tif
2017-01-04 18:38:24 [optimize_gurobi_es] [INFO ]  [59/100] Optimizing with fraction level 0.59...
2017-01-04 18:38:24 [optimize_gurobi_es] [DEBUG]  [DEBUG] Normalizing cost and rij arrays
2017-01-04 18:38:24 [optimize_gurobi_es] [DEBUG]  [DEBUG] Starting optimization
2017-01-04 18:38:24 [optimize_gurobi_es] [DEBUG] See /home/ubuntu/data/priocomp/logs/gurobi.log for Gurobi log
2017-01-04 18:39:04 [optimize_gurobi_es] [WARNI]  [WARN] 2 solutions found, using the first (best) solution
2017-01-04 18:39:13 [optimize_gurobi_es] [WARNI]  [WARN] Inconsistent raster profiles detected
2017-01-04 18:39:13 [optimize_gurobi_es] [DEBUG]  Writing intermediate output to analyses/ILP/ilp_es_costs/budget_level_0_59.tif
2017-01-04 18:39:14 [optimize_gurobi_es] [INFO ]  [60/100] Optimizing with fraction level 0.6...
2017-01-04 18:39:14 [optimize_gurobi_es] [DEBUG]  [DEBUG] Normalizing cost and rij arrays
2017-01-04 18:39:14 [optimize_gurobi_es] [DEBUG]  [DEBUG] Starting optimization
2017-01-04 18:39:14 [optimize_gurobi_es] [DEBUG] See /home/ubuntu/data/priocomp/logs/gurobi.log for Gurobi log
2017-01-04 18:39:54 [optimize_gurobi_es] [WARNI]  [WARN] 2 solutions found, using the first (best) solution
2017-01-04 18:40:03 [optimize_gurobi_es] [WARNI]  [WARN] Inconsistent raster profiles detected
2017-01-04 18:40:03 [optimize_gurobi_es] [DEBUG]  Writing intermediate output to analyses/ILP/ilp_es_costs/budget_level_0_6.tif
2017-01-04 18:40:03 [optimize_gurobi_es] [INFO ]  [61/100] Optimizing with fraction level 0.61...
2017-01-04 18:40:03 [optimize_gurobi_es] [DEBUG]  [DEBUG] Normalizing cost and rij arrays
2017-01-04 18:40:03 [optimize_gurobi_es] [DEBUG]  [DEBUG] Starting optimization
2017-01-04 18:40:03 [optimize_gurobi_es] [DEBUG] See /home/ubuntu/data/priocomp/logs/gurobi.log for Gurobi log
2017-01-04 18:40:44 [optimize_gurobi_es] [WARNI]  [WARN] 2 solutions found, using the first (best) solution
2017-01-04 18:40:53 [optimize_gurobi_es] [WARNI]  [WARN] Inconsistent raster profiles detected
2017-01-04 18:40:53 [optimize_gurobi_es] [DEBUG]  Writing intermediate output to analyses/ILP/ilp_es_costs/budget_level_0_61.tif
2017-01-04 18:40:54 [optimize_gurobi_es] [INFO ]  [62/100] Optimizing with fraction level 0.62...
2017-01-04 18:40:54 [optimize_gurobi_es] [DEBUG]  [DEBUG] Normalizing cost and rij arrays
2017-01-04 18:40:54 [optimize_gurobi_es] [DEBUG]  [DEBUG] Starting optimization
2017-01-04 18:40:54 [optimize_gurobi_es] [DEBUG] See /home/ubuntu/data/priocomp/logs/gurobi.log for Gurobi log
2017-01-04 18:41:35 [optimize_gurobi_es] [WARNI]  [WARN] 2 solutions found, using the first (best) solution
2017-01-04 18:41:43 [optimize_gurobi_es] [WARNI]  [WARN] Inconsistent raster profiles detected
2017-01-04 18:41:44 [optimize_gurobi_es] [DEBUG]  Writing intermediate output to analyses/ILP/ilp_es_costs/budget_level_0_62.tif
2017-01-04 18:41:44 [optimize_gurobi_es] [INFO ]  [63/100] Optimizing with fraction level 0.63...
2017-01-04 18:41:44 [optimize_gurobi_es] [DEBUG]  [DEBUG] Normalizing cost and rij arrays
2017-01-04 18:41:44 [optimize_gurobi_es] [DEBUG]  [DEBUG] Starting optimization
2017-01-04 18:41:44 [optimize_gurobi_es] [DEBUG] See /home/ubuntu/data/priocomp/logs/gurobi.log for Gurobi log
2017-01-04 18:42:24 [optimize_gurobi_es] [WARNI]  [WARN] 2 solutions found, using the first (best) solution
2017-01-04 18:42:34 [optimize_gurobi_es] [WARNI]  [WARN] Inconsistent raster profiles detected
2017-01-04 18:42:34 [optimize_gurobi_es] [DEBUG]  Writing intermediate output to analyses/ILP/ilp_es_costs/budget_level_0_63.tif
2017-01-04 18:42:34 [optimize_gurobi_es] [INFO ]  [64/100] Optimizing with fraction level 0.64...
2017-01-04 18:42:34 [optimize_gurobi_es] [DEBUG]  [DEBUG] Normalizing cost and rij arrays
2017-01-04 18:42:34 [optimize_gurobi_es] [DEBUG]  [DEBUG] Starting optimization
2017-01-04 18:42:34 [optimize_gurobi_es] [DEBUG] See /home/ubuntu/data/priocomp/logs/gurobi.log for Gurobi log
2017-01-04 18:43:15 [optimize_gurobi_es] [WARNI]  [WARN] 2 solutions found, using the first (best) solution
2017-01-04 18:43:24 [optimize_gurobi_es] [WARNI]  [WARN] Inconsistent raster profiles detected
2017-01-04 18:43:24 [optimize_gurobi_es] [DEBUG]  Writing intermediate output to analyses/ILP/ilp_es_costs/budget_level_0_64.tif
2017-01-04 18:43:25 [optimize_gurobi_es] [INFO ]  [65/100] Optimizing with fraction level 0.65...
2017-01-04 18:43:25 [optimize_gurobi_es] [DEBUG]  [DEBUG] Normalizing cost and rij arrays
2017-01-04 18:43:25 [optimize_gurobi_es] [DEBUG]  [DEBUG] Starting optimization
2017-01-04 18:43:25 [optimize_gurobi_es] [DEBUG] See /home/ubuntu/data/priocomp/logs/gurobi.log for Gurobi log
2017-01-04 18:44:06 [optimize_gurobi_es] [WARNI]  [WARN] 2 solutions found, using the first (best) solution
2017-01-04 18:44:15 [optimize_gurobi_es] [WARNI]  [WARN] Inconsistent raster profiles detected
2017-01-04 18:44:15 [optimize_gurobi_es] [DEBUG]  Writing intermediate output to analyses/ILP/ilp_es_costs/budget_level_0_65.tif
2017-01-04 18:44:15 [optimize_gurobi_es] [INFO ]  [66/100] Optimizing with fraction level 0.66...
2017-01-04 18:44:16 [optimize_gurobi_es] [DEBUG]  [DEBUG] Normalizing cost and rij arrays
2017-01-04 18:44:16 [optimize_gurobi_es] [DEBUG]  [DEBUG] Starting optimization
2017-01-04 18:44:16 [optimize_gurobi_es] [DEBUG] See /home/ubuntu/data/priocomp/logs/gurobi.log for Gurobi log
2017-01-04 18:44:55 [optimize_gurobi_es] [WARNI]  [WARN] 2 solutions found, using the first (best) solution
2017-01-04 18:45:05 [optimize_gurobi_es] [WARNI]  [WARN] Inconsistent raster profiles detected
2017-01-04 18:45:05 [optimize_gurobi_es] [DEBUG]  Writing intermediate output to analyses/ILP/ilp_es_costs/budget_level_0_66.tif
2017-01-04 18:45:05 [optimize_gurobi_es] [INFO ]  [67/100] Optimizing with fraction level 0.67...
2017-01-04 18:45:05 [optimize_gurobi_es] [DEBUG]  [DEBUG] Normalizing cost and rij arrays
2017-01-04 18:45:05 [optimize_gurobi_es] [DEBUG]  [DEBUG] Starting optimization
2017-01-04 18:45:05 [optimize_gurobi_es] [DEBUG] See /home/ubuntu/data/priocomp/logs/gurobi.log for Gurobi log
2017-01-04 18:45:46 [optimize_gurobi_es] [WARNI]  [WARN] 2 solutions found, using the first (best) solution
2017-01-04 18:45:55 [optimize_gurobi_es] [WARNI]  [WARN] Inconsistent raster profiles detected
2017-01-04 18:45:55 [optimize_gurobi_es] [DEBUG]  Writing intermediate output to analyses/ILP/ilp_es_costs/budget_level_0_67.tif
2017-01-04 18:45:56 [optimize_gurobi_es] [INFO ]  [68/100] Optimizing with fraction level 0.68...
2017-01-04 18:45:56 [optimize_gurobi_es] [DEBUG]  [DEBUG] Normalizing cost and rij arrays
2017-01-04 18:45:56 [optimize_gurobi_es] [DEBUG]  [DEBUG] Starting optimization
2017-01-04 18:45:56 [optimize_gurobi_es] [DEBUG] See /home/ubuntu/data/priocomp/logs/gurobi.log for Gurobi log
2017-01-04 18:46:37 [optimize_gurobi_es] [WARNI]  [WARN] 2 solutions found, using the first (best) solution
2017-01-04 18:46:46 [optimize_gurobi_es] [WARNI]  [WARN] Inconsistent raster profiles detected
2017-01-04 18:46:46 [optimize_gurobi_es] [DEBUG]  Writing intermediate output to analyses/ILP/ilp_es_costs/budget_level_0_68.tif
2017-01-04 18:46:46 [optimize_gurobi_es] [INFO ]  [69/100] Optimizing with fraction level 0.69...
2017-01-04 18:46:46 [optimize_gurobi_es] [DEBUG]  [DEBUG] Normalizing cost and rij arrays
2017-01-04 18:46:46 [optimize_gurobi_es] [DEBUG]  [DEBUG] Starting optimization
2017-01-04 18:46:46 [optimize_gurobi_es] [DEBUG] See /home/ubuntu/data/priocomp/logs/gurobi.log for Gurobi log
2017-01-04 18:47:26 [optimize_gurobi_es] [WARNI]  [WARN] 2 solutions found, using the first (best) solution
2017-01-04 18:47:35 [optimize_gurobi_es] [WARNI]  [WARN] Inconsistent raster profiles detected
2017-01-04 18:47:35 [optimize_gurobi_es] [DEBUG]  Writing intermediate output to analyses/ILP/ilp_es_costs/budget_level_0_69.tif
2017-01-04 18:47:36 [optimize_gurobi_es] [INFO ]  [70/100] Optimizing with fraction level 0.7...
2017-01-04 18:47:36 [optimize_gurobi_es] [DEBUG]  [DEBUG] Normalizing cost and rij arrays
2017-01-04 18:47:36 [optimize_gurobi_es] [DEBUG]  [DEBUG] Starting optimization
2017-01-04 18:47:36 [optimize_gurobi_es] [DEBUG] See /home/ubuntu/data/priocomp/logs/gurobi.log for Gurobi log
2017-01-04 18:48:17 [optimize_gurobi_es] [WARNI]  [WARN] 2 solutions found, using the first (best) solution
2017-01-04 18:48:27 [optimize_gurobi_es] [WARNI]  [WARN] Inconsistent raster profiles detected
2017-01-04 18:48:27 [optimize_gurobi_es] [DEBUG]  Writing intermediate output to analyses/ILP/ilp_es_costs/budget_level_0_7.tif
2017-01-04 18:48:27 [optimize_gurobi_es] [INFO ]  [71/100] Optimizing with fraction level 0.71...
2017-01-04 18:48:27 [optimize_gurobi_es] [DEBUG]  [DEBUG] Normalizing cost and rij arrays
2017-01-04 18:48:27 [optimize_gurobi_es] [DEBUG]  [DEBUG] Starting optimization
2017-01-04 18:48:27 [optimize_gurobi_es] [DEBUG] See /home/ubuntu/data/priocomp/logs/gurobi.log for Gurobi log
2017-01-04 18:49:06 [optimize_gurobi_es] [WARNI]  [WARN] 2 solutions found, using the first (best) solution
2017-01-04 18:49:16 [optimize_gurobi_es] [WARNI]  [WARN] Inconsistent raster profiles detected
2017-01-04 18:49:16 [optimize_gurobi_es] [DEBUG]  Writing intermediate output to analyses/ILP/ilp_es_costs/budget_level_0_71.tif
2017-01-04 18:49:16 [optimize_gurobi_es] [INFO ]  [72/100] Optimizing with fraction level 0.72...
2017-01-04 18:49:16 [optimize_gurobi_es] [DEBUG]  [DEBUG] Normalizing cost and rij arrays
2017-01-04 18:49:16 [optimize_gurobi_es] [DEBUG]  [DEBUG] Starting optimization
2017-01-04 18:49:16 [optimize_gurobi_es] [DEBUG] See /home/ubuntu/data/priocomp/logs/gurobi.log for Gurobi log
2017-01-04 18:49:56 [optimize_gurobi_es] [WARNI]  [WARN] 2 solutions found, using the first (best) solution
2017-01-04 18:50:06 [optimize_gurobi_es] [WARNI]  [WARN] Inconsistent raster profiles detected
2017-01-04 18:50:06 [optimize_gurobi_es] [DEBUG]  Writing intermediate output to analyses/ILP/ilp_es_costs/budget_level_0_72.tif
2017-01-04 18:50:06 [optimize_gurobi_es] [INFO ]  [73/100] Optimizing with fraction level 0.73...
2017-01-04 18:50:06 [optimize_gurobi_es] [DEBUG]  [DEBUG] Normalizing cost and rij arrays
2017-01-04 18:50:06 [optimize_gurobi_es] [DEBUG]  [DEBUG] Starting optimization
2017-01-04 18:50:06 [optimize_gurobi_es] [DEBUG] See /home/ubuntu/data/priocomp/logs/gurobi.log for Gurobi log
2017-01-04 18:50:46 [optimize_gurobi_es] [WARNI]  [WARN] 2 solutions found, using the first (best) solution
2017-01-04 18:50:55 [optimize_gurobi_es] [WARNI]  [WARN] Inconsistent raster profiles detected
2017-01-04 18:50:55 [optimize_gurobi_es] [DEBUG]  Writing intermediate output to analyses/ILP/ilp_es_costs/budget_level_0_73.tif
2017-01-04 18:50:55 [optimize_gurobi_es] [INFO ]  [74/100] Optimizing with fraction level 0.74...
2017-01-04 18:50:55 [optimize_gurobi_es] [DEBUG]  [DEBUG] Normalizing cost and rij arrays
2017-01-04 18:50:55 [optimize_gurobi_es] [DEBUG]  [DEBUG] Starting optimization
2017-01-04 18:50:55 [optimize_gurobi_es] [DEBUG] See /home/ubuntu/data/priocomp/logs/gurobi.log for Gurobi log
2017-01-04 18:51:36 [optimize_gurobi_es] [WARNI]  [WARN] 2 solutions found, using the first (best) solution
2017-01-04 18:51:46 [optimize_gurobi_es] [WARNI]  [WARN] Inconsistent raster profiles detected
2017-01-04 18:51:46 [optimize_gurobi_es] [DEBUG]  Writing intermediate output to analyses/ILP/ilp_es_costs/budget_level_0_74.tif
2017-01-04 18:51:46 [optimize_gurobi_es] [INFO ]  [75/100] Optimizing with fraction level 0.75...
2017-01-04 18:51:46 [optimize_gurobi_es] [DEBUG]  [DEBUG] Normalizing cost and rij arrays
2017-01-04 18:51:47 [optimize_gurobi_es] [DEBUG]  [DEBUG] Starting optimization
2017-01-04 18:51:47 [optimize_gurobi_es] [DEBUG] See /home/ubuntu/data/priocomp/logs/gurobi.log for Gurobi log
2017-01-04 18:52:27 [optimize_gurobi_es] [WARNI]  [WARN] 2 solutions found, using the first (best) solution
2017-01-04 18:52:36 [optimize_gurobi_es] [WARNI]  [WARN] Inconsistent raster profiles detected
2017-01-04 18:52:36 [optimize_gurobi_es] [DEBUG]  Writing intermediate output to analyses/ILP/ilp_es_costs/budget_level_0_75.tif
2017-01-04 18:52:37 [optimize_gurobi_es] [INFO ]  [76/100] Optimizing with fraction level 0.76...
2017-01-04 18:52:37 [optimize_gurobi_es] [DEBUG]  [DEBUG] Normalizing cost and rij arrays
2017-01-04 18:52:37 [optimize_gurobi_es] [DEBUG]  [DEBUG] Starting optimization
2017-01-04 18:52:37 [optimize_gurobi_es] [DEBUG] See /home/ubuntu/data/priocomp/logs/gurobi.log for Gurobi log
2017-01-04 18:53:17 [optimize_gurobi_es] [WARNI]  [WARN] 2 solutions found, using the first (best) solution
2017-01-04 18:53:26 [optimize_gurobi_es] [WARNI]  [WARN] Inconsistent raster profiles detected
2017-01-04 18:53:26 [optimize_gurobi_es] [DEBUG]  Writing intermediate output to analyses/ILP/ilp_es_costs/budget_level_0_76.tif
2017-01-04 18:53:27 [optimize_gurobi_es] [INFO ]  [77/100] Optimizing with fraction level 0.77...
2017-01-04 18:53:27 [optimize_gurobi_es] [DEBUG]  [DEBUG] Normalizing cost and rij arrays
2017-01-04 18:53:27 [optimize_gurobi_es] [DEBUG]  [DEBUG] Starting optimization
2017-01-04 18:53:27 [optimize_gurobi_es] [DEBUG] See /home/ubuntu/data/priocomp/logs/gurobi.log for Gurobi log
2017-01-04 18:54:07 [optimize_gurobi_es] [WARNI]  [WARN] 2 solutions found, using the first (best) solution
2017-01-04 18:54:16 [optimize_gurobi_es] [WARNI]  [WARN] Inconsistent raster profiles detected
2017-01-04 18:54:16 [optimize_gurobi_es] [DEBUG]  Writing intermediate output to analyses/ILP/ilp_es_costs/budget_level_0_77.tif
2017-01-04 18:54:17 [optimize_gurobi_es] [INFO ]  [78/100] Optimizing with fraction level 0.78...
2017-01-04 18:54:17 [optimize_gurobi_es] [DEBUG]  [DEBUG] Normalizing cost and rij arrays
2017-01-04 18:54:17 [optimize_gurobi_es] [DEBUG]  [DEBUG] Starting optimization
2017-01-04 18:54:17 [optimize_gurobi_es] [DEBUG] See /home/ubuntu/data/priocomp/logs/gurobi.log for Gurobi log
2017-01-04 18:54:57 [optimize_gurobi_es] [WARNI]  [WARN] 2 solutions found, using the first (best) solution
2017-01-04 18:55:06 [optimize_gurobi_es] [WARNI]  [WARN] Inconsistent raster profiles detected
2017-01-04 18:55:07 [optimize_gurobi_es] [DEBUG]  Writing intermediate output to analyses/ILP/ilp_es_costs/budget_level_0_78.tif
2017-01-04 18:55:07 [optimize_gurobi_es] [INFO ]  [79/100] Optimizing with fraction level 0.79...
2017-01-04 18:55:07 [optimize_gurobi_es] [DEBUG]  [DEBUG] Normalizing cost and rij arrays
2017-01-04 18:55:07 [optimize_gurobi_es] [DEBUG]  [DEBUG] Starting optimization
2017-01-04 18:55:07 [optimize_gurobi_es] [DEBUG] See /home/ubuntu/data/priocomp/logs/gurobi.log for Gurobi log
2017-01-04 18:55:46 [optimize_gurobi_es] [WARNI]  [WARN] 2 solutions found, using the first (best) solution
2017-01-04 18:55:55 [optimize_gurobi_es] [WARNI]  [WARN] Inconsistent raster profiles detected
2017-01-04 18:55:55 [optimize_gurobi_es] [DEBUG]  Writing intermediate output to analyses/ILP/ilp_es_costs/budget_level_0_79.tif
2017-01-04 18:55:56 [optimize_gurobi_es] [INFO ]  [80/100] Optimizing with fraction level 0.8...
2017-01-04 18:55:56 [optimize_gurobi_es] [DEBUG]  [DEBUG] Normalizing cost and rij arrays
2017-01-04 18:55:56 [optimize_gurobi_es] [DEBUG]  [DEBUG] Starting optimization
2017-01-04 18:55:56 [optimize_gurobi_es] [DEBUG] See /home/ubuntu/data/priocomp/logs/gurobi.log for Gurobi log
2017-01-04 18:56:37 [optimize_gurobi_es] [WARNI]  [WARN] 2 solutions found, using the first (best) solution
2017-01-04 18:56:46 [optimize_gurobi_es] [WARNI]  [WARN] Inconsistent raster profiles detected
2017-01-04 18:56:46 [optimize_gurobi_es] [DEBUG]  Writing intermediate output to analyses/ILP/ilp_es_costs/budget_level_0_8.tif
2017-01-04 18:56:47 [optimize_gurobi_es] [INFO ]  [81/100] Optimizing with fraction level 0.81...
2017-01-04 18:56:47 [optimize_gurobi_es] [DEBUG]  [DEBUG] Normalizing cost and rij arrays
2017-01-04 18:56:47 [optimize_gurobi_es] [DEBUG]  [DEBUG] Starting optimization
2017-01-04 18:56:47 [optimize_gurobi_es] [DEBUG] See /home/ubuntu/data/priocomp/logs/gurobi.log for Gurobi log
2017-01-04 18:57:26 [optimize_gurobi_es] [WARNI]  [WARN] 2 solutions found, using the first (best) solution
2017-01-04 18:57:35 [optimize_gurobi_es] [WARNI]  [WARN] Inconsistent raster profiles detected
2017-01-04 18:57:35 [optimize_gurobi_es] [DEBUG]  Writing intermediate output to analyses/ILP/ilp_es_costs/budget_level_0_81.tif
2017-01-04 18:57:35 [optimize_gurobi_es] [INFO ]  [82/100] Optimizing with fraction level 0.82...
2017-01-04 18:57:36 [optimize_gurobi_es] [DEBUG]  [DEBUG] Normalizing cost and rij arrays
2017-01-04 18:57:36 [optimize_gurobi_es] [DEBUG]  [DEBUG] Starting optimization
2017-01-04 18:57:36 [optimize_gurobi_es] [DEBUG] See /home/ubuntu/data/priocomp/logs/gurobi.log for Gurobi log
2017-01-04 18:58:16 [optimize_gurobi_es] [WARNI]  [WARN] 2 solutions found, using the first (best) solution
2017-01-04 18:58:24 [optimize_gurobi_es] [WARNI]  [WARN] Inconsistent raster profiles detected
2017-01-04 18:58:25 [optimize_gurobi_es] [DEBUG]  Writing intermediate output to analyses/ILP/ilp_es_costs/budget_level_0_82.tif
2017-01-04 18:58:25 [optimize_gurobi_es] [INFO ]  [83/100] Optimizing with fraction level 0.83...
2017-01-04 18:58:25 [optimize_gurobi_es] [DEBUG]  [DEBUG] Normalizing cost and rij arrays
2017-01-04 18:58:25 [optimize_gurobi_es] [DEBUG]  [DEBUG] Starting optimization
2017-01-04 18:58:25 [optimize_gurobi_es] [DEBUG] See /home/ubuntu/data/priocomp/logs/gurobi.log for Gurobi log
2017-01-04 18:59:05 [optimize_gurobi_es] [WARNI]  [WARN] 2 solutions found, using the first (best) solution
2017-01-04 18:59:14 [optimize_gurobi_es] [WARNI]  [WARN] Inconsistent raster profiles detected
2017-01-04 18:59:14 [optimize_gurobi_es] [DEBUG]  Writing intermediate output to analyses/ILP/ilp_es_costs/budget_level_0_83.tif
2017-01-04 18:59:15 [optimize_gurobi_es] [INFO ]  [84/100] Optimizing with fraction level 0.84...
2017-01-04 18:59:15 [optimize_gurobi_es] [DEBUG]  [DEBUG] Normalizing cost and rij arrays
2017-01-04 18:59:15 [optimize_gurobi_es] [DEBUG]  [DEBUG] Starting optimization
2017-01-04 18:59:15 [optimize_gurobi_es] [DEBUG] See /home/ubuntu/data/priocomp/logs/gurobi.log for Gurobi log
2017-01-04 18:59:54 [optimize_gurobi_es] [WARNI]  [WARN] 2 solutions found, using the first (best) solution
2017-01-04 19:00:03 [optimize_gurobi_es] [WARNI]  [WARN] Inconsistent raster profiles detected
2017-01-04 19:00:03 [optimize_gurobi_es] [DEBUG]  Writing intermediate output to analyses/ILP/ilp_es_costs/budget_level_0_84.tif
2017-01-04 19:00:04 [optimize_gurobi_es] [INFO ]  [85/100] Optimizing with fraction level 0.85...
2017-01-04 19:00:04 [optimize_gurobi_es] [DEBUG]  [DEBUG] Normalizing cost and rij arrays
2017-01-04 19:00:04 [optimize_gurobi_es] [DEBUG]  [DEBUG] Starting optimization
2017-01-04 19:00:04 [optimize_gurobi_es] [DEBUG] See /home/ubuntu/data/priocomp/logs/gurobi.log for Gurobi log
2017-01-04 19:00:43 [optimize_gurobi_es] [WARNI]  [WARN] 2 solutions found, using the first (best) solution
2017-01-04 19:00:52 [optimize_gurobi_es] [WARNI]  [WARN] Inconsistent raster profiles detected
2017-01-04 19:00:52 [optimize_gurobi_es] [DEBUG]  Writing intermediate output to analyses/ILP/ilp_es_costs/budget_level_0_85.tif
2017-01-04 19:00:52 [optimize_gurobi_es] [INFO ]  [86/100] Optimizing with fraction level 0.86...
2017-01-04 19:00:52 [optimize_gurobi_es] [DEBUG]  [DEBUG] Normalizing cost and rij arrays
2017-01-04 19:00:52 [optimize_gurobi_es] [DEBUG]  [DEBUG] Starting optimization
2017-01-04 19:00:52 [optimize_gurobi_es] [DEBUG] See /home/ubuntu/data/priocomp/logs/gurobi.log for Gurobi log
2017-01-04 19:01:33 [optimize_gurobi_es] [WARNI]  [WARN] 2 solutions found, using the first (best) solution
2017-01-04 19:01:42 [optimize_gurobi_es] [WARNI]  [WARN] Inconsistent raster profiles detected
2017-01-04 19:01:42 [optimize_gurobi_es] [DEBUG]  Writing intermediate output to analyses/ILP/ilp_es_costs/budget_level_0_86.tif
2017-01-04 19:01:42 [optimize_gurobi_es] [INFO ]  [87/100] Optimizing with fraction level 0.87...
2017-01-04 19:01:42 [optimize_gurobi_es] [DEBUG]  [DEBUG] Normalizing cost and rij arrays
2017-01-04 19:01:42 [optimize_gurobi_es] [DEBUG]  [DEBUG] Starting optimization
2017-01-04 19:01:42 [optimize_gurobi_es] [DEBUG] See /home/ubuntu/data/priocomp/logs/gurobi.log for Gurobi log
2017-01-04 19:02:23 [optimize_gurobi_es] [WARNI]  [WARN] 2 solutions found, using the first (best) solution
2017-01-04 19:02:32 [optimize_gurobi_es] [WARNI]  [WARN] Inconsistent raster profiles detected
2017-01-04 19:02:32 [optimize_gurobi_es] [DEBUG]  Writing intermediate output to analyses/ILP/ilp_es_costs/budget_level_0_87.tif
2017-01-04 19:02:33 [optimize_gurobi_es] [INFO ]  [88/100] Optimizing with fraction level 0.88...
2017-01-04 19:02:33 [optimize_gurobi_es] [DEBUG]  [DEBUG] Normalizing cost and rij arrays
2017-01-04 19:02:33 [optimize_gurobi_es] [DEBUG]  [DEBUG] Starting optimization
2017-01-04 19:02:33 [optimize_gurobi_es] [DEBUG] See /home/ubuntu/data/priocomp/logs/gurobi.log for Gurobi log
2017-01-04 19:03:11 [optimize_gurobi_es] [WARNI]  [WARN] 2 solutions found, using the first (best) solution
2017-01-04 19:03:20 [optimize_gurobi_es] [WARNI]  [WARN] Inconsistent raster profiles detected
2017-01-04 19:03:21 [optimize_gurobi_es] [DEBUG]  Writing intermediate output to analyses/ILP/ilp_es_costs/budget_level_0_88.tif
2017-01-04 19:03:21 [optimize_gurobi_es] [INFO ]  [89/100] Optimizing with fraction level 0.89...
2017-01-04 19:03:21 [optimize_gurobi_es] [DEBUG]  [DEBUG] Normalizing cost and rij arrays
2017-01-04 19:03:21 [optimize_gurobi_es] [DEBUG]  [DEBUG] Starting optimization
2017-01-04 19:03:21 [optimize_gurobi_es] [DEBUG] See /home/ubuntu/data/priocomp/logs/gurobi.log for Gurobi log
2017-01-04 19:04:00 [optimize_gurobi_es] [WARNI]  [WARN] 2 solutions found, using the first (best) solution
2017-01-04 19:04:10 [optimize_gurobi_es] [WARNI]  [WARN] Inconsistent raster profiles detected
2017-01-04 19:04:10 [optimize_gurobi_es] [DEBUG]  Writing intermediate output to analyses/ILP/ilp_es_costs/budget_level_0_89.tif
2017-01-04 19:04:10 [optimize_gurobi_es] [INFO ]  [90/100] Optimizing with fraction level 0.9...
2017-01-04 19:04:10 [optimize_gurobi_es] [DEBUG]  [DEBUG] Normalizing cost and rij arrays
2017-01-04 19:04:10 [optimize_gurobi_es] [DEBUG]  [DEBUG] Starting optimization
2017-01-04 19:04:10 [optimize_gurobi_es] [DEBUG] See /home/ubuntu/data/priocomp/logs/gurobi.log for Gurobi log
2017-01-04 19:04:51 [optimize_gurobi_es] [WARNI]  [WARN] 2 solutions found, using the first (best) solution
2017-01-04 19:05:01 [optimize_gurobi_es] [WARNI]  [WARN] Inconsistent raster profiles detected
2017-01-04 19:05:01 [optimize_gurobi_es] [DEBUG]  Writing intermediate output to analyses/ILP/ilp_es_costs/budget_level_0_9.tif
2017-01-04 19:05:01 [optimize_gurobi_es] [INFO ]  [91/100] Optimizing with fraction level 0.91...
2017-01-04 19:05:01 [optimize_gurobi_es] [DEBUG]  [DEBUG] Normalizing cost and rij arrays
2017-01-04 19:05:01 [optimize_gurobi_es] [DEBUG]  [DEBUG] Starting optimization
2017-01-04 19:05:01 [optimize_gurobi_es] [DEBUG] See /home/ubuntu/data/priocomp/logs/gurobi.log for Gurobi log
2017-01-04 19:05:41 [optimize_gurobi_es] [WARNI]  [WARN] 2 solutions found, using the first (best) solution
2017-01-04 19:05:50 [optimize_gurobi_es] [WARNI]  [WARN] Inconsistent raster profiles detected
2017-01-04 19:05:50 [optimize_gurobi_es] [DEBUG]  Writing intermediate output to analyses/ILP/ilp_es_costs/budget_level_0_91.tif
2017-01-04 19:05:51 [optimize_gurobi_es] [INFO ]  [92/100] Optimizing with fraction level 0.92...
2017-01-04 19:05:51 [optimize_gurobi_es] [DEBUG]  [DEBUG] Normalizing cost and rij arrays
2017-01-04 19:05:51 [optimize_gurobi_es] [DEBUG]  [DEBUG] Starting optimization
2017-01-04 19:05:51 [optimize_gurobi_es] [DEBUG] See /home/ubuntu/data/priocomp/logs/gurobi.log for Gurobi log
2017-01-04 19:06:30 [optimize_gurobi_es] [WARNI]  [WARN] 2 solutions found, using the first (best) solution
2017-01-04 19:06:40 [optimize_gurobi_es] [WARNI]  [WARN] Inconsistent raster profiles detected
2017-01-04 19:06:40 [optimize_gurobi_es] [DEBUG]  Writing intermediate output to analyses/ILP/ilp_es_costs/budget_level_0_92.tif
2017-01-04 19:06:40 [optimize_gurobi_es] [INFO ]  [93/100] Optimizing with fraction level 0.93...
2017-01-04 19:06:41 [optimize_gurobi_es] [DEBUG]  [DEBUG] Normalizing cost and rij arrays
2017-01-04 19:06:41 [optimize_gurobi_es] [DEBUG]  [DEBUG] Starting optimization
2017-01-04 19:06:41 [optimize_gurobi_es] [DEBUG] See /home/ubuntu/data/priocomp/logs/gurobi.log for Gurobi log
2017-01-04 19:07:20 [optimize_gurobi_es] [WARNI]  [WARN] 2 solutions found, using the first (best) solution
2017-01-04 19:07:29 [optimize_gurobi_es] [WARNI]  [WARN] Inconsistent raster profiles detected
2017-01-04 19:07:29 [optimize_gurobi_es] [DEBUG]  Writing intermediate output to analyses/ILP/ilp_es_costs/budget_level_0_93.tif
2017-01-04 19:07:29 [optimize_gurobi_es] [INFO ]  [94/100] Optimizing with fraction level 0.94...
2017-01-04 19:07:29 [optimize_gurobi_es] [DEBUG]  [DEBUG] Normalizing cost and rij arrays
2017-01-04 19:07:29 [optimize_gurobi_es] [DEBUG]  [DEBUG] Starting optimization
2017-01-04 19:07:29 [optimize_gurobi_es] [DEBUG] See /home/ubuntu/data/priocomp/logs/gurobi.log for Gurobi log
2017-01-04 19:08:08 [optimize_gurobi_es] [WARNI]  [WARN] 2 solutions found, using the first (best) solution
2017-01-04 19:08:17 [optimize_gurobi_es] [WARNI]  [WARN] Inconsistent raster profiles detected
2017-01-04 19:08:17 [optimize_gurobi_es] [DEBUG]  Writing intermediate output to analyses/ILP/ilp_es_costs/budget_level_0_94.tif
2017-01-04 19:08:17 [optimize_gurobi_es] [INFO ]  [95/100] Optimizing with fraction level 0.95...
2017-01-04 19:08:17 [optimize_gurobi_es] [DEBUG]  [DEBUG] Normalizing cost and rij arrays
2017-01-04 19:08:17 [optimize_gurobi_es] [DEBUG]  [DEBUG] Starting optimization
2017-01-04 19:08:17 [optimize_gurobi_es] [DEBUG] See /home/ubuntu/data/priocomp/logs/gurobi.log for Gurobi log
2017-01-04 19:08:58 [optimize_gurobi_es] [WARNI]  [WARN] 2 solutions found, using the first (best) solution
2017-01-04 19:09:08 [optimize_gurobi_es] [WARNI]  [WARN] Inconsistent raster profiles detected
2017-01-04 19:09:08 [optimize_gurobi_es] [DEBUG]  Writing intermediate output to analyses/ILP/ilp_es_costs/budget_level_0_95.tif
2017-01-04 19:09:08 [optimize_gurobi_es] [INFO ]  [96/100] Optimizing with fraction level 0.96...
2017-01-04 19:09:09 [optimize_gurobi_es] [DEBUG]  [DEBUG] Normalizing cost and rij arrays
2017-01-04 19:09:09 [optimize_gurobi_es] [DEBUG]  [DEBUG] Starting optimization
2017-01-04 19:09:09 [optimize_gurobi_es] [DEBUG] See /home/ubuntu/data/priocomp/logs/gurobi.log for Gurobi log
2017-01-04 19:09:49 [optimize_gurobi_es] [WARNI]  [WARN] 2 solutions found, using the first (best) solution
2017-01-04 19:09:58 [optimize_gurobi_es] [WARNI]  [WARN] Inconsistent raster profiles detected
2017-01-04 19:09:58 [optimize_gurobi_es] [DEBUG]  Writing intermediate output to analyses/ILP/ilp_es_costs/budget_level_0_96.tif
2017-01-04 19:09:58 [optimize_gurobi_es] [INFO ]  [97/100] Optimizing with fraction level 0.97...
2017-01-04 19:09:58 [optimize_gurobi_es] [DEBUG]  [DEBUG] Normalizing cost and rij arrays
2017-01-04 19:09:58 [optimize_gurobi_es] [DEBUG]  [DEBUG] Starting optimization
2017-01-04 19:09:58 [optimize_gurobi_es] [DEBUG] See /home/ubuntu/data/priocomp/logs/gurobi.log for Gurobi log
2017-01-04 19:10:40 [optimize_gurobi_es] [WARNI]  [WARN] 2 solutions found, using the first (best) solution
2017-01-04 19:10:50 [optimize_gurobi_es] [WARNI]  [WARN] Inconsistent raster profiles detected
2017-01-04 19:10:50 [optimize_gurobi_es] [DEBUG]  Writing intermediate output to analyses/ILP/ilp_es_costs/budget_level_0_97.tif
2017-01-04 19:10:50 [optimize_gurobi_es] [INFO ]  [98/100] Optimizing with fraction level 0.98...
2017-01-04 19:10:50 [optimize_gurobi_es] [DEBUG]  [DEBUG] Normalizing cost and rij arrays
2017-01-04 19:10:50 [optimize_gurobi_es] [DEBUG]  [DEBUG] Starting optimization
2017-01-04 19:10:50 [optimize_gurobi_es] [DEBUG] See /home/ubuntu/data/priocomp/logs/gurobi.log for Gurobi log
2017-01-04 19:11:30 [optimize_gurobi_es] [WARNI]  [WARN] 2 solutions found, using the first (best) solution
2017-01-04 19:11:39 [optimize_gurobi_es] [WARNI]  [WARN] Inconsistent raster profiles detected
2017-01-04 19:11:39 [optimize_gurobi_es] [DEBUG]  Writing intermediate output to analyses/ILP/ilp_es_costs/budget_level_0_98.tif
2017-01-04 19:11:39 [optimize_gurobi_es] [INFO ]  [99/100] Optimizing with fraction level 0.99...
2017-01-04 19:11:39 [optimize_gurobi_es] [DEBUG]  [DEBUG] Normalizing cost and rij arrays
2017-01-04 19:11:40 [optimize_gurobi_es] [DEBUG]  [DEBUG] Starting optimization
2017-01-04 19:11:40 [optimize_gurobi_es] [DEBUG] See /home/ubuntu/data/priocomp/logs/gurobi.log for Gurobi log
2017-01-04 19:12:18 [optimize_gurobi_es] [WARNI]  [WARN] 2 solutions found, using the first (best) solution
2017-01-04 19:12:27 [optimize_gurobi_es] [WARNI]  [WARN] Inconsistent raster profiles detected
2017-01-04 19:12:27 [optimize_gurobi_es] [DEBUG]  Writing intermediate output to analyses/ILP/ilp_es_costs/budget_level_0_99.tif
2017-01-04 19:12:27 [optimize_gurobi_es] [INFO ]  [100/100] Optimizing with fraction level 1.0...
2017-01-04 19:12:28 [optimize_gurobi_es] [DEBUG]  [DEBUG] Normalizing cost and rij arrays
2017-01-04 19:12:28 [optimize_gurobi_es] [DEBUG]  [DEBUG] Starting optimization
2017-01-04 19:12:28 [optimize_gurobi_es] [DEBUG] See /home/ubuntu/data/priocomp/logs/gurobi.log for Gurobi log
2017-01-04 19:12:59 [optimize_gurobi_es] [WARNI]  [WARN] Inconsistent raster profiles detected
2017-01-04 19:12:59 [optimize_gurobi_es] [DEBUG]  Writing intermediate output to analyses/ILP/ilp_es_costs/budget_level_1_0.tif
2017-01-04 19:12:59 [optimize_gurobi_es] [INFO ]  [TIME] Optimization took 4990.04 sec
2017-01-04 19:12:59 [optimize_gurobi_es] [INFO ]  [** POST-PROCESSING **]
2017-01-04 19:12:59 [optimize_gurobi_es] [INFO ]  [1/3] Ranking selection frequencies
2017-01-04 19:13:13 [optimize_gurobi_es] [INFO ]  [2/3] Rescaling ranks
2017-01-04 19:13:13 [optimize_gurobi_es] [INFO ]  [3/3] Writing output to analyses/ILP/ilp_es_costs.tif
2017-01-04 19:13:15 [optimize_gurobi_es] [INFO ]  [TIME] Post-processing took 15.58 sec
2017-01-04 19:13:15 [optimize_gurobi_es] [INFO ]  [TIME] All processing took 5016.66 sec
